1	Expecting attribute name [HRESULT = 0x800f080d - CBS_E_MANIFEST_INVALID_ITEM]
2	Failed to get next element [HRESULT = 0x800f080d - CBS_E_MANIFEST_INVALID_ITEM]
3	Warning: Unrecognized packageExtended attribute.
4	Warning: Unrecognized packageExtended attribute.
5	Expecting attribute name [HRESULT = 0x800f080d - CBS_E_MANIFEST_INVALID_ITEM]
6	Failed to get next element [HRESULT = 0x800f080d - CBS_E_MANIFEST_INVALID_ITEM]
7	Warning: Unrecognized packageExtended attribute.
8	Expecting attribute name [HRESULT = 0x800f080d - CBS_E_MANIFEST_INVALID_ITEM]
9	Failed to get next element [HRESULT = 0x800f080d - CBS_E_MANIFEST_INVALID_ITEM]
10	Warning: Unrecognized packageExtended attribute.
11	Expecting attribute name [HRESULT = 0x800f080d - CBS_E_MANIFEST_INVALID_ITEM]
12	Failed to get next element [HRESULT = 0x800f080d - CBS_E_MANIFEST_INVALID_ITEM]
13	Warning: Unrecognized packageExtended attribute.
14	Expecting attribute name [HRESULT = 0x800f080d - CBS_E_MANIFEST_INVALID_ITEM]
15	Failed to get next element [HRESULT = 0x800f080d - CBS_E_MANIFEST_INVALID_ITEM]
16	Warning: Unrecognized packageExtended attribute.
17	Warning: Unrecognized packageExtended attribute.
18	Expecting attribute name [HRESULT = 0x800f080d - CBS_E_MANIFEST_INVALID_ITEM]
19	Failed to get next element [HRESULT = 0x800f080d - CBS_E_MANIFEST_INVALID_ITEM]
20	Warning: Unrecognized packageExtended attribute.
21	Expecting attribute name [HRESULT = 0x800f080d - CBS_E_MANIFEST_INVALID_ITEM]
22	Failed to get next element [HRESULT = 0x800f080d - CBS_E_MANIFEST_INVALID_ITEM]
23	Warning: Unrecognized packageExtended attribute.
24	Expecting attribute name [HRESULT = 0x800f080d - CBS_E_MANIFEST_INVALID_ITEM]
25	Failed to get next element [HRESULT = 0x800f080d - CBS_E_MANIFEST_INVALID_ITEM]
26	Warning: Unrecognized packageExtended attribute.
27	Expecting attribute name [HRESULT = 0x800f080d - CBS_E_MANIFEST_INVALID_ITEM]
28	Failed to get next element [HRESULT = 0x800f080d - CBS_E_MANIFEST_INVALID_ITEM]
29	Warning: Unrecognized packageExtended attribute.
30	Warning: Unrecognized packageExtended attribute.
31	Expecting attribute name [HRESULT = 0x800f080d - CBS_E_MANIFEST_INVALID_ITEM]
32	Failed to get next element [HRESULT = 0x800f080d - CBS_E_MANIFEST_INVALID_ITEM]
33	Warning: Unrecognized packageExtended attribute.
34	Expecting attribute name [HRESULT = 0x800f080d - CBS_E_MANIFEST_INVALID_ITEM]
35	Failed to get next element [HRESULT = 0x800f080d - CBS_E_MANIFEST_INVALID_ITEM]
36	Warning: Unrecognized packageExtended attribute.
37	Expecting attribute name [HRESULT = 0x800f080d - CBS_E_MANIFEST_INVALID_ITEM]
38	Failed to get next element [HRESULT = 0x800f080d - CBS_E_MANIFEST_INVALID_ITEM]
39	Warning: Unrecognized packageExtended attribute.
40	Expecting attribute name [HRESULT = 0x800f080d - CBS_E_MANIFEST_INVALID_ITEM]
41	Failed to get next element [HRESULT = 0x800f080d - CBS_E_MANIFEST_INVALID_ITEM]
42	Warning: Unrecognized packageExtended attribute.
43	Warning: Unrecognized packageExtended attribute.
44	Expecting attribute name [HRESULT = 0x800f080d - CBS_E_MANIFEST_INVALID_ITEM]
45	Failed to get next element [HRESULT = 0x800f080d - CBS_E_MANIFEST_INVALID_ITEM]
46	Warning: Unrecognized packageExtended attribute.
47	Expecting attribute name [HRESULT = 0x800f080d - CBS_E_MANIFEST_INVALID_ITEM]
48	Failed to get next element [HRESULT = 0x800f080d - CBS_E_MANIFEST_INVALID_ITEM]
49	Warning: Unrecognized packageExtended attribute.
50	Expecting attribute name [HRESULT = 0x800f080d - CBS_E_MANIFEST_INVALID_ITEM]
51	Failed to get next element [HRESULT = 0x800f080d - CBS_E_MANIFEST_INVALID_ITEM]
52	Warning: Unrecognized packageExtended attribute.
53	Expecting attribute name [HRESULT = 0x800f080d - CBS_E_MANIFEST_INVALID_ITEM]
54	Failed to get next element [HRESULT = 0x800f080d - CBS_E_MANIFEST_INVALID_ITEM]
55	Warning: Unrecognized packageExtended attribute.
56	Warning: Unrecognized packageExtended attribute.
57	Expecting attribute name [HRESULT = 0x800f080d - CBS_E_MANIFEST_INVALID_ITEM]
58	Failed to get next element [HRESULT = 0x800f080d - CBS_E_MANIFEST_INVALID_ITEM]
59	Warning: Unrecognized packageExtended attribute.
60	Expecting attribute name [HRESULT = 0x800f080d - CBS_E_MANIFEST_INVALID_ITEM]
61	Failed to get next element [HRESULT = 0x800f080d - CBS_E_MANIFEST_INVALID_ITEM]
62	Warning: Unrecognized packageExtended attribute.
63	Expecting attribute name [HRESULT = 0x800f080d - CBS_E_MANIFEST_INVALID_ITEM]
64	Failed to get next element [HRESULT = 0x800f080d - CBS_E_MANIFEST_INVALID_ITEM]
65	Warning: Unrecognized packageExtended attribute.
66	Expecting attribute name [HRESULT = 0x800f080d - CBS_E_MANIFEST_INVALID_ITEM]
67	Failed to get next element [HRESULT = 0x800f080d - CBS_E_MANIFEST_INVALID_ITEM]
68	Warning: Unrecognized packageExtended attribute.
69	Warning: Unrecognized packageExtended attribute.
70	Expecting attribute name [HRESULT = 0x800f080d - CBS_E_MANIFEST_INVALID_ITEM]
71	Failed to get next element [HRESULT = 0x800f080d - CBS_E_MANIFEST_INVALID_ITEM]
72	Warning: Unrecognized packageExtended attribute.
73	Expecting attribute name [HRESULT = 0x800f080d - CBS_E_MANIFEST_INVALID_ITEM]
74	Failed to get next element [HRESULT = 0x800f080d - CBS_E_MANIFEST_INVALID_ITEM]
75	Warning: Unrecognized packageExtended attribute.
76	Expecting attribute name [HRESULT = 0x800f080d - CBS_E_MANIFEST_INVALID_ITEM]
77	Failed to get next element [HRESULT = 0x800f080d - CBS_E_MANIFEST_INVALID_ITEM]
78	Warning: Unrecognized packageExtended attribute.
79	Expecting attribute name [HRESULT = 0x800f080d - CBS_E_MANIFEST_INVALID_ITEM]
80	Failed to get next element [HRESULT = 0x800f080d - CBS_E_MANIFEST_INVALID_ITEM]
81	Warning: Unrecognized packageExtended attribute.
82	Warning: Unrecognized packageExtended attribute.
83	Expecting attribute name [HRESULT = 0x800f080d - CBS_E_MANIFEST_INVALID_ITEM]
84	Failed to get next element [HRESULT = 0x800f080d - CBS_E_MANIFEST_INVALID_ITEM]
85	Warning: Unrecognized packageExtended attribute.
86	Expecting attribute name [HRESULT = 0x800f080d - CBS_E_MANIFEST_INVALID_ITEM]
87	Failed to get next element [HRESULT = 0x800f080d - CBS_E_MANIFEST_INVALID_ITEM]
88	Warning: Unrecognized packageExtended attribute.
89	Expecting attribute name [HRESULT = 0x800f080d - CBS_E_MANIFEST_INVALID_ITEM]
90	Failed to get next element [HRESULT = 0x800f080d - CBS_E_MANIFEST_INVALID_ITEM]
91	Warning: Unrecognized packageExtended attribute.
92	Expecting attribute name [HRESULT = 0x800f080d - CBS_E_MANIFEST_INVALID_ITEM]
93	Failed to get next element [HRESULT = 0x800f080d - CBS_E_MANIFEST_INVALID_ITEM]
94	Warning: Unrecognized packageExtended attribute.
95	Unloading offline registry hive: {bf1a281b-ad7b-4476-ac95-f47682990ce7}GLOBALROOT/Device/HarddiskVolumeShadowCopy2/Windows/System32/config/SOFTWARE
96	Unloading offline registry hive: {bf1a281b-ad7b-4476-ac95-f47682990ce7}GLOBALROOT/Device/HarddiskVolumeShadowCopy2/Windows/System32/config/SYSTEM
97	Unloading offline registry hive: {bf1a281b-ad7b-4476-ac95-f47682990ce7}GLOBALROOT/Device/HarddiskVolumeShadowCopy2/Windows/System32/config/SECURITY
98	Unloading offline registry hive: {bf1a281b-ad7b-4476-ac95-f47682990ce7}GLOBALROOT/Device/HarddiskVolumeShadowCopy2/Windows/System32/config/SAM
99	Unloading offline registry hive: {bf1a281b-ad7b-4476-ac95-f47682990ce7}GLOBALROOT/Device/HarddiskVolumeShadowCopy2/Windows/System32/config/COMPONENTS
100	Unloading offline registry hive: {bf1a281b-ad7b-4476-ac95-f47682990ce7}GLOBALROOT/Device/HarddiskVolumeShadowCopy2/Windows/System32/config/DEFAULT
101	Unloading offline registry hive: {bf1a281b-ad7b-4476-ac95-f47682990ce7}GLOBALROOT/Device/HarddiskVolumeShadowCopy2/Users/default/ntuser.dat
102	Unloading offline registry hive: {bf1a281b-ad7b-4476-ac95-f47682990ce7}GLOBALROOT/Device/HarddiskVolumeShadowCopy2/Windows/system32/smi/store/Machine/schema.dat
103	Failed to create backup log cab. [HRESULT = 0x80070001 - ERROR_INVALID_FUNCTION]
104	0000000b CSI Store 3065408 (0x00000000002ec640) initialized
105	Session: 30546354_2823393669 initialized by client WindowsUpdateAgent.
106	Session: 30546354_2824723745 initialized by client WindowsUpdateAgent.
107	Warning: Unrecognized packageExtended attribute.
108	Expecting attribute name [HRESULT = 0x800f080d - CBS_E_MANIFEST_INVALID_ITEM]
109	Failed to get next element [HRESULT = 0x800f080d - CBS_E_MANIFEST_INVALID_ITEM]
110	Warning: Unrecognized packageExtended attribute.
111	Expecting attribute name [HRESULT = 0x800f080d - CBS_E_MANIFEST_INVALID_ITEM]
112	Failed to get next element [HRESULT = 0x800f080d - CBS_E_MANIFEST_INVALID_ITEM]
113	Warning: Unrecognized packageExtended attribute.
114	Expecting attribute name [HRESULT = 0x800f080d - CBS_E_MANIFEST_INVALID_ITEM]
115	Failed to get next element [HRESULT = 0x800f080d - CBS_E_MANIFEST_INVALID_ITEM]
116	Warning: Unrecognized packageExtended attribute.
117	Expecting attribute name [HRESULT = 0x800f080d - CBS_E_MANIFEST_INVALID_ITEM]
118	Failed to get next element [HRESULT = 0x800f080d - CBS_E_MANIFEST_INVALID_ITEM]
119	Warning: Unrecognized packageExtended attribute.
120	Warning: Unrecognized packageExtended attribute.
121	Expecting attribute name [HRESULT = 0x800f080d - CBS_E_MANIFEST_INVALID_ITEM]
122	Failed to get next element [HRESULT = 0x800f080d - CBS_E_MANIFEST_INVALID_ITEM]
123	Warning: Unrecognized packageExtended attribute.
124	Expecting attribute name [HRESULT = 0x800f080d - CBS_E_MANIFEST_INVALID_ITEM]
125	Failed to get next element [HRESULT = 0x800f080d - CBS_E_MANIFEST_INVALID_ITEM]
126	Warning: Unrecognized packageExtended attribute.
127	Expecting attribute name [HRESULT = 0x800f080d - CBS_E_MANIFEST_INVALID_ITEM]
128	Failed to get next element [HRESULT = 0x800f080d - CBS_E_MANIFEST_INVALID_ITEM]
129	Warning: Unrecognized packageExtended attribute.
130	Expecting attribute name [HRESULT = 0x800f080d - CBS_E_MANIFEST_INVALID_ITEM]
131	Failed to get next element [HRESULT = 0x800f080d - CBS_E_MANIFEST_INVALID_ITEM]
132	Warning: Unrecognized packageExtended attribute.
133	Warning: Unrecognized packageExtended attribute.
134	Expecting attribute name [HRESULT = 0x800f080d - CBS_E_MANIFEST_INVALID_ITEM]
135	Failed to get next element [HRESULT = 0x800f080d - CBS_E_MANIFEST_INVALID_ITEM]
136	Warning: Unrecognized packageExtended attribute.
137	Expecting attribute name [HRESULT = 0x800f080d - CBS_E_MANIFEST_INVALID_ITEM]
138	Failed to get next element [HRESULT = 0x800f080d - CBS_E_MANIFEST_INVALID_ITEM]
139	Warning: Unrecognized packageExtended attribute.
140	Expecting attribute name [HRESULT = 0x800f080d - CBS_E_MANIFEST_INVALID_ITEM]
141	Failed to get next element [HRESULT = 0x800f080d - CBS_E_MANIFEST_INVALID_ITEM]
142	Warning: Unrecognized packageExtended attribute.
143	Expecting attribute name [HRESULT = 0x800f080d - CBS_E_MANIFEST_INVALID_ITEM]
144	Failed to get next element [HRESULT = 0x800f080d - CBS_E_MANIFEST_INVALID_ITEM]
145	Warning: Unrecognized packageExtended attribute.
146	Warning: Unrecognized packageExtended attribute.
147	Expecting attribute name [HRESULT = 0x800f080d - CBS_E_MANIFEST_INVALID_ITEM]
148	Failed to get next element [HRESULT = 0x800f080d - CBS_E_MANIFEST_INVALID_ITEM]
149	Warning: Unrecognized packageExtended attribute.
150	Expecting attribute name [HRESULT = 0x800f080d - CBS_E_MANIFEST_INVALID_ITEM]
151	Failed to get next element [HRESULT = 0x800f080d - CBS_E_MANIFEST_INVALID_ITEM]
152	Warning: Unrecognized packageExtended attribute.
153	Expecting attribute name [HRESULT = 0x800f080d - CBS_E_MANIFEST_INVALID_ITEM]
154	Failed to get next element [HRESULT = 0x800f080d - CBS_E_MANIFEST_INVALID_ITEM]
155	Warning: Unrecognized packageExtended attribute.
156	Expecting attribute name [HRESULT = 0x800f080d - CBS_E_MANIFEST_INVALID_ITEM]
157	Failed to get next element [HRESULT = 0x800f080d - CBS_E_MANIFEST_INVALID_ITEM]
158	Warning: Unrecognized packageExtended attribute.
159	Warning: Unrecognized packageExtended attribute.
160	Expecting attribute name [HRESULT = 0x800f080d - CBS_E_MANIFEST_INVALID_ITEM]
161	Failed to get next element [HRESULT = 0x800f080d - CBS_E_MANIFEST_INVALID_ITEM]
162	Warning: Unrecognized packageExtended attribute.
163	Expecting attribute name [HRESULT = 0x800f080d - CBS_E_MANIFEST_INVALID_ITEM]
164	Failed to get next element [HRESULT = 0x800f080d - CBS_E_MANIFEST_INVALID_ITEM]
165	Warning: Unrecognized packageExtended attribute.
166	Expecting attribute name [HRESULT = 0x800f080d - CBS_E_MANIFEST_INVALID_ITEM]
167	Failed to get next element [HRESULT = 0x800f080d - CBS_E_MANIFEST_INVALID_ITEM]
168	Warning: Unrecognized packageExtended attribute.
169	Expecting attribute name [HRESULT = 0x800f080d - CBS_E_MANIFEST_INVALID_ITEM]
170	Failed to get next element [HRESULT = 0x800f080d - CBS_E_MANIFEST_INVALID_ITEM]
171	Warning: Unrecognized packageExtended attribute.
172	Warning: Unrecognized packageExtended attribute.
173	Expecting attribute name [HRESULT = 0x800f080d - CBS_E_MANIFEST_INVALID_ITEM]
174	Failed to get next element [HRESULT = 0x800f080d - CBS_E_MANIFEST_INVALID_ITEM]
175	Warning: Unrecognized packageExtended attribute.
176	Expecting attribute name [HRESULT = 0x800f080d - CBS_E_MANIFEST_INVALID_ITEM]
177	Failed to get next element [HRESULT = 0x800f080d - CBS_E_MANIFEST_INVALID_ITEM]
178	Warning: Unrecognized packageExtended attribute.
179	Expecting attribute name [HRESULT = 0x800f080d - CBS_E_MANIFEST_INVALID_ITEM]
180	Failed to get next element [HRESULT = 0x800f080d - CBS_E_MANIFEST_INVALID_ITEM]
181	Warning: Unrecognized packageExtended attribute.
182	Expecting attribute name [HRESULT = 0x800f080d - CBS_E_MANIFEST_INVALID_ITEM]
183	Failed to get next element [HRESULT = 0x800f080d - CBS_E_MANIFEST_INVALID_ITEM]
184	Warning: Unrecognized packageExtended attribute.
185	Warning: Unrecognized packageExtended attribute.
186	Expecting attribute name [HRESULT = 0x800f080d - CBS_E_MANIFEST_INVALID_ITEM]
187	Failed to get next element [HRESULT = 0x800f080d - CBS_E_MANIFEST_INVALID_ITEM]
188	Warning: Unrecognized packageExtended attribute.
189	Expecting attribute name [HRESULT = 0x800f080d - CBS_E_MANIFEST_INVALID_ITEM]
190	Failed to get next element [HRESULT = 0x800f080d - CBS_E_MANIFEST_INVALID_ITEM]
191	Warning: Unrecognized packageExtended attribute.
192	Expecting attribute name [HRESULT = 0x800f080d - CBS_E_MANIFEST_INVALID_ITEM]
193	Failed to get next element [HRESULT = 0x800f080d - CBS_E_MANIFEST_INVALID_ITEM]
194	Warning: Unrecognized packageExtended attribute.
195	Expecting attribute name [HRESULT = 0x800f080d - CBS_E_MANIFEST_INVALID_ITEM]
196	Failed to get next element [HRESULT = 0x800f080d - CBS_E_MANIFEST_INVALID_ITEM]
197	Warning: Unrecognized packageExtended attribute.
198	Warning: Unrecognized packageExtended attribute.
199	Expecting attribute name [HRESULT = 0x800f080d - CBS_E_MANIFEST_INVALID_ITEM]
200	Failed to get next element [HRESULT = 0x800f080d - CBS_E_MANIFEST_INVALID_ITEM]
201	Warning: Unrecognized packageExtended attribute.
202	Expecting attribute name [HRESULT = 0x800f080d - CBS_E_MANIFEST_INVALID_ITEM]
203	Failed to get next element [HRESULT = 0x800f080d - CBS_E_MANIFEST_INVALID_ITEM]
204	Warning: Unrecognized packageExtended attribute.
205	Expecting attribute name [HRESULT = 0x800f080d - CBS_E_MANIFEST_INVALID_ITEM]
206	Failed to get next element [HRESULT = 0x800f080d - CBS_E_MANIFEST_INVALID_ITEM]
207	Warning: Unrecognized packageExtended attribute.
208	Expecting attribute name [HRESULT = 0x800f080d - CBS_E_MANIFEST_INVALID_ITEM]
209	Failed to get next element [HRESULT = 0x800f080d - CBS_E_MANIFEST_INVALID_ITEM]
210	Warning: Unrecognized packageExtended attribute.
211	Session: 30546354_2830724089 initialized by client WindowsUpdateAgent.
212	Failed to internally open package. [HRESULT = 0x800f0805 - CBS_E_INVALID_PACKAGE]
213	Session: 30546354_2833204231 initialized by client WindowsUpdateAgent.
214	Session: 30546354_2839784607 initialized by client WindowsUpdateAgent.
215	Warning: Unrecognized packageExtended attribute.
216	Expecting attribute name [HRESULT = 0x800f080d - CBS_E_MANIFEST_INVALID_ITEM]
217	Failed to get next element [HRESULT = 0x800f080d - CBS_E_MANIFEST_INVALID_ITEM]
218	Warning: Unrecognized packageExtended attribute.
219	Expecting attribute name [HRESULT = 0x800f080d - CBS_E_MANIFEST_INVALID_ITEM]
220	Failed to get next element [HRESULT = 0x800f080d - CBS_E_MANIFEST_INVALID_ITEM]
221	Warning: Unrecognized packageExtended attribute.
222	Expecting attribute name [HRESULT = 0x800f080d - CBS_E_MANIFEST_INVALID_ITEM]
223	Failed to get next element [HRESULT = 0x800f080d - CBS_E_MANIFEST_INVALID_ITEM]
224	Warning: Unrecognized packageExtended attribute.
225	Expecting attribute name [HRESULT = 0x800f080d - CBS_E_MANIFEST_INVALID_ITEM]
226	Failed to get next element [HRESULT = 0x800f080d - CBS_E_MANIFEST_INVALID_ITEM]
227	Warning: Unrecognized packageExtended attribute.
228	Warning: Unrecognized packageExtended attribute.
229	Expecting attribute name [HRESULT = 0x800f080d - CBS_E_MANIFEST_INVALID_ITEM]
230	Failed to get next element [HRESULT = 0x800f080d - CBS_E_MANIFEST_INVALID_ITEM]
231	Warning: Unrecognized packageExtended attribute.
232	Expecting attribute name [HRESULT = 0x800f080d - CBS_E_MANIFEST_INVALID_ITEM]
233	Failed to get next element [HRESULT = 0x800f080d - CBS_E_MANIFEST_INVALID_ITEM]
234	Warning: Unrecognized packageExtended attribute.
235	Expecting attribute name [HRESULT = 0x800f080d - CBS_E_MANIFEST_INVALID_ITEM]
236	Failed to get next element [HRESULT = 0x800f080d - CBS_E_MANIFEST_INVALID_ITEM]
237	Warning: Unrecognized packageExtended attribute.
238	Expecting attribute name [HRESULT = 0x800f080d - CBS_E_MANIFEST_INVALID_ITEM]
239	Failed to get next element [HRESULT = 0x800f080d - CBS_E_MANIFEST_INVALID_ITEM]
240	Warning: Unrecognized packageExtended attribute.
241	Warning: Unrecognized packageExtended attribute.
242	Expecting attribute name [HRESULT = 0x800f080d - CBS_E_MANIFEST_INVALID_ITEM]
243	Failed to get next element [HRESULT = 0x800f080d - CBS_E_MANIFEST_INVALID_ITEM]
244	Warning: Unrecognized packageExtended attribute.
245	Expecting attribute name [HRESULT = 0x800f080d - CBS_E_MANIFEST_INVALID_ITEM]
246	Failed to get next element [HRESULT = 0x800f080d - CBS_E_MANIFEST_INVALID_ITEM]
247	Warning: Unrecognized packageExtended attribute.
248	Expecting attribute name [HRESULT = 0x800f080d - CBS_E_MANIFEST_INVALID_ITEM]
249	Failed to get next element [HRESULT = 0x800f080d - CBS_E_MANIFEST_INVALID_ITEM]
250	Warning: Unrecognized packageExtended attribute.
251	Expecting attribute name [HRESULT = 0x800f080d - CBS_E_MANIFEST_INVALID_ITEM]
252	Failed to get next element [HRESULT = 0x800f080d - CBS_E_MANIFEST_INVALID_ITEM]
253	Warning: Unrecognized packageExtended attribute.
254	Warning: Unrecognized packageExtended attribute.
255	Expecting attribute name [HRESULT = 0x800f080d - CBS_E_MANIFEST_INVALID_ITEM]
256	Failed to get next element [HRESULT = 0x800f080d - CBS_E_MANIFEST_INVALID_ITEM]
257	Warning: Unrecognized packageExtended attribute.
258	Expecting attribute name [HRESULT = 0x800f080d - CBS_E_MANIFEST_INVALID_ITEM]
259	Failed to get next element [HRESULT = 0x800f080d - CBS_E_MANIFEST_INVALID_ITEM]
260	Warning: Unrecognized packageExtended attribute.
261	Expecting attribute name [HRESULT = 0x800f080d - CBS_E_MANIFEST_INVALID_ITEM]
262	Failed to get next element [HRESULT = 0x800f080d - CBS_E_MANIFEST_INVALID_ITEM]
263	Warning: Unrecognized packageExtended attribute.
264	Expecting attribute name [HRESULT = 0x800f080d - CBS_E_MANIFEST_INVALID_ITEM]
265	Failed to get next element [HRESULT = 0x800f080d - CBS_E_MANIFEST_INVALID_ITEM]
266	Warning: Unrecognized packageExtended attribute.
267	Warning: Unrecognized packageExtended attribute.
268	Expecting attribute name [HRESULT = 0x800f080d - CBS_E_MANIFEST_INVALID_ITEM]
269	Failed to get next element [HRESULT = 0x800f080d - CBS_E_MANIFEST_INVALID_ITEM]
270	Warning: Unrecognized packageExtended attribute.
271	Expecting attribute name [HRESULT = 0x800f080d - CBS_E_MANIFEST_INVALID_ITEM]
272	Failed to get next element [HRESULT = 0x800f080d - CBS_E_MANIFEST_INVALID_ITEM]
273	Warning: Unrecognized packageExtended attribute.
274	Expecting attribute name [HRESULT = 0x800f080d - CBS_E_MANIFEST_INVALID_ITEM]
275	Failed to get next element [HRESULT = 0x800f080d - CBS_E_MANIFEST_INVALID_ITEM]
276	Warning: Unrecognized packageExtended attribute.
277	Expecting attribute name [HRESULT = 0x800f080d - CBS_E_MANIFEST_INVALID_ITEM]
278	Failed to get next element [HRESULT = 0x800f080d - CBS_E_MANIFEST_INVALID_ITEM]
279	Warning: Unrecognized packageExtended attribute.
280	Warning: Unrecognized packageExtended attribute.
281	Expecting attribute name [HRESULT = 0x800f080d - CBS_E_MANIFEST_INVALID_ITEM]
282	Failed to get next element [HRESULT = 0x800f080d - CBS_E_MANIFEST_INVALID_ITEM]
283	Warning: Unrecognized packageExtended attribute.
284	Expecting attribute name [HRESULT = 0x800f080d - CBS_E_MANIFEST_INVALID_ITEM]
285	Failed to get next element [HRESULT = 0x800f080d - CBS_E_MANIFEST_INVALID_ITEM]
286	Warning: Unrecognized packageExtended attribute.
287	Expecting attribute name [HRESULT = 0x800f080d - CBS_E_MANIFEST_INVALID_ITEM]
288	Failed to get next element [HRESULT = 0x800f080d - CBS_E_MANIFEST_INVALID_ITEM]
289	Warning: Unrecognized packageExtended attribute.
290	Expecting attribute name [HRESULT = 0x800f080d - CBS_E_MANIFEST_INVALID_ITEM]
291	Failed to get next element [HRESULT = 0x800f080d - CBS_E_MANIFEST_INVALID_ITEM]
292	Warning: Unrecognized packageExtended attribute.
293	Warning: Unrecognized packageExtended attribute.
294	Expecting attribute name [HRESULT = 0x800f080d - CBS_E_MANIFEST_INVALID_ITEM]
295	Failed to get next element [HRESULT = 0x800f080d - CBS_E_MANIFEST_INVALID_ITEM]
296	Warning: Unrecognized packageExtended attribute.
297	Expecting attribute name [HRESULT = 0x800f080d - CBS_E_MANIFEST_INVALID_ITEM]
298	Failed to get next element [HRESULT = 0x800f080d - CBS_E_MANIFEST_INVALID_ITEM]
299	Warning: Unrecognized packageExtended attribute.
300	Expecting attribute name [HRESULT = 0x800f080d - CBS_E_MANIFEST_INVALID_ITEM]
301	Failed to get next element [HRESULT = 0x800f080d - CBS_E_MANIFEST_INVALID_ITEM]
302	Warning: Unrecognized packageExtended attribute.
303	Expecting attribute name [HRESULT = 0x800f080d - CBS_E_MANIFEST_INVALID_ITEM]
304	Failed to get next element [HRESULT = 0x800f080d - CBS_E_MANIFEST_INVALID_ITEM]
305	Warning: Unrecognized packageExtended attribute.
306	Warning: Unrecognized packageExtended attribute.
307	Expecting attribute name [HRESULT = 0x800f080d - CBS_E_MANIFEST_INVALID_ITEM]
308	Failed to get next element [HRESULT = 0x800f080d - CBS_E_MANIFEST_INVALID_ITEM]
309	Warning: Unrecognized packageExtended attribute.
310	Expecting attribute name [HRESULT = 0x800f080d - CBS_E_MANIFEST_INVALID_ITEM]
311	Failed to get next element [HRESULT = 0x800f080d - CBS_E_MANIFEST_INVALID_ITEM]
312	Warning: Unrecognized packageExtended attribute.
313	Expecting attribute name [HRESULT = 0x800f080d - CBS_E_MANIFEST_INVALID_ITEM]
314	Failed to get next element [HRESULT = 0x800f080d - CBS_E_MANIFEST_INVALID_ITEM]
315	Warning: Unrecognized packageExtended attribute.
316	Expecting attribute name [HRESULT = 0x800f080d - CBS_E_MANIFEST_INVALID_ITEM]
317	Failed to get next element [HRESULT = 0x800f080d - CBS_E_MANIFEST_INVALID_ITEM]
318	Warning: Unrecognized packageExtended attribute.
319	Session: 30546354_2845524935 initialized by client WindowsUpdateAgent.
320	Warning: Unrecognized packageExtended attribute.
321	Expecting attribute name [HRESULT = 0x800f080d - CBS_E_MANIFEST_INVALID_ITEM]
322	Failed to get next element [HRESULT = 0x800f080d - CBS_E_MANIFEST_INVALID_ITEM]
323	Warning: Unrecognized packageExtended attribute.
324	Expecting attribute name [HRESULT = 0x800f080d - CBS_E_MANIFEST_INVALID_ITEM]
325	Failed to get next element [HRESULT = 0x800f080d - CBS_E_MANIFEST_INVALID_ITEM]
326	Warning: Unrecognized packageExtended attribute.
327	Expecting attribute name [HRESULT = 0x800f080d - CBS_E_MANIFEST_INVALID_ITEM]
328	Failed to get next element [HRESULT = 0x800f080d - CBS_E_MANIFEST_INVALID_ITEM]
329	Warning: Unrecognized packageExtended attribute.
330	Expecting attribute name [HRESULT = 0x800f080d - CBS_E_MANIFEST_INVALID_ITEM]
331	Failed to get next element [HRESULT = 0x800f080d - CBS_E_MANIFEST_INVALID_ITEM]
332	Warning: Unrecognized packageExtended attribute.
333	Warning: Unrecognized packageExtended attribute.
334	Expecting attribute name [HRESULT = 0x800f080d - CBS_E_MANIFEST_INVALID_ITEM]
335	Failed to get next element [HRESULT = 0x800f080d - CBS_E_MANIFEST_INVALID_ITEM]
336	Warning: Unrecognized packageExtended attribute.
337	Expecting attribute name [HRESULT = 0x800f080d - CBS_E_MANIFEST_INVALID_ITEM]
338	Failed to get next element [HRESULT = 0x800f080d - CBS_E_MANIFEST_INVALID_ITEM]
339	Warning: Unrecognized packageExtended attribute.
340	Expecting attribute name [HRESULT = 0x800f080d - CBS_E_MANIFEST_INVALID_ITEM]
341	Failed to get next element [HRESULT = 0x800f080d - CBS_E_MANIFEST_INVALID_ITEM]
342	Warning: Unrecognized packageExtended attribute.
343	Expecting attribute name [HRESULT = 0x800f080d - CBS_E_MANIFEST_INVALID_ITEM]
344	Failed to get next element [HRESULT = 0x800f080d - CBS_E_MANIFEST_INVALID_ITEM]
345	Warning: Unrecognized packageExtended attribute.
346	Warning: Unrecognized packageExtended attribute.
347	Expecting attribute name [HRESULT = 0x800f080d - CBS_E_MANIFEST_INVALID_ITEM]
348	Failed to get next element [HRESULT = 0x800f080d - CBS_E_MANIFEST_INVALID_ITEM]
349	Warning: Unrecognized packageExtended attribute.
350	Expecting attribute name [HRESULT = 0x800f080d - CBS_E_MANIFEST_INVALID_ITEM]
351	Failed to get next element [HRESULT = 0x800f080d - CBS_E_MANIFEST_INVALID_ITEM]
352	Warning: Unrecognized packageExtended attribute.
353	Expecting attribute name [HRESULT = 0x800f080d - CBS_E_MANIFEST_INVALID_ITEM]
354	Failed to get next element [HRESULT = 0x800f080d - CBS_E_MANIFEST_INVALID_ITEM]
355	Warning: Unrecognized packageExtended attribute.
356	Expecting attribute name [HRESULT = 0x800f080d - CBS_E_MANIFEST_INVALID_ITEM]
357	Failed to get next element [HRESULT = 0x800f080d - CBS_E_MANIFEST_INVALID_ITEM]
358	Warning: Unrecognized packageExtended attribute.
359	Warning: Unrecognized packageExtended attribute.
360	Expecting attribute name [HRESULT = 0x800f080d - CBS_E_MANIFEST_INVALID_ITEM]
361	Failed to get next element [HRESULT = 0x800f080d - CBS_E_MANIFEST_INVALID_ITEM]
362	Warning: Unrecognized packageExtended attribute.
363	Expecting attribute name [HRESULT = 0x800f080d - CBS_E_MANIFEST_INVALID_ITEM]
364	Failed to get next element [HRESULT = 0x800f080d - CBS_E_MANIFEST_INVALID_ITEM]
365	Warning: Unrecognized packageExtended attribute.
366	Expecting attribute name [HRESULT = 0x800f080d - CBS_E_MANIFEST_INVALID_ITEM]
367	Failed to get next element [HRESULT = 0x800f080d - CBS_E_MANIFEST_INVALID_ITEM]
368	Warning: Unrecognized packageExtended attribute.
369	Expecting attribute name [HRESULT = 0x800f080d - CBS_E_MANIFEST_INVALID_ITEM]
370	Failed to get next element [HRESULT = 0x800f080d - CBS_E_MANIFEST_INVALID_ITEM]
371	Warning: Unrecognized packageExtended attribute.
372	Warning: Unrecognized packageExtended attribute.
373	Expecting attribute name [HRESULT = 0x800f080d - CBS_E_MANIFEST_INVALID_ITEM]
374	Failed to get next element [HRESULT = 0x800f080d - CBS_E_MANIFEST_INVALID_ITEM]
375	Warning: Unrecognized packageExtended attribute.
376	Expecting attribute name [HRESULT = 0x800f080d - CBS_E_MANIFEST_INVALID_ITEM]
377	Failed to get next element [HRESULT = 0x800f080d - CBS_E_MANIFEST_INVALID_ITEM]
378	Warning: Unrecognized packageExtended attribute.
379	Expecting attribute name [HRESULT = 0x800f080d - CBS_E_MANIFEST_INVALID_ITEM]
380	Failed to get next element [HRESULT = 0x800f080d - CBS_E_MANIFEST_INVALID_ITEM]
381	Warning: Unrecognized packageExtended attribute.
382	Expecting attribute name [HRESULT = 0x800f080d - CBS_E_MANIFEST_INVALID_ITEM]
383	Failed to get next element [HRESULT = 0x800f080d - CBS_E_MANIFEST_INVALID_ITEM]
384	Warning: Unrecognized packageExtended attribute.
385	Warning: Unrecognized packageExtended attribute.
386	Expecting attribute name [HRESULT = 0x800f080d - CBS_E_MANIFEST_INVALID_ITEM]
387	Failed to get next element [HRESULT = 0x800f080d - CBS_E_MANIFEST_INVALID_ITEM]
388	Warning: Unrecognized packageExtended attribute.
389	Expecting attribute name [HRESULT = 0x800f080d - CBS_E_MANIFEST_INVALID_ITEM]
390	Failed to get next element [HRESULT = 0x800f080d - CBS_E_MANIFEST_INVALID_ITEM]
391	Warning: Unrecognized packageExtended attribute.
392	Expecting attribute name [HRESULT = 0x800f080d - CBS_E_MANIFEST_INVALID_ITEM]
393	Failed to get next element [HRESULT = 0x800f080d - CBS_E_MANIFEST_INVALID_ITEM]
394	Warning: Unrecognized packageExtended attribute.
395	Expecting attribute name [HRESULT = 0x800f080d - CBS_E_MANIFEST_INVALID_ITEM]
396	Failed to get next element [HRESULT = 0x800f080d - CBS_E_MANIFEST_INVALID_ITEM]
397	Warning: Unrecognized packageExtended attribute.
398	Warning: Unrecognized packageExtended attribute.
399	Expecting attribute name [HRESULT = 0x800f080d - CBS_E_MANIFEST_INVALID_ITEM]
400	Failed to get next element [HRESULT = 0x800f080d - CBS_E_MANIFEST_INVALID_ITEM]
401	Warning: Unrecognized packageExtended attribute.
402	Expecting attribute name [HRESULT = 0x800f080d - CBS_E_MANIFEST_INVALID_ITEM]
403	Failed to get next element [HRESULT = 0x800f080d - CBS_E_MANIFEST_INVALID_ITEM]
404	Warning: Unrecognized packageExtended attribute.
405	Expecting attribute name [HRESULT = 0x800f080d - CBS_E_MANIFEST_INVALID_ITEM]
406	Failed to get next element [HRESULT = 0x800f080d - CBS_E_MANIFEST_INVALID_ITEM]
407	Warning: Unrecognized packageExtended attribute.
408	Expecting attribute name [HRESULT = 0x800f080d - CBS_E_MANIFEST_INVALID_ITEM]
409	Failed to get next element [HRESULT = 0x800f080d - CBS_E_MANIFEST_INVALID_ITEM]
410	Warning: Unrecognized packageExtended attribute.
411	Warning: Unrecognized packageExtended attribute.
412	Expecting attribute name [HRESULT = 0x800f080d - CBS_E_MANIFEST_INVALID_ITEM]
413	Failed to get next element [HRESULT = 0x800f080d - CBS_E_MANIFEST_INVALID_ITEM]
414	Warning: Unrecognized packageExtended attribute.
415	Expecting attribute name [HRESULT = 0x800f080d - CBS_E_MANIFEST_INVALID_ITEM]
416	Failed to get next element [HRESULT = 0x800f080d - CBS_E_MANIFEST_INVALID_ITEM]
417	Warning: Unrecognized packageExtended attribute.
418	Expecting attribute name [HRESULT = 0x800f080d - CBS_E_MANIFEST_INVALID_ITEM]
419	Failed to get next element [HRESULT = 0x800f080d - CBS_E_MANIFEST_INVALID_ITEM]
420	Warning: Unrecognized packageExtended attribute.
421	Expecting attribute name [HRESULT = 0x800f080d - CBS_E_MANIFEST_INVALID_ITEM]
422	Failed to get next element [HRESULT = 0x800f080d - CBS_E_MANIFEST_INVALID_ITEM]
423	Warning: Unrecognized packageExtended attribute.
424	Session: 30546354_2850645228 initialized by client WindowsUpdateAgent.
425	Failed to internally open package. [HRESULT = 0x800f0805 - CBS_E_INVALID_PACKAGE]
426	Session: 30546354_2850655229 initialized by client WindowsUpdateAgent.
427	Failed to internally open package. [HRESULT = 0x800f0805 - CBS_E_INVALID_PACKAGE]
428	Session: 30546354_2850665229 initialized by client WindowsUpdateAgent.
429	Failed to internally open package. [HRESULT = 0x800f0805 - CBS_E_INVALID_PACKAGE]
430	Session: 30546354_2850685230 initialized by client WindowsUpdateAgent.
431	Failed to internally open package. [HRESULT = 0x800f0805 - CBS_E_INVALID_PACKAGE]
432	Session: 30546354_2850695231 initialized by client WindowsUpdateAgent.
433	Failed to internally open package. [HRESULT = 0x800f0805 - CBS_E_INVALID_PACKAGE]
434	Session: 30546354_2850705232 initialized by client WindowsUpdateAgent.
435	Failed to internally open package. [HRESULT = 0x800f0805 - CBS_E_INVALID_PACKAGE]
436	Session: 30546354_2850715232 initialized by client WindowsUpdateAgent.
437	Failed to internally open package. [HRESULT = 0x800f0805 - CBS_E_INVALID_PACKAGE]
438	Session: 30546354_2852095311 initialized by client WindowsUpdateAgent.
439	Session: 30546354_2868336240 initialized by client WindowsUpdateAgent.
440	"Read out cached package applicability for package: Package_for_KB3121255~31bf3856ad364e35~amd64~~6.1.1.0, ApplicableState: 112, CurrentState:112"
441	Session: 30546354_2875796667 initialized by client WindowsUpdateAgent.
442	"Read out cached package applicability for package: Package_for_KB2656356~31bf3856ad364e35~amd64~~6.1.1.1, ApplicableState: 80, CurrentState:112"
443	Session: 30546354_2879516879 initialized by client WindowsUpdateAgent.
444	"Read out cached package applicability for package: Package_for_KB3108664~31bf3856ad364e35~amd64~~6.1.1.0, ApplicableState: 112, CurrentState:112"
445	Session: 30546354_2879836898 initialized by client WindowsUpdateAgent.
446	"Read out cached package applicability for package: Package_for_KB3115858~31bf3856ad364e35~amd64~~6.1.1.0, ApplicableState: 80, CurrentState:112"
447	Session: 30546354_2894197719 initialized by client WindowsUpdateAgent.
448	"Read out cached package applicability for package: Package_for_KB3127220~31bf3856ad364e35~amd64~~6.1.1.0, ApplicableState: 112, CurrentState:112"
449	Session: 30546354_2896247836 initialized by client WindowsUpdateAgent.
450	"Read out cached package applicability for package: Package_for_KB3060716~31bf3856ad364e35~amd64~~6.1.1.0, ApplicableState: 112, CurrentState:112"
451	Session: 30546354_2902428190 initialized by client WindowsUpdateAgent.
452	"Read out cached package applicability for package: Package_for_KB3006137~31bf3856ad364e35~amd64~~6.1.1.0, ApplicableState: 112, CurrentState:112"
453	Session: 30546354_2902518195 initialized by client WindowsUpdateAgent.
454	"Read out cached package applicability for package: Package_for_KB3067903~31bf3856ad364e35~amd64~~6.1.1.0, ApplicableState: 112, CurrentState:112"
455	Session: 30546354_2908448534 initialized by client WindowsUpdateAgent.
456	"Read out cached package applicability for package: Package_for_KB3086255~31bf3856ad364e35~amd64~~6.1.1.0, ApplicableState: 112, CurrentState:112"
457	Session: 30546354_2912518767 initialized by client WindowsUpdateAgent.
458	"Read out cached package applicability for package: Package_for_KB3146706~31bf3856ad364e35~amd64~~6.1.1.2, ApplicableState: 112, CurrentState:112"
459	Session: 30546354_2914788897 initialized by client WindowsUpdateAgent.
460	"Read out cached package applicability for package: Package_for_KB3182203~31bf3856ad364e35~amd64~~6.1.1.1, ApplicableState: 112, CurrentState:112"
461	Session: 30546354_2915778954 initialized by client WindowsUpdateAgent.
462	"Read out cached package applicability for package: Package_for_KB3075226~31bf3856ad364e35~amd64~~6.1.1.1, ApplicableState: 112, CurrentState:112"
463	Session: 30546354_2916919019 initialized by client WindowsUpdateAgent.
464	"Read out cached package applicability for package: Package_for_KB3185319~31bf3856ad364e35~amd64~~11.2.1.0, ApplicableState: 112, CurrentState:112"
465	Session: 30546354_2917229036 initialized by client WindowsUpdateAgent.
466	Session: 30546354_2919539169 initialized by client WindowsUpdateAgent.
467	"Read out cached package applicability for package: Package_for_KB3033929~31bf3856ad364e35~amd64~~6.1.1.1, ApplicableState: 80, CurrentState:112"
468	Session: 30546354_2926539569 initialized by client WindowsUpdateAgent.
469	"Read out cached package applicability for package: Package_for_KB2978742~31bf3856ad364e35~amd64~~6.1.1.0, ApplicableState: 112, CurrentState:112"
470	Session: 30546354_2932399904 initialized by client WindowsUpdateAgent.
471	"Read out cached package applicability for package: Package_for_KB3177186~31bf3856ad364e35~amd64~~6.1.1.1, ApplicableState: 112, CurrentState:112"
472	Session: 30546354_2934110002 initialized by client WindowsUpdateAgent.
473	"Read out cached package applicability for package: Package_for_KB3055642~31bf3856ad364e35~amd64~~6.1.1.0, ApplicableState: 112, CurrentState:112"
474	Session: 30546354_2934760039 initialized by client WindowsUpdateAgent.
475	"Read out cached package applicability for package: Package_for_KB3078601~31bf3856ad364e35~amd64~~6.1.1.5, ApplicableState: 112, CurrentState:112"
476	Session: 30546354_2936720151 initialized by client WindowsUpdateAgent.
477	"Read out cached package applicability for package: Package_for_KB3147071~31bf3856ad364e35~amd64~~6.1.1.1, ApplicableState: 112, CurrentState:112"
478	Session: 30546354_2937490195 initialized by client WindowsUpdateAgent.
479	"Read out cached package applicability for package: Package_for_KB3019978~31bf3856ad364e35~amd64~~6.1.1.2, ApplicableState: 80, CurrentState:0"
480	Session: 30546354_2937600202 initialized by client WindowsUpdateAgent.
481	"Read out cached package applicability for package: Package_for_KB2563227~31bf3856ad364e35~amd64~~6.1.1.0, ApplicableState: 112, CurrentState:112"
482	Session: 30546354_2939830329 initialized by client WindowsUpdateAgent.
483	"Read out cached package applicability for package: Package_for_KB3126587~31bf3856ad364e35~amd64~~6.1.1.1, ApplicableState: 112, CurrentState:112"
484	Session: 30546354_2950240925 initialized by client WindowsUpdateAgent.
485	"Read out cached package applicability for package: Package_for_KB2789645~31bf3856ad364e35~amd64~~6.1.1.0, ApplicableState: 80, CurrentState:112"
486	Session: 30546354_2953481110 initialized by client WindowsUpdateAgent.
487	"Read out cached package applicability for package: Package_for_KB3138901~31bf3856ad364e35~amd64~~6.1.1.0, ApplicableState: 112, CurrentState:112"
488	Session: 30546354_2955011197 initialized by client WindowsUpdateAgent.
489	"Read out cached package applicability for package: Package_for_KB2607047~31bf3856ad364e35~amd64~~6.1.1.1, ApplicableState: 0, CurrentState:0"
490	Session: 30546354_2955431222 initialized by client WindowsUpdateAgent.
491	Session: 30546354_2956421278 initialized by client WindowsUpdateAgent.
492	"Read out cached package applicability for package: Package_for_KB3011780~31bf3856ad364e35~amd64~~6.1.1.5, ApplicableState: 112, CurrentState:112"
493	Session: 30546354_2958491397 initialized by client WindowsUpdateAgent.
494	"Read out cached package applicability for package: Package_for_KB3170455~31bf3856ad364e35~amd64~~6.1.1.2, ApplicableState: 112, CurrentState:112"
495	Session: 30546354_2958821415 initialized by client WindowsUpdateAgent.
496	"Read out cached package applicability for package: Package_for_KB2891804~31bf3856ad364e35~amd64~~6.1.1.1, ApplicableState: 112, CurrentState:112"
497	Session: 30546354_2959411449 initialized by client WindowsUpdateAgent.
498	"Read out cached package applicability for package: Package_for_KB3156017~31bf3856ad364e35~amd64~~6.1.1.0, ApplicableState: 112, CurrentState:112"
499	Session: 30546354_2959511455 initialized by client WindowsUpdateAgent.
500	"Read out cached package applicability for package: Package_for_KB3084135~31bf3856ad364e35~amd64~~6.1.1.0, ApplicableState: 112, CurrentState:112"
501	Session: 30546354_2960071487 initialized by client WindowsUpdateAgent.
502	"Read out cached package applicability for package: Package_for_KB2560656~31bf3856ad364e35~amd64~~6.1.1.2, ApplicableState: 112, CurrentState:112"
503	Session: 30546354_2961511569 initialized by client WindowsUpdateAgent.
504	"Read out cached package applicability for package: Package_for_KB3184471~31bf3856ad364e35~amd64~~6.1.1.1, ApplicableState: 0, CurrentState:0"
505	Session: 30546354_2965511798 initialized by client WindowsUpdateAgent.
506	"Read out cached package applicability for package: Package_for_KB3146963~31bf3856ad364e35~amd64~~6.1.1.0, ApplicableState: 112, CurrentState:112"
507	Session: 30546354_2965591803 initialized by client WindowsUpdateAgent.
508	"Read out cached package applicability for package: Package_for_KB2918077~31bf3856ad364e35~amd64~~6.1.1.0, ApplicableState: 112, CurrentState:112"
509	Session: 30546354_2966751869 initialized by client WindowsUpdateAgent.
510	"Read out cached package applicability for package: Package_for_KB2716513~31bf3856ad364e35~amd64~~6.1.1.0, ApplicableState: 80, CurrentState:0"
511	Session: 30546354_2966921879 initialized by client WindowsUpdateAgent.
512	"Read out cached package applicability for package: Package_for_KB2489256~31bf3856ad364e35~amd64~~6.1.1.1, ApplicableState: 80, CurrentState:0"
513	Session: 30546354_2967631919 initialized by client WindowsUpdateAgent.
514	"Read out cached package applicability for package: Package_for_KB3138962~31bf3856ad364e35~amd64~~6.1.1.0, ApplicableState: 80, CurrentState:112"
515	Session: 30546354_2967771927 initialized by client WindowsUpdateAgent.
516	"Read out cached package applicability for package: Package_for_KB2552343~31bf3856ad364e35~amd64~~6.1.1.0, ApplicableState: 112, CurrentState:112"
517	Session: 30546354_2968461967 initialized by client WindowsUpdateAgent.
518	"Read out cached package applicability for package: Package_for_KB3059317~31bf3856ad364e35~amd64~~6.1.1.0, ApplicableState: 112, CurrentState:112"
519	Session: 30546354_2968771985 initialized by client WindowsUpdateAgent.
520	"Read out cached package applicability for package: Package_for_KB2973201~31bf3856ad364e35~amd64~~6.1.1.2, ApplicableState: 112, CurrentState:112"
521	Session: 30546354_2968971996 initialized by client WindowsUpdateAgent.
522	"Read out cached package applicability for package: Package_for_KB3072305~31bf3856ad364e35~amd64~~6.1.1.2, ApplicableState: 112, CurrentState:112"
523	Session: 30546354_2970472082 initialized by client WindowsUpdateAgent.
524	"Read out cached package applicability for package: Package_for_KB3078667~31bf3856ad364e35~amd64~~6.1.1.0, ApplicableState: 112, CurrentState:112"
525	Session: 30546354_2971152121 initialized by client WindowsUpdateAgent.
526	"Read out cached package applicability for package: Package_for_KB3020369~31bf3856ad364e35~amd64~~6.1.1.1, ApplicableState: 80, CurrentState:112"
527	Session: 30546354_2972312187 initialized by client WindowsUpdateAgent.
528	"Read out cached package applicability for package: Package_for_KB2943357~31bf3856ad364e35~amd64~~6.1.1.3, ApplicableState: 112, CurrentState:112"
529	Session: 30546354_2973852275 initialized by client WindowsUpdateAgent.
530	"Read out cached package applicability for package: Package_for_KB3168965~31bf3856ad364e35~amd64~~6.1.1.2, ApplicableState: 80, CurrentState:112"
531	Session: 30546354_2973972282 initialized by client WindowsUpdateAgent.
532	"Read out cached package applicability for package: Package_for_KB2620704~31bf3856ad364e35~amd64~~6.1.1.0, ApplicableState: 112, CurrentState:112"
533	Session: 30546354_2975752384 initialized by client WindowsUpdateAgent.
534	"Read out cached package applicability for package: Microsoft-Windows-PlatformUpdate-Win7-SRV08R2-Package-TopLevel~31bf3856ad364e35~amd64~~7.1.7601.16492, ApplicableState: 112, CurrentState:112"
535	Session: 30546354_2976462424 initialized by client WindowsUpdateAgent.
536	"Read out cached package applicability for package: Package_for_KB2763523~31bf3856ad364e35~amd64~~6.1.1.1, ApplicableState: 112, CurrentState:112"
537	Session: 30546354_2979852618 initialized by client WindowsUpdateAgent.
538	"Read out cached package applicability for package: Package_for_KB3075220~31bf3856ad364e35~amd64~~6.1.1.0, ApplicableState: 80, CurrentState:0"
539	Session: 30546354_2981802730 initialized by client WindowsUpdateAgent.
540	"Read out cached package applicability for package: Package_for_KB2813347~31bf3856ad364e35~amd64~~6.1.1.0, ApplicableState: 112, CurrentState:112"
541	Session: 30546354_2983612833 initialized by client WindowsUpdateAgent.
542	"Read out cached package applicability for package: Package_for_KB3080446~31bf3856ad364e35~amd64~~6.1.1.2, ApplicableState: 80, CurrentState:112"
543	Session: 30546354_2984842904 initialized by client WindowsUpdateAgent.
544	"Read out cached package applicability for package: Package_for_KB2515325~31bf3856ad364e35~amd64~~6.1.1.0, ApplicableState: 80, CurrentState:112"
545	Session: 30546354_2984902907 initialized by client WindowsUpdateAgent.
546	"Read out cached package applicability for package: Package_for_KB2957189~31bf3856ad364e35~amd64~~6.1.1.1, ApplicableState: 80, CurrentState:112"
547	Session: 30546354_2985172923 initialized by client WindowsUpdateAgent.
548	"Read out cached package applicability for package: Package_for_KB2718704~31bf3856ad364e35~amd64~~6.1.1.0, ApplicableState: 80, CurrentState:112"
549	Session: 30546354_2986142978 initialized by client WindowsUpdateAgent.
550	"Read out cached package applicability for package: Package_for_KB2479943~31bf3856ad364e35~amd64~~6.1.1.0, ApplicableState: 112, CurrentState:112"
551	Session: 30546354_2986352990 initialized by client WindowsUpdateAgent.
552	"Read out cached package applicability for package: Package_for_KB3138612~31bf3856ad364e35~amd64~~6.1.1.1, ApplicableState: 112, CurrentState:112"
553	Session: 30546354_2988103090 initialized by client WindowsUpdateAgent.
554	"Read out cached package applicability for package: Microsoft-Hyper-V-Integration-Services-Package~31bf3856ad364e35~amd64~~6.3.9600.17681, ApplicableState: 112, CurrentState:0"
555	Session: 30546354_2989623177 initialized by client WindowsUpdateAgent.
556	"Read out cached package applicability for package: Package_for_KB3107998~31bf3856ad364e35~amd64~~6.1.1.2, ApplicableState: 112, CurrentState:112"
557	Session: 30546354_2999883764 initialized by client WindowsUpdateAgent.
558	"Read out cached package applicability for package: Package_for_KB3071756~31bf3856ad364e35~amd64~~6.1.1.2, ApplicableState: 112, CurrentState:112"
559	Session: 30546354_3005294074 initialized by client WindowsUpdateAgent.
560	"Read out cached package applicability for package: Package_for_KB2840631~31bf3856ad364e35~amd64~~6.1.1.0, ApplicableState: 112, CurrentState:112"
561	Session: 30546354_3007094176 initialized by client WindowsUpdateAgent.
562	"Read out cached package applicability for package: Package_for_KB2631813~31bf3856ad364e35~amd64~~6.1.1.1, ApplicableState: 112, CurrentState:112"
563	Session: 30546354_3007214183 initialized by client WindowsUpdateAgent.
564	"Read out cached package applicability for package: Package_for_KB2640148~31bf3856ad364e35~amd64~~6.1.2.0, ApplicableState: 112, CurrentState:112"
565	Session: 30546354_3008284245 initialized by client WindowsUpdateAgent.
566	"Read out cached package applicability for package: Package_for_KB3093513~31bf3856ad364e35~amd64~~6.1.1.0, ApplicableState: 112, CurrentState:112"
567	Session: 30546354_3008494257 initialized by client WindowsUpdateAgent.
568	"Read out cached package applicability for package: Package_for_KB2894844~31bf3856ad364e35~amd64~~6.1.1.1, ApplicableState: 112, CurrentState:112"
569	Session: 30546354_3009694325 initialized by client WindowsUpdateAgent.
570	"Read out cached package applicability for package: Package_for_KB3108670~31bf3856ad364e35~amd64~~6.1.1.0, ApplicableState: 112, CurrentState:112"
571	Session: 30546354_3037265902 initialized by client WindowsUpdateAgent.
572	"Read out cached package applicability for package: Package_for_KB2547666~31bf3856ad364e35~amd64~~6.1.1.0, ApplicableState: 112, CurrentState:112"
573	Session: 30546354_3041116122 initialized by client WindowsUpdateAgent.
574	"Read out cached package applicability for package: Package_for_KB2798162~31bf3856ad364e35~amd64~~6.1.1.5, ApplicableState: 80, CurrentState:112"
575	Session: 30546354_3044096293 initialized by client WindowsUpdateAgent.
576	"Read out cached package applicability for package: Package_for_KB2574819~31bf3856ad364e35~amd64~~6.1.2.0, ApplicableState: 112, CurrentState:112"
577	Session: 30546354_3044886338 initialized by client WindowsUpdateAgent.
578	"Read out cached package applicability for package: Microsoft-Windows-RDP-BlueIP-Package-TopLevel~31bf3856ad364e35~amd64~~7.2.7601.16415, ApplicableState: 112, CurrentState:112"
579	Session: 30546354_3045146353 initialized by client WindowsUpdateAgent.
580	"Read out cached package applicability for package: Package_for_KB2857650~31bf3856ad364e35~amd64~~6.1.1.1, ApplicableState: 112, CurrentState:112"
581	Session: 30546354_3047006459 initialized by client WindowsUpdateAgent.
582	"Read out cached package applicability for package: Package_for_KB3118401~31bf3856ad364e35~amd64~~6.1.1.1, ApplicableState: 112, CurrentState:112"
583	Session: 30546354_3047216471 initialized by client WindowsUpdateAgent.
584	"Read out cached package applicability for package: Package_for_KB2585542~31bf3856ad364e35~amd64~~6.1.1.3, ApplicableState: 80, CurrentState:112"
585	Session: 30546354_3048226529 initialized by client WindowsUpdateAgent.
586	"Read out cached package applicability for package: Package_for_KB2931356~31bf3856ad364e35~amd64~~6.1.1.0, ApplicableState: 112, CurrentState:112"
587	Session: 30546354_3049686613 initialized by client WindowsUpdateAgent.
588	"Read out cached package applicability for package: Package_for_KB2900986~31bf3856ad364e35~amd64~~6.1.1.1, ApplicableState: 112, CurrentState:112"
589	Session: 30546354_3050066634 initialized by client WindowsUpdateAgent.
590	"Read out cached package applicability for package: Package_for_KB2985461~31bf3856ad364e35~amd64~~6.1.1.0, ApplicableState: 112, CurrentState:112"
591	Session: 30546354_3058807134 initialized by client WindowsUpdateAgent.
592	"Read out cached package applicability for package: Package_for_KB3092601~31bf3856ad364e35~amd64~~6.1.1.0, ApplicableState: 112, CurrentState:112"
593	Session: 30546354_3061267275 initialized by client WindowsUpdateAgent.
594	"Read out cached package applicability for package: Package_for_KB2836942~31bf3856ad364e35~amd64~~6.1.1.0, ApplicableState: 80, CurrentState:112"
595	Session: 30546354_3061697300 initialized by client WindowsUpdateAgent.
596	"Read out cached package applicability for package: Package_for_KB2937610~31bf3856ad364e35~amd64~~6.1.1.3, ApplicableState: 112, CurrentState:112"
597	Session: 30546354_3063077379 initialized by client WindowsUpdateAgent.
598	"Read out cached package applicability for package: Package_for_KB3035126~31bf3856ad364e35~amd64~~6.1.1.2, ApplicableState: 112, CurrentState:112"
599	Session: 30546354_3066077550 initialized by client WindowsUpdateAgent.
600	"Read out cached package applicability for package: Package_for_KB3076895~31bf3856ad364e35~amd64~~6.1.1.1, ApplicableState: 80, CurrentState:112"
601	Session: 30546354_3067097608 initialized by client WindowsUpdateAgent.
602	"Read out cached package applicability for package: Package_for_KB3021674~31bf3856ad364e35~amd64~~6.1.1.2, ApplicableState: 112, CurrentState:112"
603	Session: 30546354_3067367624 initialized by client WindowsUpdateAgent.
604	"Read out cached package applicability for package: Package_for_KB2919469~31bf3856ad364e35~amd64~~6.1.1.0, ApplicableState: 112, CurrentState:112"
605	Session: 30546354_3070257789 initialized by client WindowsUpdateAgent.
606	"Read out cached package applicability for package: Package_for_KB2823180~31bf3856ad364e35~amd64~~6.1.1.0, ApplicableState: 0, CurrentState:0"
607	Session: 30546354_3070387797 initialized by client WindowsUpdateAgent.
608	"Read out cached package applicability for package: Package_for_KB2809215~31bf3856ad364e35~amd64~~6.1.1.1, ApplicableState: 112, CurrentState:0"
609	Session: 30546354_3070417798 initialized by client WindowsUpdateAgent.
610	Failed to internally open package. [HRESULT = 0x800f0805 - CBS_E_INVALID_PACKAGE]
611	Session: 30546354_3070457801 initialized by client WindowsUpdateAgent.
612	"Read out cached package applicability for package: Package_for_KB2809900~31bf3856ad364e35~amd64~~6.1.1.0, ApplicableState: 0, CurrentState:0"
613	Session: 30546354_3070727816 initialized by client WindowsUpdateAgent.
614	"Read out cached package applicability for package: Package_for_KB3150220~31bf3856ad364e35~amd64~~6.1.1.1, ApplicableState: 112, CurrentState:112"
615	Session: 30546354_3072147897 initialized by client WindowsUpdateAgent.
616	"Read out cached package applicability for package: Package_for_KB3175024~31bf3856ad364e35~amd64~~6.1.2.0, ApplicableState: 112, CurrentState:112"
617	Session: 30546354_3072677928 initialized by client WindowsUpdateAgent.
618	"Read out cached package applicability for package: Package_for_KB3126446~31bf3856ad364e35~amd64~~6.1.1.0, ApplicableState: 112, CurrentState:112"
619	Session: 30546354_3074888054 initialized by client WindowsUpdateAgent.
620	"Read out cached package applicability for package: Package_for_KB2968294~31bf3856ad364e35~amd64~~6.1.1.1, ApplicableState: 112, CurrentState:112"
621	Session: 30546354_3077138183 initialized by client WindowsUpdateAgent.
622	"Read out cached package applicability for package: Package_for_KB3080079~31bf3856ad364e35~amd64~~6.1.1.1, ApplicableState: 112, CurrentState:112"
623	Session: 30546354_3167883373 initialized by client WindowsUpdateAgent.
624	"Read out cached package applicability for package: Package_for_KB2868626~31bf3856ad364e35~amd64~~6.1.1.2, ApplicableState: 80, CurrentState:112"
625	Session: 30546354_3172813655 initialized by client WindowsUpdateAgent.
626	"Read out cached package applicability for package: Package_for_KB2929733~31bf3856ad364e35~amd64~~6.1.1.0, ApplicableState: 112, CurrentState:112"
627	Session: 30546354_3173223679 initialized by client WindowsUpdateAgent.
628	"Read out cached package applicability for package: Package_for_KB2893294~31bf3856ad364e35~amd64~~6.1.1.1, ApplicableState: 112, CurrentState:112"
629	Session: 30546354_3173453692 initialized by client WindowsUpdateAgent.
630	"Read out cached package applicability for package: Package_for_KB3145739~31bf3856ad364e35~amd64~~6.1.1.1, ApplicableState: 112, CurrentState:112"
631	Session: 30546354_3175093786 initialized by client WindowsUpdateAgent.
632	"Read out cached package applicability for package: Package_for_KB2972211~31bf3856ad364e35~amd64~~6.1.1.0, ApplicableState: 112, CurrentState:112"
633	Session: 30546354_3176343857 initialized by client WindowsUpdateAgent.
634	"Read out cached package applicability for package: Package_for_KB947821~31bf3856ad364e35~amd64~~6.1.34.0, ApplicableState: 112, CurrentState:0"
635	Session: 30546354_3176413861 initialized by client WindowsUpdateAgent.
636	"Read out cached package applicability for package: Package_for_KB3020370~31bf3856ad364e35~amd64~~6.1.1.2, ApplicableState: 112, CurrentState:112"
637	Session: 30546354_3178803998 initialized by client WindowsUpdateAgent.
638	"Read out cached package applicability for package: Package_for_KB3003743~31bf3856ad364e35~amd64~~6.1.1.1, ApplicableState: 112, CurrentState:112"
639	Session: 30546354_3181864173 initialized by client WindowsUpdateAgent.
640	"Read out cached package applicability for package: Package_for_KB3020387~31bf3856ad364e35~amd64~~6.1.1.2, ApplicableState: 80, CurrentState:0"
641	Session: 30546354_3182094186 initialized by client WindowsUpdateAgent.
642	"Read out cached package applicability for package: Package_for_KB2884256~31bf3856ad364e35~amd64~~6.1.1.1, ApplicableState: 112, CurrentState:112"
643	Session: 30546354_3183124245 initialized by client WindowsUpdateAgent.
644	"Read out cached package applicability for package: Package_for_KB3163245~31bf3856ad364e35~amd64~~6.1.1.1, ApplicableState: 112, CurrentState:112"
645	Session: 30546354_3183554269 initialized by client WindowsUpdateAgent.
646	"Read out cached package applicability for package: Package_for_KB2660075~31bf3856ad364e35~amd64~~6.1.1.0, ApplicableState: 112, CurrentState:112"
647	Session: 30546354_3183714279 initialized by client WindowsUpdateAgent.
648	"Read out cached package applicability for package: Package_for_KB3022777~31bf3856ad364e35~amd64~~6.1.1.0, ApplicableState: 112, CurrentState:112"
649	Session: 30546354_3184784340 initialized by client WindowsUpdateAgent.
650	"Read out cached package applicability for package: Package_for_KB3161561~31bf3856ad364e35~amd64~~6.1.1.1, ApplicableState: 80, CurrentState:112"
651	Session: 30546354_3185364373 initialized by client WindowsUpdateAgent.
652	"Read out cached package applicability for package: Package_for_KB2800095~31bf3856ad364e35~amd64~~6.1.2.0, ApplicableState: 112, CurrentState:112"
653	Session: 30546354_3185714393 initialized by client WindowsUpdateAgent.
654	"Read out cached package applicability for package: Package_for_KB2818604~31bf3856ad364e35~amd64~~6.1.1.0, ApplicableState: 112, CurrentState:0"
655	Session: 30546354_3185874402 initialized by client WindowsUpdateAgent.
656	"Read out cached package applicability for package: Package_for_KB2570947~31bf3856ad364e35~amd64~~6.1.1.0, ApplicableState: 112, CurrentState:112"
657	Session: 30546354_3186424434 initialized by client WindowsUpdateAgent.
658	"Read out cached package applicability for package: Package_for_KB3035132~31bf3856ad364e35~amd64~~6.1.1.0, ApplicableState: 80, CurrentState:112"
659	Session: 30546354_3186634446 initialized by client WindowsUpdateAgent.
660	"Read out cached package applicability for package: Package_for_KB2972100~31bf3856ad364e35~amd64~~6.1.1.0, ApplicableState: 112, CurrentState:112"
661	Session: 30546354_3187144475 initialized by client WindowsUpdateAgent.
662	"Read out cached package applicability for package: Package_for_KB2966583~31bf3856ad364e35~amd64~~6.1.1.2, ApplicableState: 112, CurrentState:112"
663	Session: 30546354_3188034526 initialized by client WindowsUpdateAgent.
664	"Read out cached package applicability for package: Package_for_KB2685811~31bf3856ad364e35~amd64~~6.1.1.11, ApplicableState: 112, CurrentState:112"
665	Session: 30546354_3188974579 initialized by client WindowsUpdateAgent.
666	"Read out cached package applicability for package: Package_for_KB3110329~31bf3856ad364e35~amd64~~6.1.1.1, ApplicableState: 112, CurrentState:112"
667	Session: 30546354_3189744623 initialized by client WindowsUpdateAgent.
668	"Read out cached package applicability for package: Package_for_KB2545698~31bf3856ad364e35~amd64~~6.1.1.3, ApplicableState: 112, CurrentState:112"
669	Session: 30546354_3189934634 initialized by client WindowsUpdateAgent.
670	"Read out cached package applicability for package: Package_for_KB3124280~31bf3856ad364e35~amd64~~6.1.1.1, ApplicableState: 112, CurrentState:112"
671	Session: 30546354_3190064642 initialized by client WindowsUpdateAgent.
672	"Read out cached package applicability for package: Microsoft-Hyper-V-Integration-Services-Package~31bf3856ad364e35~amd64~~6.3.9600.17388, ApplicableState: 112, CurrentState:0"
673	Session: 30546354_3190364659 initialized by client WindowsUpdateAgent.
674	Session: 30546354_3190684677 initialized by client WindowsUpdateAgent.
675	"Read out cached package applicability for package: Package_for_KB2676562~31bf3856ad364e35~amd64~~6.1.1.3, ApplicableState: 112, CurrentState:112"
676	Session: 30546354_3190944692 initialized by client WindowsUpdateAgent.
677	"Read out cached package applicability for package: Package_for_KB2970228~31bf3856ad364e35~amd64~~6.1.1.2, ApplicableState: 112, CurrentState:112"
678	Session: 30546354_3191224708 initialized by client WindowsUpdateAgent.
679	"Read out cached package applicability for package: Package_for_KB2512715~31bf3856ad364e35~amd64~~6.1.1.1, ApplicableState: 0, CurrentState:0"
680	Session: 30546354_3191744738 initialized by client WindowsUpdateAgent.
681	"Read out cached package applicability for package: Package_for_KB2965788~31bf3856ad364e35~amd64~~6.1.1.1, ApplicableState: 80, CurrentState:112"
682	Session: 30546354_3191924748 initialized by client WindowsUpdateAgent.
683	"Read out cached package applicability for package: Package_for_KB3030377~31bf3856ad364e35~amd64~~6.1.1.2, ApplicableState: 112, CurrentState:112"
684	Session: 30546354_3192394775 initialized by client WindowsUpdateAgent.
685	"Read out cached package applicability for package: Package_for_KB3021917~31bf3856ad364e35~amd64~~6.1.1.3, ApplicableState: 112, CurrentState:112"
686	Session: 30546354_3192854801 initialized by client WindowsUpdateAgent.
687	"Read out cached package applicability for package: Package_for_KB2853952~31bf3856ad364e35~amd64~~6.1.1.2, ApplicableState: 112, CurrentState:112"
688	Session: 30546354_3193054813 initialized by client WindowsUpdateAgent.
689	"Read out cached package applicability for package: Package_for_KB2706045~31bf3856ad364e35~amd64~~6.1.1.0, ApplicableState: 80, CurrentState:0"
690	Session: 30546354_3193214822 initialized by client WindowsUpdateAgent.
691	"Read out cached package applicability for package: Package_for_KB2510531~31bf3856ad364e35~amd64~~6.1.1.0, ApplicableState: 80, CurrentState:112"
692	Session: 30546354_3193364831 initialized by client WindowsUpdateAgent.
693	"Read out cached package applicability for package: Package_for_KB2847927~31bf3856ad364e35~amd64~~6.1.1.1, ApplicableState: 112, CurrentState:112"
694	Session: 30546354_3193904861 initialized by client WindowsUpdateAgent.
695	"Read out cached package applicability for package: Package_for_KB2604115~31bf3856ad364e35~amd64~~6.1.1.3, ApplicableState: 112, CurrentState:112"
696	Session: 30546354_3194774911 initialized by client WindowsUpdateAgent.
697	"Read out cached package applicability for package: Package_for_KB3013531~31bf3856ad364e35~amd64~~6.1.2.0, ApplicableState: 112, CurrentState:112"
698	Session: 30546354_3195614959 initialized by client WindowsUpdateAgent.
699	"Read out cached package applicability for package: Package_for_KB2893519~31bf3856ad364e35~amd64~~6.1.1.0, ApplicableState: 112, CurrentState:112"
700	Session: 30546354_3196675020 initialized by client WindowsUpdateAgent.
701	"Read out cached package applicability for package: Package_for_KB2703157~31bf3856ad364e35~amd64~~6.1.1.0, ApplicableState: 80, CurrentState:0"
702	Session: 30546354_3197115045 initialized by client WindowsUpdateAgent.
703	"Read out cached package applicability for package: Package_for_KB3133977~31bf3856ad364e35~amd64~~6.1.1.2, ApplicableState: 112, CurrentState:112"
704	Session: 30546354_3198015097 initialized by client WindowsUpdateAgent.
705	"Read out cached package applicability for package: Package_for_KB3109094~31bf3856ad364e35~amd64~~6.1.1.1, ApplicableState: 112, CurrentState:112"
706	Session: 30546354_3198305113 initialized by client WindowsUpdateAgent.
707	"Read out cached package applicability for package: Package_for_KB2506212~31bf3856ad364e35~amd64~~6.1.1.2, ApplicableState: 112, CurrentState:112"
708	Session: 30546354_3198345115 initialized by client WindowsUpdateAgent.
709	"Read out cached package applicability for package: Package_for_KB3076949~31bf3856ad364e35~amd64~~6.1.1.0, ApplicableState: 112, CurrentState:112"
710	Session: 30546354_3198805142 initialized by client WindowsUpdateAgent.
711	Session: 30546354_3200035212 initialized by client WindowsUpdateAgent.
712	"Read out cached package applicability for package: Package_for_KB2871997~31bf3856ad364e35~amd64~~6.1.2.5, ApplicableState: 112, CurrentState:112"
713	Session: 30546354_3202615360 initialized by client WindowsUpdateAgent.
714	"Read out cached package applicability for package: Package_for_KB3164035~31bf3856ad364e35~amd64~~6.1.1.1, ApplicableState: 112, CurrentState:112"
715	Session: 30546354_3203065385 initialized by client WindowsUpdateAgent.
716	Session: 30546354_3203755425 initialized by client WindowsUpdateAgent.
717	"Read out cached package applicability for package: Package_for_KB2574819~31bf3856ad364e35~amd64~~6.1.2.0, ApplicableState: 112, CurrentState:112"
718	Session: 30546354_3204535469 initialized by client WindowsUpdateAgent.
719	"Read out cached package applicability for package: Microsoft-Windows-RDP-WinIP-Package-TopLevel~31bf3856ad364e35~amd64~~7.1.7601.16398, ApplicableState: 112, CurrentState:112"
720	Session: 30546354_3204965494 initialized by client WindowsUpdateAgent.
721	"Read out cached package applicability for package: Package_for_KB2843630~31bf3856ad364e35~amd64~~6.1.3.1, ApplicableState: 112, CurrentState:112"
722	Session: 30546354_3205955551 initialized by client WindowsUpdateAgent.
723	"Read out cached package applicability for package: Package_for_KB2862330~31bf3856ad364e35~amd64~~6.1.2.0, ApplicableState: 112, CurrentState:112"
724	Session: 30546354_3206305571 initialized by client WindowsUpdateAgent.
725	"Read out cached package applicability for package: Package_for_KB2834140~31bf3856ad364e35~amd64~~6.1.2.0, ApplicableState: 112, CurrentState:0"
726	Session: 30546354_3206335572 initialized by client WindowsUpdateAgent.
727	Session: 30546354_3207045613 initialized by client WindowsUpdateAgent.
728	"Read out cached package applicability for package: Package_for_KB2726535~31bf3856ad364e35~amd64~~6.1.1.1, ApplicableState: 112, CurrentState:112"
729	Session: 30546354_3208475695 initialized by client WindowsUpdateAgent.
730	Session: 30546354_3208835715 initialized by client WindowsUpdateAgent.
731	"Read out cached package applicability for package: Package_for_KB3046269~31bf3856ad364e35~amd64~~6.1.1.0, ApplicableState: 112, CurrentState:112"
732	Session: 30546354_3209665763 initialized by client WindowsUpdateAgent.
733	"Read out cached package applicability for package: Package_for_KB3139398~31bf3856ad364e35~amd64~~6.1.1.1, ApplicableState: 112, CurrentState:112"
734	Session: 30546354_3209785770 initialized by client WindowsUpdateAgent.
735	"Read out cached package applicability for package: Package_for_KB2719857~31bf3856ad364e35~amd64~~6.1.1.2, ApplicableState: 112, CurrentState:112"
736	Session: 30546354_3209865774 initialized by client WindowsUpdateAgent.
737	"Read out cached package applicability for package: Package_for_KB2603229~31bf3856ad364e35~amd64~~6.1.1.0, ApplicableState: 112, CurrentState:112"
738	Session: 30546354_3214976067 initialized by client WindowsUpdateAgent.
739	"Read out cached package applicability for package: Package_for_KB3109560~31bf3856ad364e35~amd64~~6.1.1.1, ApplicableState: 112, CurrentState:112"
740	Session: 30546354_3215266083 initialized by client WindowsUpdateAgent.
741	"Read out cached package applicability for package: Package_for_KB2807986~31bf3856ad364e35~amd64~~6.1.1.2, ApplicableState: 112, CurrentState:112"
742	Session: 30546354_3215406091 initialized by client WindowsUpdateAgent.
743	"Read out cached package applicability for package: Package_for_KB3135983~31bf3856ad364e35~amd64~~6.1.1.0, ApplicableState: 112, CurrentState:112"
744	Session: 30546354_3215566100 initialized by client WindowsUpdateAgent.
745	"Read out cached package applicability for package: Package_for_KB2667402~31bf3856ad364e35~amd64~~6.1.2.0, ApplicableState: 112, CurrentState:112"
746	Session: 30546354_3215916120 initialized by client WindowsUpdateAgent.
747	"Read out cached package applicability for package: Package_for_KB2791765~31bf3856ad364e35~amd64~~6.1.1.2, ApplicableState: 112, CurrentState:112"
748	Session: 30546354_3216576158 initialized by client WindowsUpdateAgent.
749	"Read out cached package applicability for package: Microsoft-Hyper-V-Integration-Services-Package~31bf3856ad364e35~amd64~~6.3.9600.18080, ApplicableState: 112, CurrentState:0"
750	Session: 30546354_3217166192 initialized by client WindowsUpdateAgent.
751	"Read out cached package applicability for package: Package_for_KB3139940~31bf3856ad364e35~amd64~~6.1.1.0, ApplicableState: 80, CurrentState:112"
752	Session: 30546354_3217316200 initialized by client WindowsUpdateAgent.
753	"Read out cached package applicability for package: Package_for_KB2719033~31bf3856ad364e35~amd64~~6.1.1.0, ApplicableState: 80, CurrentState:0"
754	Session: 30546354_3217556214 initialized by client WindowsUpdateAgent.
755	"Read out cached package applicability for package: Package_for_KB3109103~31bf3856ad364e35~amd64~~6.1.1.0, ApplicableState: 112, CurrentState:112"
756	Session: 30546354_3217926235 initialized by client WindowsUpdateAgent.
757	"Read out cached package applicability for package: Package_for_KB2864202~31bf3856ad364e35~amd64~~6.1.1.0, ApplicableState: 112, CurrentState:112"
758	Session: 30546354_3218366261 initialized by client WindowsUpdateAgent.
759	"Read out cached package applicability for package: Package_for_KB3074543~31bf3856ad364e35~amd64~~6.1.1.0, ApplicableState: 112, CurrentState:112"
760	Session: 30546354_3219376318 initialized by client WindowsUpdateAgent.
761	"Read out cached package applicability for package: Package_for_KB3040272~31bf3856ad364e35~amd64~~6.1.1.1, ApplicableState: 80, CurrentState:112"
762	Session: 30546354_3220876404 initialized by client WindowsUpdateAgent.
763	"Read out cached package applicability for package: Package_for_KB3142042~31bf3856ad364e35~amd64~~6.1.1.2, ApplicableState: 112, CurrentState:112"
764	Session: 30546354_3222456494 initialized by client WindowsUpdateAgent.
765	"Read out cached package applicability for package: Package_for_KB3042058~31bf3856ad364e35~amd64~~6.1.1.1, ApplicableState: 80, CurrentState:112"
766	Session: 30546354_3225106646 initialized by client WindowsUpdateAgent.
767	"Read out cached package applicability for package: Package_for_KB3023215~31bf3856ad364e35~amd64~~6.1.1.0, ApplicableState: 112, CurrentState:112"
768	Session: 30546354_3225556672 initialized by client WindowsUpdateAgent.
769	"Read out cached package applicability for package: Package_for_KB3108381~31bf3856ad364e35~amd64~~6.1.1.1, ApplicableState: 112, CurrentState:112"
770	Session: 30546354_3225636676 initialized by client WindowsUpdateAgent.
771	"Read out cached package applicability for package: Package_for_KB2868038~31bf3856ad364e35~amd64~~6.1.1.2, ApplicableState: 112, CurrentState:112"
772	Session: 30546354_3225896691 initialized by client WindowsUpdateAgent.
773	"Read out cached package applicability for package: Package_for_KB2750841~31bf3856ad364e35~amd64~~6.1.1.3, ApplicableState: 112, CurrentState:112"
774	Session: 30546354_3226336716 initialized by client WindowsUpdateAgent.
775	"Read out cached package applicability for package: Package_for_KB3185911~31bf3856ad364e35~amd64~~6.1.1.0, ApplicableState: 112, CurrentState:112"
776	Session: 30546354_3226626733 initialized by client WindowsUpdateAgent.
777	"Read out cached package applicability for package: Package_for_KB3138910~31bf3856ad364e35~amd64~~6.1.1.0, ApplicableState: 112, CurrentState:112"
778	Session: 30546354_3226836745 initialized by client WindowsUpdateAgent.
779	"Read out cached package applicability for package: Package_for_KB2862335~31bf3856ad364e35~amd64~~6.1.1.2, ApplicableState: 112, CurrentState:112"
780	Session: 30546354_3227386776 initialized by client WindowsUpdateAgent.
781	"Read out cached package applicability for package: Package_for_KB2908783~31bf3856ad364e35~amd64~~6.1.1.2, ApplicableState: 112, CurrentState:112"
782	Session: 30546354_3228776856 initialized by client WindowsUpdateAgent.
783	"Read out cached package applicability for package: Package_for_KB3020393~31bf3856ad364e35~amd64~~6.1.1.2, ApplicableState: 64, CurrentState:0"
784	Session: 30546354_3228966867 initialized by client WindowsUpdateAgent.
785	"Read out cached package applicability for package: Package_for_KB2772930~31bf3856ad364e35~amd64~~6.1.1.1, ApplicableState: 0, CurrentState:0"
786	Session: 30546354_3229296886 initialized by client WindowsUpdateAgent.
787	"Read out cached package applicability for package: Package_for_KB2621146~31bf3856ad364e35~amd64~~6.1.1.0, ApplicableState: 0, CurrentState:0"
788	Session: 30546354_3229346889 initialized by client WindowsUpdateAgent.
789	"Read out cached package applicability for package: Package_for_KB2601626~31bf3856ad364e35~amd64~~6.1.1.0, ApplicableState: 0, CurrentState:0"
790	Session: 30546354_3229556901 initialized by client WindowsUpdateAgent.
791	"Read out cached package applicability for package: Package_for_KB2923545~31bf3856ad364e35~amd64~~6.1.1.1, ApplicableState: 112, CurrentState:112"
792	Session: 30546354_3230196937 initialized by client WindowsUpdateAgent.
793	"Read out cached package applicability for package: Package_for_KB2509553~31bf3856ad364e35~amd64~~6.1.1.2, ApplicableState: 112, CurrentState:112"
794	Session: 30546354_3230936980 initialized by client WindowsUpdateAgent.
795	"Read out cached package applicability for package: Package_for_KB2758857~31bf3856ad364e35~amd64~~6.1.1.0, ApplicableState: 80, CurrentState:112"
796	Session: 30546354_3232347060 initialized by client WindowsUpdateAgent.
797	"Read out cached package applicability for package: Package_for_KB2846960~31bf3856ad364e35~amd64~~6.1.1.3, ApplicableState: 80, CurrentState:112"
798	Session: 30546354_3233207109 initialized by client WindowsUpdateAgent.
799	"Read out cached package applicability for package: Package_for_KB2770660~31bf3856ad364e35~amd64~~6.1.1.0, ApplicableState: 112, CurrentState:112"
800	Session: 30546354_3271199282 initialized by client WindowsUpdateAgent.
801	"Read out cached package applicability for package: Package_for_KB3123479~31bf3856ad364e35~amd64~~6.1.1.0, ApplicableState: 112, CurrentState:112"
802	Session: 30546354_3273319404 initialized by client WindowsUpdateAgent.
803	"Read out cached package applicability for package: Package_for_KB3072630~31bf3856ad364e35~amd64~~6.1.1.0, ApplicableState: 80, CurrentState:112"
804	Session: 30546354_3274739485 initialized by client WindowsUpdateAgent.
805	"Read out cached package applicability for package: Package_for_KB3179573~31bf3856ad364e35~amd64~~6.1.1.0, ApplicableState: 112, CurrentState:112"
806	Session: 30546354_3274949497 initialized by client WindowsUpdateAgent.
807	"Read out cached package applicability for package: Microsoft-Hyper-V-Integration-Services-Package~31bf3856ad364e35~amd64~~6.3.9600.17903, ApplicableState: 112, CurrentState:0"
808	Session: 30546354_3275569532 initialized by client WindowsUpdateAgent.
809	"Read out cached package applicability for package: Package_for_KB2952664~31bf3856ad364e35~amd64~~6.1.19.0, ApplicableState: 112, CurrentState:112"
810	Session: 30546354_3275839548 initialized by client WindowsUpdateAgent.
811	"Read out cached package applicability for package: Package_for_KB3149090~31bf3856ad364e35~amd64~~6.1.1.1, ApplicableState: 112, CurrentState:112"
812	Session: 30546354_3276819604 initialized by client WindowsUpdateAgent.
813	"Read out cached package applicability for package: Package_for_KB3178034~31bf3856ad364e35~amd64~~6.1.1.1, ApplicableState: 112, CurrentState:112"
814	Session: 30546354_3276969612 initialized by client WindowsUpdateAgent.
815	"Read out cached package applicability for package: Package_for_KB3097989~31bf3856ad364e35~amd64~~6.1.1.1, ApplicableState: 112, CurrentState:112"
816	Session: 30546354_3277269630 initialized by client WindowsUpdateAgent.
817	"Read out cached package applicability for package: Package_for_KB2853587~31bf3856ad364e35~amd64~~6.1.1.2, ApplicableState: 0, CurrentState:0"
818	Session: 30546354_3282399923 initialized by client WindowsUpdateAgent.
819	"Read out cached package applicability for package: Package_for_KB2732059~31bf3856ad364e35~amd64~~6.1.5.1, ApplicableState: 112, CurrentState:112"
820	Session: 30546354_3283119964 initialized by client WindowsUpdateAgent.
821	"Read out cached package applicability for package: Package_for_KB3164033~31bf3856ad364e35~amd64~~6.1.1.0, ApplicableState: 112, CurrentState:112"
822	Session: 30546354_3284880065 initialized by client WindowsUpdateAgent.
823	"Read out cached package applicability for package: Package_for_KB3080149~31bf3856ad364e35~amd64~~6.1.1.1, ApplicableState: 112, CurrentState:112"
824	Session: 30546354_3290590392 initialized by client WindowsUpdateAgent.
825	"Read out cached package applicability for package: Package_for_KB3046017~31bf3856ad364e35~amd64~~6.1.1.1, ApplicableState: 112, CurrentState:112"
826	Session: 30546354_3290750401 initialized by client WindowsUpdateAgent.
827	"Read out cached package applicability for package: Package_for_KB3067904~31bf3856ad364e35~amd64~~6.1.1.2, ApplicableState: 80, CurrentState:0"
828	Session: 30546354_3290900409 initialized by client WindowsUpdateAgent.
829	"Read out cached package applicability for package: Package_for_KB2912390~31bf3856ad364e35~amd64~~6.1.1.2, ApplicableState: 112, CurrentState:112"
830	Session: 30546354_3291640452 initialized by client WindowsUpdateAgent.
831	"Read out cached package applicability for package: Package_for_KB2632503~31bf3856ad364e35~amd64~~6.1.1.0, ApplicableState: 80, CurrentState:0"
832	Session: 30546354_3292390494 initialized by client WindowsUpdateAgent.
833	"Read out cached package applicability for package: Package_for_KB2991963~31bf3856ad364e35~amd64~~6.1.1.0, ApplicableState: 112, CurrentState:112"
834	Session: 30546354_3292510501 initialized by client WindowsUpdateAgent.
835	"Read out cached package applicability for package: Package_for_KB2911501~31bf3856ad364e35~amd64~~6.1.1.2, ApplicableState: 112, CurrentState:112"
836	Session: 30546354_3293810576 initialized by client WindowsUpdateAgent.
837	"Read out cached package applicability for package: Package_for_KB2984972~31bf3856ad364e35~amd64~~6.1.1.4, ApplicableState: 112, CurrentState:112"
838	Session: 30546354_3297200770 initialized by client WindowsUpdateAgent.
839	"Read out cached package applicability for package: Package_for_KB3121461~31bf3856ad364e35~amd64~~6.1.1.2, ApplicableState: 80, CurrentState:112"
840	Session: 30546354_3297210770 initialized by client WindowsUpdateAgent.
841	"Read out cached package applicability for package: Package_for_KB3161958~31bf3856ad364e35~amd64~~6.1.1.1, ApplicableState: 112, CurrentState:112"
842	Session: 30546354_3298080820 initialized by client WindowsUpdateAgent.
843	"Read out cached package applicability for package: Package_for_KB2888049~31bf3856ad364e35~amd64~~6.1.1.1, ApplicableState: 80, CurrentState:112"
844	Session: 30546354_3298800861 initialized by client WindowsUpdateAgent.
845	"Read out cached package applicability for package: Package_for_KB2773072~31bf3856ad364e35~amd64~~6.1.1.5, ApplicableState: 112, CurrentState:112"
846	Session: 30546354_3300650967 initialized by client WindowsUpdateAgent.
847	"Read out cached package applicability for package: Package_for_KB2579686~31bf3856ad364e35~amd64~~6.1.1.1, ApplicableState: 112, CurrentState:112"
848	Session: 30546354_3300820977 initialized by client WindowsUpdateAgent.
849	"Read out cached package applicability for package: Package_for_KB3075222~31bf3856ad364e35~amd64~~6.1.1.1, ApplicableState: 80, CurrentState:0"
850	Session: 30546354_3300870980 initialized by client WindowsUpdateAgent.
851	"Read out cached package applicability for package: Microsoft-Windows-Embedded-EmbeddedLockdown-Package-TopLevel~31bf3856ad364e35~amd64~~7.1.7601.16511, ApplicableState: 112, CurrentState:0"
852	Session: 30546354_3300980986 initialized by client WindowsUpdateAgent.
853	"Read out cached package applicability for package: Package_for_KB2544893~31bf3856ad364e35~amd64~~6.1.1.1, ApplicableState: 80, CurrentState:112"
854	Session: 30546354_3301050990 initialized by client WindowsUpdateAgent.
855	"Read out cached package applicability for package: Package_for_KB2685939~31bf3856ad364e35~amd64~~6.1.1.2, ApplicableState: 80, CurrentState:112"
856	Session: 30546354_3301471014 initialized by client WindowsUpdateAgent.
857	"Read out cached package applicability for package: Package_for_KB2729452~31bf3856ad364e35~amd64~~6.1.1.0, ApplicableState: 80, CurrentState:112"
858	Session: 30546354_3306751316 initialized by client WindowsUpdateAgent.
859	"Read out cached package applicability for package: Package_for_KB3020388~31bf3856ad364e35~amd64~~6.1.1.1, ApplicableState: 112, CurrentState:112"
860	Session: 30546354_3307521360 initialized by client WindowsUpdateAgent.
861	"Read out cached package applicability for package: Package_for_KB2742599~31bf3856ad364e35~amd64~~6.1.1.0, ApplicableState: 112, CurrentState:112"
862	Session: 30546354_3308511417 initialized by client WindowsUpdateAgent.
863	"Read out cached package applicability for package: Package_for_KB3181988~31bf3856ad364e35~amd64~~6.1.1.1, ApplicableState: 112, CurrentState:112"
864	Session: 30546354_3309061448 initialized by client WindowsUpdateAgent.
865	"Read out cached package applicability for package: Package_for_KB2685813~31bf3856ad364e35~amd64~~6.1.1.11, ApplicableState: 112, CurrentState:112"
866	Session: 30546354_3309721486 initialized by client WindowsUpdateAgent.
867	"Read out cached package applicability for package: Package_for_KB2690533~31bf3856ad364e35~amd64~~6.1.1.0, ApplicableState: 112, CurrentState:112"
868	Session: 30546354_3310261517 initialized by client WindowsUpdateAgent.
869	"Read out cached package applicability for package: Package_for_KB3075249~31bf3856ad364e35~amd64~~6.1.1.0, ApplicableState: 80, CurrentState:112"
870	Session: 30546354_3311291576 initialized by client WindowsUpdateAgent.
871	"Read out cached package applicability for package: Package_for_KB3156016~31bf3856ad364e35~amd64~~6.1.1.1, ApplicableState: 112, CurrentState:112"
872	Session: 30546354_3311811605 initialized by client WindowsUpdateAgent.
873	"Read out cached package applicability for package: Package_for_KB3139914~31bf3856ad364e35~amd64~~6.1.1.0, ApplicableState: 112, CurrentState:112"
874	Session: 30546354_3311911611 initialized by client WindowsUpdateAgent.
875	"Read out cached package applicability for package: Package_for_KB2621440~31bf3856ad364e35~amd64~~6.1.1.5, ApplicableState: 112, CurrentState:112"
876	Session: 30546354_3312101622 initialized by client WindowsUpdateAgent.
877	"Read out cached package applicability for package: Package_for_KB3054476~31bf3856ad364e35~amd64~~6.1.1.0, ApplicableState: 112, CurrentState:112"
878	Session: 30546354_3312401639 initialized by client WindowsUpdateAgent.
879	"Read out cached package applicability for package: Package_for_KB3122648~31bf3856ad364e35~amd64~~6.1.1.0, ApplicableState: 112, CurrentState:112"
880	Session: 30546354_3312641653 initialized by client WindowsUpdateAgent.
881	"Read out cached package applicability for package: Package_for_KB3042553~31bf3856ad364e35~amd64~~6.1.1.1, ApplicableState: 112, CurrentState:112"
882	Session: 30546354_3313121680 initialized by client WindowsUpdateAgent.
883	"Read out cached package applicability for package: Package_for_KB2732487~31bf3856ad364e35~amd64~~6.1.2.0, ApplicableState: 112, CurrentState:112"
884	Session: 30546354_3313241687 initialized by client WindowsUpdateAgent.
885	"Read out cached package applicability for package: Package_for_KB3005607~31bf3856ad364e35~amd64~~6.1.1.0, ApplicableState: 80, CurrentState:112"
886	Session: 30546354_3313271689 initialized by client WindowsUpdateAgent.
887	Session: 30546354_3315431812 initialized by client WindowsUpdateAgent.
888	"Read out cached package applicability for package: Package_for_KB3184143~31bf3856ad364e35~amd64~~6.1.1.4, ApplicableState: 112, CurrentState:112"
889	Session: 30546354_3319352037 initialized by client WindowsUpdateAgent.
890	"Read out cached package applicability for package: Package_for_KB2992611~31bf3856ad364e35~amd64~~6.1.1.0, ApplicableState: 112, CurrentState:112"
891	Session: 30546354_3321642168 initialized by client WindowsUpdateAgent.
892	"Read out cached package applicability for package: Package_for_KB2727528~31bf3856ad364e35~amd64~~6.1.1.1, ApplicableState: 112, CurrentState:112"
893	Session: 30546354_3321782176 initialized by client WindowsUpdateAgent.
894	"Read out cached package applicability for package: Package_for_KB2506014~31bf3856ad364e35~amd64~~6.1.1.0, ApplicableState: 112, CurrentState:112"
895	Session: 30546354_3327172484 initialized by client WindowsUpdateAgent.
896	"Read out cached package applicability for package: Package_for_KB2868116~31bf3856ad364e35~amd64~~6.1.1.1, ApplicableState: 112, CurrentState:112"
897	Session: 30546354_3328072535 initialized by client WindowsUpdateAgent.
898	"Read out cached package applicability for package: Package_for_KB2861698~31bf3856ad364e35~amd64~~6.1.1.0, ApplicableState: 112, CurrentState:112"
899	Session: 30546354_3328272547 initialized by client WindowsUpdateAgent.
900	"Read out cached package applicability for package: Package_for_KB3092627~31bf3856ad364e35~amd64~~6.1.1.0, ApplicableState: 112, CurrentState:112"
901	Session: 30546354_3328722573 initialized by client WindowsUpdateAgent.
902	"Read out cached package applicability for package: Package_for_KB2984976~31bf3856ad364e35~amd64~~6.1.1.3, ApplicableState: 80, CurrentState:112"
903	Session: 30546354_3329762632 initialized by client WindowsUpdateAgent.
904	"Read out cached package applicability for package: Package_for_KB3102429~31bf3856ad364e35~amd64~~6.1.2.0, ApplicableState: 112, CurrentState:112"
905	Session: 30546354_3330712686 initialized by client WindowsUpdateAgent.
906	"Read out cached package applicability for package: Package_for_KB3005788~31bf3856ad364e35~amd64~~6.1.1.0, ApplicableState: 80, CurrentState:0"
907	Session: 30546354_3332522790 initialized by client WindowsUpdateAgent.
908	"Read out cached package applicability for package: Package_for_KB3006121~31bf3856ad364e35~amd64~~6.1.1.0, ApplicableState: 112, CurrentState:112"
909	Session: 30546354_3334232888 initialized by client WindowsUpdateAgent.
910	"Read out cached package applicability for package: Package_for_KB2813430~31bf3856ad364e35~amd64~~6.1.1.4, ApplicableState: 112, CurrentState:112"
911	Session: 30546354_3336152998 initialized by client WindowsUpdateAgent.
912	"Read out cached package applicability for package: Package_for_KB3033889~31bf3856ad364e35~amd64~~6.1.1.0, ApplicableState: 112, CurrentState:112"
913	Session: 30546354_3336463015 initialized by client WindowsUpdateAgent.
914	"Read out cached package applicability for package: Package_for_KB3037574~31bf3856ad364e35~amd64~~6.1.1.0, ApplicableState: 112, CurrentState:112"
915	Session: 30546354_3336883039 initialized by client WindowsUpdateAgent.
916	"Read out cached package applicability for package: Package_for_KB2977292~31bf3856ad364e35~amd64~~6.1.1.0, ApplicableState: 112, CurrentState:112"
917	Session: 30546354_3337033048 initialized by client WindowsUpdateAgent.
918	"Read out cached package applicability for package: Package_for_KB3161949~31bf3856ad364e35~amd64~~6.1.1.0, ApplicableState: 112, CurrentState:112"
919	Session: 30546354_3337223059 initialized by client WindowsUpdateAgent.
920	"Read out cached package applicability for package: Package_for_KB3006625~31bf3856ad364e35~amd64~~6.1.1.0, ApplicableState: 80, CurrentState:112"
921	Session: 30546354_3337373067 initialized by client WindowsUpdateAgent.
922	"Read out cached package applicability for package: Package_for_KB3159398~31bf3856ad364e35~amd64~~6.1.1.1, ApplicableState: 112, CurrentState:112"
923	Session: 30546354_3337653083 initialized by client WindowsUpdateAgent.
924	"Read out cached package applicability for package: Package_for_KB3035017~31bf3856ad364e35~amd64~~6.1.1.0, ApplicableState: 80, CurrentState:0"
925	Session: 30546354_3337743089 initialized by client WindowsUpdateAgent.
926	"Read out cached package applicability for package: Package_for_KB2993651~31bf3856ad364e35~amd64~~6.1.1.3, ApplicableState: 80, CurrentState:112"
927	Session: 30546354_3337823093 initialized by client WindowsUpdateAgent.
928	"Read out cached package applicability for package: Package_for_KB3184122~31bf3856ad364e35~amd64~~6.1.1.0, ApplicableState: 112, CurrentState:112"
929	Session: 30546354_3337953101 initialized by client WindowsUpdateAgent.
930	"Read out cached package applicability for package: Package_for_KB2786081~31bf3856ad364e35~amd64~~6.1.1.0, ApplicableState: 112, CurrentState:112"
931	Session: 30546354_3338053106 initialized by client WindowsUpdateAgent.
932	"Read out cached package applicability for package: Package_for_KB2761217~31bf3856ad364e35~amd64~~6.1.1.0, ApplicableState: 112, CurrentState:112"
933	Session: 30546354_3338453129 initialized by client WindowsUpdateAgent.
934	"Read out cached package applicability for package: Package_for_KB3142024~31bf3856ad364e35~amd64~~6.1.1.1, ApplicableState: 112, CurrentState:112"
935	Session: 30546354_3338913155 initialized by client WindowsUpdateAgent.
936	"Read out cached package applicability for package: Package_for_KB2835174~31bf3856ad364e35~amd64~~6.1.1.0, ApplicableState: 0, CurrentState:0"
937	Session: 30546354_3339973216 initialized by client WindowsUpdateAgent.
938	"Read out cached package applicability for package: Package_for_KB2808679~31bf3856ad364e35~amd64~~6.1.1.2, ApplicableState: 112, CurrentState:112"
939	Session: 30546354_3341763318 initialized by client WindowsUpdateAgent.
940	"Read out cached package applicability for package: Package_for_KB2552343~31bf3856ad364e35~amd64~~6.1.1.0, ApplicableState: 112, CurrentState:112"
941	Session: 30546354_3341883325 initialized by client WindowsUpdateAgent.
942	"Read out cached package applicability for package: Package_for_KB2532531~31bf3856ad364e35~amd64~~6.1.1.0, ApplicableState: 80, CurrentState:112"
943	Session: 30546354_3342443357 initialized by client WindowsUpdateAgent.
944	"Read out cached package applicability for package: Package_for_KB2973112~31bf3856ad364e35~amd64~~6.1.1.0, ApplicableState: 112, CurrentState:112"
945	Session: 30546354_3342893383 initialized by client WindowsUpdateAgent.
946	"Read out cached package applicability for package: Package_for_KB2653956~31bf3856ad364e35~amd64~~6.1.1.5, ApplicableState: 80, CurrentState:112"
947	Session: 30546354_3343043392 initialized by client WindowsUpdateAgent.
948	"Read out cached package applicability for package: Package_for_KB3101722~31bf3856ad364e35~amd64~~6.1.1.0, ApplicableState: 112, CurrentState:112"
949	Session: 30546354_3343473416 initialized by client WindowsUpdateAgent.
950	"Read out cached package applicability for package: Package_for_KB3155178~31bf3856ad364e35~amd64~~6.1.1.0, ApplicableState: 112, CurrentState:112"
951	Session: 30546354_3343653427 initialized by client WindowsUpdateAgent.
952	"Read out cached package applicability for package: Package_for_KB2978120~31bf3856ad364e35~amd64~~6.1.1.0, ApplicableState: 112, CurrentState:112"
953	Session: 30546354_3344023448 initialized by client WindowsUpdateAgent.
954	"Read out cached package applicability for package: Package_for_KB3140245~31bf3856ad364e35~amd64~~6.1.1.0, ApplicableState: 112, CurrentState:112"
955	Session: 30546354_3344103452 initialized by client WindowsUpdateAgent.
956	"Read out cached package applicability for package: Package_for_KB3010788~31bf3856ad364e35~amd64~~6.1.1.1, ApplicableState: 112, CurrentState:112"
957	Session: 30546354_3344683485 initialized by client WindowsUpdateAgent.
958	"Read out cached package applicability for package: Package_for_KB982018~31bf3856ad364e35~amd64~~6.1.3.2, ApplicableState: 112, CurrentState:112"
959	Session: 30546354_3345573536 initialized by client WindowsUpdateAgent.
960	"Read out cached package applicability for package: Package_for_KB2705219~31bf3856ad364e35~amd64~~6.1.2.0, ApplicableState: 112, CurrentState:112"
961	Session: 30546354_3345633540 initialized by client WindowsUpdateAgent.
962	Session: 30546354_3347003618 initialized by client WindowsUpdateAgent.
963	"Read out cached package applicability for package: Package_for_KB3004375~31bf3856ad364e35~amd64~~6.1.3.1, ApplicableState: 112, CurrentState:112"
964	Session: 30546354_3350523820 initialized by client WindowsUpdateAgent.
965	"Read out cached package applicability for package: Package_for_KB3138378~31bf3856ad364e35~amd64~~6.1.1.0, ApplicableState: 112, CurrentState:112"
966	Session: 30546354_3350703830 initialized by client WindowsUpdateAgent.
967	"Read out cached package applicability for package: Package_for_KB2506928~31bf3856ad364e35~amd64~~6.1.2.0, ApplicableState: 112, CurrentState:112"
968	Session: 30546354_3350783834 initialized by client WindowsUpdateAgent.
969	"Read out cached package applicability for package: Package_for_KB2799926~31bf3856ad364e35~amd64~~6.1.1.0, ApplicableState: 112, CurrentState:112"
970	Session: 30546354_3350953844 initialized by client WindowsUpdateAgent.
971	"Read out cached package applicability for package: Package_for_KB2491683~31bf3856ad364e35~amd64~~6.1.1.1, ApplicableState: 112, CurrentState:112"
972	Session: 30546354_3351103853 initialized by client WindowsUpdateAgent.
973	"Read out cached package applicability for package: Package_for_KB2654428~31bf3856ad364e35~amd64~~6.1.1.0, ApplicableState: 112, CurrentState:112"
974	Session: 30546354_3351293864 initialized by client WindowsUpdateAgent.
975	"Read out cached package applicability for package: Package_for_KB3004361~31bf3856ad364e35~amd64~~6.1.1.0, ApplicableState: 112, CurrentState:112"
976	Session: 30546354_3351423871 initialized by client WindowsUpdateAgent.
977	"Read out cached package applicability for package: Package_for_KB3108371~31bf3856ad364e35~amd64~~6.1.1.0, ApplicableState: 112, CurrentState:112"
978	Session: 30546354_3351723888 initialized by client WindowsUpdateAgent.
979	"Read out cached package applicability for package: Package_for_KB2892074~31bf3856ad364e35~amd64~~6.1.1.0, ApplicableState: 112, CurrentState:112"
980	Session: 30546354_3352763948 initialized by client WindowsUpdateAgent.
981	"Read out cached package applicability for package: Package_for_KB2973351~31bf3856ad364e35~amd64~~6.1.1.1, ApplicableState: 112, CurrentState:112"
982	Session: 30546354_3355304093 initialized by client WindowsUpdateAgent.
983	"Read out cached package applicability for package: Package_for_KB2729094~31bf3856ad364e35~amd64~~6.1.2.0, ApplicableState: 112, CurrentState:112"
984	Session: 30546354_3355724117 initialized by client WindowsUpdateAgent.
985	"Read out cached package applicability for package: Package_for_KB2511455~31bf3856ad364e35~amd64~~6.1.1.0, ApplicableState: 112, CurrentState:112"
986	Session: 30546354_3355864125 initialized by client WindowsUpdateAgent.
987	"Read out cached package applicability for package: Package_for_KB2564958~31bf3856ad364e35~amd64~~6.1.1.1, ApplicableState: 112, CurrentState:112"
988	Session: 30546354_3356114139 initialized by client WindowsUpdateAgent.
989	"Read out cached package applicability for package: Package_for_KB3045685~31bf3856ad364e35~amd64~~6.1.1.0, ApplicableState: 112, CurrentState:112"
990	Session: 30546354_3356384155 initialized by client WindowsUpdateAgent.
991	"Read out cached package applicability for package: Package_for_KB2836943~31bf3856ad364e35~amd64~~6.1.2.0, ApplicableState: 80, CurrentState:112"
992	Session: 30546354_3356844181 initialized by client WindowsUpdateAgent.
993	"Read out cached package applicability for package: Package_for_KB2698365~31bf3856ad364e35~amd64~~6.1.1.2, ApplicableState: 112, CurrentState:112"
994	Session: 30546354_3357084195 initialized by client WindowsUpdateAgent.
995	Session: 30546354_3357894241 initialized by client WindowsUpdateAgent.
996	"Read out cached package applicability for package: Package_for_KB3031432~31bf3856ad364e35~amd64~~6.1.1.0, ApplicableState: 80, CurrentState:112"
997	Session: 30546354_3360174372 initialized by client WindowsUpdateAgent.
998	"Read out cached package applicability for package: Package_for_KB3004375~31bf3856ad364e35~amd64~~6.1.3.1, ApplicableState: 112, CurrentState:112"
999	Session: 30546354_3363894584 initialized by client WindowsUpdateAgent.
1000	"Read out cached package applicability for package: Package_for_KB2928120~31bf3856ad364e35~amd64~~6.1.1.2, ApplicableState: 0, CurrentState:0"
