1	Loaded Servicing Stack v6.1.7601.23505 with Core: C:\Windows\winsxs\amd64_microsoft-windows-servicingstack_31bf3856ad364e35_6.1.7601.23505_none_681aa442f6fed7f0\cbscore.dll
2	00000001@2016/9/27:20:30:31.455 WcpInitialize (wcp.dll version 0.0.0.6) called (stack @0x7fed806eb5d @0x7fef9fb9b6d @0x7fef9f8358f @0xff83e97c @0xff83d799 @0xff83db2f)
3	00000002@2016/9/27:20:30:31.458 WcpInitialize (wcp.dll version 0.0.0.6) called (stack @0x7fed806eb5d @0x7fefa006ade @0x7fef9fd2984 @0x7fef9f83665 @0xff83e97c @0xff83d799)
4	00000003@2016/9/27:20:30:31.458 WcpInitialize (wcp.dll version 0.0.0.6) called (stack @0x7fed806eb5d @0x7fefa1c8728 @0x7fefa1c8856 @0xff83e474 @0xff83d7de @0xff83db2f)
5	Ending TrustedInstaller initialization.
6	Starting the TrustedInstaller main loop.
7	TrustedInstaller service starts successfully.
8	SQM: Initializing online with Windows opt-in: False
9	SQM: Cleaning up report files older than 10 days.
10	SQM: Requesting upload of all unsent reports.
11	"SQM: Failed to start upload with file pattern: C:\Windows\servicing\sqm\*_std.sqm, flags: 0x2 [HRESULT = 0x80004005 - E_FAIL]"
12	SQM: Failed to start standard sample upload. [HRESULT = 0x80004005 - E_FAIL]
13	"SQM: Queued 0 file(s) for upload with pattern: C:\Windows\servicing\sqm\*_all.sqm, flags: 0x6"
14	SQM: Warning: Failed to upload all unsent reports. [HRESULT = 0x80004005 - E_FAIL]
15	"No startup processing required, TrustedInstaller service was not set as autostart, or else a reboot is still pending."
16	NonStart: Checking to ensure startup processing was not required.
17	"00000004 IAdvancedInstallerAwareStore_ResolvePendingTransactions (call 1) (flags = 00000004, progress = NULL, phase = 0, pdwDisposition = @0xb6fd90"
18	"00000005 Creating NT transaction (seq 1), objectname [6]""(null)"""
19	"00000006 Created NT transaction (seq 1) result 0x00000000, handle @0x214"
20	00000007@2016/9/27:20:30:31.462 CSI perf trace:
21	"NonStart: Success, startup processing not required as expected."
22	Startup processing thread terminated normally
23	00000008 CSI Store 4991456 (0x00000000004c29e0) initialized
24	Session: 30546173_4261722401 initialized by client WindowsUpdateAgent.
25	Session: 30546173_4262462443 initialized by client WindowsUpdateAgent.
26	Warning: Unrecognized packageExtended attribute.
27	Expecting attribute name [HRESULT = 0x800f080d - CBS_E_MANIFEST_INVALID_ITEM]
28	Failed to get next element [HRESULT = 0x800f080d - CBS_E_MANIFEST_INVALID_ITEM]
29	Warning: Unrecognized packageExtended attribute.
30	Expecting attribute name [HRESULT = 0x800f080d - CBS_E_MANIFEST_INVALID_ITEM]
31	Failed to get next element [HRESULT = 0x800f080d - CBS_E_MANIFEST_INVALID_ITEM]
32	Warning: Unrecognized packageExtended attribute.
33	Expecting attribute name [HRESULT = 0x800f080d - CBS_E_MANIFEST_INVALID_ITEM]
34	Failed to get next element [HRESULT = 0x800f080d - CBS_E_MANIFEST_INVALID_ITEM]
35	Warning: Unrecognized packageExtended attribute.
36	Expecting attribute name [HRESULT = 0x800f080d - CBS_E_MANIFEST_INVALID_ITEM]
37	Failed to get next element [HRESULT = 0x800f080d - CBS_E_MANIFEST_INVALID_ITEM]
38	Warning: Unrecognized packageExtended attribute.
39	Warning: Unrecognized packageExtended attribute.
40	Expecting attribute name [HRESULT = 0x800f080d - CBS_E_MANIFEST_INVALID_ITEM]
41	Failed to get next element [HRESULT = 0x800f080d - CBS_E_MANIFEST_INVALID_ITEM]
42	Warning: Unrecognized packageExtended attribute.
43	Expecting attribute name [HRESULT = 0x800f080d - CBS_E_MANIFEST_INVALID_ITEM]
44	Failed to get next element [HRESULT = 0x800f080d - CBS_E_MANIFEST_INVALID_ITEM]
45	Warning: Unrecognized packageExtended attribute.
46	Expecting attribute name [HRESULT = 0x800f080d - CBS_E_MANIFEST_INVALID_ITEM]
47	Failed to get next element [HRESULT = 0x800f080d - CBS_E_MANIFEST_INVALID_ITEM]
48	Warning: Unrecognized packageExtended attribute.
49	Expecting attribute name [HRESULT = 0x800f080d - CBS_E_MANIFEST_INVALID_ITEM]
50	Failed to get next element [HRESULT = 0x800f080d - CBS_E_MANIFEST_INVALID_ITEM]
51	Warning: Unrecognized packageExtended attribute.
52	Warning: Unrecognized packageExtended attribute.
53	Expecting attribute name [HRESULT = 0x800f080d - CBS_E_MANIFEST_INVALID_ITEM]
54	Failed to get next element [HRESULT = 0x800f080d - CBS_E_MANIFEST_INVALID_ITEM]
55	Warning: Unrecognized packageExtended attribute.
56	Expecting attribute name [HRESULT = 0x800f080d - CBS_E_MANIFEST_INVALID_ITEM]
57	Failed to get next element [HRESULT = 0x800f080d - CBS_E_MANIFEST_INVALID_ITEM]
58	Warning: Unrecognized packageExtended attribute.
59	Expecting attribute name [HRESULT = 0x800f080d - CBS_E_MANIFEST_INVALID_ITEM]
60	Failed to get next element [HRESULT = 0x800f080d - CBS_E_MANIFEST_INVALID_ITEM]
61	Warning: Unrecognized packageExtended attribute.
62	Expecting attribute name [HRESULT = 0x800f080d - CBS_E_MANIFEST_INVALID_ITEM]
63	Failed to get next element [HRESULT = 0x800f080d - CBS_E_MANIFEST_INVALID_ITEM]
64	Warning: Unrecognized packageExtended attribute.
65	Warning: Unrecognized packageExtended attribute.
66	Expecting attribute name [HRESULT = 0x800f080d - CBS_E_MANIFEST_INVALID_ITEM]
67	Failed to get next element [HRESULT = 0x800f080d - CBS_E_MANIFEST_INVALID_ITEM]
68	Warning: Unrecognized packageExtended attribute.
69	Expecting attribute name [HRESULT = 0x800f080d - CBS_E_MANIFEST_INVALID_ITEM]
70	Failed to get next element [HRESULT = 0x800f080d - CBS_E_MANIFEST_INVALID_ITEM]
71	Warning: Unrecognized packageExtended attribute.
72	Expecting attribute name [HRESULT = 0x800f080d - CBS_E_MANIFEST_INVALID_ITEM]
73	Failed to get next element [HRESULT = 0x800f080d - CBS_E_MANIFEST_INVALID_ITEM]
74	Warning: Unrecognized packageExtended attribute.
75	Expecting attribute name [HRESULT = 0x800f080d - CBS_E_MANIFEST_INVALID_ITEM]
76	Failed to get next element [HRESULT = 0x800f080d - CBS_E_MANIFEST_INVALID_ITEM]
77	Warning: Unrecognized packageExtended attribute.
78	Warning: Unrecognized packageExtended attribute.
79	Expecting attribute name [HRESULT = 0x800f080d - CBS_E_MANIFEST_INVALID_ITEM]
80	Failed to get next element [HRESULT = 0x800f080d - CBS_E_MANIFEST_INVALID_ITEM]
81	Warning: Unrecognized packageExtended attribute.
82	Expecting attribute name [HRESULT = 0x800f080d - CBS_E_MANIFEST_INVALID_ITEM]
83	Failed to get next element [HRESULT = 0x800f080d - CBS_E_MANIFEST_INVALID_ITEM]
84	Warning: Unrecognized packageExtended attribute.
85	Expecting attribute name [HRESULT = 0x800f080d - CBS_E_MANIFEST_INVALID_ITEM]
86	Failed to get next element [HRESULT = 0x800f080d - CBS_E_MANIFEST_INVALID_ITEM]
87	Warning: Unrecognized packageExtended attribute.
88	Expecting attribute name [HRESULT = 0x800f080d - CBS_E_MANIFEST_INVALID_ITEM]
89	Failed to get next element [HRESULT = 0x800f080d - CBS_E_MANIFEST_INVALID_ITEM]
90	Warning: Unrecognized packageExtended attribute.
91	Warning: Unrecognized packageExtended attribute.
92	Expecting attribute name [HRESULT = 0x800f080d - CBS_E_MANIFEST_INVALID_ITEM]
93	Failed to get next element [HRESULT = 0x800f080d - CBS_E_MANIFEST_INVALID_ITEM]
94	Warning: Unrecognized packageExtended attribute.
95	Expecting attribute name [HRESULT = 0x800f080d - CBS_E_MANIFEST_INVALID_ITEM]
96	Failed to get next element [HRESULT = 0x800f080d - CBS_E_MANIFEST_INVALID_ITEM]
97	Warning: Unrecognized packageExtended attribute.
98	Expecting attribute name [HRESULT = 0x800f080d - CBS_E_MANIFEST_INVALID_ITEM]
99	Failed to get next element [HRESULT = 0x800f080d - CBS_E_MANIFEST_INVALID_ITEM]
100	Warning: Unrecognized packageExtended attribute.
101	Expecting attribute name [HRESULT = 0x800f080d - CBS_E_MANIFEST_INVALID_ITEM]
102	Failed to get next element [HRESULT = 0x800f080d - CBS_E_MANIFEST_INVALID_ITEM]
103	Warning: Unrecognized packageExtended attribute.
104	Warning: Unrecognized packageExtended attribute.
105	Expecting attribute name [HRESULT = 0x800f080d - CBS_E_MANIFEST_INVALID_ITEM]
106	Failed to get next element [HRESULT = 0x800f080d - CBS_E_MANIFEST_INVALID_ITEM]
107	Warning: Unrecognized packageExtended attribute.
108	Expecting attribute name [HRESULT = 0x800f080d - CBS_E_MANIFEST_INVALID_ITEM]
109	Failed to get next element [HRESULT = 0x800f080d - CBS_E_MANIFEST_INVALID_ITEM]
110	Warning: Unrecognized packageExtended attribute.
111	Expecting attribute name [HRESULT = 0x800f080d - CBS_E_MANIFEST_INVALID_ITEM]
112	Failed to get next element [HRESULT = 0x800f080d - CBS_E_MANIFEST_INVALID_ITEM]
113	Warning: Unrecognized packageExtended attribute.
114	Expecting attribute name [HRESULT = 0x800f080d - CBS_E_MANIFEST_INVALID_ITEM]
115	Failed to get next element [HRESULT = 0x800f080d - CBS_E_MANIFEST_INVALID_ITEM]
116	Warning: Unrecognized packageExtended attribute.
117	Warning: Unrecognized packageExtended attribute.
118	Expecting attribute name [HRESULT = 0x800f080d - CBS_E_MANIFEST_INVALID_ITEM]
119	Failed to get next element [HRESULT = 0x800f080d - CBS_E_MANIFEST_INVALID_ITEM]
120	Warning: Unrecognized packageExtended attribute.
121	Expecting attribute name [HRESULT = 0x800f080d - CBS_E_MANIFEST_INVALID_ITEM]
122	Failed to get next element [HRESULT = 0x800f080d - CBS_E_MANIFEST_INVALID_ITEM]
123	Warning: Unrecognized packageExtended attribute.
124	Expecting attribute name [HRESULT = 0x800f080d - CBS_E_MANIFEST_INVALID_ITEM]
125	Failed to get next element [HRESULT = 0x800f080d - CBS_E_MANIFEST_INVALID_ITEM]
126	Warning: Unrecognized packageExtended attribute.
127	Expecting attribute name [HRESULT = 0x800f080d - CBS_E_MANIFEST_INVALID_ITEM]
128	Failed to get next element [HRESULT = 0x800f080d - CBS_E_MANIFEST_INVALID_ITEM]
129	Warning: Unrecognized packageExtended attribute.
130	Session: 30546173_4267072707 initialized by client WindowsUpdateAgent.
131	Failed to internally open package. [HRESULT = 0x800f0805 - CBS_E_INVALID_PACKAGE]
132	Session: 30546173_4268042763 initialized by client WindowsUpdateAgent.
133	Session: 30546173_4271022933 initialized by client WindowsUpdateAgent.
134	Warning: Unrecognized packageExtended attribute.
135	Expecting attribute name [HRESULT = 0x800f080d - CBS_E_MANIFEST_INVALID_ITEM]
136	Failed to get next element [HRESULT = 0x800f080d - CBS_E_MANIFEST_INVALID_ITEM]
137	Warning: Unrecognized packageExtended attribute.
138	Expecting attribute name [HRESULT = 0x800f080d - CBS_E_MANIFEST_INVALID_ITEM]
139	Failed to get next element [HRESULT = 0x800f080d - CBS_E_MANIFEST_INVALID_ITEM]
140	Warning: Unrecognized packageExtended attribute.
141	Expecting attribute name [HRESULT = 0x800f080d - CBS_E_MANIFEST_INVALID_ITEM]
142	Failed to get next element [HRESULT = 0x800f080d - CBS_E_MANIFEST_INVALID_ITEM]
143	Warning: Unrecognized packageExtended attribute.
144	Expecting attribute name [HRESULT = 0x800f080d - CBS_E_MANIFEST_INVALID_ITEM]
145	Failed to get next element [HRESULT = 0x800f080d - CBS_E_MANIFEST_INVALID_ITEM]
146	Warning: Unrecognized packageExtended attribute.
147	Warning: Unrecognized packageExtended attribute.
148	Expecting attribute name [HRESULT = 0x800f080d - CBS_E_MANIFEST_INVALID_ITEM]
149	Failed to get next element [HRESULT = 0x800f080d - CBS_E_MANIFEST_INVALID_ITEM]
150	Warning: Unrecognized packageExtended attribute.
151	Expecting attribute name [HRESULT = 0x800f080d - CBS_E_MANIFEST_INVALID_ITEM]
152	Failed to get next element [HRESULT = 0x800f080d - CBS_E_MANIFEST_INVALID_ITEM]
153	Warning: Unrecognized packageExtended attribute.
154	Expecting attribute name [HRESULT = 0x800f080d - CBS_E_MANIFEST_INVALID_ITEM]
155	Failed to get next element [HRESULT = 0x800f080d - CBS_E_MANIFEST_INVALID_ITEM]
156	Warning: Unrecognized packageExtended attribute.
157	Expecting attribute name [HRESULT = 0x800f080d - CBS_E_MANIFEST_INVALID_ITEM]
158	Failed to get next element [HRESULT = 0x800f080d - CBS_E_MANIFEST_INVALID_ITEM]
159	Warning: Unrecognized packageExtended attribute.
160	Warning: Unrecognized packageExtended attribute.
161	Expecting attribute name [HRESULT = 0x800f080d - CBS_E_MANIFEST_INVALID_ITEM]
162	Failed to get next element [HRESULT = 0x800f080d - CBS_E_MANIFEST_INVALID_ITEM]
163	Warning: Unrecognized packageExtended attribute.
164	Expecting attribute name [HRESULT = 0x800f080d - CBS_E_MANIFEST_INVALID_ITEM]
165	Failed to get next element [HRESULT = 0x800f080d - CBS_E_MANIFEST_INVALID_ITEM]
166	Warning: Unrecognized packageExtended attribute.
167	Expecting attribute name [HRESULT = 0x800f080d - CBS_E_MANIFEST_INVALID_ITEM]
168	Failed to get next element [HRESULT = 0x800f080d - CBS_E_MANIFEST_INVALID_ITEM]
169	Warning: Unrecognized packageExtended attribute.
170	Expecting attribute name [HRESULT = 0x800f080d - CBS_E_MANIFEST_INVALID_ITEM]
171	Failed to get next element [HRESULT = 0x800f080d - CBS_E_MANIFEST_INVALID_ITEM]
172	Warning: Unrecognized packageExtended attribute.
173	Warning: Unrecognized packageExtended attribute.
174	Expecting attribute name [HRESULT = 0x800f080d - CBS_E_MANIFEST_INVALID_ITEM]
175	Failed to get next element [HRESULT = 0x800f080d - CBS_E_MANIFEST_INVALID_ITEM]
176	Warning: Unrecognized packageExtended attribute.
177	Expecting attribute name [HRESULT = 0x800f080d - CBS_E_MANIFEST_INVALID_ITEM]
178	Failed to get next element [HRESULT = 0x800f080d - CBS_E_MANIFEST_INVALID_ITEM]
179	Warning: Unrecognized packageExtended attribute.
180	Expecting attribute name [HRESULT = 0x800f080d - CBS_E_MANIFEST_INVALID_ITEM]
181	Failed to get next element [HRESULT = 0x800f080d - CBS_E_MANIFEST_INVALID_ITEM]
182	Warning: Unrecognized packageExtended attribute.
183	Expecting attribute name [HRESULT = 0x800f080d - CBS_E_MANIFEST_INVALID_ITEM]
184	Failed to get next element [HRESULT = 0x800f080d - CBS_E_MANIFEST_INVALID_ITEM]
185	Warning: Unrecognized packageExtended attribute.
186	Warning: Unrecognized packageExtended attribute.
187	Expecting attribute name [HRESULT = 0x800f080d - CBS_E_MANIFEST_INVALID_ITEM]
188	Failed to get next element [HRESULT = 0x800f080d - CBS_E_MANIFEST_INVALID_ITEM]
189	Warning: Unrecognized packageExtended attribute.
190	Expecting attribute name [HRESULT = 0x800f080d - CBS_E_MANIFEST_INVALID_ITEM]
191	Failed to get next element [HRESULT = 0x800f080d - CBS_E_MANIFEST_INVALID_ITEM]
192	Warning: Unrecognized packageExtended attribute.
193	Expecting attribute name [HRESULT = 0x800f080d - CBS_E_MANIFEST_INVALID_ITEM]
194	Failed to get next element [HRESULT = 0x800f080d - CBS_E_MANIFEST_INVALID_ITEM]
195	Warning: Unrecognized packageExtended attribute.
196	Expecting attribute name [HRESULT = 0x800f080d - CBS_E_MANIFEST_INVALID_ITEM]
197	Failed to get next element [HRESULT = 0x800f080d - CBS_E_MANIFEST_INVALID_ITEM]
198	Warning: Unrecognized packageExtended attribute.
199	Warning: Unrecognized packageExtended attribute.
200	Expecting attribute name [HRESULT = 0x800f080d - CBS_E_MANIFEST_INVALID_ITEM]
201	Failed to get next element [HRESULT = 0x800f080d - CBS_E_MANIFEST_INVALID_ITEM]
202	Warning: Unrecognized packageExtended attribute.
203	Expecting attribute name [HRESULT = 0x800f080d - CBS_E_MANIFEST_INVALID_ITEM]
204	Failed to get next element [HRESULT = 0x800f080d - CBS_E_MANIFEST_INVALID_ITEM]
205	Warning: Unrecognized packageExtended attribute.
206	Expecting attribute name [HRESULT = 0x800f080d - CBS_E_MANIFEST_INVALID_ITEM]
207	Failed to get next element [HRESULT = 0x800f080d - CBS_E_MANIFEST_INVALID_ITEM]
208	Warning: Unrecognized packageExtended attribute.
209	Expecting attribute name [HRESULT = 0x800f080d - CBS_E_MANIFEST_INVALID_ITEM]
210	Failed to get next element [HRESULT = 0x800f080d - CBS_E_MANIFEST_INVALID_ITEM]
211	Warning: Unrecognized packageExtended attribute.
212	Warning: Unrecognized packageExtended attribute.
213	Expecting attribute name [HRESULT = 0x800f080d - CBS_E_MANIFEST_INVALID_ITEM]
214	Failed to get next element [HRESULT = 0x800f080d - CBS_E_MANIFEST_INVALID_ITEM]
215	Warning: Unrecognized packageExtended attribute.
216	Expecting attribute name [HRESULT = 0x800f080d - CBS_E_MANIFEST_INVALID_ITEM]
217	Failed to get next element [HRESULT = 0x800f080d - CBS_E_MANIFEST_INVALID_ITEM]
218	Warning: Unrecognized packageExtended attribute.
219	Expecting attribute name [HRESULT = 0x800f080d - CBS_E_MANIFEST_INVALID_ITEM]
220	Failed to get next element [HRESULT = 0x800f080d - CBS_E_MANIFEST_INVALID_ITEM]
221	Warning: Unrecognized packageExtended attribute.
222	Expecting attribute name [HRESULT = 0x800f080d - CBS_E_MANIFEST_INVALID_ITEM]
223	Failed to get next element [HRESULT = 0x800f080d - CBS_E_MANIFEST_INVALID_ITEM]
224	Warning: Unrecognized packageExtended attribute.
225	Warning: Unrecognized packageExtended attribute.
226	Expecting attribute name [HRESULT = 0x800f080d - CBS_E_MANIFEST_INVALID_ITEM]
227	Failed to get next element [HRESULT = 0x800f080d - CBS_E_MANIFEST_INVALID_ITEM]
228	Warning: Unrecognized packageExtended attribute.
229	Expecting attribute name [HRESULT = 0x800f080d - CBS_E_MANIFEST_INVALID_ITEM]
230	Failed to get next element [HRESULT = 0x800f080d - CBS_E_MANIFEST_INVALID_ITEM]
231	Warning: Unrecognized packageExtended attribute.
232	Expecting attribute name [HRESULT = 0x800f080d - CBS_E_MANIFEST_INVALID_ITEM]
233	Failed to get next element [HRESULT = 0x800f080d - CBS_E_MANIFEST_INVALID_ITEM]
234	Warning: Unrecognized packageExtended attribute.
235	Expecting attribute name [HRESULT = 0x800f080d - CBS_E_MANIFEST_INVALID_ITEM]
236	Failed to get next element [HRESULT = 0x800f080d - CBS_E_MANIFEST_INVALID_ITEM]
237	Warning: Unrecognized packageExtended attribute.
238	Session: 30546173_4275933214 initialized by client WindowsUpdateAgent.
239	Warning: Unrecognized packageExtended attribute.
240	Expecting attribute name [HRESULT = 0x800f080d - CBS_E_MANIFEST_INVALID_ITEM]
241	Failed to get next element [HRESULT = 0x800f080d - CBS_E_MANIFEST_INVALID_ITEM]
242	Warning: Unrecognized packageExtended attribute.
243	Expecting attribute name [HRESULT = 0x800f080d - CBS_E_MANIFEST_INVALID_ITEM]
244	Failed to get next element [HRESULT = 0x800f080d - CBS_E_MANIFEST_INVALID_ITEM]
245	Warning: Unrecognized packageExtended attribute.
246	Expecting attribute name [HRESULT = 0x800f080d - CBS_E_MANIFEST_INVALID_ITEM]
247	Failed to get next element [HRESULT = 0x800f080d - CBS_E_MANIFEST_INVALID_ITEM]
248	Warning: Unrecognized packageExtended attribute.
249	Expecting attribute name [HRESULT = 0x800f080d - CBS_E_MANIFEST_INVALID_ITEM]
250	Failed to get next element [HRESULT = 0x800f080d - CBS_E_MANIFEST_INVALID_ITEM]
251	Warning: Unrecognized packageExtended attribute.
252	Warning: Unrecognized packageExtended attribute.
253	Expecting attribute name [HRESULT = 0x800f080d - CBS_E_MANIFEST_INVALID_ITEM]
254	Failed to get next element [HRESULT = 0x800f080d - CBS_E_MANIFEST_INVALID_ITEM]
255	Warning: Unrecognized packageExtended attribute.
256	Expecting attribute name [HRESULT = 0x800f080d - CBS_E_MANIFEST_INVALID_ITEM]
257	Failed to get next element [HRESULT = 0x800f080d - CBS_E_MANIFEST_INVALID_ITEM]
258	Warning: Unrecognized packageExtended attribute.
259	Expecting attribute name [HRESULT = 0x800f080d - CBS_E_MANIFEST_INVALID_ITEM]
260	Failed to get next element [HRESULT = 0x800f080d - CBS_E_MANIFEST_INVALID_ITEM]
261	Warning: Unrecognized packageExtended attribute.
262	Expecting attribute name [HRESULT = 0x800f080d - CBS_E_MANIFEST_INVALID_ITEM]
263	Failed to get next element [HRESULT = 0x800f080d - CBS_E_MANIFEST_INVALID_ITEM]
264	Warning: Unrecognized packageExtended attribute.
265	Warning: Unrecognized packageExtended attribute.
266	Expecting attribute name [HRESULT = 0x800f080d - CBS_E_MANIFEST_INVALID_ITEM]
267	Failed to get next element [HRESULT = 0x800f080d - CBS_E_MANIFEST_INVALID_ITEM]
268	Warning: Unrecognized packageExtended attribute.
269	Expecting attribute name [HRESULT = 0x800f080d - CBS_E_MANIFEST_INVALID_ITEM]
270	Failed to get next element [HRESULT = 0x800f080d - CBS_E_MANIFEST_INVALID_ITEM]
271	Warning: Unrecognized packageExtended attribute.
272	Expecting attribute name [HRESULT = 0x800f080d - CBS_E_MANIFEST_INVALID_ITEM]
273	Failed to get next element [HRESULT = 0x800f080d - CBS_E_MANIFEST_INVALID_ITEM]
274	Warning: Unrecognized packageExtended attribute.
275	Expecting attribute name [HRESULT = 0x800f080d - CBS_E_MANIFEST_INVALID_ITEM]
276	Failed to get next element [HRESULT = 0x800f080d - CBS_E_MANIFEST_INVALID_ITEM]
277	Warning: Unrecognized packageExtended attribute.
278	Warning: Unrecognized packageExtended attribute.
279	Expecting attribute name [HRESULT = 0x800f080d - CBS_E_MANIFEST_INVALID_ITEM]
280	Failed to get next element [HRESULT = 0x800f080d - CBS_E_MANIFEST_INVALID_ITEM]
281	Warning: Unrecognized packageExtended attribute.
282	Expecting attribute name [HRESULT = 0x800f080d - CBS_E_MANIFEST_INVALID_ITEM]
283	Failed to get next element [HRESULT = 0x800f080d - CBS_E_MANIFEST_INVALID_ITEM]
284	Warning: Unrecognized packageExtended attribute.
285	Expecting attribute name [HRESULT = 0x800f080d - CBS_E_MANIFEST_INVALID_ITEM]
286	Failed to get next element [HRESULT = 0x800f080d - CBS_E_MANIFEST_INVALID_ITEM]
287	Warning: Unrecognized packageExtended attribute.
288	Expecting attribute name [HRESULT = 0x800f080d - CBS_E_MANIFEST_INVALID_ITEM]
289	Failed to get next element [HRESULT = 0x800f080d - CBS_E_MANIFEST_INVALID_ITEM]
290	Warning: Unrecognized packageExtended attribute.
291	Warning: Unrecognized packageExtended attribute.
292	Expecting attribute name [HRESULT = 0x800f080d - CBS_E_MANIFEST_INVALID_ITEM]
293	Failed to get next element [HRESULT = 0x800f080d - CBS_E_MANIFEST_INVALID_ITEM]
294	Warning: Unrecognized packageExtended attribute.
295	Expecting attribute name [HRESULT = 0x800f080d - CBS_E_MANIFEST_INVALID_ITEM]
296	Failed to get next element [HRESULT = 0x800f080d - CBS_E_MANIFEST_INVALID_ITEM]
297	Warning: Unrecognized packageExtended attribute.
298	Expecting attribute name [HRESULT = 0x800f080d - CBS_E_MANIFEST_INVALID_ITEM]
299	Failed to get next element [HRESULT = 0x800f080d - CBS_E_MANIFEST_INVALID_ITEM]
300	Warning: Unrecognized packageExtended attribute.
301	Expecting attribute name [HRESULT = 0x800f080d - CBS_E_MANIFEST_INVALID_ITEM]
302	Failed to get next element [HRESULT = 0x800f080d - CBS_E_MANIFEST_INVALID_ITEM]
303	Warning: Unrecognized packageExtended attribute.
304	Warning: Unrecognized packageExtended attribute.
305	Expecting attribute name [HRESULT = 0x800f080d - CBS_E_MANIFEST_INVALID_ITEM]
306	Failed to get next element [HRESULT = 0x800f080d - CBS_E_MANIFEST_INVALID_ITEM]
307	Warning: Unrecognized packageExtended attribute.
308	Expecting attribute name [HRESULT = 0x800f080d - CBS_E_MANIFEST_INVALID_ITEM]
309	Failed to get next element [HRESULT = 0x800f080d - CBS_E_MANIFEST_INVALID_ITEM]
310	Warning: Unrecognized packageExtended attribute.
311	Expecting attribute name [HRESULT = 0x800f080d - CBS_E_MANIFEST_INVALID_ITEM]
312	Failed to get next element [HRESULT = 0x800f080d - CBS_E_MANIFEST_INVALID_ITEM]
313	Warning: Unrecognized packageExtended attribute.
314	Expecting attribute name [HRESULT = 0x800f080d - CBS_E_MANIFEST_INVALID_ITEM]
315	Failed to get next element [HRESULT = 0x800f080d - CBS_E_MANIFEST_INVALID_ITEM]
316	Warning: Unrecognized packageExtended attribute.
317	Warning: Unrecognized packageExtended attribute.
318	Expecting attribute name [HRESULT = 0x800f080d - CBS_E_MANIFEST_INVALID_ITEM]
319	Failed to get next element [HRESULT = 0x800f080d - CBS_E_MANIFEST_INVALID_ITEM]
320	Warning: Unrecognized packageExtended attribute.
321	Expecting attribute name [HRESULT = 0x800f080d - CBS_E_MANIFEST_INVALID_ITEM]
322	Failed to get next element [HRESULT = 0x800f080d - CBS_E_MANIFEST_INVALID_ITEM]
323	Warning: Unrecognized packageExtended attribute.
324	Expecting attribute name [HRESULT = 0x800f080d - CBS_E_MANIFEST_INVALID_ITEM]
325	Failed to get next element [HRESULT = 0x800f080d - CBS_E_MANIFEST_INVALID_ITEM]
326	Warning: Unrecognized packageExtended attribute.
327	Expecting attribute name [HRESULT = 0x800f080d - CBS_E_MANIFEST_INVALID_ITEM]
328	Failed to get next element [HRESULT = 0x800f080d - CBS_E_MANIFEST_INVALID_ITEM]
329	Warning: Unrecognized packageExtended attribute.
330	Warning: Unrecognized packageExtended attribute.
331	Expecting attribute name [HRESULT = 0x800f080d - CBS_E_MANIFEST_INVALID_ITEM]
332	Failed to get next element [HRESULT = 0x800f080d - CBS_E_MANIFEST_INVALID_ITEM]
333	Warning: Unrecognized packageExtended attribute.
334	Expecting attribute name [HRESULT = 0x800f080d - CBS_E_MANIFEST_INVALID_ITEM]
335	Failed to get next element [HRESULT = 0x800f080d - CBS_E_MANIFEST_INVALID_ITEM]
336	Warning: Unrecognized packageExtended attribute.
337	Expecting attribute name [HRESULT = 0x800f080d - CBS_E_MANIFEST_INVALID_ITEM]
338	Failed to get next element [HRESULT = 0x800f080d - CBS_E_MANIFEST_INVALID_ITEM]
339	Warning: Unrecognized packageExtended attribute.
340	Expecting attribute name [HRESULT = 0x800f080d - CBS_E_MANIFEST_INVALID_ITEM]
341	Failed to get next element [HRESULT = 0x800f080d - CBS_E_MANIFEST_INVALID_ITEM]
342	Warning: Unrecognized packageExtended attribute.
343	Session: 30546173_4280593480 initialized by client WindowsUpdateAgent.
344	Failed to internally open package. [HRESULT = 0x800f0805 - CBS_E_INVALID_PACKAGE]
345	Session: 30546173_4280603481 initialized by client WindowsUpdateAgent.
346	Failed to internally open package. [HRESULT = 0x800f0805 - CBS_E_INVALID_PACKAGE]
347	Session: 30546173_4280613482 initialized by client WindowsUpdateAgent.
348	Failed to internally open package. [HRESULT = 0x800f0805 - CBS_E_INVALID_PACKAGE]
349	Session: 30546173_4280613483 initialized by client WindowsUpdateAgent.
350	Failed to internally open package. [HRESULT = 0x800f0805 - CBS_E_INVALID_PACKAGE]
351	Session: 30546173_4280623482 initialized by client WindowsUpdateAgent.
352	Failed to internally open package. [HRESULT = 0x800f0805 - CBS_E_INVALID_PACKAGE]
353	Session: 30546173_4280633483 initialized by client WindowsUpdateAgent.
354	Failed to internally open package. [HRESULT = 0x800f0805 - CBS_E_INVALID_PACKAGE]
355	Session: 30546173_4280633484 initialized by client WindowsUpdateAgent.
356	Failed to internally open package. [HRESULT = 0x800f0805 - CBS_E_INVALID_PACKAGE]
357	Session: 30546173_4281313522 initialized by client WindowsUpdateAgent.
358	Session: 30546173_4285113739 initialized by client WindowsUpdateAgent.
359	"Read out cached package applicability for package: Package_for_KB3121255~31bf3856ad364e35~amd64~~6.1.1.0, ApplicableState: 112, CurrentState:112"
360	Session: 30546173_4286503818 initialized by client WindowsUpdateAgent.
361	"Read out cached package applicability for package: Package_for_KB2656356~31bf3856ad364e35~amd64~~6.1.1.1, ApplicableState: 80, CurrentState:112"
362	Session: 30546173_4286853838 initialized by client WindowsUpdateAgent.
363	"Read out cached package applicability for package: Package_for_KB3108664~31bf3856ad364e35~amd64~~6.1.1.0, ApplicableState: 112, CurrentState:112"
364	Session: 30546173_4286873840 initialized by client WindowsUpdateAgent.
365	"Read out cached package applicability for package: Package_for_KB3115858~31bf3856ad364e35~amd64~~6.1.1.0, ApplicableState: 80, CurrentState:112"
366	Session: 30546173_4289083966 initialized by client WindowsUpdateAgent.
367	"Read out cached package applicability for package: Package_for_KB3127220~31bf3856ad364e35~amd64~~6.1.1.0, ApplicableState: 112, CurrentState:112"
368	Session: 30546173_4289704001 initialized by client WindowsUpdateAgent.
369	"Read out cached package applicability for package: Package_for_KB3060716~31bf3856ad364e35~amd64~~6.1.1.0, ApplicableState: 112, CurrentState:112"
370	Session: 30546173_4294144255 initialized by client WindowsUpdateAgent.
371	"Read out cached package applicability for package: Package_for_KB3006137~31bf3856ad364e35~amd64~~6.1.1.0, ApplicableState: 112, CurrentState:112"
372	Session: 30546173_4294174257 initialized by client WindowsUpdateAgent.
373	"Read out cached package applicability for package: Package_for_KB3067903~31bf3856ad364e35~amd64~~6.1.1.0, ApplicableState: 112, CurrentState:112"
374	Session: 30546174_187017 initialized by client WindowsUpdateAgent.
375	"Read out cached package applicability for package: Package_for_KB3086255~31bf3856ad364e35~amd64~~6.1.1.0, ApplicableState: 112, CurrentState:112"
376	Session: 30546174_857056 initialized by client WindowsUpdateAgent.
377	"Read out cached package applicability for package: Package_for_KB3146706~31bf3856ad364e35~amd64~~6.1.1.2, ApplicableState: 112, CurrentState:112"
378	Session: 30546174_1497092 initialized by client WindowsUpdateAgent.
379	"Read out cached package applicability for package: Package_for_KB3182203~31bf3856ad364e35~amd64~~6.1.1.1, ApplicableState: 112, CurrentState:112"
380	Session: 30546174_1767108 initialized by client WindowsUpdateAgent.
381	"Read out cached package applicability for package: Package_for_KB3075226~31bf3856ad364e35~amd64~~6.1.1.1, ApplicableState: 112, CurrentState:112"
382	Session: 30546174_2037123 initialized by client WindowsUpdateAgent.
383	"Read out cached package applicability for package: Package_for_KB3185319~31bf3856ad364e35~amd64~~11.2.1.0, ApplicableState: 112, CurrentState:112"
384	Session: 30546174_2217133 initialized by client WindowsUpdateAgent.
385	Session: 30546174_2817168 initialized by client WindowsUpdateAgent.
386	"Read out cached package applicability for package: Package_for_KB3033929~31bf3856ad364e35~amd64~~6.1.1.1, ApplicableState: 80, CurrentState:112"
387	Session: 30546174_8087469 initialized by client WindowsUpdateAgent.
388	"Read out cached package applicability for package: Package_for_KB2978742~31bf3856ad364e35~amd64~~6.1.1.0, ApplicableState: 112, CurrentState:112"
389	Session: 30546174_9517551 initialized by client WindowsUpdateAgent.
390	"Read out cached package applicability for package: Package_for_KB3177186~31bf3856ad364e35~amd64~~6.1.1.1, ApplicableState: 112, CurrentState:112"
391	Session: 30546174_9817568 initialized by client WindowsUpdateAgent.
392	"Read out cached package applicability for package: Package_for_KB3055642~31bf3856ad364e35~amd64~~6.1.1.0, ApplicableState: 112, CurrentState:112"
393	Session: 30546174_9927574 initialized by client WindowsUpdateAgent.
394	"Read out cached package applicability for package: Package_for_KB3078601~31bf3856ad364e35~amd64~~6.1.1.5, ApplicableState: 112, CurrentState:112"
395	Session: 30546174_10127586 initialized by client WindowsUpdateAgent.
396	"Read out cached package applicability for package: Package_for_KB3147071~31bf3856ad364e35~amd64~~6.1.1.1, ApplicableState: 112, CurrentState:112"
397	Session: 30546174_10517608 initialized by client WindowsUpdateAgent.
398	"Read out cached package applicability for package: Package_for_KB3019978~31bf3856ad364e35~amd64~~6.1.1.2, ApplicableState: 80, CurrentState:0"
399	Session: 30546174_10537609 initialized by client WindowsUpdateAgent.
400	"Read out cached package applicability for package: Package_for_KB2563227~31bf3856ad364e35~amd64~~6.1.1.0, ApplicableState: 112, CurrentState:112"
401	Session: 30546174_11037638 initialized by client WindowsUpdateAgent.
402	"Read out cached package applicability for package: Package_for_KB3126587~31bf3856ad364e35~amd64~~6.1.1.1, ApplicableState: 112, CurrentState:112"
403	Session: 30546174_17007979 initialized by client WindowsUpdateAgent.
404	"Read out cached package applicability for package: Package_for_KB2789645~31bf3856ad364e35~amd64~~6.1.1.0, ApplicableState: 80, CurrentState:112"
405	Session: 30546174_17668017 initialized by client WindowsUpdateAgent.
406	"Read out cached package applicability for package: Package_for_KB3138901~31bf3856ad364e35~amd64~~6.1.1.0, ApplicableState: 112, CurrentState:112"
407	Session: 30546174_17818026 initialized by client WindowsUpdateAgent.
408	"Read out cached package applicability for package: Package_for_KB2607047~31bf3856ad364e35~amd64~~6.1.1.1, ApplicableState: 0, CurrentState:0"
409	Session: 30546174_18178046 initialized by client WindowsUpdateAgent.
410	Session: 30546174_18398059 initialized by client WindowsUpdateAgent.
411	"Read out cached package applicability for package: Package_for_KB3011780~31bf3856ad364e35~amd64~~6.1.1.5, ApplicableState: 112, CurrentState:112"
412	Session: 30546174_20238164 initialized by client WindowsUpdateAgent.
413	"Read out cached package applicability for package: Package_for_KB3170455~31bf3856ad364e35~amd64~~6.1.1.2, ApplicableState: 112, CurrentState:112"
414	Session: 30546174_20328169 initialized by client WindowsUpdateAgent.
415	"Read out cached package applicability for package: Package_for_KB2891804~31bf3856ad364e35~amd64~~6.1.1.1, ApplicableState: 112, CurrentState:112"
416	Session: 30546174_20448176 initialized by client WindowsUpdateAgent.
417	"Read out cached package applicability for package: Package_for_KB3156017~31bf3856ad364e35~amd64~~6.1.1.0, ApplicableState: 112, CurrentState:112"
418	Session: 30546174_20458177 initialized by client WindowsUpdateAgent.
419	"Read out cached package applicability for package: Package_for_KB3084135~31bf3856ad364e35~amd64~~6.1.1.0, ApplicableState: 112, CurrentState:112"
420	Session: 30546174_20518180 initialized by client WindowsUpdateAgent.
421	"Read out cached package applicability for package: Package_for_KB2560656~31bf3856ad364e35~amd64~~6.1.1.2, ApplicableState: 112, CurrentState:112"
422	Session: 30546174_20798196 initialized by client WindowsUpdateAgent.
423	"Read out cached package applicability for package: Package_for_KB3184471~31bf3856ad364e35~amd64~~6.1.1.1, ApplicableState: 0, CurrentState:0"
424	Session: 30546174_21498236 initialized by client WindowsUpdateAgent.
425	"Read out cached package applicability for package: Package_for_KB3146963~31bf3856ad364e35~amd64~~6.1.1.0, ApplicableState: 112, CurrentState:112"
426	Session: 30546174_21518237 initialized by client WindowsUpdateAgent.
427	"Read out cached package applicability for package: Package_for_KB2918077~31bf3856ad364e35~amd64~~6.1.1.0, ApplicableState: 112, CurrentState:112"
428	Session: 30546174_21788253 initialized by client WindowsUpdateAgent.
429	"Read out cached package applicability for package: Package_for_KB2716513~31bf3856ad364e35~amd64~~6.1.1.0, ApplicableState: 80, CurrentState:0"
430	Session: 30546174_21808254 initialized by client WindowsUpdateAgent.
431	"Read out cached package applicability for package: Package_for_KB2489256~31bf3856ad364e35~amd64~~6.1.1.1, ApplicableState: 80, CurrentState:0"
432	Session: 30546174_21868257 initialized by client WindowsUpdateAgent.
433	"Read out cached package applicability for package: Package_for_KB3138962~31bf3856ad364e35~amd64~~6.1.1.0, ApplicableState: 80, CurrentState:112"
434	Session: 30546174_21888258 initialized by client WindowsUpdateAgent.
435	"Read out cached package applicability for package: Package_for_KB2552343~31bf3856ad364e35~amd64~~6.1.1.0, ApplicableState: 112, CurrentState:112"
436	Session: 30546174_21968263 initialized by client WindowsUpdateAgent.
437	"Read out cached package applicability for package: Package_for_KB3059317~31bf3856ad364e35~amd64~~6.1.1.0, ApplicableState: 112, CurrentState:112"
438	Session: 30546174_22008265 initialized by client WindowsUpdateAgent.
439	"Read out cached package applicability for package: Package_for_KB2973201~31bf3856ad364e35~amd64~~6.1.1.2, ApplicableState: 112, CurrentState:112"
440	Session: 30546174_22048268 initialized by client WindowsUpdateAgent.
441	"Read out cached package applicability for package: Package_for_KB3072305~31bf3856ad364e35~amd64~~6.1.1.2, ApplicableState: 112, CurrentState:112"
442	Session: 30546174_22448291 initialized by client WindowsUpdateAgent.
443	"Read out cached package applicability for package: Package_for_KB3078667~31bf3856ad364e35~amd64~~6.1.1.0, ApplicableState: 112, CurrentState:112"
444	Session: 30546174_22538296 initialized by client WindowsUpdateAgent.
445	"Read out cached package applicability for package: Package_for_KB3020369~31bf3856ad364e35~amd64~~6.1.1.1, ApplicableState: 80, CurrentState:112"
446	Session: 30546174_22828312 initialized by client WindowsUpdateAgent.
447	"Read out cached package applicability for package: Package_for_KB2943357~31bf3856ad364e35~amd64~~6.1.1.3, ApplicableState: 112, CurrentState:112"
448	Session: 30546174_23648359 initialized by client WindowsUpdateAgent.
449	"Read out cached package applicability for package: Package_for_KB3168965~31bf3856ad364e35~amd64~~6.1.1.2, ApplicableState: 80, CurrentState:112"
450	Session: 30546174_23668360 initialized by client WindowsUpdateAgent.
451	"Read out cached package applicability for package: Package_for_KB2620704~31bf3856ad364e35~amd64~~6.1.1.0, ApplicableState: 112, CurrentState:112"
452	Session: 30546174_23938376 initialized by client WindowsUpdateAgent.
453	"Read out cached package applicability for package: Microsoft-Windows-PlatformUpdate-Win7-SRV08R2-Package-TopLevel~31bf3856ad364e35~amd64~~7.1.7601.16492, ApplicableState: 112, CurrentState:112"
454	Session: 30546174_24168389 initialized by client WindowsUpdateAgent.
455	"Read out cached package applicability for package: Package_for_KB2763523~31bf3856ad364e35~amd64~~6.1.1.1, ApplicableState: 112, CurrentState:112"
456	Session: 30546174_25138444 initialized by client WindowsUpdateAgent.
457	"Read out cached package applicability for package: Package_for_KB3075220~31bf3856ad364e35~amd64~~6.1.1.0, ApplicableState: 80, CurrentState:0"
458	Session: 30546174_25988493 initialized by client WindowsUpdateAgent.
459	"Read out cached package applicability for package: Package_for_KB2813347~31bf3856ad364e35~amd64~~6.1.1.0, ApplicableState: 112, CurrentState:112"
460	Session: 30546174_27448577 initialized by client WindowsUpdateAgent.
461	"Read out cached package applicability for package: Package_for_KB3080446~31bf3856ad364e35~amd64~~6.1.1.2, ApplicableState: 80, CurrentState:112"
462	Session: 30546174_27518581 initialized by client WindowsUpdateAgent.
463	"Read out cached package applicability for package: Package_for_KB2515325~31bf3856ad364e35~amd64~~6.1.1.0, ApplicableState: 80, CurrentState:112"
464	Session: 30546174_27548582 initialized by client WindowsUpdateAgent.
465	"Read out cached package applicability for package: Package_for_KB2957189~31bf3856ad364e35~amd64~~6.1.1.1, ApplicableState: 80, CurrentState:112"
466	Session: 30546174_27568583 initialized by client WindowsUpdateAgent.
467	"Read out cached package applicability for package: Package_for_KB2718704~31bf3856ad364e35~amd64~~6.1.1.0, ApplicableState: 80, CurrentState:112"
468	Session: 30546174_27758594 initialized by client WindowsUpdateAgent.
469	"Read out cached package applicability for package: Package_for_KB2479943~31bf3856ad364e35~amd64~~6.1.1.0, ApplicableState: 112, CurrentState:112"
470	Session: 30546174_27818598 initialized by client WindowsUpdateAgent.
471	"Read out cached package applicability for package: Package_for_KB3138612~31bf3856ad364e35~amd64~~6.1.1.1, ApplicableState: 112, CurrentState:112"
472	Session: 30546174_28288625 initialized by client WindowsUpdateAgent.
473	"Read out cached package applicability for package: Microsoft-Hyper-V-Integration-Services-Package~31bf3856ad364e35~amd64~~6.3.9600.17681, ApplicableState: 112, CurrentState:0"
474	Session: 30546174_28528638 initialized by client WindowsUpdateAgent.
475	"Read out cached package applicability for package: Package_for_KB3107998~31bf3856ad364e35~amd64~~6.1.1.2, ApplicableState: 112, CurrentState:112"
476	Session: 30546174_30478750 initialized by client WindowsUpdateAgent.
477	"Read out cached package applicability for package: Package_for_KB3071756~31bf3856ad364e35~amd64~~6.1.1.2, ApplicableState: 112, CurrentState:112"
478	Session: 30546174_35199020 initialized by client WindowsUpdateAgent.
479	"Read out cached package applicability for package: Package_for_KB2840631~31bf3856ad364e35~amd64~~6.1.1.0, ApplicableState: 112, CurrentState:112"
480	Session: 30546174_35469035 initialized by client WindowsUpdateAgent.
481	"Read out cached package applicability for package: Package_for_KB2631813~31bf3856ad364e35~amd64~~6.1.1.1, ApplicableState: 112, CurrentState:112"
482	Session: 30546174_35509038 initialized by client WindowsUpdateAgent.
483	"Read out cached package applicability for package: Package_for_KB2640148~31bf3856ad364e35~amd64~~6.1.2.0, ApplicableState: 112, CurrentState:112"
484	Session: 30546174_35659046 initialized by client WindowsUpdateAgent.
485	"Read out cached package applicability for package: Package_for_KB3093513~31bf3856ad364e35~amd64~~6.1.1.0, ApplicableState: 112, CurrentState:112"
486	Session: 30546174_35689048 initialized by client WindowsUpdateAgent.
487	"Read out cached package applicability for package: Package_for_KB2894844~31bf3856ad364e35~amd64~~6.1.1.1, ApplicableState: 112, CurrentState:112"
488	Session: 30546174_36019067 initialized by client WindowsUpdateAgent.
489	"Read out cached package applicability for package: Package_for_KB3108670~31bf3856ad364e35~amd64~~6.1.1.0, ApplicableState: 112, CurrentState:112"
490	Session: 30546174_40939348 initialized by client WindowsUpdateAgent.
491	"Read out cached package applicability for package: Package_for_KB2547666~31bf3856ad364e35~amd64~~6.1.1.0, ApplicableState: 112, CurrentState:112"
492	Session: 30546174_41309369 initialized by client WindowsUpdateAgent.
493	"Read out cached package applicability for package: Package_for_KB2798162~31bf3856ad364e35~amd64~~6.1.1.5, ApplicableState: 80, CurrentState:112"
494	Session: 30546174_43049469 initialized by client WindowsUpdateAgent.
495	"Read out cached package applicability for package: Package_for_KB2574819~31bf3856ad364e35~amd64~~6.1.2.0, ApplicableState: 112, CurrentState:112"
496	Session: 30546174_43479493 initialized by client WindowsUpdateAgent.
497	"Read out cached package applicability for package: Microsoft-Windows-RDP-BlueIP-Package-TopLevel~31bf3856ad364e35~amd64~~7.2.7601.16415, ApplicableState: 112, CurrentState:112"
498	Session: 30546174_43599500 initialized by client WindowsUpdateAgent.
499	"Read out cached package applicability for package: Package_for_KB2857650~31bf3856ad364e35~amd64~~6.1.1.1, ApplicableState: 112, CurrentState:112"
500	Session: 30546174_44439548 initialized by client WindowsUpdateAgent.
501	"Read out cached package applicability for package: Package_for_KB3118401~31bf3856ad364e35~amd64~~6.1.1.1, ApplicableState: 112, CurrentState:112"
502	Session: 30546174_44469550 initialized by client WindowsUpdateAgent.
503	"Read out cached package applicability for package: Package_for_KB2585542~31bf3856ad364e35~amd64~~6.1.1.3, ApplicableState: 80, CurrentState:112"
504	Session: 30546174_44629559 initialized by client WindowsUpdateAgent.
505	"Read out cached package applicability for package: Package_for_KB2931356~31bf3856ad364e35~amd64~~6.1.1.0, ApplicableState: 112, CurrentState:112"
506	Session: 30546174_45239594 initialized by client WindowsUpdateAgent.
507	"Read out cached package applicability for package: Package_for_KB2900986~31bf3856ad364e35~amd64~~6.1.1.1, ApplicableState: 112, CurrentState:112"
508	Session: 30546174_45309598 initialized by client WindowsUpdateAgent.
509	"Read out cached package applicability for package: Package_for_KB2985461~31bf3856ad364e35~amd64~~6.1.1.0, ApplicableState: 112, CurrentState:112"
510	Session: 30546174_46439663 initialized by client WindowsUpdateAgent.
511	"Read out cached package applicability for package: Package_for_KB3092601~31bf3856ad364e35~amd64~~6.1.1.0, ApplicableState: 112, CurrentState:112"
512	Session: 30546174_46879688 initialized by client WindowsUpdateAgent.
513	"Read out cached package applicability for package: Package_for_KB2836942~31bf3856ad364e35~amd64~~6.1.1.0, ApplicableState: 80, CurrentState:112"
514	Session: 30546174_46979694 initialized by client WindowsUpdateAgent.
515	"Read out cached package applicability for package: Package_for_KB2937610~31bf3856ad364e35~amd64~~6.1.1.3, ApplicableState: 112, CurrentState:112"
516	Session: 30546174_48029754 initialized by client WindowsUpdateAgent.
517	"Read out cached package applicability for package: Package_for_KB3035126~31bf3856ad364e35~amd64~~6.1.1.2, ApplicableState: 112, CurrentState:112"
518	Session: 30546174_48659790 initialized by client WindowsUpdateAgent.
519	"Read out cached package applicability for package: Package_for_KB3076895~31bf3856ad364e35~amd64~~6.1.1.1, ApplicableState: 80, CurrentState:112"
520	Session: 30546174_48769796 initialized by client WindowsUpdateAgent.
521	"Read out cached package applicability for package: Package_for_KB3021674~31bf3856ad364e35~amd64~~6.1.1.2, ApplicableState: 112, CurrentState:112"
522	Session: 30546174_48809798 initialized by client WindowsUpdateAgent.
523	"Read out cached package applicability for package: Package_for_KB2919469~31bf3856ad364e35~amd64~~6.1.1.0, ApplicableState: 112, CurrentState:112"
524	Session: 30546174_49059813 initialized by client WindowsUpdateAgent.
525	"Read out cached package applicability for package: Package_for_KB2823180~31bf3856ad364e35~amd64~~6.1.1.0, ApplicableState: 0, CurrentState:0"
526	Session: 30546174_49089814 initialized by client WindowsUpdateAgent.
527	"Read out cached package applicability for package: Package_for_KB2809215~31bf3856ad364e35~amd64~~6.1.1.1, ApplicableState: 112, CurrentState:0"
528	Session: 30546174_49109815 initialized by client WindowsUpdateAgent.
529	Failed to internally open package. [HRESULT = 0x800f0805 - CBS_E_INVALID_PACKAGE]
530	Session: 30546174_49119816 initialized by client WindowsUpdateAgent.
531	"Read out cached package applicability for package: Package_for_KB2809900~31bf3856ad364e35~amd64~~6.1.1.0, ApplicableState: 0, CurrentState:0"
532	Session: 30546174_49199821 initialized by client WindowsUpdateAgent.
533	"Read out cached package applicability for package: Package_for_KB3150220~31bf3856ad364e35~amd64~~6.1.1.1, ApplicableState: 112, CurrentState:112"
534	Session: 30546174_49409833 initialized by client WindowsUpdateAgent.
535	"Read out cached package applicability for package: Package_for_KB3175024~31bf3856ad364e35~amd64~~6.1.2.0, ApplicableState: 112, CurrentState:112"
536	Session: 30546174_49899861 initialized by client WindowsUpdateAgent.
537	"Read out cached package applicability for package: Package_for_KB3126446~31bf3856ad364e35~amd64~~6.1.1.0, ApplicableState: 112, CurrentState:112"
538	Session: 30546174_50419890 initialized by client WindowsUpdateAgent.
539	"Read out cached package applicability for package: Package_for_KB2968294~31bf3856ad364e35~amd64~~6.1.1.1, ApplicableState: 112, CurrentState:112"
540	Session: 30546174_50799912 initialized by client WindowsUpdateAgent.
541	"Read out cached package applicability for package: Package_for_KB3080079~31bf3856ad364e35~amd64~~6.1.1.1, ApplicableState: 112, CurrentState:112"
542	Session: 30546174_79961580 initialized by client WindowsUpdateAgent.
543	"Read out cached package applicability for package: Package_for_KB2868626~31bf3856ad364e35~amd64~~6.1.1.2, ApplicableState: 80, CurrentState:112"
544	Session: 30546174_84291828 initialized by client WindowsUpdateAgent.
545	"Read out cached package applicability for package: Package_for_KB2929733~31bf3856ad364e35~amd64~~6.1.1.0, ApplicableState: 112, CurrentState:112"
546	Session: 30546174_84441836 initialized by client WindowsUpdateAgent.
547	"Read out cached package applicability for package: Package_for_KB2893294~31bf3856ad364e35~amd64~~6.1.1.1, ApplicableState: 112, CurrentState:112"
548	Session: 30546174_84491839 initialized by client WindowsUpdateAgent.
549	"Read out cached package applicability for package: Package_for_KB3145739~31bf3856ad364e35~amd64~~6.1.1.1, ApplicableState: 112, CurrentState:112"
550	Session: 30546174_84891862 initialized by client WindowsUpdateAgent.
551	"Read out cached package applicability for package: Package_for_KB2972211~31bf3856ad364e35~amd64~~6.1.1.0, ApplicableState: 112, CurrentState:112"
552	Session: 30546174_85221881 initialized by client WindowsUpdateAgent.
553	"Read out cached package applicability for package: Package_for_KB947821~31bf3856ad364e35~amd64~~6.1.34.0, ApplicableState: 112, CurrentState:0"
554	Session: 30546174_85241882 initialized by client WindowsUpdateAgent.
555	"Read out cached package applicability for package: Package_for_KB3020370~31bf3856ad364e35~amd64~~6.1.1.2, ApplicableState: 112, CurrentState:112"
556	Session: 30546174_85811915 initialized by client WindowsUpdateAgent.
557	"Read out cached package applicability for package: Package_for_KB3003743~31bf3856ad364e35~amd64~~6.1.1.1, ApplicableState: 112, CurrentState:112"
558	Session: 30546174_88182050 initialized by client WindowsUpdateAgent.
559	"Read out cached package applicability for package: Package_for_KB3020387~31bf3856ad364e35~amd64~~6.1.1.2, ApplicableState: 80, CurrentState:0"
560	Session: 30546174_88262055 initialized by client WindowsUpdateAgent.
561	"Read out cached package applicability for package: Package_for_KB2884256~31bf3856ad364e35~amd64~~6.1.1.1, ApplicableState: 112, CurrentState:112"
562	Session: 30546174_88342059 initialized by client WindowsUpdateAgent.
563	"Read out cached package applicability for package: Package_for_KB3163245~31bf3856ad364e35~amd64~~6.1.1.1, ApplicableState: 112, CurrentState:112"
564	Session: 30546174_88462066 initialized by client WindowsUpdateAgent.
565	"Read out cached package applicability for package: Package_for_KB2660075~31bf3856ad364e35~amd64~~6.1.1.0, ApplicableState: 112, CurrentState:112"
566	Session: 30546174_88482067 initialized by client WindowsUpdateAgent.
567	"Read out cached package applicability for package: Package_for_KB3022777~31bf3856ad364e35~amd64~~6.1.1.0, ApplicableState: 112, CurrentState:112"
568	Session: 30546174_88742082 initialized by client WindowsUpdateAgent.
569	"Read out cached package applicability for package: Package_for_KB3161561~31bf3856ad364e35~amd64~~6.1.1.1, ApplicableState: 80, CurrentState:112"
570	Session: 30546174_89042099 initialized by client WindowsUpdateAgent.
571	"Read out cached package applicability for package: Package_for_KB2800095~31bf3856ad364e35~amd64~~6.1.2.0, ApplicableState: 112, CurrentState:112"
572	Session: 30546174_89092102 initialized by client WindowsUpdateAgent.
573	"Read out cached package applicability for package: Package_for_KB2818604~31bf3856ad364e35~amd64~~6.1.1.0, ApplicableState: 112, CurrentState:0"
574	Session: 30546174_89122104 initialized by client WindowsUpdateAgent.
575	"Read out cached package applicability for package: Package_for_KB2570947~31bf3856ad364e35~amd64~~6.1.1.0, ApplicableState: 112, CurrentState:112"
576	Session: 30546174_89272113 initialized by client WindowsUpdateAgent.
577	"Read out cached package applicability for package: Package_for_KB3035132~31bf3856ad364e35~amd64~~6.1.1.0, ApplicableState: 80, CurrentState:112"
578	Session: 30546174_89322115 initialized by client WindowsUpdateAgent.
579	"Read out cached package applicability for package: Package_for_KB2972100~31bf3856ad364e35~amd64~~6.1.1.0, ApplicableState: 112, CurrentState:112"
580	Session: 30546174_89562129 initialized by client WindowsUpdateAgent.
581	"Read out cached package applicability for package: Package_for_KB2966583~31bf3856ad364e35~amd64~~6.1.1.2, ApplicableState: 112, CurrentState:112"
582	Session: 30546174_89962152 initialized by client WindowsUpdateAgent.
583	"Read out cached package applicability for package: Package_for_KB2685811~31bf3856ad364e35~amd64~~6.1.1.11, ApplicableState: 112, CurrentState:112"
584	Session: 30546174_90352174 initialized by client WindowsUpdateAgent.
585	"Read out cached package applicability for package: Package_for_KB3110329~31bf3856ad364e35~amd64~~6.1.1.1, ApplicableState: 112, CurrentState:112"
586	Session: 30546174_90632190 initialized by client WindowsUpdateAgent.
587	"Read out cached package applicability for package: Package_for_KB2545698~31bf3856ad364e35~amd64~~6.1.1.3, ApplicableState: 112, CurrentState:112"
588	Session: 30546174_90692194 initialized by client WindowsUpdateAgent.
589	"Read out cached package applicability for package: Package_for_KB3124280~31bf3856ad364e35~amd64~~6.1.1.1, ApplicableState: 112, CurrentState:112"
590	Session: 30546174_90722196 initialized by client WindowsUpdateAgent.
591	"Read out cached package applicability for package: Microsoft-Hyper-V-Integration-Services-Package~31bf3856ad364e35~amd64~~6.3.9600.17388, ApplicableState: 112, CurrentState:0"
592	Session: 30546174_90802200 initialized by client WindowsUpdateAgent.
593	Session: 30546174_90832202 initialized by client WindowsUpdateAgent.
594	"Read out cached package applicability for package: Package_for_KB2676562~31bf3856ad364e35~amd64~~6.1.1.3, ApplicableState: 112, CurrentState:112"
595	Session: 30546174_90912206 initialized by client WindowsUpdateAgent.
596	"Read out cached package applicability for package: Package_for_KB2970228~31bf3856ad364e35~amd64~~6.1.1.2, ApplicableState: 112, CurrentState:112"
597	Session: 30546174_91002212 initialized by client WindowsUpdateAgent.
598	"Read out cached package applicability for package: Package_for_KB2512715~31bf3856ad364e35~amd64~~6.1.1.1, ApplicableState: 0, CurrentState:0"
599	Session: 30546174_91262226 initialized by client WindowsUpdateAgent.
600	"Read out cached package applicability for package: Package_for_KB2965788~31bf3856ad364e35~amd64~~6.1.1.1, ApplicableState: 80, CurrentState:112"
601	Session: 30546174_91282228 initialized by client WindowsUpdateAgent.
602	"Read out cached package applicability for package: Package_for_KB3030377~31bf3856ad364e35~amd64~~6.1.1.2, ApplicableState: 112, CurrentState:112"
603	Session: 30546174_91382233 initialized by client WindowsUpdateAgent.
604	"Read out cached package applicability for package: Package_for_KB3021917~31bf3856ad364e35~amd64~~6.1.1.3, ApplicableState: 112, CurrentState:112"
605	Session: 30546174_91422236 initialized by client WindowsUpdateAgent.
606	"Read out cached package applicability for package: Package_for_KB2853952~31bf3856ad364e35~amd64~~6.1.1.2, ApplicableState: 112, CurrentState:112"
607	Session: 30546174_91472238 initialized by client WindowsUpdateAgent.
608	"Read out cached package applicability for package: Package_for_KB2706045~31bf3856ad364e35~amd64~~6.1.1.0, ApplicableState: 80, CurrentState:0"
609	Session: 30546174_91532242 initialized by client WindowsUpdateAgent.
610	"Read out cached package applicability for package: Package_for_KB2510531~31bf3856ad364e35~amd64~~6.1.1.0, ApplicableState: 80, CurrentState:112"
611	Session: 30546174_91592245 initialized by client WindowsUpdateAgent.
612	"Read out cached package applicability for package: Package_for_KB2847927~31bf3856ad364e35~amd64~~6.1.1.1, ApplicableState: 112, CurrentState:112"
613	Session: 30546174_91672250 initialized by client WindowsUpdateAgent.
614	"Read out cached package applicability for package: Package_for_KB2604115~31bf3856ad364e35~amd64~~6.1.1.3, ApplicableState: 112, CurrentState:112"
615	Session: 30546174_92052272 initialized by client WindowsUpdateAgent.
616	"Read out cached package applicability for package: Package_for_KB3013531~31bf3856ad364e35~amd64~~6.1.2.0, ApplicableState: 112, CurrentState:112"
617	Session: 30546174_92302286 initialized by client WindowsUpdateAgent.
618	"Read out cached package applicability for package: Package_for_KB2893519~31bf3856ad364e35~amd64~~6.1.1.0, ApplicableState: 112, CurrentState:112"
619	Session: 30546174_93492354 initialized by client WindowsUpdateAgent.
620	"Read out cached package applicability for package: Package_for_KB2703157~31bf3856ad364e35~amd64~~6.1.1.0, ApplicableState: 80, CurrentState:0"
621	Session: 30546174_93642363 initialized by client WindowsUpdateAgent.
622	"Read out cached package applicability for package: Package_for_KB3133977~31bf3856ad364e35~amd64~~6.1.1.2, ApplicableState: 112, CurrentState:112"
623	Session: 30546174_94042385 initialized by client WindowsUpdateAgent.
624	"Read out cached package applicability for package: Package_for_KB3109094~31bf3856ad364e35~amd64~~6.1.1.1, ApplicableState: 112, CurrentState:112"
625	Session: 30546174_94182393 initialized by client WindowsUpdateAgent.
626	"Read out cached package applicability for package: Package_for_KB2506212~31bf3856ad364e35~amd64~~6.1.1.2, ApplicableState: 112, CurrentState:112"
627	Session: 30546174_94222396 initialized by client WindowsUpdateAgent.
628	"Read out cached package applicability for package: Package_for_KB3076949~31bf3856ad364e35~amd64~~6.1.1.0, ApplicableState: 112, CurrentState:112"
629	Session: 30546174_94392405 initialized by client WindowsUpdateAgent.
630	Session: 30546174_94722424 initialized by client WindowsUpdateAgent.
631	"Read out cached package applicability for package: Package_for_KB2871997~31bf3856ad364e35~amd64~~6.1.2.5, ApplicableState: 112, CurrentState:112"
632	Session: 30546174_97232568 initialized by client WindowsUpdateAgent.
633	"Read out cached package applicability for package: Package_for_KB3164035~31bf3856ad364e35~amd64~~6.1.1.1, ApplicableState: 112, CurrentState:112"
634	Session: 30546174_97282571 initialized by client WindowsUpdateAgent.
635	Session: 30546174_97402578 initialized by client WindowsUpdateAgent.
636	"Read out cached package applicability for package: Package_for_KB2574819~31bf3856ad364e35~amd64~~6.1.2.0, ApplicableState: 112, CurrentState:112"
637	Session: 30546174_97982611 initialized by client WindowsUpdateAgent.
638	"Read out cached package applicability for package: Microsoft-Windows-RDP-WinIP-Package-TopLevel~31bf3856ad364e35~amd64~~7.1.7601.16398, ApplicableState: 112, CurrentState:112"
639	Session: 30546174_98162621 initialized by client WindowsUpdateAgent.
640	"Read out cached package applicability for package: Package_for_KB2843630~31bf3856ad364e35~amd64~~6.1.3.1, ApplicableState: 112, CurrentState:112"
641	Session: 30546174_99082674 initialized by client WindowsUpdateAgent.
642	"Read out cached package applicability for package: Package_for_KB2862330~31bf3856ad364e35~amd64~~6.1.2.0, ApplicableState: 112, CurrentState:112"
643	Session: 30546174_99222682 initialized by client WindowsUpdateAgent.
644	"Read out cached package applicability for package: Package_for_KB2834140~31bf3856ad364e35~amd64~~6.1.2.0, ApplicableState: 112, CurrentState:0"
645	Session: 30546174_99252683 initialized by client WindowsUpdateAgent.
646	Session: 30546174_99402692 initialized by client WindowsUpdateAgent.
647	"Read out cached package applicability for package: Package_for_KB2726535~31bf3856ad364e35~amd64~~6.1.1.1, ApplicableState: 112, CurrentState:112"
648	Session: 30546174_100742769 initialized by client WindowsUpdateAgent.
649	Session: 30546174_100772770 initialized by client WindowsUpdateAgent.
650	"Read out cached package applicability for package: Package_for_KB3046269~31bf3856ad364e35~amd64~~6.1.1.0, ApplicableState: 112, CurrentState:112"
651	Session: 30546174_100922779 initialized by client WindowsUpdateAgent.
652	"Read out cached package applicability for package: Package_for_KB3139398~31bf3856ad364e35~amd64~~6.1.1.1, ApplicableState: 112, CurrentState:112"
653	Session: 30546174_100952781 initialized by client WindowsUpdateAgent.
654	"Read out cached package applicability for package: Package_for_KB2719857~31bf3856ad364e35~amd64~~6.1.1.2, ApplicableState: 112, CurrentState:112"
655	Session: 30546174_100982782 initialized by client WindowsUpdateAgent.
656	"Read out cached package applicability for package: Package_for_KB2603229~31bf3856ad364e35~amd64~~6.1.1.0, ApplicableState: 112, CurrentState:112"
657	Session: 30546174_101102789 initialized by client WindowsUpdateAgent.
658	"Read out cached package applicability for package: Package_for_KB3109560~31bf3856ad364e35~amd64~~6.1.1.1, ApplicableState: 112, CurrentState:112"
659	Session: 30546174_101172793 initialized by client WindowsUpdateAgent.
660	"Read out cached package applicability for package: Package_for_KB2807986~31bf3856ad364e35~amd64~~6.1.1.2, ApplicableState: 112, CurrentState:112"
661	Session: 30546174_101232797 initialized by client WindowsUpdateAgent.
662	"Read out cached package applicability for package: Package_for_KB3135983~31bf3856ad364e35~amd64~~6.1.1.0, ApplicableState: 112, CurrentState:112"
663	Session: 30546174_101272799 initialized by client WindowsUpdateAgent.
664	"Read out cached package applicability for package: Package_for_KB2667402~31bf3856ad364e35~amd64~~6.1.2.0, ApplicableState: 112, CurrentState:112"
665	Session: 30546174_101322802 initialized by client WindowsUpdateAgent.
666	"Read out cached package applicability for package: Package_for_KB2791765~31bf3856ad364e35~amd64~~6.1.1.2, ApplicableState: 112, CurrentState:112"
667	Session: 30546174_101632820 initialized by client WindowsUpdateAgent.
668	"Read out cached package applicability for package: Microsoft-Hyper-V-Integration-Services-Package~31bf3856ad364e35~amd64~~6.3.9600.18080, ApplicableState: 112, CurrentState:0"
669	Session: 30546174_101752826 initialized by client WindowsUpdateAgent.
670	"Read out cached package applicability for package: Package_for_KB3139940~31bf3856ad364e35~amd64~~6.1.1.0, ApplicableState: 80, CurrentState:112"
671	Session: 30546174_101792829 initialized by client WindowsUpdateAgent.
672	"Read out cached package applicability for package: Package_for_KB2719033~31bf3856ad364e35~amd64~~6.1.1.0, ApplicableState: 80, CurrentState:0"
673	Session: 30546174_101842832 initialized by client WindowsUpdateAgent.
674	"Read out cached package applicability for package: Package_for_KB3109103~31bf3856ad364e35~amd64~~6.1.1.0, ApplicableState: 112, CurrentState:112"
675	Session: 30546174_101902835 initialized by client WindowsUpdateAgent.
676	"Read out cached package applicability for package: Package_for_KB2864202~31bf3856ad364e35~amd64~~6.1.1.0, ApplicableState: 112, CurrentState:112"
677	Session: 30546174_102002841 initialized by client WindowsUpdateAgent.
678	"Read out cached package applicability for package: Package_for_KB3074543~31bf3856ad364e35~amd64~~6.1.1.0, ApplicableState: 112, CurrentState:112"
679	Session: 30546174_102442866 initialized by client WindowsUpdateAgent.
680	"Read out cached package applicability for package: Package_for_KB3040272~31bf3856ad364e35~amd64~~6.1.1.1, ApplicableState: 80, CurrentState:112"
681	Session: 30546174_103902949 initialized by client WindowsUpdateAgent.
682	"Read out cached package applicability for package: Package_for_KB3142042~31bf3856ad364e35~amd64~~6.1.1.2, ApplicableState: 112, CurrentState:112"
683	Session: 30546174_104472982 initialized by client WindowsUpdateAgent.
684	"Read out cached package applicability for package: Package_for_KB3042058~31bf3856ad364e35~amd64~~6.1.1.1, ApplicableState: 80, CurrentState:112"
685	Session: 30546174_106683108 initialized by client WindowsUpdateAgent.
686	"Read out cached package applicability for package: Package_for_KB3023215~31bf3856ad364e35~amd64~~6.1.1.0, ApplicableState: 112, CurrentState:112"
687	Session: 30546174_106973125 initialized by client WindowsUpdateAgent.
688	"Read out cached package applicability for package: Package_for_KB3108381~31bf3856ad364e35~amd64~~6.1.1.1, ApplicableState: 112, CurrentState:112"
689	Session: 30546174_107003127 initialized by client WindowsUpdateAgent.
690	"Read out cached package applicability for package: Package_for_KB2868038~31bf3856ad364e35~amd64~~6.1.1.2, ApplicableState: 112, CurrentState:112"
691	Session: 30546174_107053130 initialized by client WindowsUpdateAgent.
692	"Read out cached package applicability for package: Package_for_KB2750841~31bf3856ad364e35~amd64~~6.1.1.3, ApplicableState: 112, CurrentState:112"
693	Session: 30546174_107333146 initialized by client WindowsUpdateAgent.
694	"Read out cached package applicability for package: Package_for_KB3185911~31bf3856ad364e35~amd64~~6.1.1.0, ApplicableState: 112, CurrentState:112"
695	Session: 30546174_107363147 initialized by client WindowsUpdateAgent.
696	"Read out cached package applicability for package: Package_for_KB3138910~31bf3856ad364e35~amd64~~6.1.1.0, ApplicableState: 112, CurrentState:112"
697	Session: 30546174_107383149 initialized by client WindowsUpdateAgent.
698	"Read out cached package applicability for package: Package_for_KB2862335~31bf3856ad364e35~amd64~~6.1.1.2, ApplicableState: 112, CurrentState:112"
699	Session: 30546174_107523157 initialized by client WindowsUpdateAgent.
700	"Read out cached package applicability for package: Package_for_KB2908783~31bf3856ad364e35~amd64~~6.1.1.2, ApplicableState: 112, CurrentState:112"
701	Session: 30546174_108313202 initialized by client WindowsUpdateAgent.
702	"Read out cached package applicability for package: Package_for_KB3020393~31bf3856ad364e35~amd64~~6.1.1.2, ApplicableState: 64, CurrentState:0"
703	Session: 30546174_108353204 initialized by client WindowsUpdateAgent.
704	"Read out cached package applicability for package: Package_for_KB2772930~31bf3856ad364e35~amd64~~6.1.1.1, ApplicableState: 0, CurrentState:0"
705	Session: 30546174_108613219 initialized by client WindowsUpdateAgent.
706	"Read out cached package applicability for package: Package_for_KB2621146~31bf3856ad364e35~amd64~~6.1.1.0, ApplicableState: 0, CurrentState:0"
707	Session: 30546174_108633220 initialized by client WindowsUpdateAgent.
708	"Read out cached package applicability for package: Package_for_KB2601626~31bf3856ad364e35~amd64~~6.1.1.0, ApplicableState: 0, CurrentState:0"
709	Session: 30546174_108683223 initialized by client WindowsUpdateAgent.
710	"Read out cached package applicability for package: Package_for_KB2923545~31bf3856ad364e35~amd64~~6.1.1.1, ApplicableState: 112, CurrentState:112"
711	Session: 30546174_108903235 initialized by client WindowsUpdateAgent.
712	"Read out cached package applicability for package: Package_for_KB2509553~31bf3856ad364e35~amd64~~6.1.1.2, ApplicableState: 112, CurrentState:112"
713	Session: 30546174_109123248 initialized by client WindowsUpdateAgent.
714	"Read out cached package applicability for package: Package_for_KB2758857~31bf3856ad364e35~amd64~~6.1.1.0, ApplicableState: 80, CurrentState:112"
715	Session: 30546174_110243312 initialized by client WindowsUpdateAgent.
716	"Read out cached package applicability for package: Package_for_KB2846960~31bf3856ad364e35~amd64~~6.1.1.3, ApplicableState: 80, CurrentState:112"
717	Session: 30546174_110453324 initialized by client WindowsUpdateAgent.
718	"Read out cached package applicability for package: Package_for_KB2770660~31bf3856ad364e35~amd64~~6.1.1.0, ApplicableState: 112, CurrentState:112"
719	Session: 30546174_130874492 initialized by client WindowsUpdateAgent.
720	"Read out cached package applicability for package: Package_for_KB3123479~31bf3856ad364e35~amd64~~6.1.1.0, ApplicableState: 112, CurrentState:112"
721	Session: 30546174_131324518 initialized by client WindowsUpdateAgent.
722	"Read out cached package applicability for package: Package_for_KB3072630~31bf3856ad364e35~amd64~~6.1.1.0, ApplicableState: 80, CurrentState:112"
723	Session: 30546174_132374578 initialized by client WindowsUpdateAgent.
724	"Read out cached package applicability for package: Package_for_KB3179573~31bf3856ad364e35~amd64~~6.1.1.0, ApplicableState: 112, CurrentState:112"
725	Session: 30546174_132424581 initialized by client WindowsUpdateAgent.
726	"Read out cached package applicability for package: Microsoft-Hyper-V-Integration-Services-Package~31bf3856ad364e35~amd64~~6.3.9600.17903, ApplicableState: 112, CurrentState:0"
727	Session: 30546174_132514586 initialized by client WindowsUpdateAgent.
728	"Read out cached package applicability for package: Package_for_KB2952664~31bf3856ad364e35~amd64~~6.1.19.0, ApplicableState: 112, CurrentState:112"
729	Session: 30546174_132544588 initialized by client WindowsUpdateAgent.
730	"Read out cached package applicability for package: Package_for_KB3149090~31bf3856ad364e35~amd64~~6.1.1.1, ApplicableState: 112, CurrentState:112"
731	Session: 30546174_132944611 initialized by client WindowsUpdateAgent.
732	"Read out cached package applicability for package: Package_for_KB3178034~31bf3856ad364e35~amd64~~6.1.1.1, ApplicableState: 112, CurrentState:112"
733	Session: 30546174_132984613 initialized by client WindowsUpdateAgent.
734	"Read out cached package applicability for package: Package_for_KB3097989~31bf3856ad364e35~amd64~~6.1.1.1, ApplicableState: 112, CurrentState:112"
735	Session: 30546174_133134621 initialized by client WindowsUpdateAgent.
736	"Read out cached package applicability for package: Package_for_KB2853587~31bf3856ad364e35~amd64~~6.1.1.2, ApplicableState: 0, CurrentState:0"
737	Session: 30546174_137784887 initialized by client WindowsUpdateAgent.
738	"Read out cached package applicability for package: Package_for_KB2732059~31bf3856ad364e35~amd64~~6.1.5.1, ApplicableState: 112, CurrentState:112"
739	Session: 30546174_138284916 initialized by client WindowsUpdateAgent.
740	"Read out cached package applicability for package: Package_for_KB3164033~31bf3856ad364e35~amd64~~6.1.1.0, ApplicableState: 112, CurrentState:112"
741	Session: 30546174_138824947 initialized by client WindowsUpdateAgent.
742	"Read out cached package applicability for package: Package_for_KB3080149~31bf3856ad364e35~amd64~~6.1.1.1, ApplicableState: 112, CurrentState:112"
743	Session: 30546174_143845234 initialized by client WindowsUpdateAgent.
744	"Read out cached package applicability for package: Package_for_KB3046017~31bf3856ad364e35~amd64~~6.1.1.1, ApplicableState: 112, CurrentState:112"
745	Session: 30546174_143875236 initialized by client WindowsUpdateAgent.
746	"Read out cached package applicability for package: Package_for_KB3067904~31bf3856ad364e35~amd64~~6.1.1.2, ApplicableState: 80, CurrentState:0"
747	Session: 30546174_143895237 initialized by client WindowsUpdateAgent.
748	"Read out cached package applicability for package: Package_for_KB2912390~31bf3856ad364e35~amd64~~6.1.1.2, ApplicableState: 112, CurrentState:112"
749	Session: 30546174_144035245 initialized by client WindowsUpdateAgent.
750	"Read out cached package applicability for package: Package_for_KB2632503~31bf3856ad364e35~amd64~~6.1.1.0, ApplicableState: 80, CurrentState:0"
751	Session: 30546174_144085248 initialized by client WindowsUpdateAgent.
752	"Read out cached package applicability for package: Package_for_KB2991963~31bf3856ad364e35~amd64~~6.1.1.0, ApplicableState: 112, CurrentState:112"
753	Session: 30546174_144115249 initialized by client WindowsUpdateAgent.
754	"Read out cached package applicability for package: Package_for_KB2911501~31bf3856ad364e35~amd64~~6.1.1.2, ApplicableState: 112, CurrentState:112"
755	Session: 30546174_144435268 initialized by client WindowsUpdateAgent.
756	"Read out cached package applicability for package: Package_for_KB2984972~31bf3856ad364e35~amd64~~6.1.1.4, ApplicableState: 112, CurrentState:112"
757	Session: 30546174_147195426 initialized by client WindowsUpdateAgent.
758	"Read out cached package applicability for package: Package_for_KB3121461~31bf3856ad364e35~amd64~~6.1.1.2, ApplicableState: 80, CurrentState:112"
759	Session: 30546174_147205426 initialized by client WindowsUpdateAgent.
760	"Read out cached package applicability for package: Package_for_KB3161958~31bf3856ad364e35~amd64~~6.1.1.1, ApplicableState: 112, CurrentState:112"
761	Session: 30546174_147585448 initialized by client WindowsUpdateAgent.
762	"Read out cached package applicability for package: Package_for_KB2888049~31bf3856ad364e35~amd64~~6.1.1.1, ApplicableState: 80, CurrentState:112"
763	Session: 30546174_147765458 initialized by client WindowsUpdateAgent.
764	"Read out cached package applicability for package: Package_for_KB2773072~31bf3856ad364e35~amd64~~6.1.1.5, ApplicableState: 112, CurrentState:112"
765	Session: 30546174_149225542 initialized by client WindowsUpdateAgent.
766	"Read out cached package applicability for package: Package_for_KB2579686~31bf3856ad364e35~amd64~~6.1.1.1, ApplicableState: 112, CurrentState:112"
767	Session: 30546174_149265544 initialized by client WindowsUpdateAgent.
768	"Read out cached package applicability for package: Package_for_KB3075222~31bf3856ad364e35~amd64~~6.1.1.1, ApplicableState: 80, CurrentState:0"
769	Session: 30546174_149285545 initialized by client WindowsUpdateAgent.
770	"Read out cached package applicability for package: Microsoft-Windows-Embedded-EmbeddedLockdown-Package-TopLevel~31bf3856ad364e35~amd64~~7.1.7601.16511, ApplicableState: 112, CurrentState:0"
771	Session: 30546174_149295546 initialized by client WindowsUpdateAgent.
772	"Read out cached package applicability for package: Package_for_KB2544893~31bf3856ad364e35~amd64~~6.1.1.1, ApplicableState: 80, CurrentState:112"
773	Session: 30546174_149325547 initialized by client WindowsUpdateAgent.
774	"Read out cached package applicability for package: Package_for_KB2685939~31bf3856ad364e35~amd64~~6.1.1.2, ApplicableState: 80, CurrentState:112"
775	Session: 30546174_149405552 initialized by client WindowsUpdateAgent.
776	"Read out cached package applicability for package: Package_for_KB2729452~31bf3856ad364e35~amd64~~6.1.1.0, ApplicableState: 80, CurrentState:112"
777	Session: 30546174_154395837 initialized by client WindowsUpdateAgent.
778	"Read out cached package applicability for package: Package_for_KB3020388~31bf3856ad364e35~amd64~~6.1.1.1, ApplicableState: 112, CurrentState:112"
779	Session: 30546174_154615850 initialized by client WindowsUpdateAgent.
780	"Read out cached package applicability for package: Package_for_KB2742599~31bf3856ad364e35~amd64~~6.1.1.0, ApplicableState: 112, CurrentState:112"
781	Session: 30546174_155085877 initialized by client WindowsUpdateAgent.
782	"Read out cached package applicability for package: Package_for_KB3181988~31bf3856ad364e35~amd64~~6.1.1.1, ApplicableState: 112, CurrentState:112"
783	Session: 30546174_155245886 initialized by client WindowsUpdateAgent.
784	"Read out cached package applicability for package: Package_for_KB2685813~31bf3856ad364e35~amd64~~6.1.1.11, ApplicableState: 112, CurrentState:112"
785	Session: 30546174_155605907 initialized by client WindowsUpdateAgent.
786	"Read out cached package applicability for package: Package_for_KB2690533~31bf3856ad364e35~amd64~~6.1.1.0, ApplicableState: 112, CurrentState:112"
787	Session: 30546174_155755915 initialized by client WindowsUpdateAgent.
788	"Read out cached package applicability for package: Package_for_KB3075249~31bf3856ad364e35~amd64~~6.1.1.0, ApplicableState: 80, CurrentState:112"
789	Session: 30546174_156625965 initialized by client WindowsUpdateAgent.
790	"Read out cached package applicability for package: Package_for_KB3156016~31bf3856ad364e35~amd64~~6.1.1.1, ApplicableState: 112, CurrentState:112"
791	Session: 30546174_156695969 initialized by client WindowsUpdateAgent.
792	"Read out cached package applicability for package: Package_for_KB3139914~31bf3856ad364e35~amd64~~6.1.1.0, ApplicableState: 112, CurrentState:112"
793	Session: 30546174_156715970 initialized by client WindowsUpdateAgent.
794	"Read out cached package applicability for package: Package_for_KB2621440~31bf3856ad364e35~amd64~~6.1.1.5, ApplicableState: 112, CurrentState:112"
795	Session: 30546174_156785974 initialized by client WindowsUpdateAgent.
796	"Read out cached package applicability for package: Package_for_KB3054476~31bf3856ad364e35~amd64~~6.1.1.0, ApplicableState: 112, CurrentState:112"
797	Session: 30546174_156825976 initialized by client WindowsUpdateAgent.
798	"Read out cached package applicability for package: Package_for_KB3122648~31bf3856ad364e35~amd64~~6.1.1.0, ApplicableState: 112, CurrentState:112"
799	Session: 30546174_157005987 initialized by client WindowsUpdateAgent.
800	"Read out cached package applicability for package: Package_for_KB3042553~31bf3856ad364e35~amd64~~6.1.1.1, ApplicableState: 112, CurrentState:112"
801	Session: 30546174_157105992 initialized by client WindowsUpdateAgent.
802	"Read out cached package applicability for package: Package_for_KB2732487~31bf3856ad364e35~amd64~~6.1.2.0, ApplicableState: 112, CurrentState:112"
803	Session: 30546174_157135994 initialized by client WindowsUpdateAgent.
804	"Read out cached package applicability for package: Package_for_KB3005607~31bf3856ad364e35~amd64~~6.1.1.0, ApplicableState: 80, CurrentState:112"
805	Session: 30546174_157145995 initialized by client WindowsUpdateAgent.
806	Session: 30546174_157205998 initialized by client WindowsUpdateAgent.
807	"Read out cached package applicability for package: Package_for_KB3184143~31bf3856ad364e35~amd64~~6.1.1.4, ApplicableState: 112, CurrentState:112"
808	Session: 30546174_157616022 initialized by client WindowsUpdateAgent.
809	"Read out cached package applicability for package: Package_for_KB2992611~31bf3856ad364e35~amd64~~6.1.1.0, ApplicableState: 112, CurrentState:112"
810	Session: 30546174_159636137 initialized by client WindowsUpdateAgent.
811	"Read out cached package applicability for package: Package_for_KB2727528~31bf3856ad364e35~amd64~~6.1.1.1, ApplicableState: 112, CurrentState:112"
812	Session: 30546174_159666139 initialized by client WindowsUpdateAgent.
813	"Read out cached package applicability for package: Package_for_KB2506014~31bf3856ad364e35~amd64~~6.1.1.0, ApplicableState: 112, CurrentState:112"
814	Session: 30546174_164936440 initialized by client WindowsUpdateAgent.
815	"Read out cached package applicability for package: Package_for_KB2868116~31bf3856ad364e35~amd64~~6.1.1.1, ApplicableState: 112, CurrentState:112"
816	Session: 30546174_165556476 initialized by client WindowsUpdateAgent.
817	"Read out cached package applicability for package: Package_for_KB2861698~31bf3856ad364e35~amd64~~6.1.1.0, ApplicableState: 112, CurrentState:112"
818	Session: 30546174_165596478 initialized by client WindowsUpdateAgent.
819	"Read out cached package applicability for package: Package_for_KB3092627~31bf3856ad364e35~amd64~~6.1.1.0, ApplicableState: 112, CurrentState:112"
820	Session: 30546174_165696484 initialized by client WindowsUpdateAgent.
821	"Read out cached package applicability for package: Package_for_KB2984976~31bf3856ad364e35~amd64~~6.1.1.3, ApplicableState: 80, CurrentState:112"
822	Session: 30546174_165966499 initialized by client WindowsUpdateAgent.
823	"Read out cached package applicability for package: Package_for_KB3102429~31bf3856ad364e35~amd64~~6.1.2.0, ApplicableState: 112, CurrentState:112"
824	Session: 30546174_166396524 initialized by client WindowsUpdateAgent.
825	"Read out cached package applicability for package: Package_for_KB3005788~31bf3856ad364e35~amd64~~6.1.1.0, ApplicableState: 80, CurrentState:0"
826	Session: 30546174_167286575 initialized by client WindowsUpdateAgent.
827	"Read out cached package applicability for package: Package_for_KB3006121~31bf3856ad364e35~amd64~~6.1.1.0, ApplicableState: 112, CurrentState:112"
828	Session: 30546174_167476586 initialized by client WindowsUpdateAgent.
829	"Read out cached package applicability for package: Package_for_KB2813430~31bf3856ad364e35~amd64~~6.1.1.4, ApplicableState: 112, CurrentState:112"
830	Session: 30546174_169016674 initialized by client WindowsUpdateAgent.
831	"Read out cached package applicability for package: Package_for_KB3033889~31bf3856ad364e35~amd64~~6.1.1.0, ApplicableState: 112, CurrentState:112"
832	Session: 30546174_169066677 initialized by client WindowsUpdateAgent.
833	"Read out cached package applicability for package: Package_for_KB3037574~31bf3856ad364e35~amd64~~6.1.1.0, ApplicableState: 112, CurrentState:112"
834	Session: 30546174_169296690 initialized by client WindowsUpdateAgent.
835	"Read out cached package applicability for package: Package_for_KB2977292~31bf3856ad364e35~amd64~~6.1.1.0, ApplicableState: 112, CurrentState:112"
836	Session: 30546174_169316691 initialized by client WindowsUpdateAgent.
837	"Read out cached package applicability for package: Package_for_KB3161949~31bf3856ad364e35~amd64~~6.1.1.0, ApplicableState: 112, CurrentState:112"
838	Session: 30546174_169366694 initialized by client WindowsUpdateAgent.
839	"Read out cached package applicability for package: Package_for_KB3006625~31bf3856ad364e35~amd64~~6.1.1.0, ApplicableState: 80, CurrentState:112"
840	Session: 30546174_169406696 initialized by client WindowsUpdateAgent.
841	"Read out cached package applicability for package: Package_for_KB3159398~31bf3856ad364e35~amd64~~6.1.1.1, ApplicableState: 112, CurrentState:112"
842	Session: 30546174_169616708 initialized by client WindowsUpdateAgent.
843	"Read out cached package applicability for package: Package_for_KB3035017~31bf3856ad364e35~amd64~~6.1.1.0, ApplicableState: 80, CurrentState:0"
844	Session: 30546174_169636709 initialized by client WindowsUpdateAgent.
845	"Read out cached package applicability for package: Package_for_KB2993651~31bf3856ad364e35~amd64~~6.1.1.3, ApplicableState: 80, CurrentState:112"
846	Session: 30546174_169666711 initialized by client WindowsUpdateAgent.
847	"Read out cached package applicability for package: Package_for_KB3184122~31bf3856ad364e35~amd64~~6.1.1.0, ApplicableState: 112, CurrentState:112"
848	Session: 30546174_169696713 initialized by client WindowsUpdateAgent.
849	"Read out cached package applicability for package: Package_for_KB2786081~31bf3856ad364e35~amd64~~6.1.1.0, ApplicableState: 112, CurrentState:112"
850	Session: 30546174_169726714 initialized by client WindowsUpdateAgent.
851	"Read out cached package applicability for package: Package_for_KB2761217~31bf3856ad364e35~amd64~~6.1.1.0, ApplicableState: 112, CurrentState:112"
852	Session: 30546174_169836721 initialized by client WindowsUpdateAgent.
853	"Read out cached package applicability for package: Package_for_KB3142024~31bf3856ad364e35~amd64~~6.1.1.1, ApplicableState: 112, CurrentState:112"
854	Session: 30546174_170026732 initialized by client WindowsUpdateAgent.
855	"Read out cached package applicability for package: Package_for_KB2835174~31bf3856ad364e35~amd64~~6.1.1.0, ApplicableState: 0, CurrentState:0"
856	Session: 30546174_170246744 initialized by client WindowsUpdateAgent.
857	"Read out cached package applicability for package: Package_for_KB2808679~31bf3856ad364e35~amd64~~6.1.1.2, ApplicableState: 112, CurrentState:112"
858	Session: 30546174_171486815 initialized by client WindowsUpdateAgent.
859	"Read out cached package applicability for package: Package_for_KB2552343~31bf3856ad364e35~amd64~~6.1.1.0, ApplicableState: 112, CurrentState:112"
860	Session: 30546174_171536818 initialized by client WindowsUpdateAgent.
861	"Read out cached package applicability for package: Package_for_KB2532531~31bf3856ad364e35~amd64~~6.1.1.0, ApplicableState: 80, CurrentState:112"
862	Session: 30546174_171646824 initialized by client WindowsUpdateAgent.
863	"Read out cached package applicability for package: Package_for_KB2973112~31bf3856ad364e35~amd64~~6.1.1.0, ApplicableState: 112, CurrentState:112"
864	Session: 30546174_172076849 initialized by client WindowsUpdateAgent.
865	"Read out cached package applicability for package: Package_for_KB2653956~31bf3856ad364e35~amd64~~6.1.1.5, ApplicableState: 80, CurrentState:112"
866	Session: 30546174_172126852 initialized by client WindowsUpdateAgent.
867	"Read out cached package applicability for package: Package_for_KB3101722~31bf3856ad364e35~amd64~~6.1.1.0, ApplicableState: 112, CurrentState:112"
868	Session: 30546174_172246858 initialized by client WindowsUpdateAgent.
869	"Read out cached package applicability for package: Package_for_KB3155178~31bf3856ad364e35~amd64~~6.1.1.0, ApplicableState: 112, CurrentState:112"
870	Session: 30546174_172276860 initialized by client WindowsUpdateAgent.
871	"Read out cached package applicability for package: Package_for_KB2978120~31bf3856ad364e35~amd64~~6.1.1.0, ApplicableState: 112, CurrentState:112"
872	Session: 30546174_172546876 initialized by client WindowsUpdateAgent.
873	"Read out cached package applicability for package: Package_for_KB3140245~31bf3856ad364e35~amd64~~6.1.1.0, ApplicableState: 112, CurrentState:112"
874	Session: 30546174_172566877 initialized by client WindowsUpdateAgent.
875	"Read out cached package applicability for package: Package_for_KB3010788~31bf3856ad364e35~amd64~~6.1.1.1, ApplicableState: 112, CurrentState:112"
876	Session: 30546174_172676883 initialized by client WindowsUpdateAgent.
877	"Read out cached package applicability for package: Package_for_KB982018~31bf3856ad364e35~amd64~~6.1.3.2, ApplicableState: 112, CurrentState:112"
878	Session: 30546174_173216914 initialized by client WindowsUpdateAgent.
879	"Read out cached package applicability for package: Package_for_KB2705219~31bf3856ad364e35~amd64~~6.1.2.0, ApplicableState: 112, CurrentState:112"
880	Session: 30546174_173266917 initialized by client WindowsUpdateAgent.
881	Session: 30546174_173636938 initialized by client WindowsUpdateAgent.
882	"Read out cached package applicability for package: Package_for_KB3004375~31bf3856ad364e35~amd64~~6.1.3.1, ApplicableState: 112, CurrentState:112"
883	Session: 30546174_176877123 initialized by client WindowsUpdateAgent.
884	"Read out cached package applicability for package: Package_for_KB3138378~31bf3856ad364e35~amd64~~6.1.1.0, ApplicableState: 112, CurrentState:112"
885	Session: 30546174_176887124 initialized by client WindowsUpdateAgent.
886	"Read out cached package applicability for package: Package_for_KB2506928~31bf3856ad364e35~amd64~~6.1.2.0, ApplicableState: 112, CurrentState:112"
887	Session: 30546174_176917126 initialized by client WindowsUpdateAgent.
888	"Read out cached package applicability for package: Package_for_KB2799926~31bf3856ad364e35~amd64~~6.1.1.0, ApplicableState: 112, CurrentState:112"
889	Session: 30546174_176947127 initialized by client WindowsUpdateAgent.
890	"Read out cached package applicability for package: Package_for_KB2491683~31bf3856ad364e35~amd64~~6.1.1.1, ApplicableState: 112, CurrentState:112"
891	Session: 30546174_176967128 initialized by client WindowsUpdateAgent.
892	"Read out cached package applicability for package: Package_for_KB2654428~31bf3856ad364e35~amd64~~6.1.1.0, ApplicableState: 112, CurrentState:112"
893	Session: 30546174_177007131 initialized by client WindowsUpdateAgent.
894	"Read out cached package applicability for package: Package_for_KB3004361~31bf3856ad364e35~amd64~~6.1.1.0, ApplicableState: 112, CurrentState:112"
895	Session: 30546174_177047133 initialized by client WindowsUpdateAgent.
896	"Read out cached package applicability for package: Package_for_KB3108371~31bf3856ad364e35~amd64~~6.1.1.0, ApplicableState: 112, CurrentState:112"
897	Session: 30546174_177107136 initialized by client WindowsUpdateAgent.
898	"Read out cached package applicability for package: Package_for_KB2892074~31bf3856ad364e35~amd64~~6.1.1.0, ApplicableState: 112, CurrentState:112"
899	Session: 30546174_177417154 initialized by client WindowsUpdateAgent.
900	"Read out cached package applicability for package: Package_for_KB2973351~31bf3856ad364e35~amd64~~6.1.1.1, ApplicableState: 112, CurrentState:112"
901	Session: 30546174_179617280 initialized by client WindowsUpdateAgent.
902	"Read out cached package applicability for package: Package_for_KB2729094~31bf3856ad364e35~amd64~~6.1.2.0, ApplicableState: 112, CurrentState:112"
903	Session: 30546174_179737287 initialized by client WindowsUpdateAgent.
904	"Read out cached package applicability for package: Package_for_KB2511455~31bf3856ad364e35~amd64~~6.1.1.0, ApplicableState: 112, CurrentState:112"
905	Session: 30546174_179777289 initialized by client WindowsUpdateAgent.
906	"Read out cached package applicability for package: Package_for_KB2564958~31bf3856ad364e35~amd64~~6.1.1.1, ApplicableState: 112, CurrentState:112"
907	Session: 30546174_179827292 initialized by client WindowsUpdateAgent.
908	"Read out cached package applicability for package: Package_for_KB3045685~31bf3856ad364e35~amd64~~6.1.1.0, ApplicableState: 112, CurrentState:112"
909	Session: 30546174_179897296 initialized by client WindowsUpdateAgent.
910	"Read out cached package applicability for package: Package_for_KB2836943~31bf3856ad364e35~amd64~~6.1.2.0, ApplicableState: 80, CurrentState:112"
911	Session: 30546174_180077306 initialized by client WindowsUpdateAgent.
912	"Read out cached package applicability for package: Package_for_KB2698365~31bf3856ad364e35~amd64~~6.1.1.2, ApplicableState: 112, CurrentState:112"
913	Session: 30546174_180217314 initialized by client WindowsUpdateAgent.
914	Session: 30546174_180377324 initialized by client WindowsUpdateAgent.
915	"Read out cached package applicability for package: Package_for_KB3031432~31bf3856ad364e35~amd64~~6.1.1.0, ApplicableState: 80, CurrentState:112"
916	Session: 30546174_181797405 initialized by client WindowsUpdateAgent.
917	"Read out cached package applicability for package: Package_for_KB3004375~31bf3856ad364e35~amd64~~6.1.3.1, ApplicableState: 112, CurrentState:112"
918	Session: 30546174_184807577 initialized by client WindowsUpdateAgent.
919	"Read out cached package applicability for package: Package_for_KB2928120~31bf3856ad364e35~amd64~~6.1.1.2, ApplicableState: 0, CurrentState:0"
920	Session: 30546174_185287604 initialized by client WindowsUpdateAgent.
921	"Read out cached package applicability for package: Package_for_KB3087039~31bf3856ad364e35~amd64~~6.1.1.4, ApplicableState: 80, CurrentState:112"
922	Session: 30546174_185317606 initialized by client WindowsUpdateAgent.
923	"Read out cached package applicability for package: Package_for_KB2736422~31bf3856ad364e35~amd64~~6.1.1.0, ApplicableState: 112, CurrentState:112"
924	Session: 30546174_185407611 initialized by client WindowsUpdateAgent.
925	"Read out cached package applicability for package: Package_for_KB3156019~31bf3856ad364e35~amd64~~6.1.1.1, ApplicableState: 112, CurrentState:112"
926	Session: 30546174_185487616 initialized by client WindowsUpdateAgent.
927	"Read out cached package applicability for package: Package_for_RollupFix~31bf3856ad364e35~amd64~~7601.23545.1.4, ApplicableState: 112, CurrentState:112"
928	Session: 30546174_186107651 initialized by client WindowsUpdateAgent.
929	"Read out cached package applicability for package: Package_for_KB2862152~31bf3856ad364e35~amd64~~6.1.1.1, ApplicableState: 112, CurrentState:112"
930	Session: 30546174_186137653 initialized by client WindowsUpdateAgent.
931	"Read out cached package applicability for package: Package_for_KB2852386~31bf3856ad364e35~amd64~~6.1.1.3, ApplicableState: 112, CurrentState:112"
932	Session: 30546174_186257660 initialized by client WindowsUpdateAgent.
933	"Read out cached package applicability for package: Package_for_KB2647753~31bf3856ad364e35~amd64~~6.1.4.0, ApplicableState: 112, CurrentState:112"
934	Session: 30546174_186297662 initialized by client WindowsUpdateAgent.
935	"Read out cached package applicability for package: Package_for_KB3177467~31bf3856ad364e35~amd64~~6.1.1.1, ApplicableState: 112, CurrentState:112"
936	Failed to create backup log cab. [HRESULT = 0x80070001 - ERROR_INVALID_FUNCTION]
937	Reboot mark refs incremented to: 1
938	Scavenge: Starts
939	"00000009@2016/9/27:20:40:53.744 CSI Transaction @0x47e9e0 initialized for deployment engine {d16d444c-56d8-11d5-882d-0080c847b195} with flags 00000002 and client id [10]""TI6.0_0:0/"""
940	Scavenge: Begin CSI Store
941	0000000a Performing 1 operations; 1 are not lock/unlock and follow:
942	"0000000b Store coherency cookie matches last scavenge cookie, skipping scavenge."
943	0000000c ICSITransaction::Commit calling IStorePendingTransaction::Apply - coldpatching=FALSE applyflags=7
944	"0000000d Creating NT transaction (seq 2), objectname [6]""(null)"""
945	"0000000e Created NT transaction (seq 2) result 0x00000000, handle @0xb8"
946	0000000f@2016/9/27:20:40:54.786 CSI perf trace:
947	"Scavenge: Completed, disposition: 0X1"
948	00000010@2016/9/27:20:40:54.787 CSI Transaction @0x47e9e0 destroyed
949	Reboot mark refs: 0
950	Idle processing thread terminated normally
951	Ending the TrustedInstaller main loop.
952	Starting TrustedInstaller finalization.
953	Ending TrustedInstaller finalization.
954	Starting TrustedInstaller initialization.
955	Loaded Servicing Stack v6.1.7601.23505 with Core: C:\Windows\winsxs\amd64_microsoft-windows-servicingstack_31bf3856ad364e35_6.1.7601.23505_none_681aa442f6fed7f0\cbscore.dll
956	00000001@2016/9/28:16:00:46.160 WcpInitialize (wcp.dll version 0.0.0.6) called (stack @0x7fed875eb5d @0x7fee5c39b6d @0x7fee5c0358f @0xffeee97c @0xffeed799 @0xffeedb2f)
957	00000002@2016/9/28:16:00:46.200 WcpInitialize (wcp.dll version 0.0.0.6) called (stack @0x7fed875eb5d @0x7fee5c86ade @0x7fee5c52984 @0x7fee5c03665 @0xffeee97c @0xffeed799)
958	00000003@2016/9/28:16:00:46.213 WcpInitialize (wcp.dll version 0.0.0.6) called (stack @0x7fed875eb5d @0x7fef9d98728 @0x7fef9d98856 @0xffeee474 @0xffeed7de @0xffeedb2f)
959	Ending TrustedInstaller initialization.
960	Starting the TrustedInstaller main loop.
961	TrustedInstaller service starts successfully.
962	SQM: Initializing online with Windows opt-in: False
963	SQM: Cleaning up report files older than 10 days.
964	SQM: Requesting upload of all unsent reports.
965	"SQM: Failed to start upload with file pattern: C:\Windows\servicing\sqm\*_std.sqm, flags: 0x2 [HRESULT = 0x80004005 - E_FAIL]"
966	SQM: Failed to start standard sample upload. [HRESULT = 0x80004005 - E_FAIL]
967	"SQM: Queued 0 file(s) for upload with pattern: C:\Windows\servicing\sqm\*_all.sqm, flags: 0x6"
968	SQM: Warning: Failed to upload all unsent reports. [HRESULT = 0x80004005 - E_FAIL]
969	"No startup processing required, TrustedInstaller service was not set as autostart, or else a reboot is still pending."
970	NonStart: Checking to ensure startup processing was not required.
971	"00000004 IAdvancedInstallerAwareStore_ResolvePendingTransactions (call 1) (flags = 00000004, progress = NULL, phase = 0, pdwDisposition = @0x116fa70"
972	"00000005 Creating NT transaction (seq 1), objectname [6]""(null)"""
973	"00000006 Created NT transaction (seq 1) result 0x00000000, handle @0x218"
974	00000007@2016/9/28:16:00:46.260 CSI perf trace:
975	"NonStart: Success, startup processing not required as expected."
976	Startup processing thread terminated normally
977	"Loading offline registry hive: SOFTWARE, into registry key '{bf1a281b-ad7b-4476-ac95-f47682990ce7}GLOBALROOT/Device/HarddiskVolumeShadowCopy2/Windows/System32/config/SOFTWARE' from path '\\?\GLOBALROOT\Device\HarddiskVolumeShadowCopy2\Windows\System32\config\SOFTWARE'."
978	"Loading offline registry hive: SYSTEM, into registry key '{bf1a281b-ad7b-4476-ac95-f47682990ce7}GLOBALROOT/Device/HarddiskVolumeShadowCopy2/Windows/System32/config/SYSTEM' from path '\\?\GLOBALROOT\Device\HarddiskVolumeShadowCopy2\Windows\System32\config\SYSTEM'."
979	"Loading offline registry hive: SECURITY, into registry key '{bf1a281b-ad7b-4476-ac95-f47682990ce7}GLOBALROOT/Device/HarddiskVolumeShadowCopy2/Windows/System32/config/SECURITY' from path '\\?\GLOBALROOT\Device\HarddiskVolumeShadowCopy2\Windows\System32\config\SECURITY'."
980	"Loading offline registry hive: SAM, into registry key '{bf1a281b-ad7b-4476-ac95-f47682990ce7}GLOBALROOT/Device/HarddiskVolumeShadowCopy2/Windows/System32/config/SAM' from path '\\?\GLOBALROOT\Device\HarddiskVolumeShadowCopy2\Windows\System32\config\SAM'."
981	"Loading offline registry hive: COMPONENTS, into registry key '{bf1a281b-ad7b-4476-ac95-f47682990ce7}GLOBALROOT/Device/HarddiskVolumeShadowCopy2/Windows/System32/config/COMPONENTS' from path '\\?\GLOBALROOT\Device\HarddiskVolumeShadowCopy2\Windows\System32\config\COMPONENTS'."
982	"Loading offline registry hive: DEFAULT, into registry key '{bf1a281b-ad7b-4476-ac95-f47682990ce7}GLOBALROOT/Device/HarddiskVolumeShadowCopy2/Windows/System32/config/DEFAULT' from path '\\?\GLOBALROOT\Device\HarddiskVolumeShadowCopy2\Windows\System32\config\DEFAULT'."
983	"Loading offline registry hive: ntuser.dat, into registry key '{bf1a281b-ad7b-4476-ac95-f47682990ce7}GLOBALROOT/Device/HarddiskVolumeShadowCopy2/Users/default/ntuser.dat' from path '\\?\GLOBALROOT\Device\HarddiskVolumeShadowCopy2\Users\default\ntuser.dat'."
984	"Loading offline registry hive: schema.dat, into registry key '{bf1a281b-ad7b-4476-ac95-f47682990ce7}GLOBALROOT/Device/HarddiskVolumeShadowCopy2/Windows/system32/smi/store/Machine/schema.dat' from path '\\?\GLOBALROOT\Device\HarddiskVolumeShadowCopy2\Windows\system32\smi\store\Machine\schema.dat'."
985	Offline image is: read-only
986	"Disabling manifest caching, because the image is not writeable."
987	00000008@2016/9/28:16:00:46.635 PopulateComponentFamiliesKey - Begin
988	00000009@2016/9/28:16:01:03.072 PopulateComponentFamiliesKey - End
989	0000000a CSI Store 17159600 (0x000000000105d5b0) initialized
990	Session: 11152_142416105 initialized by client SPP.
991	Warning: Unrecognized packageExtended attribute.
992	Expecting attribute name [HRESULT = 0x800f080d - CBS_E_MANIFEST_INVALID_ITEM]
993	Failed to get next element [HRESULT = 0x800f080d - CBS_E_MANIFEST_INVALID_ITEM]
994	Warning: Unrecognized packageExtended attribute.
995	Expecting attribute name [HRESULT = 0x800f080d - CBS_E_MANIFEST_INVALID_ITEM]
996	Failed to get next element [HRESULT = 0x800f080d - CBS_E_MANIFEST_INVALID_ITEM]
997	Warning: Unrecognized packageExtended attribute.
998	Expecting attribute name [HRESULT = 0x800f080d - CBS_E_MANIFEST_INVALID_ITEM]
999	Failed to get next element [HRESULT = 0x800f080d - CBS_E_MANIFEST_INVALID_ITEM]
1000	Warning: Unrecognized packageExtended attribute.
