1	Created MRAppMaster for application appattempt_1445144423722_0020_000001
2	Executing with tokens:
3	"Kind: YARN_AM_RM_TOKEN, Service: , Ident: (appAttemptId { application_id { id: 20 cluster_timestamp: 1445144423722 } attemptId: 1 } keyId: -127633188)"
4	Using mapred newApiCommitter.
5	OutputCommitter set in config null
6	OutputCommitter is org.apache.hadoop.mapreduce.lib.output.FileOutputCommitter
7	Registering class org.apache.hadoop.mapreduce.jobhistory.EventType for class org.apache.hadoop.mapreduce.jobhistory.JobHistoryEventHandler
8	Registering class org.apache.hadoop.mapreduce.v2.app.job.event.JobEventType for class org.apache.hadoop.mapreduce.v2.app.MRAppMaster$JobEventDispatcher
9	Registering class org.apache.hadoop.mapreduce.v2.app.job.event.TaskEventType for class org.apache.hadoop.mapreduce.v2.app.MRAppMaster$TaskEventDispatcher
10	Registering class org.apache.hadoop.mapreduce.v2.app.job.event.TaskAttemptEventType for class org.apache.hadoop.mapreduce.v2.app.MRAppMaster$TaskAttemptEventDispatcher
11	Registering class org.apache.hadoop.mapreduce.v2.app.commit.CommitterEventType for class org.apache.hadoop.mapreduce.v2.app.commit.CommitterEventHandler
12	Registering class org.apache.hadoop.mapreduce.v2.app.speculate.Speculator$EventType for class org.apache.hadoop.mapreduce.v2.app.MRAppMaster$SpeculatorEventDispatcher
13	Registering class org.apache.hadoop.mapreduce.v2.app.rm.ContainerAllocator$EventType for class org.apache.hadoop.mapreduce.v2.app.MRAppMaster$ContainerAllocatorRouter
14	Registering class org.apache.hadoop.mapreduce.v2.app.launcher.ContainerLauncher$EventType for class org.apache.hadoop.mapreduce.v2.app.MRAppMaster$ContainerLauncherRouter
15	Default file system [hdfs://msra-sa-41:9000]
16	Default file system [hdfs://msra-sa-41:9000]
17	Default file system [hdfs://msra-sa-41:9000]
18	Emitting job history data to the timeline server is not enabled
19	Registering class org.apache.hadoop.mapreduce.v2.app.job.event.JobFinishEvent$Type for class org.apache.hadoop.mapreduce.v2.app.MRAppMaster$JobFinishEventHandler
20	loaded properties from hadoop-metrics2.properties
21	Scheduled snapshot period at 10 second(s).
22	MRAppMaster metrics system started
23	Adding job token for job_1445144423722_0020 to jobTokenSecretManager
24	Not uberizing job_1445144423722_0020 because: not enabled; too many maps; too much input;
25	Input size for job job_1445144423722_0020 = 1256521728. Number of splits = 10
26	Number of reduces for job job_1445144423722_0020 = 1
27	job_1445144423722_0020Job Transitioned from NEW to INITED
28	"MRAppMaster launching normal, non-uberized, multi-container job job_1445144423722_0020."
29	Using callQueue class java.util.concurrent.LinkedBlockingQueue
30	Starting Socket Reader #1 for port 62260
31	Adding protocol org.apache.hadoop.mapreduce.v2.api.MRClientProtocolPB to the server
32	Instantiated MRClientService at MININT-FNANLI5.fareast.corp.microsoft.com/10.86.169.121:62260
33	IPC Server Responder: starting
34	IPC Server listener on 62260: starting
35	Logging to org.slf4j.impl.Log4jLoggerAdapter(org.mortbay.log) via org.mortbay.log.Slf4jLog
36	Http request log for http.requests.mapreduce is not defined
37	Added global filter 'safety' (class=org.apache.hadoop.http.HttpServer2$QuotingInputFilter)
38	Added filter AM_PROXY_FILTER (class=org.apache.hadoop.yarn.server.webproxy.amfilter.AmIpFilter) to context mapreduce
39	Added filter AM_PROXY_FILTER (class=org.apache.hadoop.yarn.server.webproxy.amfilter.AmIpFilter) to context static
40	adding path spec: /mapreduce/*
41	adding path spec: /ws/*
42	Jetty bound to port 62267
43	jetty-6.1.26
44	Extract jar:file:/D:/hadoop-2.6.0-localbox/share/hadoop/yarn/hadoop-yarn-common-2.6.0-SNAPSHOT.jar!/webapps/mapreduce to C:\Users\msrabi\AppData\Local\Temp\Jetty_0_0_0_0_62267_mapreduce____.8n7xum\webapp
45	Started HttpServer2$SelectChannelConnectorWithSafeStartup@0.0.0.0:62267
46	Web app /mapreduce started at 62267
47	Registered webapp guice modules
48	Using callQueue class java.util.concurrent.LinkedBlockingQueue
49	JOB_CREATE job_1445144423722_0020
50	nodeBlacklistingEnabled:true
51	maxTaskFailuresPerNode is 3
52	blacklistDisablePercent is 33
53	Starting Socket Reader #1 for port 62270
54	IPC Server listener on 62270: starting
55	IPC Server Responder: starting
56	Connecting to ResourceManager at msra-sa-41/10.190.173.170:8030
57	"maxContainerCapability: <memory:8192, vCores:32>"
58	queue: default
59	Upper limit on the thread pool size is 500
60	yarn.client.max-cached-nodemanagers-proxies : 0
61	job_1445144423722_0020Job Transitioned from INITED to SETUP
62	Processing the event EventType: JOB_SETUP
63	job_1445144423722_0020Job Transitioned from SETUP to RUNNING
64	Resolved MSRA-SA-39.fareast.corp.microsoft.com to /default-rack
65	Resolved MSRA-SA-41.fareast.corp.microsoft.com to /default-rack
66	task_1445144423722_0020_m_000000 Task Transitioned from NEW to SCHEDULED
67	Resolved MSRA-SA-39.fareast.corp.microsoft.com to /default-rack
68	Resolved MSRA-SA-41.fareast.corp.microsoft.com to /default-rack
69	task_1445144423722_0020_m_000001 Task Transitioned from NEW to SCHEDULED
70	Resolved MSRA-SA-39.fareast.corp.microsoft.com to /default-rack
71	Resolved MSRA-SA-41.fareast.corp.microsoft.com to /default-rack
72	task_1445144423722_0020_m_000002 Task Transitioned from NEW to SCHEDULED
73	Resolved MSRA-SA-39.fareast.corp.microsoft.com to /default-rack
74	Resolved MSRA-SA-41.fareast.corp.microsoft.com to /default-rack
75	task_1445144423722_0020_m_000003 Task Transitioned from NEW to SCHEDULED
76	Resolved MSRA-SA-39.fareast.corp.microsoft.com to /default-rack
77	Resolved MSRA-SA-41.fareast.corp.microsoft.com to /default-rack
78	task_1445144423722_0020_m_000004 Task Transitioned from NEW to SCHEDULED
79	Resolved MSRA-SA-39.fareast.corp.microsoft.com to /default-rack
80	Resolved MSRA-SA-41.fareast.corp.microsoft.com to /default-rack
81	task_1445144423722_0020_m_000005 Task Transitioned from NEW to SCHEDULED
82	Resolved MSRA-SA-39.fareast.corp.microsoft.com to /default-rack
83	Resolved MSRA-SA-41.fareast.corp.microsoft.com to /default-rack
84	task_1445144423722_0020_m_000006 Task Transitioned from NEW to SCHEDULED
85	Resolved MSRA-SA-39.fareast.corp.microsoft.com to /default-rack
86	Resolved MSRA-SA-41.fareast.corp.microsoft.com to /default-rack
87	task_1445144423722_0020_m_000007 Task Transitioned from NEW to SCHEDULED
88	Resolved MSRA-SA-39.fareast.corp.microsoft.com to /default-rack
89	Resolved MSRA-SA-41.fareast.corp.microsoft.com to /default-rack
90	task_1445144423722_0020_m_000008 Task Transitioned from NEW to SCHEDULED
91	Resolved MSRA-SA-39.fareast.corp.microsoft.com to /default-rack
92	Resolved MSRA-SA-41.fareast.corp.microsoft.com to /default-rack
93	task_1445144423722_0020_m_000009 Task Transitioned from NEW to SCHEDULED
94	task_1445144423722_0020_r_000000 Task Transitioned from NEW to SCHEDULED
95	attempt_1445144423722_0020_m_000000_0 TaskAttempt Transitioned from NEW to UNASSIGNED
96	attempt_1445144423722_0020_m_000001_0 TaskAttempt Transitioned from NEW to UNASSIGNED
97	attempt_1445144423722_0020_m_000002_0 TaskAttempt Transitioned from NEW to UNASSIGNED
98	attempt_1445144423722_0020_m_000003_0 TaskAttempt Transitioned from NEW to UNASSIGNED
99	attempt_1445144423722_0020_m_000004_0 TaskAttempt Transitioned from NEW to UNASSIGNED
100	attempt_1445144423722_0020_m_000005_0 TaskAttempt Transitioned from NEW to UNASSIGNED
101	attempt_1445144423722_0020_m_000006_0 TaskAttempt Transitioned from NEW to UNASSIGNED
102	attempt_1445144423722_0020_m_000007_0 TaskAttempt Transitioned from NEW to UNASSIGNED
103	attempt_1445144423722_0020_m_000008_0 TaskAttempt Transitioned from NEW to UNASSIGNED
104	attempt_1445144423722_0020_m_000009_0 TaskAttempt Transitioned from NEW to UNASSIGNED
105	attempt_1445144423722_0020_r_000000_0 TaskAttempt Transitioned from NEW to UNASSIGNED
106	"mapResourceRequest:<memory:1024, vCores:1>"
107	"Event Writer setup for JobId: job_1445144423722_0020, File: hdfs://msra-sa-41:9000/tmp/hadoop-yarn/staging/msrabi/.staging/job_1445144423722_0020/job_1445144423722_0020_1.jhist"
108	"reduceResourceRequest:<memory:1024, vCores:1>"
109	Before Scheduling: PendingReds:1 ScheduledMaps:10 ScheduledReds:0 AssignedMaps:0 AssignedReds:0 CompletedMaps:0 CompletedReds:0 ContAlloc:0 ContRel:0 HostLocal:0 RackLocal:0
110	"getResources() for application_1445144423722_0020: ask=4 release= 0 newContainers=0 finishedContainers=0 resourcelimit=<memory:10240, vCores:-17> knownNMs=4"
111	"Recalculating schedule, headroom=<memory:10240, vCores:-17>"
112	Reduce slow start threshold not met. completedMapsForReduceSlowstart 1
113	"Recalculating schedule, headroom=<memory:10240, vCores:-17>"
114	Reduce slow start threshold not met. completedMapsForReduceSlowstart 1
115	Got allocated containers 1
116	Resolved 04DN8IQ.fareast.corp.microsoft.com to /default-rack
117	Assigned container container_1445144423722_0020_01_000002 to attempt_1445144423722_0020_m_000000_0
118	"Recalculating schedule, headroom=<memory:8192, vCores:-19>"
119	Reduce slow start threshold not met. completedMapsForReduceSlowstart 1
120	After Scheduling: PendingReds:1 ScheduledMaps:9 ScheduledReds:0 AssignedMaps:1 AssignedReds:0 CompletedMaps:0 CompletedReds:0 ContAlloc:1 ContRel:0 HostLocal:0 RackLocal:1
121	Resolved 04DN8IQ.fareast.corp.microsoft.com to /default-rack
122	The job-jar file on the remote FS is hdfs://msra-sa-41:9000/tmp/hadoop-yarn/staging/msrabi/.staging/job_1445144423722_0020/job.jar
123	The job-conf file on the remote FS is /tmp/hadoop-yarn/staging/msrabi/.staging/job_1445144423722_0020/job.xml
124	Adding #0 tokens and #1 secret keys for NM use for launching container
125	Size of containertokens_dob is 1
126	Putting shuffle token in serviceData
127	attempt_1445144423722_0020_m_000000_0 TaskAttempt Transitioned from UNASSIGNED to ASSIGNED
128	Processing the event EventType: CONTAINER_REMOTE_LAUNCH for container container_1445144423722_0020_01_000002 taskAttempt attempt_1445144423722_0020_m_000000_0
129	Launching attempt_1445144423722_0020_m_000000_0
130	Opening proxy : 04DN8IQ.fareast.corp.microsoft.com:54883
131	Shuffle port returned by ContainerManager for attempt_1445144423722_0020_m_000000_0 : 13562
132	TaskAttempt: [attempt_1445144423722_0020_m_000000_0] using containerId: [container_1445144423722_0020_01_000002 on NM: [04DN8IQ.fareast.corp.microsoft.com:54883]
133	attempt_1445144423722_0020_m_000000_0 TaskAttempt Transitioned from ASSIGNED to RUNNING
134	ATTEMPT_START task_1445144423722_0020_m_000000
135	task_1445144423722_0020_m_000000 Task Transitioned from SCHEDULED to RUNNING
136	"getResources() for application_1445144423722_0020: ask=4 release= 0 newContainers=0 finishedContainers=0 resourcelimit=<memory:7168, vCores:-20> knownNMs=4"
137	"Recalculating schedule, headroom=<memory:7168, vCores:-20>"
138	Reduce slow start threshold not met. completedMapsForReduceSlowstart 1
139	Got allocated containers 1
140	Resolved MININT-FNANLI5.fareast.corp.microsoft.com to /default-rack
141	Assigned container container_1445144423722_0020_01_000003 to attempt_1445144423722_0020_m_000001_0
142	"Recalculating schedule, headroom=<memory:5120, vCores:-22>"
143	Reduce slow start threshold not met. completedMapsForReduceSlowstart 1
144	After Scheduling: PendingReds:1 ScheduledMaps:8 ScheduledReds:0 AssignedMaps:2 AssignedReds:0 CompletedMaps:0 CompletedReds:0 ContAlloc:2 ContRel:0 HostLocal:0 RackLocal:2
145	Resolved MININT-FNANLI5.fareast.corp.microsoft.com to /default-rack
146	attempt_1445144423722_0020_m_000001_0 TaskAttempt Transitioned from UNASSIGNED to ASSIGNED
147	Processing the event EventType: CONTAINER_REMOTE_LAUNCH for container container_1445144423722_0020_01_000003 taskAttempt attempt_1445144423722_0020_m_000001_0
148	Launching attempt_1445144423722_0020_m_000001_0
149	Opening proxy : MININT-FNANLI5.fareast.corp.microsoft.com:52368
150	Shuffle port returned by ContainerManager for attempt_1445144423722_0020_m_000001_0 : 13562
151	TaskAttempt: [attempt_1445144423722_0020_m_000001_0] using containerId: [container_1445144423722_0020_01_000003 on NM: [MININT-FNANLI5.fareast.corp.microsoft.com:52368]
152	attempt_1445144423722_0020_m_000001_0 TaskAttempt Transitioned from ASSIGNED to RUNNING
153	ATTEMPT_START task_1445144423722_0020_m_000001
154	task_1445144423722_0020_m_000001 Task Transitioned from SCHEDULED to RUNNING
155	"getResources() for application_1445144423722_0020: ask=4 release= 0 newContainers=0 finishedContainers=0 resourcelimit=<memory:4096, vCores:-23> knownNMs=4"
156	"Recalculating schedule, headroom=<memory:4096, vCores:-23>"
157	Reduce slow start threshold not met. completedMapsForReduceSlowstart 1
158	Got allocated containers 1
159	Resolved MININT-FNANLI5.fareast.corp.microsoft.com to /default-rack
160	Assigned container container_1445144423722_0020_01_000004 to attempt_1445144423722_0020_m_000002_0
161	"Recalculating schedule, headroom=<memory:3072, vCores:-24>"
162	Reduce slow start threshold not met. completedMapsForReduceSlowstart 1
163	After Scheduling: PendingReds:1 ScheduledMaps:7 ScheduledReds:0 AssignedMaps:3 AssignedReds:0 CompletedMaps:0 CompletedReds:0 ContAlloc:3 ContRel:0 HostLocal:0 RackLocal:3
164	Resolved MININT-FNANLI5.fareast.corp.microsoft.com to /default-rack
165	attempt_1445144423722_0020_m_000002_0 TaskAttempt Transitioned from UNASSIGNED to ASSIGNED
166	Processing the event EventType: CONTAINER_REMOTE_LAUNCH for container container_1445144423722_0020_01_000004 taskAttempt attempt_1445144423722_0020_m_000002_0
167	Launching attempt_1445144423722_0020_m_000002_0
168	Opening proxy : MININT-FNANLI5.fareast.corp.microsoft.com:52368
169	Shuffle port returned by ContainerManager for attempt_1445144423722_0020_m_000002_0 : 13562
170	TaskAttempt: [attempt_1445144423722_0020_m_000002_0] using containerId: [container_1445144423722_0020_01_000004 on NM: [MININT-FNANLI5.fareast.corp.microsoft.com:52368]
171	attempt_1445144423722_0020_m_000002_0 TaskAttempt Transitioned from ASSIGNED to RUNNING
172	ATTEMPT_START task_1445144423722_0020_m_000002
173	task_1445144423722_0020_m_000002 Task Transitioned from SCHEDULED to RUNNING
174	"getResources() for application_1445144423722_0020: ask=4 release= 0 newContainers=0 finishedContainers=0 resourcelimit=<memory:1024, vCores:-26> knownNMs=4"
175	"Recalculating schedule, headroom=<memory:1024, vCores:-26>"
176	Reduce slow start threshold not met. completedMapsForReduceSlowstart 1
177	Auth successful for job_1445144423722_0020 (auth:SIMPLE)
178	JVM with ID : jvm_1445144423722_0020_m_000002 asked for a task
179	JVM with ID: jvm_1445144423722_0020_m_000002 given task: attempt_1445144423722_0020_m_000000_0
180	"Recalculating schedule, headroom=<memory:1024, vCores:-26>"
181	Reduce slow start threshold not met. completedMapsForReduceSlowstart 1
182	"Recalculating schedule, headroom=<memory:0, vCores:-27>"
183	Reduce slow start threshold not met. completedMapsForReduceSlowstart 1
184	"Recalculating schedule, headroom=<memory:0, vCores:-27>"
185	Reduce slow start threshold not met. completedMapsForReduceSlowstart 1
186	Auth successful for job_1445144423722_0020 (auth:SIMPLE)
187	JVM with ID : jvm_1445144423722_0020_m_000003 asked for a task
188	JVM with ID: jvm_1445144423722_0020_m_000003 given task: attempt_1445144423722_0020_m_000001_0
189	"Recalculating schedule, headroom=<memory:0, vCores:-27>"
190	Reduce slow start threshold not met. completedMapsForReduceSlowstart 1
191	"Recalculating schedule, headroom=<memory:0, vCores:-27>"
192	Reduce slow start threshold not met. completedMapsForReduceSlowstart 1
193	"Recalculating schedule, headroom=<memory:0, vCores:-27>"
194	Reduce slow start threshold not met. completedMapsForReduceSlowstart 1
195	"Recalculating schedule, headroom=<memory:0, vCores:-27>"
196	Reduce slow start threshold not met. completedMapsForReduceSlowstart 1
197	"Recalculating schedule, headroom=<memory:0, vCores:-27>"
198	Reduce slow start threshold not met. completedMapsForReduceSlowstart 1
199	"Recalculating schedule, headroom=<memory:0, vCores:-27>"
200	Reduce slow start threshold not met. completedMapsForReduceSlowstart 1
201	"Recalculating schedule, headroom=<memory:0, vCores:-27>"
202	Reduce slow start threshold not met. completedMapsForReduceSlowstart 1
203	Auth successful for job_1445144423722_0020 (auth:SIMPLE)
204	JVM with ID : jvm_1445144423722_0020_m_000004 asked for a task
205	JVM with ID: jvm_1445144423722_0020_m_000004 given task: attempt_1445144423722_0020_m_000002_0
206	"Recalculating schedule, headroom=<memory:0, vCores:-27>"
207	Reduce slow start threshold not met. completedMapsForReduceSlowstart 1
208	"Recalculating schedule, headroom=<memory:0, vCores:-27>"
209	Reduce slow start threshold not met. completedMapsForReduceSlowstart 1
210	"Recalculating schedule, headroom=<memory:0, vCores:-27>"
211	Reduce slow start threshold not met. completedMapsForReduceSlowstart 1
212	Progress of TaskAttempt attempt_1445144423722_0020_m_000000_0 is : 0.023958297
213	"Recalculating schedule, headroom=<memory:0, vCores:-27>"
214	Reduce slow start threshold not met. completedMapsForReduceSlowstart 1
215	"Recalculating schedule, headroom=<memory:0, vCores:-27>"
216	Reduce slow start threshold not met. completedMapsForReduceSlowstart 1
217	"Recalculating schedule, headroom=<memory:0, vCores:-27>"
218	Reduce slow start threshold not met. completedMapsForReduceSlowstart 1
219	"Recalculating schedule, headroom=<memory:0, vCores:-27>"
220	Reduce slow start threshold not met. completedMapsForReduceSlowstart 1
221	Progress of TaskAttempt attempt_1445144423722_0020_m_000000_0 is : 0.065791264
222	"Recalculating schedule, headroom=<memory:0, vCores:-27>"
223	Reduce slow start threshold not met. completedMapsForReduceSlowstart 1
224	Progress of TaskAttempt attempt_1445144423722_0020_m_000001_0 is : 0.05713628
225	"Recalculating schedule, headroom=<memory:0, vCores:-27>"
226	Reduce slow start threshold not met. completedMapsForReduceSlowstart 1
227	"Recalculating schedule, headroom=<memory:0, vCores:-27>"
228	Reduce slow start threshold not met. completedMapsForReduceSlowstart 1
229	"Recalculating schedule, headroom=<memory:0, vCores:-27>"
230	Reduce slow start threshold not met. completedMapsForReduceSlowstart 1
231	Progress of TaskAttempt attempt_1445144423722_0020_m_000000_0 is : 0.10004553
232	Progress of TaskAttempt attempt_1445144423722_0020_m_000001_0 is : 0.079464614
233	Progress of TaskAttempt attempt_1445144423722_0020_m_000002_0 is : 0.06741504
234	"Recalculating schedule, headroom=<memory:0, vCores:-27>"
235	Reduce slow start threshold not met. completedMapsForReduceSlowstart 1
236	"Recalculating schedule, headroom=<memory:0, vCores:-27>"
237	Reduce slow start threshold not met. completedMapsForReduceSlowstart 1
238	"Recalculating schedule, headroom=<memory:0, vCores:-27>"
239	Reduce slow start threshold not met. completedMapsForReduceSlowstart 1
240	Progress of TaskAttempt attempt_1445144423722_0020_m_000000_0 is : 0.10635664
241	"Recalculating schedule, headroom=<memory:0, vCores:-27>"
242	Reduce slow start threshold not met. completedMapsForReduceSlowstart 1
243	Progress of TaskAttempt attempt_1445144423722_0020_m_000001_0 is : 0.10501281
244	Progress of TaskAttempt attempt_1445144423722_0020_m_000002_0 is : 0.103304505
245	"Recalculating schedule, headroom=<memory:0, vCores:-27>"
246	Reduce slow start threshold not met. completedMapsForReduceSlowstart 1
247	"Recalculating schedule, headroom=<memory:0, vCores:-27>"
248	Reduce slow start threshold not met. completedMapsForReduceSlowstart 1
249	Progress of TaskAttempt attempt_1445144423722_0020_m_000000_0 is : 0.10635664
250	"Recalculating schedule, headroom=<memory:0, vCores:-27>"
251	Reduce slow start threshold not met. completedMapsForReduceSlowstart 1
252	Progress of TaskAttempt attempt_1445144423722_0020_m_000001_0 is : 0.1066108
253	Progress of TaskAttempt attempt_1445144423722_0020_m_000002_0 is : 0.10660437
254	"Recalculating schedule, headroom=<memory:0, vCores:-27>"
255	Reduce slow start threshold not met. completedMapsForReduceSlowstart 1
256	"Recalculating schedule, headroom=<memory:0, vCores:-27>"
257	Reduce slow start threshold not met. completedMapsForReduceSlowstart 1
258	"Recalculating schedule, headroom=<memory:0, vCores:-27>"
259	Reduce slow start threshold not met. completedMapsForReduceSlowstart 1
260	Progress of TaskAttempt attempt_1445144423722_0020_m_000000_0 is : 0.10635664
261	Progress of TaskAttempt attempt_1445144423722_0020_m_000001_0 is : 0.1066108
262	"Recalculating schedule, headroom=<memory:0, vCores:-27>"
263	Reduce slow start threshold not met. completedMapsForReduceSlowstart 1
264	Progress of TaskAttempt attempt_1445144423722_0020_m_000002_0 is : 0.10660437
265	"Recalculating schedule, headroom=<memory:0, vCores:-27>"
266	Reduce slow start threshold not met. completedMapsForReduceSlowstart 1
267	"Recalculating schedule, headroom=<memory:0, vCores:-27>"
268	Reduce slow start threshold not met. completedMapsForReduceSlowstart 1
269	Progress of TaskAttempt attempt_1445144423722_0020_m_000000_0 is : 0.10635664
270	Progress of TaskAttempt attempt_1445144423722_0020_m_000001_0 is : 0.1066108
271	"Recalculating schedule, headroom=<memory:0, vCores:-27>"
272	Reduce slow start threshold not met. completedMapsForReduceSlowstart 1
273	Progress of TaskAttempt attempt_1445144423722_0020_m_000002_0 is : 0.10660437
274	"Recalculating schedule, headroom=<memory:0, vCores:-27>"
275	Reduce slow start threshold not met. completedMapsForReduceSlowstart 1
276	"Recalculating schedule, headroom=<memory:0, vCores:-27>"
277	Reduce slow start threshold not met. completedMapsForReduceSlowstart 1
278	Progress of TaskAttempt attempt_1445144423722_0020_m_000000_0 is : 0.10635664
279	"Recalculating schedule, headroom=<memory:0, vCores:-27>"
280	Reduce slow start threshold not met. completedMapsForReduceSlowstart 1
281	Progress of TaskAttempt attempt_1445144423722_0020_m_000001_0 is : 0.1066108
282	Progress of TaskAttempt attempt_1445144423722_0020_m_000002_0 is : 0.10660437
283	"Recalculating schedule, headroom=<memory:0, vCores:-27>"
284	Reduce slow start threshold not met. completedMapsForReduceSlowstart 1
285	"Recalculating schedule, headroom=<memory:0, vCores:-27>"
286	Reduce slow start threshold not met. completedMapsForReduceSlowstart 1
287	"Recalculating schedule, headroom=<memory:0, vCores:-27>"
288	Reduce slow start threshold not met. completedMapsForReduceSlowstart 1
289	Progress of TaskAttempt attempt_1445144423722_0020_m_000000_0 is : 0.10635664
290	"Recalculating schedule, headroom=<memory:0, vCores:-27>"
291	Reduce slow start threshold not met. completedMapsForReduceSlowstart 1
292	Progress of TaskAttempt attempt_1445144423722_0020_m_000001_0 is : 0.1066108
293	Progress of TaskAttempt attempt_1445144423722_0020_m_000002_0 is : 0.10660437
294	Got allocated containers 1
295	Assigned container container_1445144423722_0020_01_000005 to attempt_1445144423722_0020_m_000003_0
296	"Recalculating schedule, headroom=<memory:0, vCores:-27>"
297	Reduce slow start threshold not met. completedMapsForReduceSlowstart 1
298	After Scheduling: PendingReds:1 ScheduledMaps:6 ScheduledReds:0 AssignedMaps:4 AssignedReds:0 CompletedMaps:0 CompletedReds:0 ContAlloc:4 ContRel:0 HostLocal:1 RackLocal:3
299	Resolved MSRA-SA-41.fareast.corp.microsoft.com to /default-rack
300	attempt_1445144423722_0020_m_000003_0 TaskAttempt Transitioned from UNASSIGNED to ASSIGNED
301	Processing the event EventType: CONTAINER_REMOTE_LAUNCH for container container_1445144423722_0020_01_000005 taskAttempt attempt_1445144423722_0020_m_000003_0
302	Launching attempt_1445144423722_0020_m_000003_0
303	Opening proxy : MSRA-SA-41.fareast.corp.microsoft.com:7109
304	Shuffle port returned by ContainerManager for attempt_1445144423722_0020_m_000003_0 : 13562
305	TaskAttempt: [attempt_1445144423722_0020_m_000003_0] using containerId: [container_1445144423722_0020_01_000005 on NM: [MSRA-SA-41.fareast.corp.microsoft.com:7109]
306	attempt_1445144423722_0020_m_000003_0 TaskAttempt Transitioned from ASSIGNED to RUNNING
307	ATTEMPT_START task_1445144423722_0020_m_000003
308	task_1445144423722_0020_m_000003 Task Transitioned from SCHEDULED to RUNNING
309	"getResources() for application_1445144423722_0020: ask=4 release= 0 newContainers=0 finishedContainers=0 resourcelimit=<memory:0, vCores:-27> knownNMs=4"
310	"Recalculating schedule, headroom=<memory:0, vCores:-27>"
311	Reduce slow start threshold not met. completedMapsForReduceSlowstart 1
312	Progress of TaskAttempt attempt_1445144423722_0020_m_000000_0 is : 0.10635664
313	"Recalculating schedule, headroom=<memory:0, vCores:-27>"
314	Reduce slow start threshold not met. completedMapsForReduceSlowstart 1
315	Progress of TaskAttempt attempt_1445144423722_0020_m_000001_0 is : 0.1066108
316	Progress of TaskAttempt attempt_1445144423722_0020_m_000002_0 is : 0.10660437
317	Auth successful for job_1445144423722_0020 (auth:SIMPLE)
318	JVM with ID : jvm_1445144423722_0020_m_000005 asked for a task
319	JVM with ID: jvm_1445144423722_0020_m_000005 given task: attempt_1445144423722_0020_m_000003_0
320	"Recalculating schedule, headroom=<memory:0, vCores:-27>"
321	Reduce slow start threshold not met. completedMapsForReduceSlowstart 1
322	"Recalculating schedule, headroom=<memory:0, vCores:-27>"
323	Reduce slow start threshold not met. completedMapsForReduceSlowstart 1
324	"Recalculating schedule, headroom=<memory:0, vCores:-27>"
325	Reduce slow start threshold not met. completedMapsForReduceSlowstart 1
326	Progress of TaskAttempt attempt_1445144423722_0020_m_000000_0 is : 0.10635664
327	Progress of TaskAttempt attempt_1445144423722_0020_m_000001_0 is : 0.1066108
328	Progress of TaskAttempt attempt_1445144423722_0020_m_000002_0 is : 0.10660437
329	"Recalculating schedule, headroom=<memory:0, vCores:-27>"
330	Reduce slow start threshold not met. completedMapsForReduceSlowstart 1
331	"Recalculating schedule, headroom=<memory:0, vCores:-27>"
332	Reduce slow start threshold not met. completedMapsForReduceSlowstart 1
333	"Recalculating schedule, headroom=<memory:0, vCores:-27>"
334	Reduce slow start threshold not met. completedMapsForReduceSlowstart 1
335	Progress of TaskAttempt attempt_1445144423722_0020_m_000000_0 is : 0.10635664
336	"Recalculating schedule, headroom=<memory:0, vCores:-27>"
337	Reduce slow start threshold not met. completedMapsForReduceSlowstart 1
338	Progress of TaskAttempt attempt_1445144423722_0020_m_000001_0 is : 0.10875365
339	Progress of TaskAttempt attempt_1445144423722_0020_m_000002_0 is : 0.10660437
340	Progress of TaskAttempt attempt_1445144423722_0020_m_000003_0 is : 0.106493875
341	"Recalculating schedule, headroom=<memory:0, vCores:-27>"
342	Reduce slow start threshold not met. completedMapsForReduceSlowstart 1
343	"Recalculating schedule, headroom=<memory:0, vCores:-27>"
344	Reduce slow start threshold not met. completedMapsForReduceSlowstart 1
345	Progress of TaskAttempt attempt_1445144423722_0020_m_000000_0 is : 0.10635664
346	"Recalculating schedule, headroom=<memory:0, vCores:-27>"
347	Reduce slow start threshold not met. completedMapsForReduceSlowstart 1
348	Progress of TaskAttempt attempt_1445144423722_0020_m_000001_0 is : 0.14981231
349	Progress of TaskAttempt attempt_1445144423722_0020_m_000002_0 is : 0.13841225
350	Progress of TaskAttempt attempt_1445144423722_0020_m_000003_0 is : 0.106493875
351	"Recalculating schedule, headroom=<memory:0, vCores:-27>"
352	Reduce slow start threshold not met. completedMapsForReduceSlowstart 1
353	"Recalculating schedule, headroom=<memory:0, vCores:-27>"
354	Reduce slow start threshold not met. completedMapsForReduceSlowstart 1
355	Progress of TaskAttempt attempt_1445144423722_0020_m_000000_0 is : 0.1430594
356	"Recalculating schedule, headroom=<memory:0, vCores:-27>"
357	Reduce slow start threshold not met. completedMapsForReduceSlowstart 1
358	Progress of TaskAttempt attempt_1445144423722_0020_m_000001_0 is : 0.19084874
359	Progress of TaskAttempt attempt_1445144423722_0020_m_000003_0 is : 0.106493875
360	Progress of TaskAttempt attempt_1445144423722_0020_m_000002_0 is : 0.17293417
361	"Recalculating schedule, headroom=<memory:0, vCores:-27>"
362	Reduce slow start threshold not met. completedMapsForReduceSlowstart 1
363	"Recalculating schedule, headroom=<memory:0, vCores:-27>"
364	Reduce slow start threshold not met. completedMapsForReduceSlowstart 1
365	"Recalculating schedule, headroom=<memory:0, vCores:-27>"
366	Reduce slow start threshold not met. completedMapsForReduceSlowstart 1
367	Progress of TaskAttempt attempt_1445144423722_0020_m_000000_0 is : 0.1795899
368	Progress of TaskAttempt attempt_1445144423722_0020_m_000003_0 is : 0.17982168
369	Progress of TaskAttempt attempt_1445144423722_0020_m_000001_0 is : 0.19211523
370	Progress of TaskAttempt attempt_1445144423722_0020_m_000002_0 is : 0.19212553
371	"Recalculating schedule, headroom=<memory:0, vCores:-27>"
372	Reduce slow start threshold not met. completedMapsForReduceSlowstart 1
373	"Recalculating schedule, headroom=<memory:0, vCores:-27>"
374	Reduce slow start threshold not met. completedMapsForReduceSlowstart 1
375	"Recalculating schedule, headroom=<memory:0, vCores:-27>"
376	Reduce slow start threshold not met. completedMapsForReduceSlowstart 1
377	Progress of TaskAttempt attempt_1445144423722_0020_m_000003_0 is : 0.19209063
378	Progress of TaskAttempt attempt_1445144423722_0020_m_000000_0 is : 0.19158794
379	Progress of TaskAttempt attempt_1445144423722_0020_m_000001_0 is : 0.19211523
380	"Recalculating schedule, headroom=<memory:0, vCores:-27>"
381	Reduce slow start threshold not met. completedMapsForReduceSlowstart 1
382	Progress of TaskAttempt attempt_1445144423722_0020_m_000002_0 is : 0.19212553
383	"Recalculating schedule, headroom=<memory:0, vCores:-27>"
384	Reduce slow start threshold not met. completedMapsForReduceSlowstart 1
385	"Recalculating schedule, headroom=<memory:0, vCores:-27>"
386	Reduce slow start threshold not met. completedMapsForReduceSlowstart 1
387	Progress of TaskAttempt attempt_1445144423722_0020_m_000003_0 is : 0.19209063
388	Progress of TaskAttempt attempt_1445144423722_0020_m_000000_0 is : 0.19158794
389	"Recalculating schedule, headroom=<memory:0, vCores:-27>"
390	Reduce slow start threshold not met. completedMapsForReduceSlowstart 1
391	Progress of TaskAttempt attempt_1445144423722_0020_m_000001_0 is : 0.19211523
392	Progress of TaskAttempt attempt_1445144423722_0020_m_000002_0 is : 0.19212553
393	"Recalculating schedule, headroom=<memory:0, vCores:-27>"
394	Reduce slow start threshold not met. completedMapsForReduceSlowstart 1
395	"Recalculating schedule, headroom=<memory:0, vCores:-27>"
396	Reduce slow start threshold not met. completedMapsForReduceSlowstart 1
397	Progress of TaskAttempt attempt_1445144423722_0020_m_000003_0 is : 0.20639901
398	"Recalculating schedule, headroom=<memory:0, vCores:-27>"
399	Reduce slow start threshold not met. completedMapsForReduceSlowstart 1
400	Progress of TaskAttempt attempt_1445144423722_0020_m_000000_0 is : 0.19158794
401	Progress of TaskAttempt attempt_1445144423722_0020_m_000001_0 is : 0.19211523
402	Progress of TaskAttempt attempt_1445144423722_0020_m_000002_0 is : 0.19212553
403	"Recalculating schedule, headroom=<memory:0, vCores:-27>"
404	Reduce slow start threshold not met. completedMapsForReduceSlowstart 1
405	Progress of TaskAttempt attempt_1445144423722_0020_m_000003_0 is : 0.27765483
406	"Recalculating schedule, headroom=<memory:0, vCores:-27>"
407	Reduce slow start threshold not met. completedMapsForReduceSlowstart 1
408	"Recalculating schedule, headroom=<memory:0, vCores:-27>"
409	Reduce slow start threshold not met. completedMapsForReduceSlowstart 1
410	Progress of TaskAttempt attempt_1445144423722_0020_m_000000_0 is : 0.19158794
411	Progress of TaskAttempt attempt_1445144423722_0020_m_000001_0 is : 0.19211523
412	"Recalculating schedule, headroom=<memory:0, vCores:-27>"
413	Reduce slow start threshold not met. completedMapsForReduceSlowstart 1
414	Progress of TaskAttempt attempt_1445144423722_0020_m_000002_0 is : 0.19212553
415	Progress of TaskAttempt attempt_1445144423722_0020_m_000003_0 is : 0.27765483
416	"Recalculating schedule, headroom=<memory:0, vCores:-27>"
417	Reduce slow start threshold not met. completedMapsForReduceSlowstart 1
418	"Recalculating schedule, headroom=<memory:0, vCores:-27>"
419	Reduce slow start threshold not met. completedMapsForReduceSlowstart 1
420	Progress of TaskAttempt attempt_1445144423722_0020_m_000000_0 is : 0.19158794
421	"Recalculating schedule, headroom=<memory:0, vCores:-27>"
422	Reduce slow start threshold not met. completedMapsForReduceSlowstart 1
423	Progress of TaskAttempt attempt_1445144423722_0020_m_000001_0 is : 0.19211523
424	Progress of TaskAttempt attempt_1445144423722_0020_m_000003_0 is : 0.27765483
425	Progress of TaskAttempt attempt_1445144423722_0020_m_000002_0 is : 0.19212553
426	"Recalculating schedule, headroom=<memory:0, vCores:-27>"
427	Reduce slow start threshold not met. completedMapsForReduceSlowstart 1
428	"Recalculating schedule, headroom=<memory:0, vCores:-27>"
429	Reduce slow start threshold not met. completedMapsForReduceSlowstart 1
430	Progress of TaskAttempt attempt_1445144423722_0020_m_000000_0 is : 0.19158794
431	Progress of TaskAttempt attempt_1445144423722_0020_m_000001_0 is : 0.19211523
432	"Recalculating schedule, headroom=<memory:0, vCores:-27>"
433	Reduce slow start threshold not met. completedMapsForReduceSlowstart 1
434	Progress of TaskAttempt attempt_1445144423722_0020_m_000003_0 is : 0.358454
435	Progress of TaskAttempt attempt_1445144423722_0020_m_000002_0 is : 0.19212553
436	"Recalculating schedule, headroom=<memory:0, vCores:-27>"
437	Reduce slow start threshold not met. completedMapsForReduceSlowstart 1
438	"Recalculating schedule, headroom=<memory:0, vCores:-27>"
439	Reduce slow start threshold not met. completedMapsForReduceSlowstart 1
440	Progress of TaskAttempt attempt_1445144423722_0020_m_000003_0 is : 0.36323506
441	Progress of TaskAttempt attempt_1445144423722_0020_m_000000_0 is : 0.19158794
442	"Recalculating schedule, headroom=<memory:0, vCores:-27>"
443	Reduce slow start threshold not met. completedMapsForReduceSlowstart 1
444	Progress of TaskAttempt attempt_1445144423722_0020_m_000001_0 is : 0.19211523
445	Progress of TaskAttempt attempt_1445144423722_0020_m_000002_0 is : 0.19212553
446	"Recalculating schedule, headroom=<memory:0, vCores:-27>"
447	Reduce slow start threshold not met. completedMapsForReduceSlowstart 1
448	"Recalculating schedule, headroom=<memory:0, vCores:-27>"
449	Reduce slow start threshold not met. completedMapsForReduceSlowstart 1
450	Progress of TaskAttempt attempt_1445144423722_0020_m_000003_0 is : 0.36323506
451	Progress of TaskAttempt attempt_1445144423722_0020_m_000000_0 is : 0.19158794
452	"Recalculating schedule, headroom=<memory:0, vCores:-27>"
453	Reduce slow start threshold not met. completedMapsForReduceSlowstart 1
454	Progress of TaskAttempt attempt_1445144423722_0020_m_000001_0 is : 0.20757815
455	Progress of TaskAttempt attempt_1445144423722_0020_m_000002_0 is : 0.19212553
456	"Recalculating schedule, headroom=<memory:0, vCores:-27>"
457	Reduce slow start threshold not met. completedMapsForReduceSlowstart 1
458	"Recalculating schedule, headroom=<memory:0, vCores:-27>"
459	Reduce slow start threshold not met. completedMapsForReduceSlowstart 1
460	Progress of TaskAttempt attempt_1445144423722_0020_m_000003_0 is : 0.36323506
461	Progress of TaskAttempt attempt_1445144423722_0020_m_000000_0 is : 0.19158794
462	"Recalculating schedule, headroom=<memory:0, vCores:-27>"
463	Reduce slow start threshold not met. completedMapsForReduceSlowstart 1
464	Progress of TaskAttempt attempt_1445144423722_0020_m_000001_0 is : 0.24035259
465	Progress of TaskAttempt attempt_1445144423722_0020_m_000002_0 is : 0.22765201
466	"Recalculating schedule, headroom=<memory:0, vCores:-27>"
467	Reduce slow start threshold not met. completedMapsForReduceSlowstart 1
468	Progress of TaskAttempt attempt_1445144423722_0020_m_000003_0 is : 0.4486067
469	"Recalculating schedule, headroom=<memory:0, vCores:-27>"
470	Reduce slow start threshold not met. completedMapsForReduceSlowstart 1
471	"Recalculating schedule, headroom=<memory:0, vCores:-27>"
472	Reduce slow start threshold not met. completedMapsForReduceSlowstart 1
473	Progress of TaskAttempt attempt_1445144423722_0020_m_000000_0 is : 0.19716828
474	Progress of TaskAttempt attempt_1445144423722_0020_m_000001_0 is : 0.26542902
475	Progress of TaskAttempt attempt_1445144423722_0020_m_000002_0 is : 0.26314905
476	"Recalculating schedule, headroom=<memory:0, vCores:-27>"
477	Reduce slow start threshold not met. completedMapsForReduceSlowstart 1
478	Progress of TaskAttempt attempt_1445144423722_0020_m_000003_0 is : 0.4486067
479	"Recalculating schedule, headroom=<memory:0, vCores:-27>"
480	Reduce slow start threshold not met. completedMapsForReduceSlowstart 1
481	"Recalculating schedule, headroom=<memory:0, vCores:-27>"
482	Reduce slow start threshold not met. completedMapsForReduceSlowstart 1
483	Progress of TaskAttempt attempt_1445144423722_0020_m_000000_0 is : 0.23859076
484	Progress of TaskAttempt attempt_1445144423722_0020_m_000001_0 is : 0.27776006
485	"Recalculating schedule, headroom=<memory:0, vCores:-27>"
486	Reduce slow start threshold not met. completedMapsForReduceSlowstart 1
487	Progress of TaskAttempt attempt_1445144423722_0020_m_000002_0 is : 0.27772525
488	Progress of TaskAttempt attempt_1445144423722_0020_m_000003_0 is : 0.4486067
489	"Recalculating schedule, headroom=<memory:0, vCores:-27>"
490	Reduce slow start threshold not met. completedMapsForReduceSlowstart 1
491	"Recalculating schedule, headroom=<memory:0, vCores:-27>"
492	Reduce slow start threshold not met. completedMapsForReduceSlowstart 1
493	Progress of TaskAttempt attempt_1445144423722_0020_m_000001_0 is : 0.27776006
494	"Recalculating schedule, headroom=<memory:0, vCores:-27>"
495	Reduce slow start threshold not met. completedMapsForReduceSlowstart 1
496	Progress of TaskAttempt attempt_1445144423722_0020_m_000000_0 is : 0.2754006
497	Progress of TaskAttempt attempt_1445144423722_0020_m_000002_0 is : 0.27772525
498	Progress of TaskAttempt attempt_1445144423722_0020_m_000003_0 is : 0.5091932
499	"Recalculating schedule, headroom=<memory:0, vCores:-27>"
500	Reduce slow start threshold not met. completedMapsForReduceSlowstart 1
501	"Recalculating schedule, headroom=<memory:0, vCores:-27>"
502	Reduce slow start threshold not met. completedMapsForReduceSlowstart 1
503	"Recalculating schedule, headroom=<memory:0, vCores:-27>"
504	Reduce slow start threshold not met. completedMapsForReduceSlowstart 1
505	Progress of TaskAttempt attempt_1445144423722_0020_m_000001_0 is : 0.27776006
506	Progress of TaskAttempt attempt_1445144423722_0020_m_000000_0 is : 0.27696857
507	Progress of TaskAttempt attempt_1445144423722_0020_m_000003_0 is : 0.5343203
508	Progress of TaskAttempt attempt_1445144423722_0020_m_000002_0 is : 0.27772525
509	"Recalculating schedule, headroom=<memory:0, vCores:-27>"
510	Reduce slow start threshold not met. completedMapsForReduceSlowstart 1
511	"Recalculating schedule, headroom=<memory:0, vCores:-27>"
512	Reduce slow start threshold not met. completedMapsForReduceSlowstart 1
513	Got allocated containers 2
514	Assigned container container_1445144423722_0020_01_000006 to attempt_1445144423722_0020_m_000004_0
515	Assigned container container_1445144423722_0020_01_000007 to attempt_1445144423722_0020_m_000005_0
516	"Recalculating schedule, headroom=<memory:0, vCores:-27>"
517	Reduce slow start threshold not met. completedMapsForReduceSlowstart 1
518	After Scheduling: PendingReds:1 ScheduledMaps:4 ScheduledReds:0 AssignedMaps:6 AssignedReds:0 CompletedMaps:0 CompletedReds:0 ContAlloc:6 ContRel:0 HostLocal:3 RackLocal:3
519	Resolved MSRA-SA-41.fareast.corp.microsoft.com to /default-rack
520	attempt_1445144423722_0020_m_000004_0 TaskAttempt Transitioned from UNASSIGNED to ASSIGNED
521	Resolved MSRA-SA-41.fareast.corp.microsoft.com to /default-rack
522	attempt_1445144423722_0020_m_000005_0 TaskAttempt Transitioned from UNASSIGNED to ASSIGNED
523	Processing the event EventType: CONTAINER_REMOTE_LAUNCH for container container_1445144423722_0020_01_000006 taskAttempt attempt_1445144423722_0020_m_000004_0
524	Launching attempt_1445144423722_0020_m_000004_0
525	Opening proxy : MSRA-SA-41.fareast.corp.microsoft.com:7109
526	Processing the event EventType: CONTAINER_REMOTE_LAUNCH for container container_1445144423722_0020_01_000007 taskAttempt attempt_1445144423722_0020_m_000005_0
527	Launching attempt_1445144423722_0020_m_000005_0
528	Opening proxy : MSRA-SA-41.fareast.corp.microsoft.com:7109
529	Shuffle port returned by ContainerManager for attempt_1445144423722_0020_m_000004_0 : 13562
530	TaskAttempt: [attempt_1445144423722_0020_m_000004_0] using containerId: [container_1445144423722_0020_01_000006 on NM: [MSRA-SA-41.fareast.corp.microsoft.com:7109]
531	attempt_1445144423722_0020_m_000004_0 TaskAttempt Transitioned from ASSIGNED to RUNNING
532	ATTEMPT_START task_1445144423722_0020_m_000004
533	task_1445144423722_0020_m_000004 Task Transitioned from SCHEDULED to RUNNING
534	Shuffle port returned by ContainerManager for attempt_1445144423722_0020_m_000005_0 : 13562
535	Progress of TaskAttempt attempt_1445144423722_0020_m_000003_0 is : 0.5343203
536	TaskAttempt: [attempt_1445144423722_0020_m_000005_0] using containerId: [container_1445144423722_0020_01_000007 on NM: [MSRA-SA-41.fareast.corp.microsoft.com:7109]
537	attempt_1445144423722_0020_m_000005_0 TaskAttempt Transitioned from ASSIGNED to RUNNING
538	ATTEMPT_START task_1445144423722_0020_m_000005
539	task_1445144423722_0020_m_000005 Task Transitioned from SCHEDULED to RUNNING
540	Progress of TaskAttempt attempt_1445144423722_0020_m_000001_0 is : 0.27776006
541	Progress of TaskAttempt attempt_1445144423722_0020_m_000000_0 is : 0.27696857
542	"getResources() for application_1445144423722_0020: ask=4 release= 0 newContainers=1 finishedContainers=0 resourcelimit=<memory:0, vCores:-27> knownNMs=4"
543	Got allocated containers 1
544	Assigned container container_1445144423722_0020_01_000008 to attempt_1445144423722_0020_m_000006_0
545	"Recalculating schedule, headroom=<memory:0, vCores:-27>"
546	Reduce slow start threshold not met. completedMapsForReduceSlowstart 1
547	After Scheduling: PendingReds:1 ScheduledMaps:3 ScheduledReds:0 AssignedMaps:7 AssignedReds:0 CompletedMaps:0 CompletedReds:0 ContAlloc:7 ContRel:0 HostLocal:4 RackLocal:3
548	Resolved MSRA-SA-41.fareast.corp.microsoft.com to /default-rack
549	attempt_1445144423722_0020_m_000006_0 TaskAttempt Transitioned from UNASSIGNED to ASSIGNED
550	Progress of TaskAttempt attempt_1445144423722_0020_m_000002_0 is : 0.27772525
551	Processing the event EventType: CONTAINER_REMOTE_LAUNCH for container container_1445144423722_0020_01_000008 taskAttempt attempt_1445144423722_0020_m_000006_0
552	Launching attempt_1445144423722_0020_m_000006_0
553	Opening proxy : MSRA-SA-41.fareast.corp.microsoft.com:7109
554	Shuffle port returned by ContainerManager for attempt_1445144423722_0020_m_000006_0 : 13562
555	TaskAttempt: [attempt_1445144423722_0020_m_000006_0] using containerId: [container_1445144423722_0020_01_000008 on NM: [MSRA-SA-41.fareast.corp.microsoft.com:7109]
556	attempt_1445144423722_0020_m_000006_0 TaskAttempt Transitioned from ASSIGNED to RUNNING
557	ATTEMPT_START task_1445144423722_0020_m_000006
558	task_1445144423722_0020_m_000006 Task Transitioned from SCHEDULED to RUNNING
559	Auth successful for job_1445144423722_0020 (auth:SIMPLE)
560	Auth successful for job_1445144423722_0020 (auth:SIMPLE)
561	JVM with ID : jvm_1445144423722_0020_m_000007 asked for a task
562	JVM with ID : jvm_1445144423722_0020_m_000006 asked for a task
563	JVM with ID: jvm_1445144423722_0020_m_000007 given task: attempt_1445144423722_0020_m_000005_0
564	JVM with ID: jvm_1445144423722_0020_m_000006 given task: attempt_1445144423722_0020_m_000004_0
565	"getResources() for application_1445144423722_0020: ask=4 release= 0 newContainers=0 finishedContainers=0 resourcelimit=<memory:0, vCores:-27> knownNMs=4"
566	"Recalculating schedule, headroom=<memory:0, vCores:-27>"
567	Reduce slow start threshold not met. completedMapsForReduceSlowstart 1
568	Auth successful for job_1445144423722_0020 (auth:SIMPLE)
569	JVM with ID : jvm_1445144423722_0020_m_000008 asked for a task
570	JVM with ID: jvm_1445144423722_0020_m_000008 given task: attempt_1445144423722_0020_m_000006_0
571	"Recalculating schedule, headroom=<memory:0, vCores:-27>"
572	Reduce slow start threshold not met. completedMapsForReduceSlowstart 1
573	Progress of TaskAttempt attempt_1445144423722_0020_m_000003_0 is : 0.5343203
574	Progress of TaskAttempt attempt_1445144423722_0020_m_000001_0 is : 0.27776006
575	"Recalculating schedule, headroom=<memory:0, vCores:-27>"
576	Reduce slow start threshold not met. completedMapsForReduceSlowstart 1
577	Progress of TaskAttempt attempt_1445144423722_0020_m_000002_0 is : 0.27772525
578	Progress of TaskAttempt attempt_1445144423722_0020_m_000000_0 is : 0.27696857
579	"Recalculating schedule, headroom=<memory:0, vCores:-27>"
580	Reduce slow start threshold not met. completedMapsForReduceSlowstart 1
581	"Recalculating schedule, headroom=<memory:0, vCores:-27>"
582	Reduce slow start threshold not met. completedMapsForReduceSlowstart 1
583	Progress of TaskAttempt attempt_1445144423722_0020_m_000003_0 is : 0.5806522
584	"Recalculating schedule, headroom=<memory:0, vCores:-27>"
585	Reduce slow start threshold not met. completedMapsForReduceSlowstart 1
586	Progress of TaskAttempt attempt_1445144423722_0020_m_000001_0 is : 0.27776006
587	Progress of TaskAttempt attempt_1445144423722_0020_m_000002_0 is : 0.27772525
588	Progress of TaskAttempt attempt_1445144423722_0020_m_000000_0 is : 0.27696857
589	"Recalculating schedule, headroom=<memory:0, vCores:-27>"
590	Reduce slow start threshold not met. completedMapsForReduceSlowstart 1
591	Progress of TaskAttempt attempt_1445144423722_0020_m_000005_0 is : 0.10685723
592	Got allocated containers 1
593	Assigned container container_1445144423722_0020_01_000009 to attempt_1445144423722_0020_m_000007_0
594	"Recalculating schedule, headroom=<memory:0, vCores:-27>"
595	Reduce slow start threshold not met. completedMapsForReduceSlowstart 1
596	After Scheduling: PendingReds:1 ScheduledMaps:2 ScheduledReds:0 AssignedMaps:8 AssignedReds:0 CompletedMaps:0 CompletedReds:0 ContAlloc:8 ContRel:0 HostLocal:5 RackLocal:3
597	Resolved MSRA-SA-41.fareast.corp.microsoft.com to /default-rack
598	attempt_1445144423722_0020_m_000007_0 TaskAttempt Transitioned from UNASSIGNED to ASSIGNED
599	Progress of TaskAttempt attempt_1445144423722_0020_m_000004_0 is : 0.10680563
600	Processing the event EventType: CONTAINER_REMOTE_LAUNCH for container container_1445144423722_0020_01_000009 taskAttempt attempt_1445144423722_0020_m_000007_0
601	Launching attempt_1445144423722_0020_m_000007_0
602	Opening proxy : MSRA-SA-41.fareast.corp.microsoft.com:7109
603	Progress of TaskAttempt attempt_1445144423722_0020_m_000003_0 is : 0.6199081
604	Shuffle port returned by ContainerManager for attempt_1445144423722_0020_m_000007_0 : 13562
605	TaskAttempt: [attempt_1445144423722_0020_m_000007_0] using containerId: [container_1445144423722_0020_01_000009 on NM: [MSRA-SA-41.fareast.corp.microsoft.com:7109]
606	attempt_1445144423722_0020_m_000007_0 TaskAttempt Transitioned from ASSIGNED to RUNNING
607	ATTEMPT_START task_1445144423722_0020_m_000007
608	task_1445144423722_0020_m_000007 Task Transitioned from SCHEDULED to RUNNING
609	Progress of TaskAttempt attempt_1445144423722_0020_m_000006_0 is : 0.106964506
610	"getResources() for application_1445144423722_0020: ask=4 release= 0 newContainers=0 finishedContainers=0 resourcelimit=<memory:0, vCores:-27> knownNMs=4"
611	"Recalculating schedule, headroom=<memory:0, vCores:-27>"
612	Reduce slow start threshold not met. completedMapsForReduceSlowstart 1
613	Progress of TaskAttempt attempt_1445144423722_0020_m_000001_0 is : 0.27776006
614	Progress of TaskAttempt attempt_1445144423722_0020_m_000002_0 is : 0.27772525
615	"Recalculating schedule, headroom=<memory:0, vCores:-27>"
616	Reduce slow start threshold not met. completedMapsForReduceSlowstart 1
617	Auth successful for job_1445144423722_0020 (auth:SIMPLE)
618	JVM with ID : jvm_1445144423722_0020_m_000009 asked for a task
619	JVM with ID: jvm_1445144423722_0020_m_000009 given task: attempt_1445144423722_0020_m_000007_0
620	Progress of TaskAttempt attempt_1445144423722_0020_m_000000_0 is : 0.27696857
621	Progress of TaskAttempt attempt_1445144423722_0020_m_000005_0 is : 0.10685723
622	Got allocated containers 1
623	Assigned container container_1445144423722_0020_01_000010 to attempt_1445144423722_0020_m_000008_0
624	"Recalculating schedule, headroom=<memory:0, vCores:-27>"
625	Reduce slow start threshold not met. completedMapsForReduceSlowstart 1
626	After Scheduling: PendingReds:1 ScheduledMaps:1 ScheduledReds:0 AssignedMaps:9 AssignedReds:0 CompletedMaps:0 CompletedReds:0 ContAlloc:9 ContRel:0 HostLocal:6 RackLocal:3
627	Resolved MSRA-SA-39.fareast.corp.microsoft.com to /default-rack
628	attempt_1445144423722_0020_m_000008_0 TaskAttempt Transitioned from UNASSIGNED to ASSIGNED
629	Progress of TaskAttempt attempt_1445144423722_0020_m_000004_0 is : 0.10680563
630	Processing the event EventType: CONTAINER_REMOTE_LAUNCH for container container_1445144423722_0020_01_000010 taskAttempt attempt_1445144423722_0020_m_000008_0
631	Launching attempt_1445144423722_0020_m_000008_0
632	Opening proxy : MSRA-SA-39.fareast.corp.microsoft.com:28345
633	Progress of TaskAttempt attempt_1445144423722_0020_m_000003_0 is : 0.6199081
634	Shuffle port returned by ContainerManager for attempt_1445144423722_0020_m_000008_0 : 13562
635	TaskAttempt: [attempt_1445144423722_0020_m_000008_0] using containerId: [container_1445144423722_0020_01_000010 on NM: [MSRA-SA-39.fareast.corp.microsoft.com:28345]
636	attempt_1445144423722_0020_m_000008_0 TaskAttempt Transitioned from ASSIGNED to RUNNING
637	ATTEMPT_START task_1445144423722_0020_m_000008
638	task_1445144423722_0020_m_000008 Task Transitioned from SCHEDULED to RUNNING
639	Progress of TaskAttempt attempt_1445144423722_0020_m_000006_0 is : 0.106964506
640	"getResources() for application_1445144423722_0020: ask=4 release= 0 newContainers=1 finishedContainers=0 resourcelimit=<memory:0, vCores:-27> knownNMs=4"
641	Got allocated containers 1
642	Assigned container container_1445144423722_0020_01_000011 to attempt_1445144423722_0020_m_000009_0
643	"Recalculating schedule, headroom=<memory:0, vCores:-27>"
644	Reduce slow start threshold not met. completedMapsForReduceSlowstart 1
645	After Scheduling: PendingReds:1 ScheduledMaps:0 ScheduledReds:0 AssignedMaps:10 AssignedReds:0 CompletedMaps:0 CompletedReds:0 ContAlloc:10 ContRel:0 HostLocal:7 RackLocal:3
646	Resolved MSRA-SA-39.fareast.corp.microsoft.com to /default-rack
647	attempt_1445144423722_0020_m_000009_0 TaskAttempt Transitioned from UNASSIGNED to ASSIGNED
648	Processing the event EventType: CONTAINER_REMOTE_LAUNCH for container container_1445144423722_0020_01_000011 taskAttempt attempt_1445144423722_0020_m_000009_0
649	Launching attempt_1445144423722_0020_m_000009_0
650	Opening proxy : MSRA-SA-39.fareast.corp.microsoft.com:28345
651	Shuffle port returned by ContainerManager for attempt_1445144423722_0020_m_000009_0 : 13562
652	TaskAttempt: [attempt_1445144423722_0020_m_000009_0] using containerId: [container_1445144423722_0020_01_000011 on NM: [MSRA-SA-39.fareast.corp.microsoft.com:28345]
653	attempt_1445144423722_0020_m_000009_0 TaskAttempt Transitioned from ASSIGNED to RUNNING
654	ATTEMPT_START task_1445144423722_0020_m_000009
655	task_1445144423722_0020_m_000009 Task Transitioned from SCHEDULED to RUNNING
656	Progress of TaskAttempt attempt_1445144423722_0020_m_000001_0 is : 0.27776006
657	"getResources() for application_1445144423722_0020: ask=4 release= 0 newContainers=1 finishedContainers=0 resourcelimit=<memory:0, vCores:-27> knownNMs=4"
658	Got allocated containers 1
659	"Cannot assign container Container: [ContainerId: container_1445144423722_0020_01_000012, NodeId: MSRA-SA-39.fareast.corp.microsoft.com:28345, NodeHttpAddress: MSRA-SA-39.fareast.corp.microsoft.com:8042, Resource: <memory:1024, vCores:1>, Priority: 20, Token: Token { kind: ContainerToken, service: 172.22.149.145:28345 }, ] for a map as either  container memory less than required <memory:1024, vCores:1> or no pending map tasks - maps.isEmpty=true"
660	"Recalculating schedule, headroom=<memory:0, vCores:-27>"
661	Reduce slow start threshold not met. completedMapsForReduceSlowstart 1
662	After Scheduling: PendingReds:1 ScheduledMaps:0 ScheduledReds:0 AssignedMaps:10 AssignedReds:0 CompletedMaps:0 CompletedReds:0 ContAlloc:11 ContRel:1 HostLocal:7 RackLocal:3
663	Progress of TaskAttempt attempt_1445144423722_0020_m_000002_0 is : 0.27772525
664	Progress of TaskAttempt attempt_1445144423722_0020_m_000000_0 is : 0.27696857
665	Progress of TaskAttempt attempt_1445144423722_0020_m_000005_0 is : 0.10685723
666	"getResources() for application_1445144423722_0020: ask=0 release= 1 newContainers=0 finishedContainers=1 resourcelimit=<memory:1024, vCores:-26> knownNMs=4"
667	Received completed container container_1445144423722_0020_01_000012
668	Container complete event for unknown container id container_1445144423722_0020_01_000012
669	"Recalculating schedule, headroom=<memory:1024, vCores:-26>"
670	Reduce slow start threshold not met. completedMapsForReduceSlowstart 1
671	Progress of TaskAttempt attempt_1445144423722_0020_m_000004_0 is : 0.10680563
672	Progress of TaskAttempt attempt_1445144423722_0020_m_000003_0 is : 0.6199081
673	Auth successful for job_1445144423722_0020 (auth:SIMPLE)
674	JVM with ID : jvm_1445144423722_0020_m_000010 asked for a task
675	JVM with ID: jvm_1445144423722_0020_m_000010 given task: attempt_1445144423722_0020_m_000008_0
676	Progress of TaskAttempt attempt_1445144423722_0020_m_000006_0 is : 0.106964506
677	"Recalculating schedule, headroom=<memory:0, vCores:-27>"
678	Reduce slow start threshold not met. completedMapsForReduceSlowstart 1
679	Auth successful for job_1445144423722_0020 (auth:SIMPLE)
680	JVM with ID : jvm_1445144423722_0020_m_000011 asked for a task
681	JVM with ID: jvm_1445144423722_0020_m_000011 given task: attempt_1445144423722_0020_m_000009_0
682	Progress of TaskAttempt attempt_1445144423722_0020_m_000001_0 is : 0.29115766
683	Progress of TaskAttempt attempt_1445144423722_0020_m_000003_0 is : 0.6199081
684	Progress of TaskAttempt attempt_1445144423722_0020_m_000002_0 is : 0.2898827
685	Progress of TaskAttempt attempt_1445144423722_0020_m_000000_0 is : 0.27696857
686	Progress of TaskAttempt attempt_1445144423722_0020_m_000005_0 is : 0.19247705
687	Progress of TaskAttempt attempt_1445144423722_0020_m_000004_0 is : 0.18529637
688	Progress of TaskAttempt attempt_1445144423722_0020_m_000007_0 is : 0.10681946
689	Progress of TaskAttempt attempt_1445144423722_0020_m_000003_0 is : 0.667
690	Progress of TaskAttempt attempt_1445144423722_0020_m_000006_0 is : 0.19266446
691	Progress of TaskAttempt attempt_1445144423722_0020_m_000001_0 is : 0.31981927
692	Progress of TaskAttempt attempt_1445144423722_0020_m_000002_0 is : 0.32958937
693	Progress of TaskAttempt attempt_1445144423722_0020_m_000005_0 is : 0.19247705
694	Progress of TaskAttempt attempt_1445144423722_0020_m_000004_0 is : 0.19242907
695	Progress of TaskAttempt attempt_1445144423722_0020_m_000007_0 is : 0.10681946
696	Progress of TaskAttempt attempt_1445144423722_0020_m_000000_0 is : 0.27696857
697	Progress of TaskAttempt attempt_1445144423722_0020_m_000003_0 is : 0.667
698	Progress of TaskAttempt attempt_1445144423722_0020_m_000006_0 is : 0.19266446
699	Progress of TaskAttempt attempt_1445144423722_0020_m_000008_0 is : 0.106881365
700	Progress of TaskAttempt attempt_1445144423722_0020_m_000009_0 is : 0.295472
701	Progress of TaskAttempt attempt_1445144423722_0020_m_000005_0 is : 0.19247705
702	Progress of TaskAttempt attempt_1445144423722_0020_m_000001_0 is : 0.3512319
703	Progress of TaskAttempt attempt_1445144423722_0020_m_000004_0 is : 0.19242907
704	Progress of TaskAttempt attempt_1445144423722_0020_m_000007_0 is : 0.10681946
705	Progress of TaskAttempt attempt_1445144423722_0020_m_000002_0 is : 0.36317363
706	Progress of TaskAttempt attempt_1445144423722_0020_m_000003_0 is : 0.667
707	Progress of TaskAttempt attempt_1445144423722_0020_m_000000_0 is : 0.27696857
708	Progress of TaskAttempt attempt_1445144423722_0020_m_000006_0 is : 0.19266446
709	Progress of TaskAttempt attempt_1445144423722_0020_m_000008_0 is : 0.106881365
710	Progress of TaskAttempt attempt_1445144423722_0020_m_000009_0 is : 0.295472
711	Progress of TaskAttempt attempt_1445144423722_0020_m_000005_0 is : 0.19247705
712	Progress of TaskAttempt attempt_1445144423722_0020_m_000004_0 is : 0.19242907
713	Progress of TaskAttempt attempt_1445144423722_0020_m_000007_0 is : 0.1337379
714	Progress of TaskAttempt attempt_1445144423722_0020_m_000003_0 is : 0.6854124
715	Progress of TaskAttempt attempt_1445144423722_0020_m_000001_0 is : 0.36319977
716	Progress of TaskAttempt attempt_1445144423722_0020_m_000002_0 is : 0.36317363
717	Progress of TaskAttempt attempt_1445144423722_0020_m_000000_0 is : 0.29998285
718	Progress of TaskAttempt attempt_1445144423722_0020_m_000006_0 is : 0.19266446
719	Progress of TaskAttempt attempt_1445144423722_0020_m_000008_0 is : 0.106881365
720	Progress of TaskAttempt attempt_1445144423722_0020_m_000009_0 is : 0.295472
721	Progress of TaskAttempt attempt_1445144423722_0020_m_000005_0 is : 0.27813601
722	Progress of TaskAttempt attempt_1445144423722_0020_m_000004_0 is : 0.25258622
723	Progress of TaskAttempt attempt_1445144423722_0020_m_000007_0 is : 0.19255035
724	Progress of TaskAttempt attempt_1445144423722_0020_m_000003_0 is : 0.7198902
725	Progress of TaskAttempt attempt_1445144423722_0020_m_000001_0 is : 0.36319977
726	Progress of TaskAttempt attempt_1445144423722_0020_m_000002_0 is : 0.36317363
727	Progress of TaskAttempt attempt_1445144423722_0020_m_000006_0 is : 0.27613032
728	Progress of TaskAttempt attempt_1445144423722_0020_m_000000_0 is : 0.33995733
729	Progress of TaskAttempt attempt_1445144423722_0020_m_000008_0 is : 0.106881365
730	Progress of TaskAttempt attempt_1445144423722_0020_m_000009_0 is : 0.295472
731	Progress of TaskAttempt attempt_1445144423722_0020_m_000005_0 is : 0.27813601
732	Progress of TaskAttempt attempt_1445144423722_0020_m_000004_0 is : 0.2781602
733	Progress of TaskAttempt attempt_1445144423722_0020_m_000007_0 is : 0.19255035
734	Progress of TaskAttempt attempt_1445144423722_0020_m_000003_0 is : 0.7607953
735	Progress of TaskAttempt attempt_1445144423722_0020_m_000006_0 is : 0.2783809
736	Progress of TaskAttempt attempt_1445144423722_0020_m_000001_0 is : 0.36319977
737	Progress of TaskAttempt attempt_1445144423722_0020_m_000002_0 is : 0.36317363
738	Progress of TaskAttempt attempt_1445144423722_0020_m_000008_0 is : 0.106881365
739	Progress of TaskAttempt attempt_1445144423722_0020_m_000000_0 is : 0.3624012
740	Progress of TaskAttempt attempt_1445144423722_0020_m_000009_0 is : 0.295472
741	Progress of TaskAttempt attempt_1445144423722_0020_m_000005_0 is : 0.27813601
742	Progress of TaskAttempt attempt_1445144423722_0020_m_000004_0 is : 0.2781602
743	Progress of TaskAttempt attempt_1445144423722_0020_m_000007_0 is : 0.19255035
744	Progress of TaskAttempt attempt_1445144423722_0020_m_000003_0 is : 0.80356
745	Progress of TaskAttempt attempt_1445144423722_0020_m_000006_0 is : 0.2783809
746	Progress of TaskAttempt attempt_1445144423722_0020_m_000001_0 is : 0.36319977
747	Progress of TaskAttempt attempt_1445144423722_0020_m_000008_0 is : 0.18216328
748	Progress of TaskAttempt attempt_1445144423722_0020_m_000002_0 is : 0.36317363
749	Progress of TaskAttempt attempt_1445144423722_0020_m_000000_0 is : 0.3624012
750	Progress of TaskAttempt attempt_1445144423722_0020_m_000009_0 is : 0.4956123
751	Progress of TaskAttempt attempt_1445144423722_0020_m_000005_0 is : 0.32285523
752	Progress of TaskAttempt attempt_1445144423722_0020_m_000007_0 is : 0.25511068
753	Progress of TaskAttempt attempt_1445144423722_0020_m_000004_0 is : 0.2781602
754	Progress of TaskAttempt attempt_1445144423722_0020_m_000003_0 is : 0.83331466
755	Progress of TaskAttempt attempt_1445144423722_0020_m_000006_0 is : 0.29597813
756	Progress of TaskAttempt attempt_1445144423722_0020_m_000008_0 is : 0.19258286
757	Progress of TaskAttempt attempt_1445144423722_0020_m_000001_0 is : 0.36319977
758	Progress of TaskAttempt attempt_1445144423722_0020_m_000009_0 is : 0.5323719
759	Progress of TaskAttempt attempt_1445144423722_0020_m_000002_0 is : 0.36317363
760	Progress of TaskAttempt attempt_1445144423722_0020_m_000000_0 is : 0.3624012
761	Progress of TaskAttempt attempt_1445144423722_0020_m_000005_0 is : 0.36390656
762	Progress of TaskAttempt attempt_1445144423722_0020_m_000007_0 is : 0.27825075
763	Progress of TaskAttempt attempt_1445144423722_0020_m_000004_0 is : 0.36388028
764	Progress of TaskAttempt attempt_1445144423722_0020_m_000003_0 is : 0.87672114
765	Progress of TaskAttempt attempt_1445144423722_0020_m_000006_0 is : 0.36404583
766	Progress of TaskAttempt attempt_1445144423722_0020_m_000008_0 is : 0.19258286
767	Progress of TaskAttempt attempt_1445144423722_0020_m_000009_0 is : 0.5323719
768	Progress of TaskAttempt attempt_1445144423722_0020_m_000001_0 is : 0.36319977
769	Progress of TaskAttempt attempt_1445144423722_0020_m_000005_0 is : 0.36390656
770	Progress of TaskAttempt attempt_1445144423722_0020_m_000002_0 is : 0.36317363
771	Progress of TaskAttempt attempt_1445144423722_0020_m_000004_0 is : 0.36388028
772	Progress of TaskAttempt attempt_1445144423722_0020_m_000007_0 is : 0.27825075
773	Progress of TaskAttempt attempt_1445144423722_0020_m_000003_0 is : 0.9185183
774	Progress of TaskAttempt attempt_1445144423722_0020_m_000000_0 is : 0.3624012
775	Progress of TaskAttempt attempt_1445144423722_0020_m_000006_0 is : 0.36404583
776	Progress of TaskAttempt attempt_1445144423722_0020_m_000008_0 is : 0.19258286
777	Progress of TaskAttempt attempt_1445144423722_0020_m_000009_0 is : 0.5323719
778	Progress of TaskAttempt attempt_1445144423722_0020_m_000005_0 is : 0.36390656
779	Progress of TaskAttempt attempt_1445144423722_0020_m_000001_0 is : 0.36319977
780	Progress of TaskAttempt attempt_1445144423722_0020_m_000004_0 is : 0.36388028
781	Progress of TaskAttempt attempt_1445144423722_0020_m_000007_0 is : 0.27825075
782	Progress of TaskAttempt attempt_1445144423722_0020_m_000002_0 is : 0.36317363
783	Progress of TaskAttempt attempt_1445144423722_0020_m_000003_0 is : 0.9543898
784	Progress of TaskAttempt attempt_1445144423722_0020_m_000006_0 is : 0.36404583
785	Progress of TaskAttempt attempt_1445144423722_0020_m_000000_0 is : 0.3624012
786	Progress of TaskAttempt attempt_1445144423722_0020_m_000009_0 is : 0.5323719
787	Progress of TaskAttempt attempt_1445144423722_0020_m_000008_0 is : 0.27811313
788	Progress of TaskAttempt attempt_1445144423722_0020_m_000009_0 is : 0.667
789	Progress of TaskAttempt attempt_1445144423722_0020_m_000005_0 is : 0.43890014
790	Progress of TaskAttempt attempt_1445144423722_0020_m_000004_0 is : 0.36388028
791	Progress of TaskAttempt attempt_1445144423722_0020_m_000007_0 is : 0.35880664
792	Progress of TaskAttempt attempt_1445144423722_0020_m_000003_0 is : 0.9854844
793	Progress of TaskAttempt attempt_1445144423722_0020_m_000006_0 is : 0.4156165
794	Progress of TaskAttempt attempt_1445144423722_0020_m_000000_0 is : 0.3624012
795	Progress of TaskAttempt attempt_1445144423722_0020_m_000008_0 is : 0.27811313
796	Progress of TaskAttempt attempt_1445144423722_0020_m_000003_0 is : 1.0
797	Progress of TaskAttempt attempt_1445144423722_0020_m_000001_0 is : 0.36319977
798	Done acknowledgement from attempt_1445144423722_0020_m_000003_0
799	attempt_1445144423722_0020_m_000003_0 TaskAttempt Transitioned from RUNNING to SUCCESS_CONTAINER_CLEANUP
800	Processing the event EventType: CONTAINER_REMOTE_CLEANUP for container container_1445144423722_0020_01_000005 taskAttempt attempt_1445144423722_0020_m_000003_0
801	KILLING attempt_1445144423722_0020_m_000003_0
802	Opening proxy : MSRA-SA-41.fareast.corp.microsoft.com:7109
803	Progress of TaskAttempt attempt_1445144423722_0020_m_000002_0 is : 0.3673702
804	Progress of TaskAttempt attempt_1445144423722_0020_m_000009_0 is : 0.667
805	attempt_1445144423722_0020_m_000003_0 TaskAttempt Transitioned from SUCCESS_CONTAINER_CLEANUP to SUCCEEDED
806	Task succeeded with attempt attempt_1445144423722_0020_m_000003_0
807	task_1445144423722_0020_m_000003 Task Transitioned from RUNNING to SUCCEEDED
808	Num completed Tasks: 1
809	Before Scheduling: PendingReds:1 ScheduledMaps:0 ScheduledReds:0 AssignedMaps:10 AssignedReds:0 CompletedMaps:1 CompletedReds:0 ContAlloc:11 ContRel:1 HostLocal:7 RackLocal:3
810	"Recalculating schedule, headroom=<memory:0, vCores:-27>"
811	Reduce slow start threshold reached. Scheduling reduces.
812	All maps assigned. Ramping up all remaining reduces:1
813	After Scheduling: PendingReds:0 ScheduledMaps:0 ScheduledReds:1 AssignedMaps:10 AssignedReds:0 CompletedMaps:1 CompletedReds:0 ContAlloc:11 ContRel:1 HostLocal:7 RackLocal:3
814	Progress of TaskAttempt attempt_1445144423722_0020_m_000007_0 is : 0.3638923
815	Progress of TaskAttempt attempt_1445144423722_0020_m_000005_0 is : 0.44950968
816	Progress of TaskAttempt attempt_1445144423722_0020_m_000004_0 is : 0.44968578
817	DefaultSpeculator.addSpeculativeAttempt -- we are speculating task_1445144423722_0020_m_000000
818	We launched 1 speculations.  Sleeping 15000 milliseconds.
819	Scheduling a redundant attempt for task task_1445144423722_0020_m_000000
820	Resolved MSRA-SA-39.fareast.corp.microsoft.com to /default-rack
821	Resolved MSRA-SA-41.fareast.corp.microsoft.com to /default-rack
822	attempt_1445144423722_0020_m_000000_1 TaskAttempt Transitioned from NEW to UNASSIGNED
823	Before Scheduling: PendingReds:0 ScheduledMaps:1 ScheduledReds:1 AssignedMaps:10 AssignedReds:0 CompletedMaps:1 CompletedReds:0 ContAlloc:11 ContRel:1 HostLocal:7 RackLocal:3
824	Progress of TaskAttempt attempt_1445144423722_0020_m_000006_0 is : 0.44980705
825	"getResources() for application_1445144423722_0020: ask=5 release= 0 newContainers=0 finishedContainers=1 resourcelimit=<memory:0, vCores:-27> knownNMs=4"
826	Received completed container container_1445144423722_0020_01_000005
827	After Scheduling: PendingReds:0 ScheduledMaps:1 ScheduledReds:1 AssignedMaps:9 AssignedReds:0 CompletedMaps:1 CompletedReds:0 ContAlloc:11 ContRel:1 HostLocal:7 RackLocal:3
828	Diagnostics report from attempt_1445144423722_0020_m_000003_0: Container killed by the ApplicationMaster.
829	Progress of TaskAttempt attempt_1445144423722_0020_m_000000_0 is : 0.3624012
830	Progress of TaskAttempt attempt_1445144423722_0020_m_000001_0 is : 0.37225527
831	Progress of TaskAttempt attempt_1445144423722_0020_m_000002_0 is : 0.3787692
832	Progress of TaskAttempt attempt_1445144423722_0020_m_000009_0 is : 0.667
833	Progress of TaskAttempt attempt_1445144423722_0020_m_000008_0 is : 0.27811313
834	Progress of TaskAttempt attempt_1445144423722_0020_m_000007_0 is : 0.3638923
835	Progress of TaskAttempt attempt_1445144423722_0020_m_000005_0 is : 0.44950968
836	Progress of TaskAttempt attempt_1445144423722_0020_m_000004_0 is : 0.44968578
837	Progress of TaskAttempt attempt_1445144423722_0020_m_000006_0 is : 0.44980705
838	Progress of TaskAttempt attempt_1445144423722_0020_m_000001_0 is : 0.37322965
839	Progress of TaskAttempt attempt_1445144423722_0020_m_000002_0 is : 0.38007197
840	Progress of TaskAttempt attempt_1445144423722_0020_m_000000_0 is : 0.3624012
841	Progress of TaskAttempt attempt_1445144423722_0020_m_000009_0 is : 0.76133776
842	Progress of TaskAttempt attempt_1445144423722_0020_m_000008_0 is : 0.34610128
843	Progress of TaskAttempt attempt_1445144423722_0020_m_000007_0 is : 0.3707891
844	Progress of TaskAttempt attempt_1445144423722_0020_m_000001_0 is : 0.37551183
845	Progress of TaskAttempt attempt_1445144423722_0020_m_000002_0 is : 0.38137424
846	Progress of TaskAttempt attempt_1445144423722_0020_m_000001_0 is : 0.37551183
847	Progress of TaskAttempt attempt_1445144423722_0020_m_000002_0 is : 0.38137424
848	Address change detected. Old: msra-sa-41/10.190.173.170:9000 New: msra-sa-41:9000
849	Failed to renew lease for [DFSClient_NONMAPREDUCE_1537864556_1] for 30 seconds.  Will retry shortly ...
850	Address change detected. Old: msra-sa-41/10.190.173.170:9000 New: msra-sa-41:9000
851	Failed to renew lease for [DFSClient_NONMAPREDUCE_1537864556_1] for 31 seconds.  Will retry shortly ...
852	Address change detected. Old: msra-sa-41/10.190.173.170:9000 New: msra-sa-41:9000
853	Failed to renew lease for [DFSClient_NONMAPREDUCE_1537864556_1] for 32 seconds.  Will retry shortly ...
854	Address change detected. Old: msra-sa-41/10.190.173.170:9000 New: msra-sa-41:9000
855	Failed to renew lease for [DFSClient_NONMAPREDUCE_1537864556_1] for 33 seconds.  Will retry shortly ...
856	Address change detected. Old: msra-sa-41/10.190.173.170:9000 New: msra-sa-41:9000
857	Failed to renew lease for [DFSClient_NONMAPREDUCE_1537864556_1] for 34 seconds.  Will retry shortly ...
858	Address change detected. Old: msra-sa-41/10.190.173.170:9000 New: msra-sa-41:9000
859	Failed to renew lease for [DFSClient_NONMAPREDUCE_1537864556_1] for 35 seconds.  Will retry shortly ...
860	Address change detected. Old: msra-sa-41/10.190.173.170:9000 New: msra-sa-41:9000
861	Failed to renew lease for [DFSClient_NONMAPREDUCE_1537864556_1] for 36 seconds.  Will retry shortly ...
862	Address change detected. Old: msra-sa-41/10.190.173.170:9000 New: msra-sa-41:9000
863	Failed to renew lease for [DFSClient_NONMAPREDUCE_1537864556_1] for 37 seconds.  Will retry shortly ...
864	Address change detected. Old: msra-sa-41/10.190.173.170:9000 New: msra-sa-41:9000
865	Failed to renew lease for [DFSClient_NONMAPREDUCE_1537864556_1] for 38 seconds.  Will retry shortly ...
866	Address change detected. Old: msra-sa-41/10.190.173.170:9000 New: msra-sa-41:9000
867	Failed to renew lease for [DFSClient_NONMAPREDUCE_1537864556_1] for 39 seconds.  Will retry shortly ...
868	Address change detected. Old: msra-sa-41/10.190.173.170:9000 New: msra-sa-41:9000
869	Failed to renew lease for [DFSClient_NONMAPREDUCE_1537864556_1] for 40 seconds.  Will retry shortly ...
870	Address change detected. Old: msra-sa-41/10.190.173.170:9000 New: msra-sa-41:9000
871	Failed to renew lease for [DFSClient_NONMAPREDUCE_1537864556_1] for 41 seconds.  Will retry shortly ...
872	Address change detected. Old: msra-sa-41/10.190.173.170:9000 New: msra-sa-41:9000
873	Failed to renew lease for [DFSClient_NONMAPREDUCE_1537864556_1] for 42 seconds.  Will retry shortly ...
874	Address change detected. Old: msra-sa-41/10.190.173.170:9000 New: msra-sa-41:9000
875	Failed to renew lease for [DFSClient_NONMAPREDUCE_1537864556_1] for 43 seconds.  Will retry shortly ...
876	Address change detected. Old: msra-sa-41/10.190.173.170:9000 New: msra-sa-41:9000
877	Failed to renew lease for [DFSClient_NONMAPREDUCE_1537864556_1] for 44 seconds.  Will retry shortly ...
878	Address change detected. Old: msra-sa-41/10.190.173.170:9000 New: msra-sa-41:9000
879	Failed to renew lease for [DFSClient_NONMAPREDUCE_1537864556_1] for 45 seconds.  Will retry shortly ...
880	Address change detected. Old: msra-sa-41/10.190.173.170:9000 New: msra-sa-41:9000
881	Failed to renew lease for [DFSClient_NONMAPREDUCE_1537864556_1] for 46 seconds.  Will retry shortly ...
882	Address change detected. Old: msra-sa-41/10.190.173.170:9000 New: msra-sa-41:9000
883	Failed to renew lease for [DFSClient_NONMAPREDUCE_1537864556_1] for 47 seconds.  Will retry shortly ...
884	Address change detected. Old: msra-sa-41/10.190.173.170:9000 New: msra-sa-41:9000
885	Failed to renew lease for [DFSClient_NONMAPREDUCE_1537864556_1] for 48 seconds.  Will retry shortly ...
886	Address change detected. Old: msra-sa-41/10.190.173.170:9000 New: msra-sa-41:9000
887	Failed to renew lease for [DFSClient_NONMAPREDUCE_1537864556_1] for 49 seconds.  Will retry shortly ...
888	Address change detected. Old: msra-sa-41/10.190.173.170:9000 New: msra-sa-41:9000
889	Failed to renew lease for [DFSClient_NONMAPREDUCE_1537864556_1] for 50 seconds.  Will retry shortly ...
890	Address change detected. Old: msra-sa-41/10.190.173.170:9000 New: msra-sa-41:9000
891	Failed to renew lease for [DFSClient_NONMAPREDUCE_1537864556_1] for 51 seconds.  Will retry shortly ...
892	Address change detected. Old: msra-sa-41/10.190.173.170:9000 New: msra-sa-41:9000
893	Failed to renew lease for [DFSClient_NONMAPREDUCE_1537864556_1] for 52 seconds.  Will retry shortly ...
894	Address change detected. Old: msra-sa-41/10.190.173.170:9000 New: msra-sa-41:9000
895	Failed to renew lease for [DFSClient_NONMAPREDUCE_1537864556_1] for 53 seconds.  Will retry shortly ...
896	Address change detected. Old: msra-sa-41/10.190.173.170:9000 New: msra-sa-41:9000
897	Failed to renew lease for [DFSClient_NONMAPREDUCE_1537864556_1] for 54 seconds.  Will retry shortly ...
898	Address change detected. Old: msra-sa-41/10.190.173.170:9000 New: msra-sa-41:9000
899	Failed to renew lease for [DFSClient_NONMAPREDUCE_1537864556_1] for 55 seconds.  Will retry shortly ...
900	Address change detected. Old: msra-sa-41/10.190.173.170:9000 New: msra-sa-41:9000
901	Failed to renew lease for [DFSClient_NONMAPREDUCE_1537864556_1] for 56 seconds.  Will retry shortly ...
902	Address change detected. Old: msra-sa-41/10.190.173.170:9000 New: msra-sa-41:9000
903	Failed to renew lease for [DFSClient_NONMAPREDUCE_1537864556_1] for 57 seconds.  Will retry shortly ...
904	Address change detected. Old: msra-sa-41/10.190.173.170:9000 New: msra-sa-41:9000
905	Failed to renew lease for [DFSClient_NONMAPREDUCE_1537864556_1] for 58 seconds.  Will retry shortly ...
906	Address change detected. Old: msra-sa-41/10.190.173.170:9000 New: msra-sa-41:9000
907	Failed to renew lease for [DFSClient_NONMAPREDUCE_1537864556_1] for 59 seconds.  Will retry shortly ...
908	"Slow ReadProcessor read fields took 65020ms (threshold=30000ms); ack: seqno: -2 status: SUCCESS status: ERROR downstreamAckTimeNanos: 0, targets: [10.86.169.121:50010, 10.190.173.170:50010]"
909	DFSOutputStream ResponseProcessor exception  for block BP-1347369012-10.190.173.170-1444972147527:blk_1073743512_2731
910	"Error Recovery for block BP-1347369012-10.190.173.170-1444972147527:blk_1073743512_2731 in pipeline 10.86.169.121:50010, 10.190.173.170:50010: bad datanode 10.190.173.170:50010"
911	Address change detected. Old: msra-sa-41/10.190.173.170:9000 New: msra-sa-41:9000
912	DataStreamer Exception
913	Address change detected. Old: msra-sa-41/10.190.173.170:9000 New: msra-sa-41:9000
914	Failed to renew lease for [DFSClient_NONMAPREDUCE_1537864556_1] for 60 seconds.  Will retry shortly ...
915	Address change detected. Old: msra-sa-41/10.190.173.170:9000 New: msra-sa-41:9000
916	Failed to renew lease for [DFSClient_NONMAPREDUCE_1537864556_1] for 61 seconds.  Will retry shortly ...
917	Address change detected. Old: msra-sa-41/10.190.173.170:9000 New: msra-sa-41:9000
918	Failed to renew lease for [DFSClient_NONMAPREDUCE_1537864556_1] for 62 seconds.  Will retry shortly ...
919	Address change detected. Old: msra-sa-41/10.190.173.170:9000 New: msra-sa-41:9000
920	Failed to renew lease for [DFSClient_NONMAPREDUCE_1537864556_1] for 63 seconds.  Will retry shortly ...
921	Address change detected. Old: msra-sa-41/10.190.173.170:9000 New: msra-sa-41:9000
922	Failed to renew lease for [DFSClient_NONMAPREDUCE_1537864556_1] for 64 seconds.  Will retry shortly ...
923	ERROR IN CONTACTING RM.
924	Address change detected. Old: msra-sa-41/10.190.173.170:9000 New: msra-sa-41:9000
925	Failed to renew lease for [DFSClient_NONMAPREDUCE_1537864556_1] for 65 seconds.  Will retry shortly ...
926	Address change detected. Old: msra-sa-41/10.190.173.170:8030 New: msra-sa-41:8030
927	Progress of TaskAttempt attempt_1445144423722_0020_m_000002_0 is : 0.38137424
928	Address change detected. Old: msra-sa-41/10.190.173.170:9000 New: msra-sa-41:9000
929	Failed to renew lease for [DFSClient_NONMAPREDUCE_1537864556_1] for 66 seconds.  Will retry shortly ...
930	"Retrying connect to server: msra-sa-41:8030. Already tried 0 time(s); retry policy is RetryUpToMaximumCountWithFixedSleep(maxRetries=10, sleepTime=1000 MILLISECONDS)"
931	ERROR IN CONTACTING RM.
932	Address change detected. Old: msra-sa-41/10.190.173.170:9000 New: msra-sa-41:9000
933	Failed to renew lease for [DFSClient_NONMAPREDUCE_1537864556_1] for 67 seconds.  Will retry shortly ...
934	Address change detected. Old: msra-sa-41/10.190.173.170:8030 New: msra-sa-41:8030
935	Address change detected. Old: msra-sa-41/10.190.173.170:9000 New: msra-sa-41:9000
936	Failed to renew lease for [DFSClient_NONMAPREDUCE_1537864556_1] for 68 seconds.  Will retry shortly ...
937	"Retrying connect to server: msra-sa-41:8030. Already tried 0 time(s); retry policy is RetryUpToMaximumCountWithFixedSleep(maxRetries=10, sleepTime=1000 MILLISECONDS)"
938	ERROR IN CONTACTING RM.
939	Progress of TaskAttempt attempt_1445144423722_0020_m_000001_0 is : 0.37551183
940	Progress of TaskAttempt attempt_1445144423722_0020_m_000002_0 is : 0.38137424
941	Address change detected. Old: msra-sa-41/10.190.173.170:9000 New: msra-sa-41:9000
942	Failed to renew lease for [DFSClient_NONMAPREDUCE_1537864556_1] for 69 seconds.  Will retry shortly ...
943	Address change detected. Old: msra-sa-41/10.190.173.170:8030 New: msra-sa-41:8030
944	Address change detected. Old: msra-sa-41/10.190.173.170:9000 New: msra-sa-41:9000
945	Failed to renew lease for [DFSClient_NONMAPREDUCE_1537864556_1] for 70 seconds.  Will retry shortly ...
946	"Retrying connect to server: msra-sa-41:8030. Already tried 0 time(s); retry policy is RetryUpToMaximumCountWithFixedSleep(maxRetries=10, sleepTime=1000 MILLISECONDS)"
947	ERROR IN CONTACTING RM.
948	Address change detected. Old: msra-sa-41/10.190.173.170:9000 New: msra-sa-41:9000
949	Failed to renew lease for [DFSClient_NONMAPREDUCE_1537864556_1] for 71 seconds.  Will retry shortly ...
950	Address change detected. Old: msra-sa-41/10.190.173.170:8030 New: msra-sa-41:8030
951	Progress of TaskAttempt attempt_1445144423722_0020_m_000001_0 is : 0.37551183
952	Progress of TaskAttempt attempt_1445144423722_0020_m_000002_0 is : 0.38137424
953	Address change detected. Old: msra-sa-41/10.190.173.170:9000 New: msra-sa-41:9000
954	Failed to renew lease for [DFSClient_NONMAPREDUCE_1537864556_1] for 72 seconds.  Will retry shortly ...
955	"Retrying connect to server: msra-sa-41:8030. Already tried 0 time(s); retry policy is RetryUpToMaximumCountWithFixedSleep(maxRetries=10, sleepTime=1000 MILLISECONDS)"
956	ERROR IN CONTACTING RM.
957	Address change detected. Old: msra-sa-41/10.190.173.170:9000 New: msra-sa-41:9000
958	Failed to renew lease for [DFSClient_NONMAPREDUCE_1537864556_1] for 73 seconds.  Will retry shortly ...
959	Address change detected. Old: msra-sa-41/10.190.173.170:8030 New: msra-sa-41:8030
960	Address change detected. Old: msra-sa-41/10.190.173.170:9000 New: msra-sa-41:9000
961	Failed to renew lease for [DFSClient_NONMAPREDUCE_1537864556_1] for 74 seconds.  Will retry shortly ...
962	"Retrying connect to server: msra-sa-41:8030. Already tried 0 time(s); retry policy is RetryUpToMaximumCountWithFixedSleep(maxRetries=10, sleepTime=1000 MILLISECONDS)"
963	ERROR IN CONTACTING RM.
964	Progress of TaskAttempt attempt_1445144423722_0020_m_000001_0 is : 0.37551183
965	Progress of TaskAttempt attempt_1445144423722_0020_m_000002_0 is : 0.38137424
966	Address change detected. Old: msra-sa-41/10.190.173.170:9000 New: msra-sa-41:9000
967	Failed to renew lease for [DFSClient_NONMAPREDUCE_1537864556_1] for 75 seconds.  Will retry shortly ...
968	Address change detected. Old: msra-sa-41/10.190.173.170:8030 New: msra-sa-41:8030
969	Address change detected. Old: msra-sa-41/10.190.173.170:9000 New: msra-sa-41:9000
970	Failed to renew lease for [DFSClient_NONMAPREDUCE_1537864556_1] for 76 seconds.  Will retry shortly ...
971	"Retrying connect to server: msra-sa-41:8030. Already tried 0 time(s); retry policy is RetryUpToMaximumCountWithFixedSleep(maxRetries=10, sleepTime=1000 MILLISECONDS)"
972	ERROR IN CONTACTING RM.
973	Address change detected. Old: msra-sa-41/10.190.173.170:9000 New: msra-sa-41:9000
974	Failed to renew lease for [DFSClient_NONMAPREDUCE_1537864556_1] for 77 seconds.  Will retry shortly ...
975	Address change detected. Old: msra-sa-41/10.190.173.170:8030 New: msra-sa-41:8030
976	Progress of TaskAttempt attempt_1445144423722_0020_m_000001_0 is : 0.37551183
977	Progress of TaskAttempt attempt_1445144423722_0020_m_000002_0 is : 0.38137424
978	Address change detected. Old: msra-sa-41/10.190.173.170:9000 New: msra-sa-41:9000
979	Failed to renew lease for [DFSClient_NONMAPREDUCE_1537864556_1] for 78 seconds.  Will retry shortly ...
980	"Retrying connect to server: msra-sa-41:8030. Already tried 0 time(s); retry policy is RetryUpToMaximumCountWithFixedSleep(maxRetries=10, sleepTime=1000 MILLISECONDS)"
981	ERROR IN CONTACTING RM.
982	Address change detected. Old: msra-sa-41/10.190.173.170:9000 New: msra-sa-41:9000
983	Failed to renew lease for [DFSClient_NONMAPREDUCE_1537864556_1] for 79 seconds.  Will retry shortly ...
984	Address change detected. Old: msra-sa-41/10.190.173.170:8030 New: msra-sa-41:8030
985	Address change detected. Old: msra-sa-41/10.190.173.170:9000 New: msra-sa-41:9000
986	Failed to renew lease for [DFSClient_NONMAPREDUCE_1537864556_1] for 80 seconds.  Will retry shortly ...
987	"Retrying connect to server: msra-sa-41:8030. Already tried 0 time(s); retry policy is RetryUpToMaximumCountWithFixedSleep(maxRetries=10, sleepTime=1000 MILLISECONDS)"
988	ERROR IN CONTACTING RM.
989	Progress of TaskAttempt attempt_1445144423722_0020_m_000001_0 is : 0.37551183
990	Progress of TaskAttempt attempt_1445144423722_0020_m_000002_0 is : 0.38137424
991	Address change detected. Old: msra-sa-41/10.190.173.170:9000 New: msra-sa-41:9000
992	Failed to renew lease for [DFSClient_NONMAPREDUCE_1537864556_1] for 81 seconds.  Will retry shortly ...
993	Address change detected. Old: msra-sa-41/10.190.173.170:8030 New: msra-sa-41:8030
994	Address change detected. Old: msra-sa-41/10.190.173.170:9000 New: msra-sa-41:9000
995	Failed to renew lease for [DFSClient_NONMAPREDUCE_1537864556_1] for 82 seconds.  Will retry shortly ...
996	"Retrying connect to server: msra-sa-41:8030. Already tried 0 time(s); retry policy is RetryUpToMaximumCountWithFixedSleep(maxRetries=10, sleepTime=1000 MILLISECONDS)"
997	ERROR IN CONTACTING RM.
998	Address change detected. Old: msra-sa-41/10.190.173.170:9000 New: msra-sa-41:9000
999	Failed to renew lease for [DFSClient_NONMAPREDUCE_1537864556_1] for 83 seconds.  Will retry shortly ...
1000	Address change detected. Old: msra-sa-41/10.190.173.170:8030 New: msra-sa-41:8030
