1	44619 gige3 gige temperature 1105687639 1 warning
2	44539 gige6 gige temperature 1105655293 1 warning
3	44491 gige7 gige temperature 1105642092 1 warning
4	44457 gige3 gige temperature 1105639339 1 normal
5	44219 gige7 gige temperature 1105558990 1 warning
6	44095 gige7 gige temperature 1105522389 1 normal
7	44021 gige6 gige temperature 1105496889 1 warning
8	49162 node-8 node temperature 1106245773 1 ambient=27
9	50839 gige6 gige temperature 1106288603 1 normal
10	50947 gige6 gige temperature 1106322803 1 normal
11	50987 gige7 gige temperature 1106341403 1 warning
12	52888 gige6 gige temperature 1107017268 1 normal
13	52599 gige7 gige temperature 1106920116 1 normal
14	52488 gige7 gige temperature 1106877516 1 warning
15	52025 gige7 gige temperature 1106737711 1 warning
16	51902 gige7 gige temperature 1106700511 1 warning
17	51800 gige7 gige temperature 1106651611 1 warning
18	51735 gige7 gige temperature 1106624009 1 normal
19	51616 gige3 gige temperature 1106579555 1 normal
20	55567 gige7 gige temperature 1107627478 1 normal
21	55519 gige6 gige temperature 1107611276 1 normal
22	53863 node-239 node temperature 1107191073 1 ambient=26
23	53651 gige6 gige temperature 1107180771 1 normal
24	57305 gige7 gige temperature 1108233484 1 normal
25	57066 gige3 gige temperature 1108137117 1 normal
26	56448 gige7 gige temperature 1107916085 1 normal
27	83640 gige6 gige temperature 1108849993 1 normal
28	90019 gige6 gige temperature 1109484216 1 warning
29	89824 gige4 gige temperature 1109420069 1 critical
30	85087 gige7 gige temperature 1109195000 1 warning
31	84830 gige5 gige temperature 1109137876 1 warning
32	84299 gige4 gige temperature 1109002453 1 warning
33	84013 gige4 gige temperature 1108943353 1 warning
34	96925 node-238 node temperature 1110105780 1 ambient=29
35	96865 gige7 gige temperature 1110104935 1 warning
36	96465 gige3 gige temperature 1110065877 1 normal
37	92111 node-241 node temperature 1109806620 1 ambient=28
38	92085 gige2 gige temperature 1109800311 1 normal
39	92043 gige3 gige temperature 1109791669 1 normal
40	91595 gige5 gige temperature 1109727101 1 normal
41	90705 gige3 gige temperature 1109653662 1 warning
42	90242 gige7 gige temperature 1109546914 1 normal
43	90216 node-241 node temperature 1109539320 1 ambient=28
44	102726 gige4 gige temperature 1110708631 1 warning
45	98883 gige3 gige temperature 1110506587 1 normal
46	98436 gige2 gige temperature 1110397337 1 warning
47	98251 gige5 gige temperature 1110349933 1 normal
48	97834 gige2 gige temperature 1110237730 1 normal
49	97800 node-236 node temperature 1110230580 1 ambient=26
50	97470 gige3 gige temperature 1110205381 1 normal
51	97286 gige1 gige temperature 1110144671 1 normal
52	124326 gige5 gige temperature 1111320610 1 warning
53	124216 gige1 gige temperature 1111286054 1 warning
54	124170 gige1 gige temperature 1111273753 1 warning
55	124124 gige3 gige temperature 1111258570 1 warning
56	118270 gige2 gige temperature 1111182908 1 normal
57	118228 gige2 gige temperature 1111173008 1 warning
58	111952 node-97 node temperature 1111072025 1 ambient=35
59	126122 node-232 node temperature 1111798051 1 ambient=33
60	126093 node-135 node temperature 1111797870 1 ambient=32
61	126054 node-141 node temperature 1111797510 1 ambient=31
62	126049 node-242 node temperature 1111797480 1 ambient=31
63	125920 gige7 gige temperature 1111792040 1 critical
64	125729 gige5 gige temperature 1111693818 1 warning
65	125532 gige5 gige temperature 1111613118 1 warning
66	124948 gige2 gige temperature 1111488013 1 normal
67	124947 gige2 gige temperature 1111487713 1 warning
68	124701 gige1 gige temperature 1111438759 1 warning
69	124625 gige5 gige temperature 1111413911 1 warning
70	141025 node-113 node temperature 1112395021 1 ambient=27
71	140533 gige5 gige temperature 1112280080 1 normal
72	139872 node-93 node temperature 1112115481 1 ambient=33
73	138597 gige6 gige temperature 1111943595 1 normal
74	138555 gige6 gige temperature 1111928595 1 normal
75	147904 gige6 gige temperature 1112888964 1 normal
76	147779 gige7 gige temperature 1112816360 1 warning
77	147517 node-70 node temperature 1112734890 1 ambient=32
78	147327 gige5 gige temperature 1112704897 1 warning
79	147280 node-238 node temperature 1112688811 1 ambient=30
80	147279 gige3 gige temperature 1112688738 1 normal
81	146876 gige5 gige temperature 1112544988 1 warning
82	159193 gige6 gige temperature 1113645796 1 warning
83	155760 gige5 gige temperature 1113610268 1 warning
84	155652 gige7 gige temperature 1113559395 1 normal
85	155643 gige7 gige temperature 1113554594 1 critical
86	155613 gige4 gige temperature 1113543556 1 warning
87	155522 gige5 gige temperature 1113509172 1 warning
88	155332 gige5 gige temperature 1113456065 1 warning
89	155294 gige7 gige temperature 1113442992 1 critical
90	155289 node-139 node temperature 1113441604 1 ambient=34
91	154200 gige2 gige temperature 1113298318 1 warning
92	153760 node-236 node temperature 1113250590 1 ambient=27
93	153488 gige6 gige temperature 1113144874 1 normal
94	153474 gige4 gige temperature 1113137369 1 warning
95	166381 node-215 node temperature 1114096282 1 ambient=23
96	169704 gige4 gige temperature 1114120157 1 normal
97	176320 gige7 gige temperature 1114274309 1 warning
98	183966 gige6 gige temperature 1114918724 1 normal
99	179416 node-244 node temperature 1114763670 1 ambient=29
100	179410 gige4 gige temperature 1114762773 1 normal
101	178946 node-114 node temperature 1114669020 1 ambient=28
102	178846 node-241 node temperature 1114642410 1 ambient=26
103	177386 gige6 gige temperature 1114545212 1 normal
104	177118 node-243 node temperature 1114465230 1 ambient=28
105	189804 node-240 node temperature 1115511240 1 ambient=25
106	185349 node-86 node temperature 1115269410 1 ambient=24
107	185020 gige4 gige temperature 1115247878 1 warning
108	190782 node-255 node temperature 1116036905 1 ambient=34
109	190669 node-166 node temperature 1116014551 1 ambient=31
110	190500 gige7 gige temperature 1115931540 1 critical
111	190419 gige5 gige temperature 1115894507 1 normal
112	205135 node-67 node temperature 1116531298 1 ambient=28
113	207216 node-80 node temperature 1116538204 1 ambient=30
114	207240 node-189 node temperature 1116538205 1 ambient=33
115	207254 node-54 node temperature 1116538205 1 ambient=31
116	207333 node-198 node temperature 1116539762 1 ambient=31
117	207349 node-55 node temperature 1116539787 1 ambient=33
118	209931 node-176 node temperature 1116601733 1 ambient=32
119	210653 node-223 node temperature 1116602075 1 ambient=27
120	213496 node-75 node temperature 1116612015 1 ambient=29
121	217083 gige7 gige temperature 1116640501 1 warning
122	217146 gige7 gige temperature 1116685205 1 critical
123	218807 gige6 gige temperature 1117170619 1 normal
124	218381 gige7 gige temperature 1117120516 1 warning
125	218172 gige7 gige temperature 1117044015 1 normal
126	217921 gige7 gige temperature 1116963312 1 warning
127	217384 gige6 gige temperature 1116789307 1 normal
128	217344 gige6 gige temperature 1116771007 1 normal
129	231230 gige4 gige temperature 1117581672 1 normal
130	230781 gige7 gige temperature 1117520719 1 normal
131	230496 gige6 gige temperature 1117489521 1 warning
132	241069 gige4 gige temperature 1118461882 1 normal
133	241019 gige6 gige temperature 1118436040 1 normal
134	240873 gige7 gige temperature 1118360437 1 normal
135	240782 gige6 gige temperature 1118295037 1 normal
136	240702 gige6 gige temperature 1118280037 1 warning
137	240641 gige7 gige temperature 1118270735 1 normal
138	240511 gige6 gige temperature 1118186737 1 normal
139	240399 gige7 gige temperature 1118112635 1 normal
140	257180 gige6 gige temperature 1119070315 1 warning
141	262646 gige4 gige temperature 1119093476 1 normal
142	272910 gige3 gige temperature 1119744967 1 warning
143	272853 gige7 gige temperature 1119710825 1 critical
144	269486 gige7 gige temperature 1119658625 1 normal
145	269014 gige7 gige temperature 1119541023 1 warning
146	281216 gige3 gige temperature 1120354574 1 warning
147	281126 gige3 gige temperature 1120304472 1 warning
148	277688 gige7 gige temperature 1120225336 1 critical
149	277575 gige7 gige temperature 1120164132 1 warning
150	277041 gige3 gige temperature 1119985870 1 normal
151	277038 gige4 gige temperature 1119984490 1 warning
152	276977 node-212 node temperature 1119972360 1 ambient=25
153	276947 gige6 gige temperature 1119966728 1 warning
154	276921 gige6 gige temperature 1119953528 1 warning
155	276353 gige3 gige temperature 1119836470 1 warning
156	285669 node-120 node temperature 1120882920 1 ambient=28
157	285349 node-95 node temperature 1120807232 1 ambient=33
158	285294 node-95 node temperature 1120784281 1 ambient=33
159	285232 node-90 node temperature 1120765771 1 ambient=36
160	284710 node-161 node temperature 1120680847 1 ambient=36
161	284566 node-116 node temperature 1120659780 1 ambient=28
162	284160 gige7 gige temperature 1120556837 1 warning
163	290254 gige7 gige temperature 1121400147 1 critical
164	290139 node-159 node temperature 1121375430 1 ambient=35
165	289970 gige6 gige temperature 1121318857 1 normal
166	289193 gige3 gige temperature 1121126193 1 warning
167	289181 node-218 node temperature 1121124240 1 ambient=29
168	288975 gige6 gige temperature 1121048549 1 warning
169	288882 gige6 gige temperature 1121010147 1 warning
170	307487 gige4 gige temperature 1122195175 1 warning
171	318114 gige4 gige temperature 1122807481 1 warning
172	317892 gige4 gige temperature 1122755580 1 normal
173	314014 node-228 node temperature 1122565110 1 ambient=25
174	313879 gige6 gige temperature 1122529625 1 normal
175	313753 gige7 gige temperature 1122502623 1 normal
176	313234 node-133 node temperature 1122335162 1 ambient=34
177	313169 node-176 node temperature 1122334380 1 ambient=35
178	312853 node-12 node temperature 1122319890 1 ambient=36
179	312821 node-23 node temperature 1122317820 1 ambient=35
180	312505 gige7 gige temperature 1122289618 1 warning
181	323620 gige3 gige temperature 1123303567 1 warning
182	323469 gige7 gige temperature 1123268232 1 warning
183	322167 gige7 gige temperature 1123098731 1 warning
184	322105 gige4 gige temperature 1123054982 1 normal
185	322072 gige6 gige temperature 1123032131 1 warning
186	321663 node-109 node temperature 1122928071 1 ambient=27
187	321485 gige4 gige temperature 1122862981 1 warning
188	41 node-23 node temperature 1123705518 1 ambient=29
189	98 node-206 node temperature 1123705544 1 ambient=26
190	160 node-222 node temperature 1123706820 1 ambient=26
191	557 node-158 node temperature 1123708507 1 ambient=30
192	1091 gige3 gige temperature 1123712436 1 warning
193	1574 gige6 gige temperature 1123832800 1 normal
194	1674 gige7 gige temperature 1123867002 1 warning
195	1755 gige7 gige temperature 1123896401 1 normal
196	15077 gige7 gige temperature 1124455610 1 normal
197	15135 gige4 gige temperature 1124477566 1 warning
198	26607 gige7 gige temperature 1124991417 1 warning
199	26553 gige7 gige temperature 1124967716 1 warning
200	26385 gige3 gige temperature 1124924165 1 warning
201	26334 gige3 gige temperature 1124895065 1 normal
202	26225 gige6 gige temperature 1124857316 1 warning
203	24723 gige6 gige temperature 1124654213 1 warning
204	37279 gige3 gige temperature 1125743188 1 normal
205	35410 gige7 gige temperature 1125678723 1 normal
206	32680 node-196 node temperature 1125447841 1 ambient=24
207	32520 gige7 gige temperature 1125430919 1 normal
208	32503 node-226 node temperature 1125430560 1 ambient=30
209	32496 node-242 node temperature 1125430411 1 ambient=31
210	32407 node-80 node temperature 1125423420 1 ambient=33
211	32328 node-166 node temperature 1125421620 1 ambient=31
212	47196 gige7 gige temperature 1126281735 1 normal
213	46807 gige4 gige temperature 1126181283 1 warning
214	45833 gige6 gige temperature 1126060332 1 normal
215	39641 gige6 gige temperature 1125893831 1 warning
216	39375 gige3 gige temperature 1125876685 1 warning
217	47306 gige6 gige temperature 1126315336 1 warning
218	47324 node-46 node temperature 1126319850 1 ambient=27
219	47351 gige3 gige temperature 1126332995 1 normal
220	48285 node-246 node temperature 1126363680 1 ambient=29
221	48313 node-121 node temperature 1126366020 1 ambient=31
222	59663 gige4 gige temperature 1126835843 1 normal
223	66528 gige6 gige temperature 1126992985 1 warning
224	74681 gige4 gige temperature 1127529154 1 warning
225	74599 gige4 gige temperature 1127513254 1 warning
226	74503 node-165 node temperature 1127509530 1 ambient=30
227	74471 node-28 node temperature 1127507370 1 ambient=32
228	74327 gige7 gige temperature 1127466391 1 warning
229	73580 node-149 node temperature 1127289450 1 ambient=29
230	73035 gige6 gige temperature 1127171787 1 normal
231	80742 node-212 node temperature 1127580150 1 ambient=24
232	91359 node-117 node temperature 1128146611 1 ambient=30
233	91307 gige3 gige temperature 1128140438 1 warning
234	91099 node-239 node temperature 1128121110 1 ambient=28
235	90766 node-154 node temperature 1128090030 1 ambient=34
236	90706 node-227 node temperature 1128087510 1 ambient=25
237	90571 node-240 node temperature 1128071251 1 ambient=26
238	90446 node-227 node temperature 1128058591 1 ambient=25
239	90309 node-227 node temperature 1128043770 1 ambient=25
240	90256 node-227 node temperature 1128036930 1 ambient=25
241	89726 node-237 node temperature 1127970240 1 ambient=27
242	88896 node-112 node temperature 1127858430 1 ambient=30
243	88524 gige7 gige temperature 1127805997 1 warning
244	88301 node-31 node temperature 1127779980 1 ambient=31
245	87994 node-14 node temperature 1127746890 1 ambient=29
246	87957 gige4 gige temperature 1127740956 1 warning
247	87888 gige3 gige temperature 1127731836 1 warning
248	98691 node-238 node temperature 1128232080 1 ambient=28
249	98807 node-67 node temperature 1128237243 1 ambient=28
250	112690 gige6 gige temperature 1128819714 1 normal
251	112636 gige3 gige temperature 1128807948 1 normal
252	108135 node-234 node temperature 1128750244 1 ambient=25
253	108039 node-245 node temperature 1128731340 1 ambient=30
254	107885 node-139 node temperature 1128717151 1 ambient=30
255	107355 node-243 node temperature 1128677790 1 ambient=26
256	107123 gige4 gige temperature 1128638866 1 warning
257	106908 node-234 node temperature 1128605040 1 ambient=25
258	106121 gige4 gige temperature 1128486765 1 warning
259	106107 node-110 node temperature 1128485251 1 ambient=29
260	105925 gige4 gige temperature 1128444765 1 normal
261	105589 node-231 node temperature 1128355020 1 ambient=29
262	105329 node-229 node temperature 1128323820 1 ambient=27
263	105277 gige3 gige temperature 1128317445 1 warning
264	105218 node-246 node temperature 1128307170 1 ambient=26
265	105201 gige3 gige temperature 1128304844 1 normal
266	105166 gige7 gige temperature 1128298902 1 normal
267	105013 gige7 gige temperature 1128273402 1 warning
268	124392 node-227 node temperature 1129414680 1 ambient=25
269	124249 gige7 gige temperature 1129373817 1 warning
270	122478 gige7 gige temperature 1129368717 1 normal
271	121756 node-233 node temperature 1129356780 1 ambient=28
272	121634 node-88 node temperature 1129326780 1 ambient=29
273	120755 node-233 node temperature 1129305602 1 ambient=28
274	120039 gige6 gige temperature 1129263419 1 normal
275	119973 node-105 node temperature 1129243651 1 ambient=30
276	118999 node-48 node temperature 1129152541 1 ambient=30
277	118614 node-247 node temperature 1129131870 1 ambient=27
278	118574 gige3 gige temperature 1129121155 1 normal
279	118491 node-227 node temperature 1129105830 1 ambient=28
280	118358 gige3 gige temperature 1129078855 1 warning
281	117682 gige6 gige temperature 1128949016 1 normal
282	117530 node-104 node temperature 1128922170 1 ambient=30
283	148089 gige3 gige temperature 1129897264 1 normal
284	147747 gige7 gige temperature 1129829823 1 normal
285	163574 node-113 node temperature 1130664241 1 ambient=30
286	163424 node-241 node temperature 1130652991 1 ambient=27
287	163206 gige3 gige temperature 1130632279 1 warning
288	162000 node-115 node temperature 1130582460 1 ambient=26
289	160223 node-113 node temperature 1130569170 1 ambient=27
290	159900 node-237 node temperature 1130535210 1 ambient=24
291	159023 gige7 gige temperature 1130469428 1 normal
292	158572 node-231 node temperature 1130390160 1 ambient=26
293	156104 node-109 node temperature 1130358332 1 ambient=31
294	155335 gige7 gige temperature 1130287327 1 warning
295	155242 gige6 gige temperature 1130271428 1 warning
296	154670 node-243 node temperature 1130177820 1 ambient=29
297	154630 node-115 node temperature 1130172270 1 ambient=29
298	154424 gige3 gige temperature 1130137268 1 warning
299	154188 node-113 node temperature 1130090640 1 ambient=27
300	154068 gige7 gige temperature 1130069824 1 normal
301	176845 node-16 node temperature 1131226925 1 ambient=33
302	163677 node-237 node temperature 1130673420 1 ambient=30
303	173985 node-130 node temperature 1131220932 1 ambient=29
304	170998 node-78 node temperature 1131216252 1 ambient=33
305	167818 gige3 gige temperature 1130949082 1 normal
306	167448 node-119 node temperature 1130880870 1 ambient=29
307	167414 gige7 gige temperature 1130878335 1 warning
308	167256 node-237 node temperature 1130853781 1 ambient=30
309	167189 node-115 node temperature 1130845650 1 ambient=29
310	167091 node-227 node temperature 1130833170 1 ambient=28
311	167030 node-240 node temperature 1130825340 1 ambient=32
312	167025 gige4 gige temperature 1130825000 1 warning
313	166502 node-114 node temperature 1130781811 1 ambient=28
314	166309 node-242 node temperature 1130770290 1 ambient=28
315	166161 gige4 gige temperature 1130758999 1 warning
316	207192 gige5 gige temperature 1131716359 1 normal
317	204253 gige5 gige temperature 1131439295 1 normal
318	203805 gige4 gige temperature 1131366874 1 warning
319	227361 node-214 node temperature 1132274790 1 ambient=29
320	227833 node-67 node temperature 1132284720 1 ambient=30
321	227957 node-157 node temperature 1132285800 1 ambient=31
322	228160 node-187 node temperature 1132287030 1 ambient=31
323	228175 node-33 node temperature 1132287150 1 ambient=34
324	243555 gige3 gige temperature 1132547419 1 warning
325	263026 node-250 node temperature 1133576640 1 ambient=36
326	261998 node-65 node temperature 1133387520 1 ambient=33
327	275632 node-220 node temperature 1134164880 1 ambient=25
328	275052 node-250 node temperature 1133856960 1 ambient=36
329	285651 node-33 node temperature 1134668085 1 ambient=33
330	288181 node-173 node temperature 1134671246 1 ambient=25
331	303686 gige3 gige temperature 1135185449 1 normal
332	303647 gige3 gige temperature 1135163847 1 normal
333	303523 gige3 gige temperature 1135051042 1 normal
334	311373 gige3 gige temperature 1136079262 1 warning
335	312587 node-116 node temperature 1136537520 1 ambient=30
336	312445 gige3 gige temperature 1136462966 1 normal
337	312232 gige3 gige temperature 1136305464 1 normal
338	312131 node-97 node temperature 1136206230 1 ambient=33
339	313273 node-249 node temperature 1136914380 1 ambient=37
340	313257 gige6 gige temperature 1136905246 1 warning
341	313146 node-66 node temperature 1136846130 1 ambient=27
342	315731 node-41 node temperature 1138153620 1 ambient=30
343	315644 node-249 node temperature 1138132001 1 ambient=35
344	315096 node-152 node temperature 1138047991 1 ambient=27
345	315071 node-175 node temperature 1138046940 1 ambient=29
346	321202 gige6 gige temperature 1139481957 1 warning
347	321182 gige3 gige temperature 1139469899 1 normal
348	320143 node-222 node temperature 1139331900 1 ambient=28
349	335435 gige3 gige temperature 1140254414 1 normal
350	334882 node-231 node temperature 1140199680 1 ambient=28
351	334573 node-241 node temperature 1140184290 1 ambient=27
352	334522 node-239 node temperature 1140174390 1 ambient=26
353	334127 node-231 node temperature 1140143250 1 ambient=25
354	334100 node-51 node temperature 1140142440 1 ambient=30
355	333962 node-43 node temperature 1140139500 1 ambient=35
356	333864 node-145 node temperature 1140138780 1 ambient=32
357	333848 node-168 node temperature 1140138750 1 ambient=29
358	333509 node-168 node temperature 1140135990 1 ambient=35
359	333067 gige7 gige temperature 1140124268 1 critical
360	341488 node-240 node temperature 1140266130 1 ambient=27
361	341499 node-242 node temperature 1140267870 1 ambient=29
362	341605 node-227 node temperature 1140281700 1 ambient=28
363	341711 node-233 node temperature 1140296011 1 ambient=28
364	355102 node-238 node temperature 1140888121 1 ambient=25
365	355008 node-238 node temperature 1140877380 1 ambient=25
366	349339 node-235 node temperature 1140676800 1 ambient=27
367	348402 node-241 node temperature 1140555150 1 ambient=30
368	348398 node-236 node temperature 1140554910 1 ambient=28
369	348173 gige7 gige temperature 1140469273 1 critical
370	348112 node-238 node temperature 1140446850 1 ambient=25
371	366358 gige6 gige temperature 1141480585 1 normal
372	361170 node-245 node temperature 1141238460 1 ambient=27
373	360990 gige6 gige temperature 1141136483 1 normal
374	360474 node-236 node temperature 1141005000 1 ambient=25
375	360467 node-114 node temperature 1141003082 1 ambient=28
376	381136 node-88 node temperature 1142037660 1 ambient=33
377	380953 node-21 node temperature 1141983900 1 ambient=36
378	380813 node-98 node temperature 1141951865 1 ambient=30
379	379973 node-48 node temperature 1141835730 1 ambient=36
380	379970 node-63 node temperature 1141834980 1 ambient=33
381	379954 gige6 gige temperature 1141834439 1 normal
382	379511 node-184 node temperature 1141817851 1 ambient=31
383	379230 gige3 gige temperature 1141762078 1 normal
384	374787 node-91 node temperature 1141676911 1 ambient=27
385	372864 node-34 node temperature 1141676137 1 ambient=26
386	371466 gige3 gige temperature 1141598132 1 warning
387	387363 gige7 gige temperature 1142103247 1 critical
388	401995 gige4 gige temperature 1142584554 1 normal
389	402021 gige3 gige temperature 1142592234 1 normal
390	402094 node-37 node temperature 1142615010 1 ambient=33
391	402312 gige7 gige temperature 1142637295 1 warning
392	408247 gige3 gige temperature 1142754835 1 normal
393	416519 node-159 node temperature 1143214291 1 ambient=36
394	415931 node-84 node temperature 1143096421 1 ambient=33
395	415780 gige3 gige temperature 1143058438 1 normal
396	415395 node-194 node temperature 1142947861 1 ambient=26
397	431593 node-233 node temperature 1143831330 1 ambient=25
398	431548 node-114 node temperature 1143825180 1 ambient=27
399	431421 node-110 node temperature 1143811410 1 ambient=31
400	428615 node-229 node temperature 1143728610 1 ambient=25
401	428555 node-220 node temperature 1143724650 1 ambient=28
402	428281 gige5 gige temperature 1143696187 1 warning
403	426064 gige6 gige temperature 1143571810 1 normal
404	425832 node-121 node temperature 1143482567 1 ambient=32
405	425772 node-80 node temperature 1143482491 1 ambient=33
406	425740 node-138 node temperature 1143482449 1 ambient=28
407	425701 node-36 node temperature 1143482413 1 ambient=31
408	425504 gige7 gige temperature 1143447307 1 critical
409	425034 gige3 gige temperature 1143379144 1 normal
410	436350 node-241 node temperature 1143896370 1 ambient=30
411	436394 node-239 node temperature 1143899370 1 ambient=29
412	436897 node-114 node temperature 1143962820 1 ambient=30
413	448165 gige3 gige temperature 1144567339 1 normal
414	445454 gige6 gige temperature 1144440503 1 normal
415	445396 gige6 gige temperature 1144416803 1 normal
416	443918 gige4 gige temperature 1144223486 1 warning
417	443814 gige7 gige temperature 1144183213 1 warning
418	442984 node-114 node temperature 1144018980 1 ambient=27
419	454305 gige6 gige temperature 1145174613 1 normal
420	451250 gige7 gige temperature 1144890808 1 critical
421	451247 gige7 gige temperature 1144889909 1 warning
422	451175 gige7 gige temperature 1144867107 1 warning
423	450483 gige6 gige temperature 1144802008 1 normal
424	450206 gige3 gige temperature 1144711043 1 warning
425	450087 gige3 gige temperature 1144667241 1 normal
426	449962 gige6 gige temperature 1144627407 1 warning
427	458832 node-115 node temperature 1145540522 1 ambient=28
428	460291 node-103 node temperature 1145551988 1 ambient=26
429	462282 node-94 node temperature 1145552738 1 ambient=34
430	465923 gige7 gige temperature 1145638393 1 warning
431	466009 gige3 gige temperature 1145664432 1 warning
432	480082 gige7 gige temperature 1146100398 1 critical
433	479981 gige4 gige temperature 1146058156 1 warning
434	2560209 Interconnect-1N01 switch_module error 1073192214 1 Link ok
435	2558342 Interconnect-1N01 switch_module error 1073114649 1 Link ok
436	2558132 Interconnect-1N01 switch_module error 1073080543 1 Link ok
437	2558082 Interconnect-1N01 switch_module error 1073073636 1 Link ok
438	2557405 Interconnect-1T01 switch_module error 1072965457 1 Link error
439	2557080 Interconnect-1N01 switch_module error 1072913499 1 Link error
440	2556365 Interconnect-1N01 switch_module error 1072790564 1 Link in reset
441	2550228 Interconnect-1N01 switch_module error 1072442018 1 Link ok
442	2553872 Interconnect-0N03 switch_module error 1072642871 1 Link ok
443	2553727 Interconnect-1N03 switch_module error 1072642564 1 Link in reset
444	2553390 Interconnect-1N03 switch_module error 1072641409 1 Link ok
445	2553308 Interconnect-1N03 switch_module error 1072638589 1 Link error
446	2560289 Interconnect-1N01 switch_module error 1073206850 1 Link ok
447	2560175 Interconnect-1N01 switch_module error 1073185824 1 Link ok
448	2559445 Interconnect-1N01 switch_module error 1073128433 1 Link ok
449	2558415 Interconnect-1T02 switch_module error 1073119551 1 Link error
450	2561694 Interconnect-1N01 switch_module error 1073459190 1 Link in reset
451	2561093 Interconnect-1N01 switch_module error 1073345520 1 Link ok
452	2560515 Interconnect-1N01 switch_module error 1073246148 1 Link ok
453	2560493 Interconnect-1N01 switch_module error 1073242467 1 Link in reset
454	2566680 Interconnect-1N03 switch_module error 1073991556 1 Link in reset
455	2565131 Interconnect-1N01 switch_module error 1073923347 1 Link in reset
456	2565070 Interconnect-1N01 switch_module error 1073911806 1 Link in reset
457	2569061 Interconnect-0N03 switch_module error 1074120426 1 Linkerror event interval expired
458	2569549 Interconnect-0N03 switch_module error 1074121227 1 Linkerror event interval expired
459	2570021 node-5 action error 1074121927 1 risBoot (command 1903) Error: Timed out while waiting for SRM prompt: <ABORT code completed>
460	2570091 Interconnect-0N01 switch_module error 1074122028 1 Linkerror event interval expired
461	2570813 Interconnect-1N01 switch_module error 1074123216 1 Linkerror event interval expired
462	2572181 Interconnect-0N01 switch_module error 1074125925 1 Linkerror event interval expired
463	2572865 Interconnect-1N00 switch_module error 1074129389 1 Linkerror event interval expired
464	2572925 Interconnect-1N02 switch_module error 1074129669 1 Linkerror event interval expired
465	2573009 Interconnect-0N00 switch_module error 1074130036 1 Linkerror event interval expired
466	2573041 Interconnect-0N00 switch_module error 1074130207 1 Linkerror event interval expired
467	2573682 Interconnect-0N02 switch_module error 1074131794 1 Linkerror event interval expired
468	2573870 Interconnect-1N02 switch_module error 1074131950 1 Linkerror event interval expired
469	2574049 Interconnect-1N02 switch_module error 1074132111 1 Linkerror event interval expired
470	2574588 Interconnect-1N03 switch_module error 1074137477 1 Linkerror event interval expired
471	2575083 Interconnect-1N01 switch_module error 1074161541 1 Linkerror event interval expired
472	2575089 Interconnect-1N01 switch_module error 1074162647 1 Linkerror event interval expired
473	2575104 Interconnect-1N01 switch_module error 1074165830 1 Linkerror event interval expired
474	2575213 Interconnect-0N02 switch_module error 1074175913 1 Linkerror event interval expired
475	2575239 Interconnect-1N02 switch_module error 1074175929 1 Linkerror event interval expired
476	2575308 Interconnect-1N02 switch_module error 1074175999 1 Linkerror event interval expired
477	2576243 Interconnect-0N02 switch_module error 1074178679 1 Linkerror event interval expired
478	2577675 Interconnect-1N02 switch_module error 1074187413 1 Linkerror event interval expired
479	2577929 Interconnect-0N01 switch_module error 1074189714 1 Linkerror event interval expired
480	2579066 Interconnect-1N02 switch_module error 1074207069 1 Linkerror event interval expired
481	2579144 Interconnect-1N01 switch_module error 1074208208 1 Linkerror event interval expired
482	2580497 Interconnect-1N01 switch_module error 1074217133 1 Linkerror event interval expired
483	2580613 Interconnect-0N01 switch_module error 1074217167 1 Linkerror event interval expired
484	2580989 Interconnect-1N01 switch_module error 1074217255 1 Linkerror event interval expired
485	2581234 Interconnect-1N03 switch_module error 1074217317 1 Linkerror event interval expired
486	2581250 Interconnect-1N03 switch_module error 1074217320 1 Linkerror event interval expired
487	2583068 Interconnect-1N03 switch_module error 1074225629 1 Linkerror event interval expired
488	2583136 Interconnect-1N03 switch_module error 1074225798 1 Linkerror event interval expired
489	2583982 Interconnect-1N00 switch_module error 1074230178 1 Linkerror event interval expired
490	2584628 Interconnect-0N01 switch_module error 1074232068 1 Linkerror event interval expired
491	2584639 Interconnect-0N01 switch_module error 1074232126 1 Linkerror event interval expired
492	2585028 Interconnect-1N02 switch_module error 1074233208 1 Linkerror event interval expired
493	2585588 Interconnect-0N02 switch_module error 1074234738 1 Linkerror event interval expired
494	2585665 Interconnect-1N03 switch_module error 1074234966 1 Linkerror event interval expired
495	2585816 Interconnect-1N03 switch_module error 1074235394 1 Linkerror event interval expired
496	2586025 Interconnect-1N03 switch_module error 1074236020 1 Linkerror event interval expired
497	2586061 Interconnect-1N03 switch_module error 1074236099 1 Linkerror event interval expired
498	2586170 Interconnect-1N03 switch_module error 1074236447 1 Linkerror event interval expired
499	2586186 Interconnect-1N03 switch_module error 1074236525 1 Linkerror event interval expired
500	2586431 Interconnect-0N03 switch_module error 1074237429 1 Linkerror event interval expired
501	2587495 Interconnect-0N00 switch_module error 1074241888 1 Linkerror event interval expired
502	2588164 Interconnect-1N02 switch_module error 1074242677 1 Linkerror event interval expired
503	2588737 Interconnect-0N03 switch_module error 1074243063 1 Linkerror event interval expired
504	2588743 Interconnect-0N03 switch_module error 1074243064 1 Linkerror event interval expired
505	2590123 Interconnect-1N00 switch_module error 1074261819 1 Linkerror event interval expired
506	2594227 Interconnect-1N01 switch_module error 1074272896 1 Linkerror event interval expired
507	2595676 Interconnect-1N01 switch_module error 1074288628 1 Linkerror event interval expired
508	2597017 Interconnect-1N00 switch_module error 1074290313 1 Linkerror event interval expired
509	2597376 Interconnect-1N00 switch_module error 1074290438 1 Linkerror event interval expired
510	2597537 Interconnect-0N01 switch_module error 1074290483 1 Linkerror event interval expired
511	2597642 Interconnect-0N02 switch_module error 1074290511 1 Linkerror event interval expired
512	2597772 Interconnect-1N02 switch_module error 1074290544 1 Linkerror event interval expired
513	2599314 Interconnect-1N01 switch_module error 1074297487 1 Linkerror event interval expired
514	2600221 Interconnect-0N02 switch_module error 1074297871 1 Linkerror event interval expired
515	2615716 Interconnect-1N01 switch_module error 1074900640 1 Linkerror event interval expired
516	2615428 Interconnect-1N01 switch_module error 1074848454 1 Linkerror event interval expired
517	2615364 Interconnect-1N01 switch_module error 1074835654 1 Linkerror event interval expired
518	2615204 Interconnect-1N01 switch_module error 1074801720 1 Linkerror event interval expired
519	2614572 Interconnect-1N01 switch_module error 1074747779 1 Linkerror event interval expired
520	2614352 Interconnect-1N01 switch_module error 1074709464 1 Linkerror event interval expired
521	2612089 Interconnect-1N01 switch_module error 1074510127 1 Linkerror event interval expired
522	2590181 Interconnect-0N00 switch_module error 1074261994 1 Linkerror event interval expired
523	2591699 Interconnect-1T03 switch_module error 1074268486 1 Linkerror event interval expired
524	2595669 Interconnect-1N01 switch_module error 1074287600 1 Linkerror event interval expired
525	2597578 Interconnect-1N02 switch_module error 1074290494 1 Linkerror event interval expired
526	2597608 Interconnect-0N01 switch_module error 1074290502 1 Linkerror event interval expired
527	2597811 Interconnect-1N02 switch_module error 1074290555 1 Linkerror event interval expired
528	2597893 Interconnect-0N02 switch_module error 1074290575 1 Linkerror event interval expired
529	2598048 Interconnect-0N03 switch_module error 1074290616 1 Linkerror event interval expired
530	2598092 Interconnect-0N03 switch_module error 1074290638 1 Linkerror event interval expired
531	2598112 Interconnect-1N03 switch_module error 1074290649 1 Linkerror event interval expired
532	2598151 Interconnect-0N03 switch_module error 1074290671 1 Linkerror event interval expired
533	2598235 Interconnect-1N01 switch_module error 1074294936 1 Linkerror event interval expired
534	2598907 Interconnect-0N00 switch_module error 1074296653 1 Linkerror event interval expired
535	2600960 Interconnect-0N02 switch_module error 1074298131 1 Linkerror event interval expired
536	2606824 Interconnect-1N01 switch_module error 1074356930 1 Linkerror event interval expired
537	256 Interconnect-1N01 switch_module error 1075463047 1 Linkerror event interval expired
538	292 Interconnect-1T01 switch_module error 1075470509 1 Linkerror event interval expired
539	3098 Interconnect-1N01 switch_module error 1075572430 1 Linkerror event interval expired
540	3496 Interconnect-1N03 switch_module error 1075629657 1 Linkerror event interval expired
541	28360 Interconnect-1N00 switch_module error 1076182055 1 Linkerror event interval expired
542	27373 node-55 action error 1076176599 1 boot (command 2092) Error: HALT asserted\  cannot continue
543	27185 Interconnect-1N00 switch_module error 1076173770 1 Linkerror event interval expired
544	26955 Interconnect-1N01 switch_module error 1076161132 1 Linkerror event interval expired
545	19621 Interconnect-1N01 switch_module error 1076023220 1 Linkerror event interval expired
546	29376 Interconnect-1N00 switch_module error 1076183342 1 Linkerror event interval expired
547	30791 Interconnect-1N01 switch_module error 1076205835 1 Linkerror event interval expired
548	40208 Interconnect-1N03 switch_module error 1076538599 1 Linkerror event interval expired
549	35564 Interconnect-1N01 switch_module error 1076523236 1 Linkerror event interval expired
550	35539 Interconnect-0N03 switch_module error 1076519774 1 Linkerror event interval expired
551	35463 Interconnect-0N00 switch_module error 1076517688 1 Linkerror event interval expired
552	34478 Interconnect-1N01 switch_module error 1076446111 1 Linkerror event interval expired
553	33331 Interconnect-1N03 switch_module error 1076434499 1 Linkerror event interval expired
554	32793 Interconnect-1N01 switch_module error 1076424334 1 Linkerror event interval expired
555	32304 Interconnect-0N03 switch_module error 1076399082 1 Linkerror event interval expired
556	31891 Interconnect-1T02 switch_module error 1076379650 1 Linkerror event interval expired
557	31579 Interconnect-1N01 switch_module error 1076336786 1 Linkerror event interval expired
558	48830 Interconnect-0N00 switch_module error 1076703125 1 Linkerror event interval expired
559	48900 Interconnect-1N01 switch_module error 1076713837 1 Linkerror event interval expired
560	54223 Interconnect-1N01 switch_module error 1076776381 1 Linkerror event interval expired
561	54268 Interconnect-1N01 switch_module error 1076785690 1 Linkerror event interval expired
562	54489 Interconnect-1N01 switch_module error 1076819370 1 Linkerror event interval expired
563	55989 Interconnect-1N01 switch_module error 1076843300 1 Linkerror event interval expired
564	80119 Interconnect-1N01 switch_module error 1077260187 1 Linkerror event interval expired
565	78503 Interconnect-1N01 switch_module error 1077243903 1 Linkerror event interval expired
566	78479 Interconnect-1N01 switch_module error 1077238683 1 Linkerror event interval expired
567	77224 Interconnect-0N00 switch_module error 1077215336 1 Linkerror event interval expired
568	77005 Interconnect-0N00 switch_module error 1077215215 1 Linkerror event interval expired
569	74930 Interconnect-0N01 switch_module error 1077172601 1 Linkerror event interval expired
570	74611 Interconnect-0N01 switch_module error 1077171912 1 Linkerror event interval expired
571	73728 Interconnect-1N01 switch_module error 1077094121 1 Linkerror event interval expired
572	71637 Interconnect-1N00 switch_module error 1077066136 1 Linkerror event interval expired
573	71623 Interconnect-1N00 switch_module error 1077066129 1 Linkerror event interval expired
574	71554 Interconnect-0N00 switch_module error 1077066063 1 Linkerror event interval expired
575	70353 Interconnect-1N03 switch_module error 1077061443 1 Linkerror event interval expired
576	70211 Interconnect-0N03 switch_module error 1077061058 1 Linkerror event interval expired
577	70014 Interconnect-1N01 switch_module error 1077057705 1 Linkerror event interval expired
578	69261 Interconnect-1N01 switch_module error 1076933680 1 Linkerror event interval expired
579	61506 Interconnect-1N00 switch_module error 1076866050 1 Linkerror event interval expired
580	61078 Interconnect-1N01 switch_module error 1076865899 1 Linkerror event interval expired
581	59022 Interconnect-0N03 switch_module error 1076865397 1 Linkerror event interval expired
582	56743 Interconnect-0N03 switch_module error 1076858266 1 Linkerror event interval expired
583	86690 Interconnect-1T02 switch_module error 1077364380 1 Linkerror event interval expired
584	87093 Interconnect-1N01 switch_module error 1077384074 1 Linkerror event interval expired
585	87621 Interconnect-1N01 switch_module error 1077451653 1 Linkerror event interval expired
586	115237 Interconnect-1N01 switch_module error 1077763844 1 Linkerror event interval expired
587	106635 Interconnect-1N01 switch_module error 1077740032 1 Linkerror event interval expired
588	105870 Interconnect-1N02 switch_module error 1077739756 1 Linkerror event interval expired
589	105792 Interconnect-0N01 switch_module error 1077739731 1 Linkerror event interval expired
590	102642 Interconnect-0N02 switch_module error 1077735930 1 Linkerror event interval expired
591	102627 Interconnect-1N03 switch_module error 1077735926 1 Linkerror event interval expired
592	102593 Interconnect-1N02 switch_module error 1077735915 1 Linkerror event interval expired
593	102079 Interconnect-0N01 switch_module error 1077735752 1 Linkerror event interval expired
594	101832 Interconnect-1N00 switch_module error 1077735628 1 Linkerror event interval expired
595	100619 Interconnect-0N03 switch_module error 1077716299 1 Linkerror event interval expired
596	100546 Interconnect-0N03 switch_module error 1077711917 1 Linkerror event interval expired
597	100398 Interconnect-1N02 switch_module error 1077691525 1 Linkerror event interval expired
598	100284 Interconnect-1N01 switch_module error 1077676650 1 Linkerror event interval expired
599	100157 Interconnect-1T01 switch_module error 1077654632 1 Linkerror event interval expired
600	94573 Interconnect-0N01 switch_module error 1077646914 1 Linkerror event interval expired
601	93616 Interconnect-0N00 switch_module error 1077646552 1 Linkerror event interval expired
602	93592 Interconnect-0N00 switch_module error 1077646545 1 Linkerror event interval expired
603	92943 Interconnect-1N03 switch_module error 1077644946 1 Linkerror event interval expired
604	92934 Interconnect-1N03 switch_module error 1077644940 1 Linkerror event interval expired
605	92067 Interconnect-0N01 switch_module error 1077631886 1 Linkerror event interval expired
606	92001 Interconnect-1N03 switch_module error 1077631249 1 Linkerror event interval expired
607	91936 Interconnect-0N03 switch_module error 1077631217 1 Linkerror event interval expired
608	91927 Interconnect-1N03 switch_module error 1077631212 1 Linkerror event interval expired
609	91802 Interconnect-1N01 switch_module error 1077631166 1 Linkerror event interval expired
610	91770 Interconnect-1N03 switch_module error 1077631159 1 Linkerror event interval expired
611	89037 Interconnect-1N01 switch_module error 1077578416 1 Linkerror event interval expired
612	88370 Interconnect-1N01 switch_module error 1077549077 1 Linkerror event interval expired
613	87770 Interconnect-1T02 switch_module error 1077473123 1 Linkerror event interval expired
614	87674 Interconnect-1N01 switch_module error 1077460673 1 Linkerror event interval expired
615	135982 Interconnect-1N01 switch_module error 1077808440 1 Linkerror event interval expired
616	136333 Interconnect-0N02 switch_module error 1077808562 1 Linkerror event interval expired
617	138084 Interconnect-1N01 switch_module error 1077809945 1 Linkerror event interval expired
618	138177 Interconnect-0N00 switch_module error 1077809967 1 Linkerror event interval expired
619	138184 Interconnect-0N02 switch_module error 1077809969 1 Linkerror event interval expired
620	139225 Interconnect-1N01 switch_module error 1077810259 1 Linkerror event interval expired
621	139238 Interconnect-1N02 switch_module error 1077810262 1 Linkerror event interval expired
622	141757 Interconnect-1N00 switch_module error 1077815530 1 Linkerror event interval expired
623	141792 Interconnect-0N00 switch_module error 1077815549 1 Linkerror event interval expired
624	141816 Interconnect-1N00 switch_module error 1077815561 1 Linkerror event interval expired
625	141819 Interconnect-0N00 switch_module error 1077815564 1 Linkerror event interval expired
626	142130 Interconnect-0N01 switch_module error 1077815632 1 Linkerror event interval expired
627	142380 Interconnect-1N01 switch_module error 1077815724 1 Linkerror event interval expired
628	142698 Interconnect-1N02 switch_module error 1077815841 1 Linkerror event interval expired
629	142994 Interconnect-0N03 switch_module error 1077816061 1 Linkerror event interval expired
630	145825 Interconnect-1N02 switch_module error 1077817398 1 Linkerror event interval expired
631	156575 Interconnect-1N03 switch_module error 1077865581 1 Linkerror event interval expired
632	157160 Interconnect-1N03 switch_module error 1077867221 1 Linkerror event interval expired
633	157378 Interconnect-1N03 switch_module error 1077868285 1 Linkerror event interval expired
634	157601 Interconnect-1N03 switch_module error 1077873194 1 Linkerror event interval expired
635	160886 Interconnect-1N01 switch_module error 1077875763 1 Linkerror event interval expired
636	161403 Interconnect-0N03 switch_module error 1077876337 1 Linkerror event interval expired
637	161699 Interconnect-1N00 switch_module error 1077877379 1 Linkerror event interval expired
638	162068 Interconnect-1N00 switch_module error 1077877486 1 Linkerror event interval expired
639	162291 Interconnect-1N02 switch_module error 1077877544 1 Linkerror event interval expired
640	162735 Interconnect-0N03 switch_module error 1077877671 1 Linkerror event interval expired
641	163650 Interconnect-1N03 switch_module error 1077878624 1 Linkerror event interval expired
642	163677 Interconnect-1T01 switch_module error 1077878640 1 Linkerror event interval expired
643	165107 Interconnect-1N00 switch_module error 1077881440 1 Linkerror event interval expired
644	173860 Interconnect-0N00 switch_module error 1077892961 1 Linkerror event interval expired
645	174001 Interconnect-0N00 switch_module error 1077893002 1 Linkerror event interval expired
646	174925 Interconnect-0N03 switch_module error 1077893261 1 Linkerror event interval expired
647	176394 Interconnect-1N01 switch_module error 1077893959 1 Linkerror event interval expired
648	176521 Interconnect-0N00 switch_module error 1077893995 1 Linkerror event interval expired
649	177328 Interconnect-0N01 switch_module error 1077894231 1 Linkerror event interval expired
650	178485 Interconnect-1N01 switch_module error 1077896308 1 Linkerror event interval expired
651	183763 Interconnect-0N01 switch_module error 1077902463 1 Linkerror event interval expired
652	183905 Interconnect-1N01 switch_module error 1077902508 1 Linkerror event interval expired
653	185325 Interconnect-1N03 switch_module error 1077902873 1 Linkerror event interval expired
654	198629 Interconnect-1N01 switch_module error 1077979769 1 Linkerror event interval expired
655	226042 Interconnect-1N00 switch_module error 1078639210 1 Linkerror event interval expired
656	225744 Interconnect-1N02 switch_module error 1078594479 1 Linkerror event interval expired
657	225055 Interconnect-1N01 switch_module error 1078529930 1 Linkerror event interval expired
658	224686 Interconnect-1T03 switch_module error 1078513350 1 Linkerror event interval expired
659	223805 Interconnect-0N00 switch_module error 1078499737 1 Linkerror event interval expired
660	222409 Interconnect-1N03 switch_module error 1078490573 1 Linkerror event interval expired
661	222069 Interconnect-1N01 switch_module error 1078476765 1 Linkerror event interval expired
662	217077 Interconnect-1N03 switch_module error 1078468199 1 Linkerror event interval expired
663	216344 Interconnect-1N02 switch_module error 1078467983 1 Linkerror event interval expired
664	215082 Interconnect-1N00 switch_module error 1078467571 1 Linkerror event interval expired
665	214078 Interconnect-1N02 switch_module error 1078466489 1 Linkerror event interval expired
666	213970 Interconnect-0N00 switch_module error 1078466456 1 Linkerror event interval expired
667	213969 Interconnect-1N00 switch_module error 1078466455 1 Linkerror event interval expired
668	213842 Interconnect-1N01 switch_module error 1078466414 1 Linkerror event interval expired
669	210873 Interconnect-1N00 switch_module error 1078455697 1 Linkerror event interval expired
670	210170 Interconnect-0N00 switch_module error 1078453534 1 Linkerror event interval expired
671	205020 Interconnect-1N01 switch_module error 1078382220 1 Linkerror event interval expired
672	203971 Interconnect-1N01 switch_module error 1078262512 1 Linkerror event interval expired
673	203905 Interconnect-1N01 switch_module error 1078253002 1 Linkerror event interval expired
674	203519 Interconnect-1N01 switch_module error 1078221896 1 Linkerror event interval expired
675	201862 Interconnect-1N01 switch_module error 1078162442 1 Linkerror event interval expired
676	201411 Interconnect-1N01 switch_module error 1078161468 1 Linkerror event interval expired
677	201274 Interconnect-1N01 switch_module error 1078157542 1 Linkerror event interval expired
678	200983 Interconnect-1N01 switch_module error 1078126141 1 Linkerror event interval expired
679	200080 Interconnect-1N02 switch_module error 1078120174 1 Linkerror event interval expired
680	199652 Interconnect-1N01 switch_module error 1078113076 1 Linkerror event interval expired
681	199360 Interconnect-1N01 switch_module error 1078080253 1 Linkerror event interval expired
682	199189 Interconnect-1T01 switch_module error 1078055222 1 Linkerror event interval expired
683	264490 Interconnect-1N01 switch_module error 1079259526 1 Linkerror event interval expired
684	262454 Interconnect-1N01 switch_module error 1079242615 1 Linkerror event interval expired
685	262189 Interconnect-1N01 switch_module error 1079231184 1 Linkerror event interval expired
686	260815 Interconnect-1N01 switch_module error 1079172043 1 Linkerror event interval expired
687	260718 Interconnect-1N01 switch_module error 1079152857 1 Linkerror event interval expired
688	256643 Interconnect-0N03 switch_module error 1079070099 1 Linkerror event interval expired
689	255821 Interconnect-1N02 switch_module error 1079069906 1 Linkerror event interval expired
690	255352 Interconnect-0N03 switch_module error 1079069816 1 Linkerror event interval expired
691	255061 Interconnect-1N00 switch_module error 1079069705 1 Linkerror event interval expired
692	254564 Interconnect-1N01 switch_module error 1079069444 1 Linkerror event interval expired
693	247218 Interconnect-0N03 switch_module error 1079048791 1 Linkerror event interval expired
694	246277 Interconnect-0N02 switch_module error 1079048528 1 Linkerror event interval expired
695	243953 Interconnect-1N03 switch_module error 1079046909 1 Linkerror event interval expired
696	243924 Interconnect-1N03 switch_module error 1079046891 1 Linkerror event interval expired
697	243822 Interconnect-0N01 switch_module error 1079046846 1 Linkerror event interval expired
698	243616 Interconnect-1N01 switch_module error 1079046788 1 Linkerror event interval expired
699	243531 Interconnect-1N00 switch_module error 1079046762 1 Linkerror event interval expired
700	243508 Interconnect-0N00 switch_module error 1079046747 1 Linkerror event interval expired
701	240969 Interconnect-0N03 switch_module error 1079031627 1 Linkerror event interval expired
702	236991 Interconnect-0N02 switch_module error 1079015266 1 Linkerror event interval expired
703	235379 Interconnect-0N02 switch_module error 1079014242 1 Linkerror event interval expired
704	235089 Interconnect-1N01 switch_module error 1079014154 1 Linkerror event interval expired
705	234818 Interconnect-0N00 switch_module error 1079014094 1 Linkerror event interval expired
706	232896 Interconnect-0N02 switch_module error 1079011268 1 Linkerror event interval expired
707	231122 Interconnect-1N01 switch_module error 1079007841 1 Linkerror event interval expired
708	228981 Interconnect-1T01 switch_module error 1078947615 1 Linkerror event interval expired
709	228733 Interconnect-1T02 switch_module error 1078905214 1 Linkerror event interval expired
710	228624 Interconnect-1N01 switch_module error 1078885801 1 Linkerror event interval expired
711	227776 Interconnect-1T01 switch_module error 1078852836 1 Linkerror event interval expired
712	227742 Interconnect-1T01 switch_module error 1078850816 1 Linkerror event interval expired
713	227725 Interconnect-1T01 switch_module error 1078849778 1 Linkerror event interval expired
714	227465 Interconnect-1N01 switch_module error 1078828243 1 Linkerror event interval expired
715	227192 Interconnect-1N00 switch_module error 1078790431 1 Linkerror event interval expired
716	227111 Interconnect-1T01 switch_module error 1078780795 1 Linkerror event interval expired
717	226915 Interconnect-1N01 switch_module error 1078758255 1 Linkerror event interval expired
718	226872 Interconnect-0N02 switch_module error 1078754632 1 Linkerror event interval expired
719	273020 Interconnect-1N03 switch_module error 1079615422 0 Linkerror event interval expired
720	272687 Interconnect-0N01 switch_module error 1079615365 1 Linkerror event interval expired
721	274509 Interconnect-0N03 switch_module error 1079616584 1 Linkerror event interval expired
722	275533 Interconnect-0N00 switch_module error 1079616864 1 Linkerror event interval expired
723	275552 Interconnect-1N00 switch_module error 1079616871 1 Linkerror event interval expired
724	286779 Interconnect-1N01 switch_module error 1080448427 1 Linkerror event interval expired
725	286758 Interconnect-1N01 switch_module error 1080446120 1 Linkerror event interval expired
726	285257 Interconnect-1N01 switch_module error 1080238353 1 Linkerror event interval expired
727	285240 Interconnect-1N01 switch_module error 1080235155 1 Linkerror event interval expired
728	283145 Interconnect-1N01 switch_module error 1080051195 1 Linkerror event interval expired
729	283041 Interconnect-1N01 switch_module error 1080030329 1 Linkerror event interval expired
730	282174 Interconnect-1N01 switch_module error 1079945592 1 Linkerror event interval expired
731	291446 Interconnect-1T01 switch_module error 1081074961 1 Linkerror event interval expired
732	291303 Interconnect-1N01 switch_module error 1081058364 1 Linkerror event interval expired
733	290814 Interconnect-1N01 switch_module error 1080987611 1 Linkerror event interval expired
734	290402 Interconnect-1N01 switch_module error 1080923106 1 Linkerror event interval expired
735	290318 Interconnect-1N01 switch_module error 1080908787 1 Linkerror event interval expired
736	290101 Interconnect-1N01 switch_module error 1080880454 1 Linkerror event interval expired
737	289347 Interconnect-1N01 switch_module error 1080807214 1 Linkerror event interval expired
738	289250 Interconnect-1T01 switch_module error 1080791516 1 Linkerror event interval expired
739	288816 Interconnect-1N01 switch_module error 1080727457 1 Linkerror event interval expired
740	288650 Interconnect-1N01 switch_module error 1080695124 1 Linkerror event interval expired
741	288593 Interconnect-1N01 switch_module error 1080683420 1 Linkerror event interval expired
742	288353 Interconnect-1T01 switch_module error 1080665531 1 Linkerror event interval expired
743	288291 Interconnect-1T01 switch_module error 1080661262 1 Linkerror event interval expired
744	288224 Interconnect-1N01 switch_module error 1080649743 1 Linkerror event interval expired
745	287874 Interconnect-1T02 switch_module error 1080609737 1 Linkerror event interval expired
746	287694 Interconnect-1T03 switch_module error 1080583057 1 Linkerror event interval expired
747	287173 Interconnect-1N03 switch_module error 1080515046 1 Linkerror event interval expired
748	287172 Interconnect-1N03 switch_module error 1080515045 1 Linkerror event interval expired
749	286945 Interconnect-1N01 switch_module error 1080480275 1 Linkerror event interval expired
750	297281 Interconnect-1N01 switch_module error 1081677869 1 Linkerror event interval expired
751	297179 Interconnect-1N01 switch_module error 1081658335 1 Linkerror event interval expired
752	296875 Interconnect-1T03 switch_module error 1081595628 1 Linkerror event interval expired
753	296699 Interconnect-1N01 switch_module error 1081573002 1 Linkerror event interval expired
754	295833 Interconnect-1N01 switch_module error 1081511496 1 Linkerror event interval expired
755	295149 Interconnect-1T03 switch_module error 1081396012 1 Linkerror event interval expired
756	295144 Interconnect-1N01 switch_module error 1081395907 1 Linkerror event interval expired
757	293808 Interconnect-1T01 switch_module error 1081373483 1 Linkerror event interval expired
758	293029 Interconnect-1N01 switch_module error 1081284631 1 Linkerror event interval expired
759	292872 Interconnect-1N01 switch_module error 1081271905 1 Linkerror event interval expired
760	292868 Interconnect-1N01 switch_module error 1081270739 1 Linkerror event interval expired
761	292481 Interconnect-1T02 switch_module error 1081214271 1 Linkerror event interval expired
762	291882 Interconnect-1N01 switch_module error 1081122675 1 Linkerror event interval expired
763	291723 Interconnect-1T01 switch_module error 1081100411 1 Linkerror event interval expired
764	306222 Interconnect-1N03 switch_module error 1082037261 1 Linkerror event interval expired
765	306105 Interconnect-1N03 switch_module error 1082037229 1 Linkerror event interval expired
766	305664 Interconnect-0N01 switch_module error 1082037120 1 Linkerror event interval expired
767	305641 Interconnect-1N00 switch_module error 1082037113 1 Linkerror event interval expired
768	305545 Interconnect-0N01 switch_module error 1082037074 1 Linkerror event interval expired
769	305459 Interconnect-0N01 switch_module error 1082037037 1 Linkerror event interval expired
770	305441 Interconnect-1N00 switch_module error 1082037026 1 Linkerror event interval expired
771	303847 Interconnect-1T01 switch_module error 1082033407 1 Linkerror event interval expired
772	303819 Interconnect-1T03 switch_module error 1082033397 1 Linkerror event interval expired
773	303756 Interconnect-1T02 switch_module error 1082033374 1 Linkerror event interval expired
774	303530 Interconnect-1T00 switch_module error 1082033291 1 Linkerror event interval expired
775	303519 Interconnect-1T03 switch_module error 1082033288 1 Linkerror event interval expired
776	303314 Interconnect-1T03 switch_module error 1082033218 1 Linkerror event interval expired
777	303074 Interconnect-1T01 switch_module error 1082030618 1 Linkerror event interval expired
778	302921 Interconnect-1T01 switch_module error 1082024309 1 Linkerror event interval expired
779	301917 Interconnect-0N00 switch_module error 1081998320 1 Linkerror event interval expired
780	301866 Interconnect-1N00 switch_module error 1081998024 1 Linkerror event interval expired
781	300741 Interconnect-1N01 switch_module error 1081918069 1 Linkerror event interval expired
782	300560 Interconnect-1N01 switch_module error 1081901930 1 Linkerror event interval expired
783	300105 Interconnect-1N01 switch_module error 1081841899 1 Linkerror event interval expired
784	299480 Interconnect-1N02 switch_module error 1081818106 1 Linkerror event interval expired
785	297882 Interconnect-1T01 switch_module error 1081750251 1 Linkerror event interval expired
786	297409 Interconnect-1N01 switch_module error 1081692713 1 Linkerror event interval expired
787	306675 Interconnect-0N01 switch_module error 1082038166 1 Linkerror event interval expired
788	307671 Interconnect-0N00 switch_module error 1082038562 1 Linkerror event interval expired
789	309088 Interconnect-1N03 switch_module error 1082038957 1 Linkerror event interval expired
790	314658 Interconnect-0N03 switch_module error 1082228382 1 Linkerror event interval expired
791	316037 Interconnect-1N01 switch_module error 1082717020 1 Linkerror event interval expired
792	326762 Interconnect-1N00 switch_module error 1083202557 1 Linkerror event interval expired
793	326728 Interconnect-1N00 switch_module error 1083202526 1 Linkerror event interval expired
794	326592 Interconnect-1N03 switch_module error 1083202466 1 Linkerror event interval expired
795	325902 Interconnect-1N03 switch_module error 1083202210 1 Linkerror event interval expired
796	323098 Interconnect-0N01 switch_module error 1083197614 1 Linkerror event interval expired
797	322969 Interconnect-0N03 switch_module error 1083197557 1 Linkerror event interval expired
798	322834 Interconnect-0N03 switch_module error 1083197500 1 Linkerror event interval expired
799	322682 Interconnect-0N02 switch_module error 1083197432 1 Linkerror event interval expired
800	322273 Interconnect-1N00 switch_module error 1083197259 1 Linkerror event interval expired
801	317191 Interconnect-0N00 switch_module error 1083128576 1 Linkerror event interval expired
802	341260 Interconnect-0N01 switch_module error 1083655512 1 Linkerror event interval expired
803	350143 Interconnect-1T02 switch_module error 1084622968 1 Linkerror event interval expired
804	345658 Interconnect-1N03 switch_module error 1084315496 1 Linkerror event interval expired
805	362580 Interconnect-1N03 switch_module error 1085071662 1 Linkerror event interval expired
806	362382 Interconnect-0N02 switch_module error 1085071601 1 Linkerror event interval expired
807	362262 Interconnect-1N02 switch_module error 1085071576 1 Linkerror event interval expired
808	362202 Interconnect-0N02 switch_module error 1085071561 1 Linkerror event interval expired
809	361739 Interconnect-1N03 switch_module error 1085071397 1 Linkerror event interval expired
810	360648 Interconnect-0N02 switch_module error 1085071054 1 Linkerror event interval expired
811	380245 Interconnect-0N03 switch_module error 1086097126 1 Linkerror event interval expired
812	385551 Interconnect-0N03 switch_module error 1087072863 1 Linkerror event interval expired
813	384539 Interconnect-0N01 switch_module error 1086776851 1 Linkerror event interval expired
814	384532 Interconnect-1N01 switch_module error 1086776710 1 Linkerror event interval expired
815	387955 Interconnect-1N03 switch_module error 1087504540 1 Linkerror event interval expired
816	394811 Interconnect-1N03 switch_module error 1088833837 1 Linkerror event interval expired
817	394805 Interconnect-0N03 switch_module error 1088833780 1 Linkerror event interval expired
818	395454 Interconnect-1T02 switch_module error 1089054435 1 Linkerror event interval expired
819	403369 Interconnect-0N00 switch_module error 1089897372 1 Linkerror event interval expired
820	399843 Interconnect-1N03 switch_module error 1089893840 1 Linkerror event interval expired
821	399137 Interconnect-0N00 switch_module error 1089893708 1 Linkerror event interval expired
822	399095 Interconnect-0N00 switch_module error 1089893696 1 Linkerror event interval expired
823	402900 Interconnect-0N00 switch_module error 1089897286 1 Linkerror event interval expired
824	402752 Interconnect-1N02 switch_module error 1089897180 1 Linkerror event interval expired
825	411450 Interconnect-1T03 switch_module error 1091668219 1 Linkerror event interval expired
826	412053 Interconnect-1N03 switch_module error 1092010383 1 Linkerror event interval expired
827	416294 Interconnect-0N01 switch_module error 1093123113 1 Linkerror event interval expired
828	416218 Interconnect-1T01 switch_module error 1093072443 1 Linkerror event interval expired
829	418117 Interconnect-1N00 switch_module error 1093628496 1 Linkerror event interval expired
830	416807 Interconnect-1N00 switch_module error 1093353016 1 Linkerror event interval expired
831	422997 Interconnect-1N00 switch_module error 1094756198 1 Linkerror event interval expired
832	422170 Interconnect-1T01 switch_module error 1094723305 1 Linkerror event interval expired
833	422093 Interconnect-1T01 switch_module error 1094689661 1 Linkerror event interval expired
834	421655 Interconnect-0N00 switch_module error 1094591249 1 Linkerror event interval expired
835	421555 Interconnect-1N00 switch_module error 1094587409 1 Linkerror event interval expired
836	421509 Interconnect-0N00 switch_module error 1094585825 1 Linkerror event interval expired
837	429612 Interconnect-1N03 switch_module error 1095347033 1 Linkerror event interval expired
838	428659 Interconnect-1N03 switch_module error 1095346765 1 Linkerror event interval expired
839	426750 Interconnect-1N00 switch_module error 1095346268 1 Linkerror event interval expired
840	434433 Interconnect-0N00 switch_module error 1095798699 1 Linkerror event interval expired
841	72725 3398 boot_cmd error 1108648264 1 Failed subcommands 3406
842	114402 Interconnect-1N00 switch_module error 1111072635 1 Linkerror event interval expired
843	112502 Interconnect-1N00 switch_module error 1111072142 1 Linkerror event interval expired
844	111911 Interconnect-1N02 switch_module error 1111071995 1 Linkerror event interval expired
845	111529 Interconnect-0N00 switch_module error 1111071796 1 Linkerror event interval expired
846	111084 Interconnect-1N03 switch_module error 1111071109 1 Linkerror event interval expired
847	134429 Interconnect-0N03 switch_module error 1111862374 1 Linkerror event interval expired
848	128445 Interconnect-0N01 switch_module error 1111848291 1 Linkerror event interval expired
849	126458 Interconnect-0N03 switch_module error 1111805418 1 Linkerror event interval expired
850	146683 Interconnect-0N03 switch_module error 1112477787 1 Linkerror event interval expired
851	163616 Interconnect-1N02 switch_module error 1114093896 1 Linkerror event interval expired
852	165338 Interconnect-0N00 switch_module error 1114095980 1 Linkerror event interval expired
853	177431 Interconnect-1N00 switch_module error 1114545444 1 Linkerror event interval expired
854	207120 Interconnect-0N02 switch_module error 1116534650 1 link errors remain current
855	285082 Interconnect-0N02 switch_module error 1120712655 1 link errors remain current
856	66621 Interconnect-1T01 switch_module error 1127018764 1 link errors remain current
857	74687 Interconnect-1T01 switch_module error 1127530580 1 link errors remain current
858	73130 Interconnect-1T01 switch_module error 1127205865 1 link errors remain current
859	80945 Interconnect-1T01 switch_module error 1127633812 1 link errors remain current
860	90917 Interconnect-1T01 switch_module error 1128098598 1 link errors remain current
861	88545 Interconnect-1T01 switch_module error 1127812228 1 link errors remain current
862	112591 Interconnect-1T01 switch_module error 1128795669 1 link errors remain current
863	106636 Interconnect-1N01 switch_module error 1128546820 1 link errors remain current
864	106563 Interconnect-0N03 switch_module error 1128538056 1 link errors remain current
865	119191 Interconnect-1T01 switch_module error 1129156719 1 link errors remain current
866	117927 Interconnect-1T01 switch_module error 1129005435 1 link errors remain current
867	163591 Interconnect-1T01 switch_module error 1130665941 1 link errors remain current
868	155348 Interconnect-1T01 switch_module error 1130288994 1 link errors remain current
869	154298 Interconnect-1T01 switch_module error 1130114502 1 link errors remain current
870	163678 Interconnect-1T01 switch_module error 1130673545 1 link errors remain current
871	167309 Interconnect-1T01 switch_module error 1130861712 1 link errors remain current
872	166452 Interconnect-0N03 switch_module error 1130779845 1 link errors remain current
873	165502 Interconnect-1T01 switch_module error 1130700556 1 link errors remain current
874	165392 Interconnect-1T01 switch_module error 1130688133 1 link errors remain current
875	197294 Interconnect-0N01 switch_module error 1131268024 1 link errors remain current
876	212267 Interconnect-1T01 switch_module error 1131857400 1 link errors remain current
877	203897 Interconnect-0N01 switch_module error 1131386680 1 link errors remain current
878	203650 Interconnect-0N01 switch_module error 1131341748 1 link errors remain current
879	203182 Interconnect-1T01 switch_module error 1131293685 1 link errors remain current
880	227118 Interconnect-1N00 switch_module error 1132212763 1 link errors remain current
881	229109 Interconnect-1N00 switch_module error 1132369090 1 link errors remain current
882	236414 Interconnect-1T01 switch_module error 1132422989 1 link errors remain current
883	236835 Interconnect-1T01 switch_module error 1132474878 1 link errors remain current
884	244496 Interconnect-1T01 switch_module error 1133000231 1 link errors remain current
885	244394 Interconnect-1T01 switch_module error 1132933346 1 link errors remain current
886	262885 Interconnect-1T01 switch_module error 1133518990 1 link errors remain current
887	261997 Interconnect-1T01 switch_module error 1133387468 1 link errors remain current
888	280293 Interconnect-1T01 switch_module error 1134279282 1 link errors remain current
889	292522 Interconnect-1T01 switch_module error 1134758547 1 link errors remain current
890	298653 Interconnect-1T01 switch_module error 1134866941 1 link errors remain current
891	307604 Interconnect-1T01 switch_module error 1135453027 1 link errors remain current
892	304336 Interconnect-1T01 switch_module error 1135418418 1 link errors remain current
893	303787 Interconnect-1T01 switch_module error 1135214320 1 link errors remain current
894	303668 Interconnect-1T01 switch_module error 1135179178 1 link errors remain current
895	314828 Interconnect-1T01 switch_module error 1138020376 1 link errors remain current
896	335192 Interconnect-1N03 switch_module error 1140228727 1 link errors remain current
897	335191 Interconnect-0N03 switch_module error 1140228727 1 link errors remain current
898	327915 Interconnect-0N02 switch_module error 1140099136 1 link errors remain current
899	379417 Interconnect-1N00 switch_module error 1141791316 1 link errors remain current
900	379300 Interconnect-1N00 switch_module error 1141770248 1 link errors remain current
901	379111 Interconnect-0T01 switch_module error 1141726583 1 link errors remain current
902	396457 Interconnect-1N00 switch_module error 1142527572 1 link errors remain current
903	415687 Interconnect-0T00 switch_module error 1143027001 1 link errors remain current
904	414825 Interconnect-1N00 switch_module error 1142865108 1 link errors remain current
905	414569 Interconnect-1N02 switch_module error 1142843014 1 link errors remain current
906	414493 Interconnect-1N02 switch_module error 1142837578 1 link errors remain current
907	414390 Interconnect-1N00 switch_module error 1142825359 1 link errors remain current
908	443580 Interconnect-1T01 switch_module error 1144142493 1 link errors remain current
909	479886 Interconnect-1T02 switch_module error 1146011009 1 link errors remain current
910	2573188 node-129 unix.hw net.niff.up 1074131255 1 NIFF: node node-129 has detected an available network connection on network 10.128.0.0 via interface ee0
911	2573624 node-148 unix.hw net.niff.up 1074131743 1 NIFF: node node-148 has detected an available network connection on network 5.5.226.0 via interface alt0
912	2576312 node-24 unix.hw net.niff.up 1074178812 1 NIFF: node node-24 has detected an available network connection on network 10.128.0.0 via interface ee0
913	2576662 node-232 unix.hw net.niff.up 1074179408 1 NIFF: node node-232 has detected an available network connection on network 10.128.0.0 via interface ee0
914	2587654 node-17 unix.hw net.niff.up 1074241968 1 NIFF: node node-17 has detected an available network connection on network 10.128.0.0 via interface ee0
915	2589343 node-241 unix.hw net.niff.up 1074243421 1 NIFF: node node-241 has detected an available network connection on network 10.128.0.0 via interface ee0
916	2590507 node-26 unix.hw net.niff.up 1074262519 1 NIFF: node node-26 has detected an available network connection on network 5.5.226.0 via interface alt0
917	2601700 node-120 unix.hw net.niff.up 1074298522 1 NIFF: node node-120 has detected an available network connection on network 5.5.226.0 via interface alt0
918	2602507 node-142 unix.hw net.niff.up 1074300633 1 NIFF: node node-142 has detected an available network connection on network 0.0.0.0 via interface alt0
919	2612551 node-73 unix.hw net.niff.up 1074535576 1 NIFF: node node-73 has detected an available network connection on network 5.5.226.0 via interface alt0
920	2599118 node-252 unix.hw net.niff.up 1074296980 1 NIFF: node node-252 has detected an available network connection on network 5.5.226.0 via interface alt0
921	2600073 node-173 unix.hw net.niff.up 1074297838 1 NIFF: node node-173 has detected an available network connection on network 10.128.0.0 via interface ee0
922	2601486 node-189 unix.hw net.niff.up 1074298415 1 NIFF: node node-189 has detected an available network connection on network 10.128.0.0 via interface ee0
923	2602451 node-163 unix.hw net.niff.up 1074300629 1 NIFF: node node-163 has detected an available network connection on network 0.0.0.0 via interface alt0
924	41331 node-186 unix.hw net.niff.up 1076538895 1 NIFF: node node-186 has detected an available network connection on network 5.5.226.0 via interface alt0
925	40578 node-205 unix.hw net.niff.up 1076538681 1 NIFF: node node-205 has detected an available network connection on network 10.128.0.0 via interface ee0
926	61810 node-155 unix.hw net.niff.up 1076866090 1 NIFF: node node-155 has detected an available network connection on network 10.128.0.0 via interface ee0
927	106492 node-176 unix.hw net.niff.up 1077739982 1 NIFF: node node-176 has detected an available network connection on network 5.5.226.0 via interface alt0
928	105447 node-75 unix.hw net.niff.up 1077739647 1 NIFF: node node-75 has detected an available network connection on network 10.128.0.0 via interface ee0
929	138243 node-9 unix.hw net.niff.up 1077809985 1 NIFF: node node-9 has detected an available network connection on network 10.128.0.0 via interface ee0
930	138312 node-237 unix.hw net.niff.up 1077810015 1 NIFF: node node-237 has detected an available network connection on network 5.5.226.0 via interface alt0
931	138478 node-208 unix.hw net.niff.up 1077810112 1 NIFF: node node-208 has detected an available network connection on network 10.128.0.0 via interface ee0
932	139925 node-157 unix.hw net.niff.up 1077810564 1 NIFF: node node-157 has detected an available network connection on network 5.5.226.0 via interface alt0
933	144893 node-139 unix.hw net.niff.up 1077817112 1 NIFF: node node-139 has detected an available network connection on network 10.128.0.0 via interface ee0
934	145471 node-84 unix.hw net.niff.up 1077817325 1 NIFF: node node-84 has detected an available network connection on network 10.128.0.0 via interface ee0
935	156756 node-217 unix.hw net.niff.up 1077865700 1 NIFF: node node-217 has detected an available network connection on network 10.128.0.0 via interface ee0
936	156907 node-214 unix.hw net.niff.up 1077865914 1 NIFF: node node-214 has detected an available network connection on network 5.5.226.0 via interface alt0
937	161226 node-202 unix.hw net.niff.up 1077876101 1 NIFF: node node-202 has detected an available network connection on network 10.128.0.0 via interface ee0
938	163923 node-254 unix.hw net.niff.up 1077879014 1 NIFF: node node-254 has detected an available network connection on network 10.128.0.0 via interface ee0
939	185300 node-234 unix.hw net.niff.up 1077902844 1 NIFF: node node-234 has detected an available network connection on network 10.128.0.0 via interface ee0
940	186232 node-244 unix.hw net.niff.up 1077903095 1 NIFF: node node-244 has detected an available network connection on network 10.128.0.0 via interface ee0
941	257478 node-30 unix.hw net.niff.up 1079070455 1 NIFF: node node-30 has detected an available network connection on network 10.128.0.0 via interface ee0
942	252431 node-130 unix.hw net.niff.up 1079068798 1 NIFF: node node-130 has detected an available network connection on network 10.96.0.0 via interface scip0
943	245674 node-45 unix.hw net.niff.up 1079048409 1 NIFF: node node-45 has detected an available network connection on network 5.5.224.0 via interface alt0
944	274822 node-44 unix.hw net.niff.up 1079616738 1 NIFF: node node-44 has detected an available network connection on network 10.128.0.0 via interface ee0
945	276361 node-151 unix.hw net.niff.up 1079617105 1 NIFF: node node-151 has detected an available network connection on network 5.5.224.0 via interface alt0
946	277244 node-255 unix.hw net.niff.up 1079617522 1 NIFF: node node-255 has detected an available network connection on network 10.128.0.0 via interface ee0
947	299686 node-188 unix.hw net.niff.up 1081818666 1 NIFF: node node-188 has detected an available network connection on network 10.128.0.0 via interface ee0
948	298912 node-29 unix.hw net.niff.up 1081814578 1 NIFF: node node-29 has detected an available network connection on network 0.0.0.0 via interface alt0
949	298129 node-87 unix.hw net.niff.up 1081759726 1 NIFF: node node-87 has detected an available network connection on network 5.5.224.0 via interface alt0
950	308248 node-203 unix.hw net.niff.up 1082038683 1 NIFF: node node-203 has detected an available network connection on network 5.5.224.0 via interface alt0
951	326992 node-72 unix.hw net.niff.up 1083202727 1 NIFF: node node-72 has detected an available network connection on network 10.128.0.0 via interface ee0
952	326478 node-113 unix.hw net.niff.up 1083202436 1 NIFF: node node-113 has detected an available network connection on network 5.5.224.0 via interface alt0
953	363203 node-152 unix.hw net.niff.up 1085071937 1 NIFF: node node-152 has detected an available network connection on network 10.128.0.0 via interface ee0
954	363108 node-104 unix.hw net.niff.up 1085071904 1 NIFF: node node-104 has detected an available network connection on network 5.5.224.0 via interface alt0
955	361177 node-142 unix.hw net.niff.up 1085071269 1 NIFF: node node-142 has detected an available network connection on network 10.128.0.0 via interface ee0
956	389636 node-193 unix.hw net.niff.up 1087510100 1 NIFF: node node-193 has detected an available network connection on network 5.5.224.0 via interface alt0
957	403516 node-139 unix.hw net.niff.up 1089897394 1 NIFF: node node-139 has detected an available network connection on network 5.5.224.0 via interface alt0
958	411578 node-143 unix.hw net.niff.up 1091737151 1 NIFF: node node-143 has detected an available network connection on network 5.5.224.0 via interface alt0
959	427679 node-45 unix.hw net.niff.up 1095346545 1 NIFF: node node-45 has detected an available network connection on network 10.128.0.0 via interface ee0
960	434678 node-106 unix.hw net.niff.up 1095875337 1 NIFF: node node-106 has detected an available network connection on network 0.0.0.0 via interface alt0
961	437276 node-7 unix.hw net.niff.up 1096995297 1 NIFF: node node-7 has detected an available network connection on network 5.5.224.0 via interface alt0
962	444181 node-233 unix.hw net.niff.up 1098390018 1 NIFF: node node-233 has detected an available network connection on network 10.128.0.0 via interface ee0
963	451976 node-23 unix.hw net.niff.up 1098829410 1 NIFF: node node-23 has detected an available network connection on network 10.128.0.0 via interface ee0
964	21611 node-190 unix.hw net.niff.up 1100786337 1 NIFF: node node-190 has detected an available network connection on network 10.128.0.0 via interface ee0
965	71579 node-84 unix.hw net.niff.up 1108647602 1 NIFF: node node-84 has detected an available network connection on network 10.128.0.0 via interface ee0
966	71997 node-19 unix.hw net.niff.up 1108647796 1 NIFF: node node-19 has detected an available network connection on network 10.128.0.0 via interface ee0
967	72634 node-253 unix.hw net.niff.up 1108648087 1 NIFF: node node-253 has detected an available network connection on network 10.128.0.0 via interface ee0
968	72710 node-29 unix.hw net.niff.up 1108648186 1 NIFF: node node-29 has detected an available network connection on network 10.128.0.0 via interface ee0
969	113455 node-240 unix.hw net.niff.up 1111072373 1 NIFF: node node-240 has detected an available network connection on network 5.5.224.0 via interface alt0
970	113162 node-86 unix.hw net.niff.up 1111072309 1 NIFF: node node-86 has detected an available network connection on network 10.128.0.0 via interface ee0
971	112896 node-204 unix.hw net.niff.up 1111072255 1 NIFF: node node-204 has detected an available network connection on network 5.5.224.0 via interface alt0
972	112456 node-46 unix.hw net.niff.up 1111072123 1 NIFF: node node-46 has detected an available network connection on network 5.5.224.0 via interface alt0
973	136580 node-150 unix.hw net.niff.up 1111865217 1 NIFF: node node-150 has detected an available network connection on network 5.5.224.0 via interface alt0
974	130081 node-42 unix.hw net.niff.up 1111856616 1 NIFF: node node-42 has detected an available network connection on network 10.128.0.0 via interface ee0
975	167108 node-91 unix.hw net.niff.up 1114096578 1 NIFF: node node-91 has detected an available network connection on network 5.5.224.0 via interface alt0
976	178019 node-26 unix.hw net.niff.up 1114547033 1 NIFF: node node-26 has detected an available network connection on network 10.128.0.0 via interface ee0
977	205376 node-44 unix.hw net.niff.up 1116531677 1 NIFF: node node-44 has detected an available network connection on network 5.5.224.0 via interface alt0
978	206244 node-244 unix.hw net.niff.up 1116532845 1 NIFF: node node-244 has detected an available network connection on network 5.5.224.0 via interface alt0
979	209845 node-182 unix.hw net.niff.up 1116601699 1 NIFF: node node-182 has detected an available network connection on network 10.128.0.0 via interface ee0
980	211427 node-144 unix.hw net.niff.up 1116610182 1 NIFF: node node-144 has detected an available network connection on network 10.96.0.0 via interface scip0
981	225253 node-17 unix.hw net.niff.up 1117296958 1 NIFF: node node-17 has detected an available network connection on network 0.0.0.0 via interface alt0
982	225060 node-69 unix.hw net.niff.up 1117295720 1 NIFF: node node-69 has detected an available network connection on network 10.128.0.0 via interface ee0
983	244823 node-202 unix.hw net.niff.up 1118546476 1 NIFF: node node-202 has detected an available network connection on network 5.5.224.0 via interface alt0
984	244815 node-205 unix.hw net.niff.up 1118546462 1 NIFF: node node-205 has detected an available network connection on network 5.5.224.0 via interface alt0
985	252295 node-44 unix.hw net.niff.up 1118929048 1 NIFF: node node-44 has detected an available network connection on network 5.5.224.0 via interface alt0
986	253483 node-183 unix.hw net.niff.up 1118929407 1 NIFF: node node-183 has detected an available network connection on network 10.128.0.0 via interface ee0
987	253628 node-212 unix.hw net.niff.up 1118929438 1 NIFF: node node-212 has detected an available network connection on network 10.128.0.0 via interface ee0
988	254151 node-187 unix.hw net.niff.up 1118929744 1 NIFF: node node-187 has detected an available network connection on network 5.5.224.0 via interface alt0
989	254193 node-221 unix.hw net.niff.up 1118929750 1 NIFF: node node-221 has detected an available network connection on network 5.5.224.0 via interface alt0
990	55567 node-189 unix.hw net.niff.up 1126813684 1 NIFF: node node-189 has detected an available network connection on network 5.5.224.0 via interface alt0
991	55724 node-218 unix.hw net.niff.up 1126813843 1 NIFF: node node-218 has detected an available network connection on network 5.5.224.0 via interface alt0
992	171898 node-94 unix.hw net.niff.up 1131216735 1 NIFF: node node-94 has detected an available network connection on network 5.5.224.0 via interface alt0
993	171611 node-248 unix.hw net.niff.up 1131216568 1 NIFF: node node-248 has detected an available network connection on network 10.128.0.0 via interface ee0
994	171259 node-176 unix.hw net.niff.up 1131216398 1 NIFF: node node-176 has detected an available network connection on network 10.128.0.0 via interface ee0
995	193084 node-77 unix.hw net.niff.up 1131241578 1 NIFF: node node-77 has detected an available network connection on network 5.5.224.0 via interface alt0
996	193772 node-176 unix.hw net.niff.up 1131242001 1 NIFF: node node-176 has detected an available network connection on network 10.128.0.0 via interface ee0
997	219086 node-178 unix.hw net.niff.up 1132154180 1 NIFF: node node-178 has detected an available network connection on network 0.0.0.0 via interface alt0
998	219199 node-161 unix.hw net.niff.up 1132154183 1 NIFF: node node-161 has detected an available network connection on network 0.0.0.0 via interface alt0
999	219402 node-73 unix.hw net.niff.up 1132154292 1 NIFF: node node-73 has detected an available network connection on network 0.0.0.0 via interface alt0
1000	288035 node-171 unix.hw net.niff.up 1134671139 1 NIFF: node node-171 has detected an available network connection on network 10.128.0.0 via interface ee0
