logTIM processing
trainData_path: /home/chenyihao/LogTIM/results/IPLoM_results/1kHDFS_head
logFile_path: /home/chenyihao/LogTIM/data/1kHDFS_tail/rawlog.log
rawLog_path: /home/chenyihao/LogTIM/data/1kHDFS_head
geneData_path: /home/chenyihao/LogTIM/results/logTIM_results/IPLoM_results/1kHDFS
gtData_path: /home/chenyihao/LogTIM/data/1kHDFS_tail
rex: ['blk_(|-)[0-9]+', '(/|)([0-9]+\\.){3}[0-9]+(:[0-9]+|)(:|)']
realtime: False
*********************************************
Original template num: 11
Data loaded from /home/chenyihao/LogTIM/results/IPLoM_results/1kHDFS_head, trainning rate is 1.000000
train_data shape is (120, 94)
testing_data shape is (0,)
SVM classifier
*********************************************
read 1000 lines from /home/chenyihao/LogTIM/data/1kHDFS_tail/rawlog.log
final template num: 24
time:  0.07708096504211426
groundTruthDataPath: /home/chenyihao/LogTIM/data/1kHDFS_tail/
/home/chenyihao/LogTIM/data/1kHDFS_tail/rawlog.log
gtLogLabel(all elements are -1): (1000, 1)
GT clusters are altogether 13 files
Result clusters are altogether 24 files
TP,FP,TN,FN are: 62850.0 29814.0 398321.0 8515.0
precision is 0.6783
recall is 0.8807
F measure is 0.7663
RI is 0.9233
