logTIM processing
trainData_path: /home/chenyihao/LogTIM/results/IPLoM_results/1kProxifier_head
logFile_path: /home/chenyihao/LogTIM/data/1kProxifier_tail/rawlog.log
rawLog_path: /home/chenyihao/LogTIM/data/1kProxifier_head
geneData_path: /home/chenyihao/LogTIM/results/logTIM_results/IPLoM_results/1kProxifier
gtData_path: /home/chenyihao/LogTIM/data/1kProxifier_tail
rex: []
realtime: False
*********************************************
Original template num: 10
Data loaded from /home/chenyihao/LogTIM/results/IPLoM_results/1kProxifier_head, trainning rate is 1.000000
train_data shape is (172, 94)
testing_data shape is (0,)
SVM classifier
*********************************************
read 1000 lines from /home/chenyihao/LogTIM/data/1kProxifier_tail/rawlog.log
final template num: 11
time:  0.04695272445678711
groundTruthDataPath: /home/chenyihao/LogTIM/data/1kProxifier_tail/
/home/chenyihao/LogTIM/data/1kProxifier_tail/rawlog.log
gtLogLabel(all elements are -1): (1000, 1)
GT clusters are altogether 5 files
Result clusters are altogether 11 files
TP,FP,TN,FN are: 144539.0 1624.0 305280.0 48057.0
precision is 0.9889
recall is 0.7505
F measure is 0.8533
RI is 0.9005
