logTIM processing
trainData_path: /home/chenyihao/LogTIM/results/IPLoM_results/1kHPC_head
logFile_path: /home/chenyihao/LogTIM/data/1kHPC_tail/rawlog.log
rawLog_path: /home/chenyihao/LogTIM/data/1kHPC_head
geneData_path: /home/chenyihao/LogTIM/results/logTIM_results/IPLoM_results/1kHPC
gtData_path: /home/chenyihao/LogTIM/data/1kHPC_tail
rex: ['([0-9]+\\.){3}[0-9]']
realtime: False
*********************************************
Original template num: 35
Data loaded from /home/chenyihao/LogTIM/results/IPLoM_results/1kHPC_head, trainning rate is 1.000000
train_data shape is (558, 94)
testing_data shape is (0,)
SVM classifier
*********************************************
read 1000 lines from /home/chenyihao/LogTIM/data/1kHPC_tail/rawlog.log
final template num: 91
time:  0.11236214637756348
groundTruthDataPath: /home/chenyihao/LogTIM/data/1kHPC_tail/
/home/chenyihao/LogTIM/data/1kHPC_tail/rawlog.log
gtLogLabel(all elements are -1): (1000, 1)
GT clusters are altogether 12 files
Result clusters are altogether 91 files
TP,FP,TN,FN are: 109616.0 62649.0 322775.0 4460.0
precision is 0.6363
recall is 0.9609
F measure is 0.7656
RI is 0.8656
