logTIM processing
trainData_path: /home/chenyihao/LogTIM/results/IPLoM_results/1kBGL_head
logFile_path: ./data/1kBGL_tail/rawlog.log
geneData_path: /home/chenyihao/LogTIM/results/logTIM_results/IPLoM_results/1kBGL
gtData_path: /home/chenyihao/LogTIM/data/1kBGL_tail
rex: ['core\\.[0-9]*']
realtime: False
*********************************************
Original template num: 28
Data loaded from /home/chenyihao/LogTIM/results/IPLoM_results/1kBGL_head, trainning rate is 1.000000
train_data shape is (490, 94)
testing_data shape is (0,)
SVM classifier
*********************************************
read 1000 lines from ./data/1kBGL_tail/rawlog.log
final template num: 89
time:  0.24348902702331543
groundTruthDataPath: /home/chenyihao/LogTIM/data/1kBGL_tail/
/home/chenyihao/LogTIM/data/1kBGL_tail/rawlog.log
gtLogLabel(all elements are -1): (1000, 1)
GT clusters are altogether 67 files
Result clusters are altogether 89 files
TP,FP,TN,FN are: 43558.0 7995.0 447904.0 43.0
precision is 0.8449
recall is 0.9990
F measure is 0.9155
RI is 0.9839
