logTIM processing
trainData_path: /home/chenyihao/LogTIM/results/LogSig_results/1kProxifier_head
logFile_path: /home/chenyihao/LogTIM/data/1kProxifier_tail/rawlog.log
rawLog_path: /home/chenyihao/LogTIM/data/1kProxifier_head
geneData_path: /home/chenyihao/LogTIM/results/logTIM_results/LogSig_results/1kProxifier
gtData_path: /home/chenyihao/LogTIM/data/1kProxifier_tail
rex: []
realtime: False
*********************************************
Original template num: 6
Data loaded from /home/chenyihao/LogTIM/results/LogSig_results/1kProxifier_head, trainning rate is 1.000000
train_data shape is (134, 94)
testing_data shape is (0,)
SVM classifier
*********************************************
read 1000 lines from /home/chenyihao/LogTIM/data/1kProxifier_tail/rawlog.log
final template num: 203
time:  0.11567401885986328
groundTruthDataPath: /home/chenyihao/LogTIM/data/1kProxifier_tail/
/home/chenyihao/LogTIM/data/1kProxifier_tail/rawlog.log
gtLogLabel(all elements are -1): (1000, 1)
GT clusters are altogether 5 files
Result clusters are altogether 203 files
TP,FP,TN,FN are: 133645.0 0.0 306904.0 58951.0
precision is 1.0000
recall is 0.6939
F measure is 0.8193
RI is 0.8820
