logTIM processing
trainData_path: /home/chenyihao/LogTIM/results/LogSig_results/1kZookeeper_head
logFile_path: /home/chenyihao/LogTIM/data/1kZookeeper_tail/rawlog.log
rawLog_path: /home/chenyihao/LogTIM/data/1kZookeeper_head
geneData_path: /home/chenyihao/LogTIM/results/logTIM_results/LogSig_results/1kZookeeper
gtData_path: /home/chenyihao/LogTIM/data/1kZookeeper_tail
rex: ['(/|)([0-9]+\\.){3}[0-9]+(:[0-9]+|)(:|)']
realtime: False
*********************************************
Original template num: 46
Data loaded from /home/chenyihao/LogTIM/results/LogSig_results/1kZookeeper_head, trainning rate is 1.000000
train_data shape is (878, 94)
testing_data shape is (0,)
SVM classifier
*********************************************
read 1000 lines from /home/chenyihao/LogTIM/data/1kZookeeper_tail/rawlog.log
final template num: 218
time:  0.46665406227111816
groundTruthDataPath: /home/chenyihao/LogTIM/data/1kZookeeper_tail/
/home/chenyihao/LogTIM/data/1kZookeeper_tail/rawlog.log
gtLogLabel(all elements are -1): (1000, 1)
GT clusters are altogether 35 files
Result clusters are altogether 218 files
TP,FP,TN,FN are: 45121.0 0.0 443904.0 10475.0
precision is 1.0000
recall is 0.8116
F measure is 0.8960
RI is 0.9790
