logTIM processing
trainData_path: /home/chenyihao/LogTIM/results/LogSig_results/1kHPC_head
logFile_path: /home/chenyihao/LogTIM/data/1kHPC_tail/rawlog.log
rawLog_path: /home/chenyihao/LogTIM/data/1kHPC_head
geneData_path: /home/chenyihao/LogTIM/results/logTIM_results/LogSig_results/1kHPC
gtData_path: /home/chenyihao/LogTIM/data/1kHPC_tail
rex: ['([0-9]+\\.){3}[0-9]']
realtime: False
*********************************************
Original template num: 51
Data loaded from /home/chenyihao/LogTIM/results/LogSig_results/1kHPC_head, trainning rate is 1.000000
train_data shape is (552, 94)
testing_data shape is (0,)
SVM classifier
*********************************************
read 1000 lines from /home/chenyihao/LogTIM/data/1kHPC_tail/rawlog.log
final template num: 166
time:  0.13504528999328613
groundTruthDataPath: /home/chenyihao/LogTIM/data/1kHPC_tail/
/home/chenyihao/LogTIM/data/1kHPC_tail/rawlog.log
gtLogLabel(all elements are -1): (1000, 1)
GT clusters are altogether 12 files
Result clusters are altogether 166 files
TP,FP,TN,FN are: 78721.0 27068.0 358356.0 35355.0
precision is 0.7441
recall is 0.6901
F measure is 0.7161
RI is 0.8750
